#
# There is insufficient memory for the Java Runtime Environment to continue.
# Native memory allocation (malloc) failed to allocate 48758784 bytes for committing reserved memory.
# Possible reasons:
#   The system is out of physical RAM or swap space
#   In 32 bit mode, the process size limit was hit
# Possible solutions:
#   Reduce memory load on the system
#   Increase physical memory or swap space
#   Check if swap backing store is full
#   Use 64 bit Java on a 64 bit OS
#   Decrease Java heap size (-Xmx/-Xms)
#   Decrease number of Java threads
#   Decrease Java thread stack sizes (-Xss)
#   Set larger code cache with -XX:ReservedCodeCacheSize=
# This output file may be truncated or incomplete.
#
#  Out of Memory Error (os_linux.cpp:2798), pid=1593, tid=140603208460032
#
# JRE version: OpenJDK Runtime Environment (7.0_65-b32) (build 1.7.0_65-b32)
# Java VM: OpenJDK 64-Bit Server VM (24.65-b04 mixed mode linux-amd64 compressed oops)
# Failed to write core dump. Core dumps have been disabled. To enable core dumping, try "ulimit -c unlimited" before starting Java again
#

---------------  T H R E A D  ---------------

Current thread (0x00007fe0c4075800):  VMThread [stack: 0x00007fe0bc3b6000,0x00007fe0bc4b7000] [id=1602]

Stack: [0x00007fe0bc3b6000,0x00007fe0bc4b7000],  sp=0x00007fe0bc4b5490,  free space=1021k
Native frames: (J=compiled Java code, j=interpreted, Vv=VM code, C=native code)
V  [libjvm.so+0x948635]  VMError::report_and_die()+0x175
V  [libjvm.so+0x48b904]  report_vm_out_of_memory(char const*, int, unsigned long, char const*)+0x74
V  [libjvm.so+0x7c766b]  os::pd_commit_memory(char*, unsigned long, unsigned long, bool)+0xeb
V  [libjvm.so+0x7c212f]  os::commit_memory(char*, unsigned long, unsigned long, bool)+0x1f
V  [libjvm.so+0x8338bb]  PSVirtualSpace::expand_by(unsigned long)+0x5b
V  [libjvm.so+0x82360b]  PSOldGen::expand_by(unsigned long) [clone .part.80]+0x1b
V  [libjvm.so+0x8237cb]  PSOldGen::expand(unsigned long) [clone .part.81]+0xdb
V  [libjvm.so+0x8246f8]  PSOldGen::resize(unsigned long)+0x188
V  [libjvm.so+0x82b7c4]  PSParallelCompact::invoke_no_policy(bool)+0x9c4
V  [libjvm.so+0x8319fd]  PSScavenge::invoke()+0x17d
V  [libjvm.so+0x7e8293]  ParallelScavengeHeap::failed_mem_allocate(unsigned long)+0x63
V  [libjvm.so+0x94a034]  VM_ParallelGCFailedAllocation::doit()+0x84
V  [libjvm.so+0x94e527]  VM_Operation::evaluate()+0x47
V  [libjvm.so+0x94ce98]  VMThread::evaluate_operation(VM_Operation*)+0x318
V  [libjvm.so+0x94d2f9]  VMThread::loop()+0x219
V  [libjvm.so+0x94d742]  VMThread::run()+0x72
V  [libjvm.so+0x7c4532]  java_start(Thread*)+0xf2

VM_Operation (0x00007fe07167a6e0): ParallelGCFailedAllocation, mode: safepoint, requested by thread 0x00007fe0c443d000


---------------  P R O C E S S  ---------------

Java Threads: ( => current thread )
  0x00007fe0c400a000 JavaThread "DestroyJavaVM" [_thread_blocked, id=1597, stack(0x00007fe0ca6f4000,0x00007fe0ca7f5000)]
  0x00007fe0c443d000 JavaThread "Thread-0" [_thread_blocked, id=1621, stack(0x00007fe07157b000,0x00007fe07167c000)]
  0x00007fe0c443b800 JavaThread "TimerQueue" daemon [_thread_blocked, id=1620, stack(0x00007fe07167c000,0x00007fe07177d000)]
  0x00007fe0c439c000 JavaThread "AWT-EventQueue-0" [_thread_blocked, id=1619, stack(0x00007fe07177d000,0x00007fe07187e000)]
  0x00007fe0c4398000 JavaThread "AWT-Shutdown" [_thread_blocked, id=1618, stack(0x00007fe07187e000,0x00007fe07197f000)]
  0x00007fe0c4200800 JavaThread "AWT-XAWT" daemon [_thread_blocked, id=1611, stack(0x00007fe0ad729000,0x00007fe0ad82a000)]
  0x00007fe0c41df800 JavaThread "Java2D Disposer" daemon [_thread_blocked, id=1610, stack(0x00007fe0adc3a000,0x00007fe0add3b000)]
  0x00007fe0c40a5800 JavaThread "Service Thread" daemon [_thread_blocked, id=1608, stack(0x00007fe0b732f000,0x00007fe0b7430000)]
  0x00007fe0c40a3800 JavaThread "C2 CompilerThread1" daemon [_thread_blocked, id=1607, stack(0x00007fe0b7430000,0x00007fe0b7531000)]
  0x00007fe0c40a0800 JavaThread "C2 CompilerThread0" daemon [_thread_blocked, id=1606, stack(0x00007fe0b7531000,0x00007fe0b7632000)]
  0x00007fe0c409e800 JavaThread "Signal Dispatcher" daemon [_thread_blocked, id=1605, stack(0x00007fe0bc0b3000,0x00007fe0bc1b4000)]
  0x00007fe0c407b800 JavaThread "Finalizer" daemon [_thread_blocked, id=1604, stack(0x00007fe0bc1b4000,0x00007fe0bc2b5000)]
  0x00007fe0c4079800 JavaThread "Reference Handler" daemon [_thread_blocked, id=1603, stack(0x00007fe0bc2b5000,0x00007fe0bc3b6000)]

Other Threads:
=>0x00007fe0c4075800 VMThread [stack: 0x00007fe0bc3b6000,0x00007fe0bc4b7000] [id=1602]
  0x00007fe0c40b0800 WatcherThread [stack: 0x00007fe0b722e000,0x00007fe0b732f000] [id=1609]

VM state:at safepoint (normal execution)

VM Mutex/Monitor currently owned by a thread:  ([mutex/lock_event])
[0x00007fe0c4005ed0] ExpandHeap_lock - owner thread: 0x00007fe0c4075800
[0x00007fe0c4006550] Threads_lock - owner thread: 0x00007fe0c4075800
[0x00007fe0c4006a50] Heap_lock - owner thread: 0x00007fe0c443d000

Heap
 PSYoungGen      total 239616K, used 35371K [0x00000000ecc80000, 0x0000000100000000, 0x0000000100000000)
  eden space 166400K, 0% used [0x00000000ecc80000,0x00000000ecc80000,0x00000000f6f00000)
  from space 73216K, 48% used [0x00000000fb880000,0x00000000fdb0afe0,0x0000000100000000)
  to   space 74240K, 0% used [0x00000000f6f00000,0x00000000f6f00000,0x00000000fb780000)
 ParOldGen       total 581632K, used 581423K [0x00000000c6600000, 0x00000000e9e00000, 0x00000000ecc80000)
  object space 581632K, 99% used [0x00000000c6600000,0x00000000e9dcbe58,0x00000000e9e00000)
 PSPermGen       total 27136K, used 14456K [0x00000000bc000000, 0x00000000bda80000, 0x00000000c6600000)
  object space 27136K, 53% used [0x00000000bc000000,0x00000000bce1e0b8,0x00000000bda80000)

Card table byte_map: [0x00007fe0bff5a000,0x00007fe0c017b000] byte_map_base: 0x00007fe0bf97a000

Polling page: 0x00007fe0ca81c000

Code Cache  [0x00007fe0c017b000, 0x00007fe0c03eb000, 0x00007fe0c317b000)
 total_blobs=667 nmethods=171 adapters=450 free_code_cache=48290Kb largest_free_block=49418816

Compilation events (10 events):
Event: 9.792 Thread 0x00007fe0c40a0800  167   !         java.io.FileInputStream::read (68 bytes)
Event: 9.792 Thread 0x00007fe0c40a0800 nmethod 167 0x00007fe0c024d650 code [0x00007fe0c024d7a0, 0x00007fe0c024d808]
Event: 10.011 Thread 0x00007fe0c40a3800  168             java.awt.image.SinglePixelPackedSampleModel::<init> (277 bytes)
Event: 10.021 Thread 0x00007fe0c40a3800 nmethod 168 0x00007fe0c0251210 code [0x00007fe0c02513a0, 0x00007fe0c0251928]
Event: 10.213 Thread 0x00007fe0c40a0800  169             java.util.concurrent.locks.AbstractOwnableSynchronizer::setExclusiveOwnerThread (6 bytes)
Event: 10.213 Thread 0x00007fe0c40a0800 nmethod 169 0x00007fe0c024d450 code [0x00007fe0c024d580, 0x00007fe0c024d5f8]
Event: 10.731 Thread 0x00007fe0c40a3800  170             java.lang.Integer::parseInt (261 bytes)
Event: 10.745 Thread 0x00007fe0c40a3800 nmethod 170 0x00007fe0c0254e50 code [0x00007fe0c0255020, 0x00007fe0c0255670]
Event: 12.938 Thread 0x00007fe0c40a0800  171             java.lang.Class::getName (21 bytes)
Event: 13.144 Thread 0x00007fe0c40a0800 nmethod 171 0x00007fe0c024d210 code [0x00007fe0c024d340, 0x00007fe0c024d3b8]

GC Heap History (10 events):
Event: 13.887 GC heap after
Heap after GC invocations=68 (full 6):
 PSYoungGen      total 243712K, used 50016K [0x00000000ecc80000, 0x00000000fff80000, 0x0000000100000000)
  eden space 174080K, 0% used [0x00000000ecc80000,0x00000000ecc80000,0x00000000f7680000)
  from space 69632K, 71% used [0x00000000fbb80000,0x00000000fec58000,0x00000000fff80000)
  to   space 70144K, 0% used [0x00000000f7680000,0x00000000f7680000,0x00000000fbb00000)
 ParOldGen       total 581632K, used 527792K [0x00000000c6600000, 0x00000000e9e00000, 0x00000000ecc80000)
  object space 581632K, 90% used [0x00000000c6600000,0x00000000e696c2d8,0x00000000e9e00000)
 PSPermGen       total 27136K, used 14456K [0x00000000bc000000, 0x00000000bda80000, 0x00000000c6600000)
  object space 27136K, 53% used [0x00000000bc000000,0x00000000bce1e0b8,0x00000000bda80000)
}
Event: 13.982 GC heap before
{Heap before GC invocations=69 (full 6):
 PSYoungGen      total 243712K, used 224096K [0x00000000ecc80000, 0x00000000fff80000, 0x0000000100000000)
  eden space 174080K, 100% used [0x00000000ecc80000,0x00000000f7680000,0x00000000f7680000)
  from space 69632K, 71% used [0x00000000fbb80000,0x00000000fec58000,0x00000000fff80000)
  to   space 70144K, 0% used [0x00000000f7680000,0x00000000f7680000,0x00000000fbb00000)
 ParOldGen       total 581632K, used 527792K [0x00000000c6600000, 0x00000000e9e00000, 0x00000000ecc80000)
  object space 581632K, 90% used [0x00000000c6600000,0x00000000e696c2d8,0x00000000e9e00000)
 PSPermGen       total 27136K, used 14456K [0x00000000bc000000, 0x00000000bda80000, 0x00000000c6600000)
  object space 27136K, 53% used [0x00000000bc000000,0x00000000bce1e0b8,0x00000000bda80000)
Event: 14.029 GC heap after
Heap after GC invocations=69 (full 6):
 PSYoungGen      total 244224K, used 52768K [0x00000000ecc80000, 0x0000000100000000, 0x0000000100000000)
  eden space 174080K, 0% used [0x00000000ecc80000,0x00000000ecc80000,0x00000000f7680000)
  from space 70144K, 75% used [0x00000000f7680000,0x00000000faa08000,0x00000000fbb00000)
  to   space 70656K, 0% used [0x00000000fbb00000,0x00000000fbb00000,0x0000000100000000)
 ParOldGen       total 581632K, used 536831K [0x00000000c6600000, 0x00000000e9e00000, 0x00000000ecc80000)
  object space 581632K, 92% used [0x00000000c6600000,0x00000000e723fff0,0x00000000e9e00000)
 PSPermGen       total 27136K, used 14456K [0x00000000bc000000, 0x00000000bda80000, 0x00000000c6600000)
  object space 27136K, 53% used [0x00000000bc000000,0x00000000bce1e0b8,0x00000000bda80000)
}
Event: 14.119 GC heap before
{Heap before GC invocations=70 (full 6):
 PSYoungGen      total 244224K, used 226848K [0x00000000ecc80000, 0x0000000100000000, 0x0000000100000000)
  eden space 174080K, 100% used [0x00000000ecc80000,0x00000000f7680000,0x00000000f7680000)
  from space 70144K, 75% used [0x00000000f7680000,0x00000000faa08000,0x00000000fbb00000)
  to   space 70656K, 0% used [0x00000000fbb00000,0x00000000fbb00000,0x0000000100000000)
 ParOldGen       total 581632K, used 536831K [0x00000000c6600000, 0x00000000e9e00000, 0x00000000ecc80000)
  object space 581632K, 92% used [0x00000000c6600000,0x00000000e723fff0,0x00000000e9e00000)
 PSPermGen       total 27136K, used 14456K [0x00000000bc000000, 0x00000000bda80000, 0x00000000c6600000)
  object space 27136K, 53% used [0x00000000bc000000,0x00000000bce1e0b8,0x00000000bda80000)
Event: 14.171 GC heap after
Heap after GC invocations=70 (full 6):
 PSYoungGen      total 242176K, used 54528K [0x00000000ecc80000, 0x0000000100000000, 0x0000000100000000)
  eden space 171520K, 0% used [0x00000000ecc80000,0x00000000ecc80000,0x00000000f7400000)
  from space 70656K, 77% used [0x00000000fbb00000,0x00000000ff040000,0x0000000100000000)
  to   space 71680K, 0% used [0x00000000f7400000,0x00000000f7400000,0x00000000fba00000)
 ParOldGen       total 581632K, used 546929K [0x00000000c6600000, 0x00000000e9e00000, 0x00000000ecc80000)
  object space 581632K, 94% used [0x00000000c6600000,0x00000000e7c1c6a8,0x00000000e9e00000)
 PSPermGen       total 27136K, used 14456K [0x00000000bc000000, 0x00000000bda80000, 0x00000000c6600000)
  object space 27136K, 53% used [0x00000000bc000000,0x00000000bce1e0b8,0x00000000bda80000)
}
Event: 14.255 GC heap before
{Heap before GC invocations=71 (full 6):
 PSYoungGen      total 242176K, used 226048K [0x00000000ecc80000, 0x0000000100000000, 0x0000000100000000)
  eden space 171520K, 100% used [0x00000000ecc80000,0x00000000f7400000,0x00000000f7400000)
  from space 70656K, 77% used [0x00000000fbb00000,0x00000000ff040000,0x0000000100000000)
  to   space 71680K, 0% used [0x00000000f7400000,0x00000000f7400000,0x00000000fba00000)
 ParOldGen       total 581632K, used 546929K [0x00000000c6600000, 0x00000000e9e00000, 0x00000000ecc80000)
  object space 581632K, 94% used [0x00000000c6600000,0x00000000e7c1c6a8,0x00000000e9e00000)
 PSPermGen       total 27136K, used 14456K [0x00000000bc000000, 0x00000000bda80000, 0x00000000c6600000)
  object space 27136K, 53% used [0x00000000bc000000,0x00000000bce1e0b8,0x00000000bda80000)
Event: 14.312 GC heap after
Heap after GC invocations=71 (full 6):
 PSYoungGen      total 227840K, used 55936K [0x00000000ecc80000, 0x0000000100000000, 0x0000000100000000)
  eden space 171520K, 0% used [0x00000000ecc80000,0x00000000ecc80000,0x00000000f7400000)
  from space 56320K, 99% used [0x00000000f7400000,0x00000000faaa0000,0x00000000fab00000)
  to   space 73216K, 0% used [0x00000000fb880000,0x00000000fb880000,0x0000000100000000)
 ParOldGen       total 581632K, used 557072K [0x00000000c6600000, 0x00000000e9e00000, 0x00000000ecc80000)
  object space 581632K, 95% used [0x00000000c6600000,0x00000000e8604398,0x00000000e9e00000)
 PSPermGen       total 27136K, used 14456K [0x00000000bc000000, 0x00000000bda80000, 0x00000000c6600000)
  object space 27136K, 53% used [0x00000000bc000000,0x00000000bce1e0b8,0x00000000bda80000)
}
Event: 14.400 GC heap before
{Heap before GC invocations=72 (full 6):
 PSYoungGen      total 227840K, used 227456K [0x00000000ecc80000, 0x0000000100000000, 0x0000000100000000)
  eden space 171520K, 100% used [0x00000000ecc80000,0x00000000f7400000,0x00000000f7400000)
  from space 56320K, 99% used [0x00000000f7400000,0x00000000faaa0000,0x00000000fab00000)
  to   space 73216K, 0% used [0x00000000fb880000,0x00000000fb880000,0x0000000100000000)
 ParOldGen       total 581632K, used 557072K [0x00000000c6600000, 0x00000000e9e00000, 0x00000000ecc80000)
  object space 581632K, 95% used [0x00000000c6600000,0x00000000e8604398,0x00000000e9e00000)
 PSPermGen       total 27136K, used 14456K [0x00000000bc000000, 0x00000000bda80000, 0x00000000c6600000)
  object space 27136K, 53% used [0x00000000bc000000,0x00000000bce1e0b8,0x00000000bda80000)
Event: 14.455 GC heap after
Heap after GC invocations=72 (full 6):
 PSYoungGen      total 239616K, used 56672K [0x00000000ecc80000, 0x0000000100000000, 0x0000000100000000)
  eden space 166400K, 0% used [0x00000000ecc80000,0x00000000ecc80000,0x00000000f6f00000)
  from space 73216K, 77% used [0x00000000fb880000,0x00000000fefd8000,0x0000000100000000)
  to   space 74240K, 0% used [0x00000000f6f00000,0x00000000f6f00000,0x00000000fb780000)
 ParOldGen       total 581632K, used 568216K [0x00000000c6600000, 0x00000000e9e00000, 0x00000000ecc80000)
  object space 581632K, 97% used [0x00000000c6600000,0x00000000e90e6090,0x00000000e9e00000)
 PSPermGen       total 27136K, used 14456K [0x00000000bc000000, 0x00000000bda80000, 0x00000000c6600000)
  object space 27136K, 53% used [0x00000000bc000000,0x00000000bce1e0b8,0x00000000bda80000)
}
Event: 14.456 GC heap before
{Heap before GC invocations=73 (full 7):
 PSYoungGen      total 239616K, used 56672K [0x00000000ecc80000, 0x0000000100000000, 0x0000000100000000)
  eden space 166400K, 0% used [0x00000000ecc80000,0x00000000ecc80000,0x00000000f6f00000)
  from space 73216K, 77% used [0x00000000fb880000,0x00000000fefd8000,0x0000000100000000)
  to   space 74240K, 0% used [0x00000000f6f00000,0x00000000f6f00000,0x00000000fb780000)
 ParOldGen       total 581632K, used 568216K [0x00000000c6600000, 0x00000000e9e00000, 0x00000000ecc80000)
  object space 581632K, 97% used [0x00000000c6600000,0x00000000e90e6090,0x00000000e9e00000)
 PSPermGen       total 27136K, used 14456K [0x00000000bc000000, 0x00000000bda80000, 0x00000000c6600000)
  object space 27136K, 53% used [0x00000000bc000000,0x00000000bce1e0b8,0x00000000bda80000)

Deoptimization events (10 events):
Event: 0.779 Thread 0x00007fe0c400a000 Uncommon trap: reason=class_check action=maybe_recompile pc=0x00007fe0c01f9b30 method=java.util.Properties$LineReader.readLine()I @ 62
Event: 0.781 Thread 0x00007fe0c400a000 Uncommon trap: reason=class_check action=maybe_recompile pc=0x00007fe0c01f9b30 method=java.util.Properties$LineReader.readLine()I @ 62
Event: 0.782 Thread 0x00007fe0c400a000 Uncommon trap: reason=class_check action=maybe_recompile pc=0x00007fe0c01f9b30 method=java.util.Properties$LineReader.readLine()I @ 62
Event: 1.189 Thread 0x00007fe0c400a000 Uncommon trap: reason=class_check action=maybe_recompile pc=0x00007fe0c01fa9d4 method=java.lang.String.equals(Ljava/lang/Object;)Z @ 8
Event: 1.189 Thread 0x00007fe0c400a000 Uncommon trap: reason=class_check action=maybe_recompile pc=0x00007fe0c01fa9d4 method=java.lang.String.equals(Ljava/lang/Object;)Z @ 8
Event: 1.189 Thread 0x00007fe0c400a000 Uncommon trap: reason=class_check action=maybe_recompile pc=0x00007fe0c01fa9d4 method=java.lang.String.equals(Ljava/lang/Object;)Z @ 8
Event: 1.189 Thread 0x00007fe0c400a000 Uncommon trap: reason=class_check action=maybe_recompile pc=0x00007fe0c01fa9d4 method=java.lang.String.equals(Ljava/lang/Object;)Z @ 8
Event: 2.644 Thread 0x00007fe0c443d000 Uncommon trap: reason=class_check action=maybe_recompile pc=0x00007fe0c023a964 method=java.util.HashMap.<init>(IF)V @ 115
Event: 2.644 Thread 0x00007fe0c443d000 Uncommon trap: reason=unreached action=reinterpret pc=0x00007fe0c021a538 method=java.util.HashMap.addEntry(ILjava/lang/Object;Ljava/lang/Object;I)V @ 19
Event: 4.146 Thread 0x00007fe0c439c000 Uncommon trap: reason=class_check action=maybe_recompile pc=0x00007fe0c02380b8 method=java.util.HashMap.<init>(IF)V @ 115

Internal exceptions (10 events):
Event: 1.510 Thread 0x00007fe0c443d000 Threw 0x00000000ed12dee8 at /build/buildd/openjdk-7-7u65-2.5.1/build/openjdk/hotspot/src/share/vm/prims/jni.cpp:721
Event: 1.542 Thread 0x00007fe0c443d000 Threw 0x00000000ed1317b8 at /build/buildd/openjdk-7-7u65-2.5.1/build/openjdk/hotspot/src/share/vm/prims/jvm.cpp:1247
Event: 1.545 Thread 0x00007fe0c443d000 Threw 0x00000000ed13b288 at /build/buildd/openjdk-7-7u65-2.5.1/build/openjdk/hotspot/src/share/vm/prims/jvm.cpp:1247
Event: 1.547 Thread 0x00007fe0c443d000 Threw 0x00000000ed140280 at /build/buildd/openjdk-7-7u65-2.5.1/build/openjdk/hotspot/src/share/vm/prims/jvm.cpp:1247
Event: 1.548 Thread 0x00007fe0c443d000 Threw 0x00000000ed1496a0 at /build/buildd/openjdk-7-7u65-2.5.1/build/openjdk/hotspot/src/share/vm/prims/jvm.cpp:1247
Event: 1.551 Thread 0x00007fe0c443d000 Threw 0x00000000ed14cfd0 at /build/buildd/openjdk-7-7u65-2.5.1/build/openjdk/hotspot/src/share/vm/prims/jvm.cpp:1247
Event: 1.556 Thread 0x00007fe0c443d000 Threw 0x00000000ed179440 at /build/buildd/openjdk-7-7u65-2.5.1/build/openjdk/hotspot/src/share/vm/prims/jvm.cpp:1247
Event: 1.674 Thread 0x00007fe0c443d000 Threw 0x00000000ed95f0b8 at /build/buildd/openjdk-7-7u65-2.5.1/build/openjdk/hotspot/src/share/vm/prims/jvm.cpp:1247
Event: 1.763 Thread 0x00007fe0c439c000 Threw 0x00000000ecde03a8 at /build/buildd/openjdk-7-7u65-2.5.1/build/openjdk/hotspot/src/share/vm/prims/jni.cpp:747
Event: 4.240 Thread 0x00007fe0c439c000 Threw 0x00000000ed7dc468 at /build/buildd/openjdk-7-7u65-2.5.1/build/openjdk/hotspot/src/share/vm/prims/jni.cpp:747

Events (10 events):
Event: 13.743 Executing VM operation: ParallelGCFailedAllocation done
Event: 13.823 Executing VM operation: ParallelGCFailedAllocation
Event: 13.887 Executing VM operation: ParallelGCFailedAllocation done
Event: 13.982 Executing VM operation: ParallelGCFailedAllocation
Event: 14.029 Executing VM operation: ParallelGCFailedAllocation done
Event: 14.119 Executing VM operation: ParallelGCFailedAllocation
Event: 14.171 Executing VM operation: ParallelGCFailedAllocation done
Event: 14.255 Executing VM operation: ParallelGCFailedAllocation
Event: 14.312 Executing VM operation: ParallelGCFailedAllocation done
Event: 14.400 Executing VM operation: ParallelGCFailedAllocation


Dynamic libraries:
00400000-00401000 r-xp 00000000 08:05 427493                             /usr/lib/jvm/java-7-openjdk-amd64/jre/bin/java
00600000-00601000 r--p 00000000 08:05 427493                             /usr/lib/jvm/java-7-openjdk-amd64/jre/bin/java
00601000-00602000 rw-p 00001000 08:05 427493                             /usr/lib/jvm/java-7-openjdk-amd64/jre/bin/java
020fa000-0211b000 rw-p 00000000 00:00 0                                  [heap]
bc000000-bda80000 rw-p 00000000 00:00 0 
bda80000-be000000 ---p 00000000 00:00 0 
be000000-c6600000 rw-p 00000000 00:00 0 
c6600000-e9e00000 rw-p 00000000 00:00 0 
ecc80000-100000000 rw-p 00000000 00:00 0 
7fe054000000-7fe054081000 rw-p 00000000 00:00 0 
7fe054081000-7fe058000000 ---p 00000000 00:00 0 
7fe058000000-7fe058027000 rw-p 00000000 00:00 0 
7fe058027000-7fe05c000000 ---p 00000000 00:00 0 
7fe05c000000-7fe05c022000 rw-p 00000000 00:00 0 
7fe05c022000-7fe060000000 ---p 00000000 00:00 0 
7fe060000000-7fe060021000 rw-p 00000000 00:00 0 
7fe060021000-7fe064000000 ---p 00000000 00:00 0 
7fe064000000-7fe064021000 rw-p 00000000 00:00 0 
7fe064021000-7fe068000000 ---p 00000000 00:00 0 
7fe068000000-7fe068022000 rw-p 00000000 00:00 0 
7fe068022000-7fe06c000000 ---p 00000000 00:00 0 
7fe06c000000-7fe06c022000 rw-p 00000000 00:00 0 
7fe06c022000-7fe070000000 ---p 00000000 00:00 0 
7fe070d9e000-7fe070eff000 rw-p 00000000 00:00 0 
7fe070eff000-7fe0712a8000 rw-s 00000000 00:04 458260556                  /SYSV00000000 (deleted)
7fe0712f9000-7fe0713d2000 rw-p 00000000 00:00 0 
7fe0713d2000-7fe071432000 rw-s 00000000 00:04 458227787                  /SYSV00000000 (deleted)
7fe071432000-7fe0714b2000 rw-s 00000000 00:04 458195018                  /SYSV00000000 (deleted)
7fe0714b2000-7fe07157b000 rw-s 00000000 00:04 458162249                  /SYSV00000000 (deleted)
7fe07157b000-7fe07157e000 ---p 00000000 00:00 0 
7fe07157e000-7fe07167c000 rw-p 00000000 00:00 0                          [stack:1621]
7fe07167c000-7fe07167f000 ---p 00000000 00:00 0 
7fe07167f000-7fe07177d000 rw-p 00000000 00:00 0                          [stack:1620]
7fe07177d000-7fe071780000 ---p 00000000 00:00 0 
7fe071780000-7fe07187e000 rw-p 00000000 00:00 0                          [stack:1619]
7fe07187e000-7fe071881000 ---p 00000000 00:00 0 
7fe071881000-7fe07197f000 rw-p 00000000 00:00 0                          [stack:1618]
7fe07197f000-7fe071980000 ---p 00000000 00:00 0 
7fe071980000-7fe072180000 rw-p 00000000 00:00 0 
7fe072180000-7fe072181000 ---p 00000000 00:00 0 
7fe072181000-7fe072981000 rw-p 00000000 00:00 0 
7fe072981000-7fe072982000 ---p 00000000 00:00 0 
7fe072982000-7fe073182000 rw-p 00000000 00:00 0                          [stack:1614]
7fe073182000-7fe0731db000 r-xp 00000000 08:05 3042208                    /usr/lib/x86_64-linux-gnu/libibus-1.0.so.5.0.505
7fe0731db000-7fe0733db000 ---p 00059000 08:05 3042208                    /usr/lib/x86_64-linux-gnu/libibus-1.0.so.5.0.505
7fe0733db000-7fe0733dd000 r--p 00059000 08:05 3042208                    /usr/lib/x86_64-linux-gnu/libibus-1.0.so.5.0.505
7fe0733dd000-7fe0733de000 rw-p 0005b000 08:05 3042208                    /usr/lib/x86_64-linux-gnu/libibus-1.0.so.5.0.505
7fe0733de000-7fe0733df000 rw-p 00000000 00:00 0 
7fe0733df000-7fe0733e5000 r-xp 00000000 08:05 3166609                    /usr/lib/x86_64-linux-gnu/gtk-2.0/2.10.0/immodules/im-ibus.so
7fe0733e5000-7fe0735e5000 ---p 00006000 08:05 3166609                    /usr/lib/x86_64-linux-gnu/gtk-2.0/2.10.0/immodules/im-ibus.so
7fe0735e5000-7fe0735e6000 r--p 00006000 08:05 3166609                    /usr/lib/x86_64-linux-gnu/gtk-2.0/2.10.0/immodules/im-ibus.so
7fe0735e6000-7fe0735e7000 rw-p 00007000 08:05 3166609                    /usr/lib/x86_64-linux-gnu/gtk-2.0/2.10.0/immodules/im-ibus.so
7fe0735e7000-7fe0735fe000 r-xp 00000000 08:05 405713                     /usr/lib/jvm/java-7-openjdk-amd64/jre/lib/amd64/libnet.so
7fe0735fe000-7fe0737fd000 ---p 00017000 08:05 405713                     /usr/lib/jvm/java-7-openjdk-amd64/jre/lib/amd64/libnet.so
7fe0737fd000-7fe0737fe000 r--p 00016000 08:05 405713                     /usr/lib/jvm/java-7-openjdk-amd64/jre/lib/amd64/libnet.so
7fe0737fe000-7fe0737ff000 rw-p 00017000 08:05 405713                     /usr/lib/jvm/java-7-openjdk-amd64/jre/lib/amd64/libnet.so
7fe0737ff000-7fe073800000 ---p 00000000 00:00 0 
7fe073800000-7fe074000000 rw-p 00000000 00:00 0                          [stack:1613]
7fe074000000-7fe074021000 rw-p 00000000 00:00 0 
7fe074021000-7fe078000000 ---p 00000000 00:00 0 
7fe078000000-7fe078021000 rw-p 00000000 00:00 0 
7fe078021000-7fe07c000000 ---p 00000000 00:00 0 
7fe07c004000-7fe07c014000 r-xp 00000000 08:05 427273                     /usr/lib/jvm/java-7-openjdk-amd64/jre/lib/amd64/libnio.so
7fe07c014000-7fe07c214000 ---p 00010000 08:05 427273                     /usr/lib/jvm/java-7-openjdk-amd64/jre/lib/amd64/libnio.so
7fe07c214000-7fe07c215000 r--p 00010000 08:05 427273                     /usr/lib/jvm/java-7-openjdk-amd64/jre/lib/amd64/libnio.so
7fe07c215000-7fe07c216000 rw-p 00011000 08:05 427273                     /usr/lib/jvm/java-7-openjdk-amd64/jre/lib/amd64/libnio.so
7fe07c216000-7fe07c267000 r-xp 00000000 08:05 427262                     /usr/lib/jvm/java-7-openjdk-amd64/jre/lib/amd64/libfontmanager.so
7fe07c267000-7fe07c466000 ---p 00051000 08:05 427262                     /usr/lib/jvm/java-7-openjdk-amd64/jre/lib/amd64/libfontmanager.so
7fe07c466000-7fe07c469000 r--p 00050000 08:05 427262                     /usr/lib/jvm/java-7-openjdk-amd64/jre/lib/amd64/libfontmanager.so
7fe07c469000-7fe07c46a000 rw-p 00053000 08:05 427262                     /usr/lib/jvm/java-7-openjdk-amd64/jre/lib/amd64/libfontmanager.so
7fe07c46a000-7fe07c499000 r-xp 00000000 08:05 3150794                    /usr/lib/x86_64-linux-gnu/gtk-2.0/2.10.0/engines/libmurrine.so
7fe07c499000-7fe07c699000 ---p 0002f000 08:05 3150794                    /usr/lib/x86_64-linux-gnu/gtk-2.0/2.10.0/engines/libmurrine.so
7fe07c699000-7fe07c69a000 r--p 0002f000 08:05 3150794                    /usr/lib/x86_64-linux-gnu/gtk-2.0/2.10.0/engines/libmurrine.so
7fe07c69a000-7fe07c69b000 rw-p 00030000 08:05 3150794                    /usr/lib/x86_64-linux-gnu/gtk-2.0/2.10.0/engines/libmurrine.so
7fe07c69b000-7fe07c69c000 ---p 00000000 00:00 0 
7fe07c69c000-7fe07ce9c000 rw-p 00000000 00:00 0                          [stack:1612]
7fe07ce9c000-7fe07ceb5000 r-xp 00000000 08:05 3150571                    /usr/lib/x86_64-linux-gnu/gio/modules/libgioremote-volume-monitor.so
7fe07ceb5000-7fe07d0b5000 ---p 00019000 08:05 3150571                    /usr/lib/x86_64-linux-gnu/gio/modules/libgioremote-volume-monitor.so
7fe07d0b5000-7fe07d0b8000 r--p 00019000 08:05 3150571                    /usr/lib/x86_64-linux-gnu/gio/modules/libgioremote-volume-monitor.so
7fe07d0b8000-7fe07d0b9000 rw-p 0001c000 08:05 3150571                    /usr/lib/x86_64-linux-gnu/gio/modules/libgioremote-volume-monitor.so
7fe07d0b9000-7fe07d0c4000 r-xp 00000000 08:05 3150567                    /usr/lib/x86_64-linux-gnu/gio/modules/libdconfsettings.so
7fe07d0c4000-7fe07d2c4000 ---p 0000b000 08:05 3150567                    /usr/lib/x86_64-linux-gnu/gio/modules/libdconfsettings.so
7fe07d2c4000-7fe07d2c5000 r--p 0000b000 08:05 3150567                    /usr/lib/x86_64-linux-gnu/gio/modules/libdconfsettings.so
7fe07d2c5000-7fe07d2c6000 rw-p 0000c000 08:05 3150567                    /usr/lib/x86_64-linux-gnu/gio/modules/libdconfsettings.so
7fe07d2c6000-7fe07d2ce000 r-xp 00000000 08:05 2625612                    /lib/x86_64-linux-gnu/libnih-dbus.so.1.0.0
7fe07d2ce000-7fe07d4ce000 ---p 00008000 08:05 2625612                    /lib/x86_64-linux-gnu/libnih-dbus.so.1.0.0
7fe07d4ce000-7fe07d4cf000 r--p 00008000 08:05 2625612                    /lib/x86_64-linux-gnu/libnih-dbus.so.1.0.0
7fe07d4cf000-7fe07d4d0000 rw-p 00009000 08:05 2625612                    /lib/x86_64-linux-gnu/libnih-dbus.so.1.0.0
7fe07d4d0000-7fe07d4e7000 r-xp 00000000 08:05 2625614                    /lib/x86_64-linux-gnu/libnih.so.1.0.0
7fe07d4e7000-7fe07d6e6000 ---p 00017000 08:05 2625614                    /lib/x86_64-linux-gnu/libnih.so.1.0.0
7fe07d6e6000-7fe07d6e7000 r--p 00016000 08:05 2625614                    /lib/x86_64-linux-gnu/libnih.so.1.0.0
7fe07d6e7000-7fe07d6e8000 rw-p 00017000 08:05 2625614                    /lib/x86_64-linux-gnu/libnih.so.1.0.0
7fe07d6e8000-7fe07d701000 r-xp 00000000 08:05 2621539                    /lib/x86_64-linux-gnu/libcgmanager.so.0.0.0
7fe07d701000-7fe07d900000 ---p 00019000 08:05 2621539                    /lib/x86_64-linux-gnu/libcgmanager.so.0.0.0
7fe07d900000-7fe07d902000 r--p 00018000 08:05 2621539                    /lib/x86_64-linux-gnu/libcgmanager.so.0.0.0
7fe07d902000-7fe07d903000 rw-p 0001a000 08:05 2621539                    /lib/x86_64-linux-gnu/libcgmanager.so.0.0.0
7fe07d903000-7fe07d913000 r-xp 00000000 08:05 2622639                    /lib/x86_64-linux-gnu/libudev.so.1.3.5
7fe07d913000-7fe07db12000 ---p 00010000 08:05 2622639                    /lib/x86_64-linux-gnu/libudev.so.1.3.5
7fe07db12000-7fe07db13000 r--p 0000f000 08:05 2622639                    /lib/x86_64-linux-gnu/libudev.so.1.3.5
7fe07db13000-7fe07db14000 rw-p 00010000 08:05 2622639                    /lib/x86_64-linux-gnu/libudev.so.1.3.5
7fe07db14000-7fe07db48000 r-xp 00000000 08:05 3150853                    /usr/lib/x86_64-linux-gnu/gvfs/libgvfscommon.so
7fe07db48000-7fe07dd48000 ---p 00034000 08:05 3150853                    /usr/lib/x86_64-linux-gnu/gvfs/libgvfscommon.so
7fe07dd48000-7fe07dd4d000 r--p 00034000 08:05 3150853                    /usr/lib/x86_64-linux-gnu/gvfs/libgvfscommon.so
7fe07dd4d000-7fe07dd4e000 rw-p 00039000 08:05 3150853                    /usr/lib/x86_64-linux-gnu/gvfs/libgvfscommon.so
7fe07dd4e000-7fe07dd7d000 r-xp 00000000 08:05 3150572                    /usr/lib/x86_64-linux-gnu/gio/modules/libgvfsdbus.so
7fe07dd7d000-7fe07df7d000 ---p 0002f000 08:05 3150572                    /usr/lib/x86_64-linux-gnu/gio/modules/libgvfsdbus.so
7fe07df7d000-7fe07df7e000 r--p 0002f000 08:05 3150572                    /usr/lib/x86_64-linux-gnu/gio/modules/libgvfsdbus.so
7fe07df7e000-7fe07df7f000 rw-p 00030000 08:05 3150572                    /usr/lib/x86_64-linux-gnu/gio/modules/libgvfsdbus.so
7fe07df7f000-7fe07df80000 rw-p 00000000 00:00 0 
7fe07df80000-7fe07df90000 r-xp 00000000 08:05 3042300                    /usr/lib/x86_64-linux-gnu/libunity-gtk2-parser.so.0.0.0
7fe07df90000-7fe07e18f000 ---p 00010000 08:05 3042300                    /usr/lib/x86_64-linux-gnu/libunity-gtk2-parser.so.0.0.0
7fe07e18f000-7fe07e190000 r--p 0000f000 08:05 3042300                    /usr/lib/x86_64-linux-gnu/libunity-gtk2-parser.so.0.0.0
7fe07e190000-7fe07e191000 rw-p 00010000 08:05 3042300                    /usr/lib/x86_64-linux-gnu/libunity-gtk2-parser.so.0.0.0
7fe07e191000-7fe07e196000 r-xp 00000000 08:05 3165346                    /usr/lib/x86_64-linux-gnu/gtk-2.0/modules/libunity-gtk-module.so
7fe07e196000-7fe07e395000 ---p 00005000 08:05 3165346                    /usr/lib/x86_64-linux-gnu/gtk-2.0/modules/libunity-gtk-module.so
7fe07e395000-7fe07e396000 r--p 00004000 08:05 3165346                    /usr/lib/x86_64-linux-gnu/gtk-2.0/modules/libunity-gtk-module.so
7fe07e396000-7fe07e397000 rw-p 00005000 08:05 3165346                    /usr/lib/x86_64-linux-gnu/gtk-2.0/modules/libunity-gtk-module.so
7fe07e397000-7fe07e3b1000 r-xp 00000000 08:05 3022019                    /usr/lib/x86_64-linux-gnu/libgraphite2.so.3.0.1
7fe07e3b1000-7fe07e5b0000 ---p 0001a000 08:05 3022019                    /usr/lib/x86_64-linux-gnu/libgraphite2.so.3.0.1
7fe07e5b0000-7fe07e5b2000 r--p 00019000 08:05 3022019                    /usr/lib/x86_64-linux-gnu/libgraphite2.so.3.0.1
7fe07e5b2000-7fe07e5b3000 rw-p 0001b000 08:05 3022019                    /usr/lib/x86_64-linux-gnu/libgraphite2.so.3.0.1
7fe07e5b3000-7fe07e5b9000 r-xp 00000000 08:05 3021839                    /usr/lib/x86_64-linux-gnu/libdatrie.so.1.3.1
7fe07e5b9000-7fe07e7b8000 ---p 00006000 08:05 3021839                    /usr/lib/x86_64-linux-gnu/libdatrie.so.1.3.1
7fe07e7b8000-7fe07e7b9000 r--p 00005000 08:05 3021839                    /usr/lib/x86_64-linux-gnu/libdatrie.so.1.3.1
7fe07e7b9000-7fe07e7ba000 rw-p 00006000 08:05 3021839                    /usr/lib/x86_64-linux-gnu/libdatrie.so.1.3.1
7fe07e7ba000-7fe07e80d000 r-xp 00000000 08:05 3015597                    /usr/lib/x86_64-linux-gnu/libharfbuzz.so.0.927.0
7fe07e80d000-7fe07ea0d000 ---p 00053000 08:05 3015597                    /usr/lib/x86_64-linux-gnu/libharfbuzz.so.0.927.0
7fe07ea0d000-7fe07ea0e000 r--p 00053000 08:05 3015597                    /usr/lib/x86_64-linux-gnu/libharfbuzz.so.0.927.0
7fe07ea0e000-7fe07ea0f000 rw-p 00054000 08:05 3015597                    /usr/lib/x86_64-linux-gnu/libharfbuzz.so.0.927.0
7fe07ea0f000-7fe07ea17000 r-xp 00000000 08:05 3022594                    /usr/lib/x86_64-linux-gnu/libxcb-render.so.0.0.0
7fe07ea17000-7fe07ec16000 ---p 00008000 08:05 3022594                    /usr/lib/x86_64-linux-gnu/libxcb-render.so.0.0.0
7fe07ec16000-7fe07ec17000 r--p 00007000 08:05 3022594                    /usr/lib/x86_64-linux-gnu/libxcb-render.so.0.0.0
7fe07ec17000-7fe07ec18000 rw-p 00008000 08:05 3022594                    /usr/lib/x86_64-linux-gnu/libxcb-render.so.0.0.0
7fe07ec18000-7fe07ec1a000 r-xp 00000000 08:05 3022598                    /usr/lib/x86_64-linux-gnu/libxcb-shm.so.0.0.0
7fe07ec1a000-7fe07ee19000 ---p 00002000 08:05 3022598                    /usr/lib/x86_64-linux-gnu/libxcb-shm.so.0.0.0
7fe07ee19000-7fe07ee1a000 r--p 00001000 08:05 3022598                    /usr/lib/x86_64-linux-gnu/libxcb-shm.so.0.0.0
7fe07ee1a000-7fe07ee1b000 rw-p 00002000 08:05 3022598                    /usr/lib/x86_64-linux-gnu/libxcb-shm.so.0.0.0
7fe07ee1b000-7fe07eebc000 r-xp 00000000 08:05 3022339                    /usr/lib/x86_64-linux-gnu/libpixman-1.so.0.30.2
7fe07eebc000-7fe07f0bc000 ---p 000a1000 08:05 3022339                    /usr/lib/x86_64-linux-gnu/libpixman-1.so.0.30.2
7fe07f0bc000-7fe07f0c3000 r--p 000a1000 08:05 3022339                    /usr/lib/x86_64-linux-gnu/libpixman-1.so.0.30.2
7fe07f0c3000-7fe07f0c4000 rw-p 000a8000 08:05 3022339                    /usr/lib/x86_64-linux-gnu/libpixman-1.so.0.30.2
7fe07f0c4000-7fe07f0cc000 r-xp 00000000 08:05 3022489                    /usr/lib/x86_64-linux-gnu/libthai.so.0.2.0
7fe07f0cc000-7fe07f2cb000 ---p 00008000 08:05 3022489                    /usr/lib/x86_64-linux-gnu/libthai.so.0.2.0
7fe07f2cb000-7fe07f2cc000 r--p 00007000 08:05 3022489                    /usr/lib/x86_64-linux-gnu/libthai.so.0.2.0
7fe07f2cc000-7fe07f2cd000 rw-p 00008000 08:05 3022489                    /usr/lib/x86_64-linux-gnu/libthai.so.0.2.0
7fe07f2cd000-7fe07f2cf000 r-xp 00000000 08:05 3021661                    /usr/lib/x86_64-linux-gnu/libXdamage.so.1.1.0
7fe07f2cf000-7fe07f4ce000 ---p 00002000 08:05 3021661                    /usr/lib/x86_64-linux-gnu/libXdamage.so.1.1.0
7fe07f4ce000-7fe07f4cf000 r--p 00001000 08:05 3021661                    /usr/lib/x86_64-linux-gnu/libXdamage.so.1.1.0
7fe07f4cf000-7fe07f4d0000 rw-p 00002000 08:05 3021661                    /usr/lib/x86_64-linux-gnu/libXdamage.so.1.1.0
7fe07f4d0000-7fe07f4d2000 r-xp 00000000 08:05 3021657                    /usr/lib/x86_64-linux-gnu/libXcomposite.so.1.0.0
7fe07f4d2000-7fe07f6d1000 ---p 00002000 08:05 3021657                    /usr/lib/x86_64-linux-gnu/libXcomposite.so.1.0.0
7fe07f6d1000-7fe07f6d2000 r--p 00001000 08:05 3021657                    /usr/lib/x86_64-linux-gnu/libXcomposite.so.1.0.0
7fe07f6d2000-7fe07f6d3000 rw-p 00002000 08:05 3021657                    /usr/lib/x86_64-linux-gnu/libXcomposite.so.1.0.0
7fe07f6d3000-7fe07f6dc000 r-xp 00000000 08:05 3021685                    /usr/lib/x86_64-linux-gnu/libXrandr.so.2.2.0
7fe07f6dc000-7fe07f8db000 ---p 00009000 08:05 3021685                    /usr/lib/x86_64-linux-gnu/libXrandr.so.2.2.0
7fe07f8db000-7fe07f8dc000 r--p 00008000 08:05 3021685                    /usr/lib/x86_64-linux-gnu/libXrandr.so.2.2.0
7fe07f8dc000-7fe07f8dd000 rw-p 00009000 08:05 3021685                    /usr/lib/x86_64-linux-gnu/libXrandr.so.2.2.0
7fe07f8dd000-7fe07f8df000 r-xp 00000000 08:05 3021675                    /usr/lib/x86_64-linux-gnu/libXinerama.so.1.0.0
7fe07f8df000-7fe07fade000 ---p 00002000 08:05 3021675                    /usr/lib/x86_64-linux-gnu/libXinerama.so.1.0.0
7fe07fade000-7fe07fadf000 r--p 00001000 08:05 3021675                    /usr/lib/x86_64-linux-gnu/libXinerama.so.1.0.0
7fe07fadf000-7fe07fae0000 rw-p 00002000 08:05 3021675                    /usr/lib/x86_64-linux-gnu/libXinerama.so.1.0.0
7fe07fae0000-7fe07faf4000 r-xp 00000000 08:05 3018982                    /usr/lib/x86_64-linux-gnu/libpangoft2-1.0.so.0.3600.3
7fe07faf4000-7fe07fcf3000 ---p 00014000 08:05 3018982                    /usr/lib/x86_64-linux-gnu/libpangoft2-1.0.so.0.3600.3
7fe07fcf3000-7fe07fcf4000 r--p 00013000 08:05 3018982                    /usr/lib/x86_64-linux-gnu/libpangoft2-1.0.so.0.3600.3
7fe07fcf4000-7fe07fcf5000 rw-p 00014000 08:05 3018982                    /usr/lib/x86_64-linux-gnu/libpangoft2-1.0.so.0.3600.3
7fe07fcf5000-7fe07fdfb000 r-xp 00000000 08:05 3021778                    /usr/lib/x86_64-linux-gnu/libcairo.so.2.11301.0
7fe07fdfb000-7fe07fffa000 ---p 00106000 08:05 3021778                    /usr/lib/x86_64-linux-gnu/libcairo.so.2.11301.0
7fe07fffa000-7fe07fffd000 r--p 00105000 08:05 3021778                    /usr/lib/x86_64-linux-gnu/libcairo.so.2.11301.0
7fe07fffd000-7fe07fffe000 rw-p 00108000 08:05 3021778                    /usr/lib/x86_64-linux-gnu/libcairo.so.2.11301.0
7fe07fffe000-7fe080000000 rw-p 00000000 00:00 0 
7fe080000000-7fe080021000 rw-p 00000000 00:00 0 
7fe080021000-7fe084000000 ---p 00000000 00:00 0 
7fe084000000-7fe084021000 rw-p 00000000 00:00 0 
7fe084021000-7fe088000000 ---p 00000000 00:00 0 
7fe088000000-7fe08866a000 rw-p 00000000 00:00 0 
7fe08866a000-7fe08c000000 ---p 00000000 00:00 0 
7fe08c000000-7fe08c021000 rw-p 00000000 00:00 0 
7fe08c021000-7fe090000000 ---p 00000000 00:00 0 
7fe090000000-7fe090021000 rw-p 00000000 00:00 0 
7fe090021000-7fe094000000 ---p 00000000 00:00 0 
7fe094000000-7fe094503000 rw-p 00000000 00:00 0 
7fe094503000-7fe098000000 ---p 00000000 00:00 0 
7fe098000000-7fe098021000 rw-p 00000000 00:00 0 
7fe098021000-7fe09c000000 ---p 00000000 00:00 0 
7fe09c000000-7fe09c021000 rw-p 00000000 00:00 0 
7fe09c021000-7fe0a0000000 ---p 00000000 00:00 0 
7fe0a0000000-7fe0a0021000 rw-p 00000000 00:00 0 
7fe0a0021000-7fe0a4000000 ---p 00000000 00:00 0 
7fe0a4000000-7fe0a4021000 rw-p 00000000 00:00 0 
7fe0a4021000-7fe0a8000000 ---p 00000000 00:00 0 
7fe0a8000000-7fe0a8021000 rw-p 00000000 00:00 0 
7fe0a8021000-7fe0ac000000 ---p 00000000 00:00 0 
7fe0ac013000-7fe0ac014000 rw-p 00000000 00:00 0 
7fe0ac014000-7fe0ac027000 rw-s 00000000 00:04 458326051                  /SYSV00000000 (deleted)
7fe0ac027000-7fe0ac028000 r--p 00000000 08:05 135478                     /usr/share/locale-langpack/en_AU/LC_MESSAGES/gdk-pixbuf.mo
7fe0ac028000-7fe0ac0de000 r--p 00000000 08:05 264003                     /usr/share/fonts/truetype/dejavu/DejaVuSans.ttf
7fe0ac0de000-7fe0ac0df000 r--s 00000000 08:05 1191350                    /var/cache/fontconfig/c05880de57d1f5e948fdfacc138775d9-le64.cache-4
7fe0ac0df000-7fe0ac0ea000 r--s 00000000 08:05 1180320                    /var/cache/fontconfig/945677eb7aeaf62f1d50efc3fb3ec7d8-le64.cache-4
7fe0ac0ea000-7fe0ac0f0000 r--s 00000000 08:05 1180318                    /var/cache/fontconfig/2cd17615ca594fa2959ae173292e504c-le64.cache-4
7fe0ac0f0000-7fe0ac0f1000 r--s 00000000 08:05 1180257                    /var/cache/fontconfig/e7071f4a29fa870f4323321c154eba04-le64.cache-4
7fe0ac0f1000-7fe0ac0f2000 r--s 00000000 08:05 1180255                    /var/cache/fontconfig/0d8c3b2ac0904cb8a57a757ad11a4a08-le64.cache-4
7fe0ac0f2000-7fe0ac0f9000 r--s 00000000 08:05 1180254                    /var/cache/fontconfig/a755afe4a08bf5b97852ceb7400b47bc-le64.cache-4
7fe0ac0f9000-7fe0ac0fd000 r--s 00000000 08:05 1191346                    /var/cache/fontconfig/6d41288fd70b0be22e8c3a91e032eec0-le64.cache-4
7fe0ac0fd000-7fe0ac111000 r--s 00000000 08:05 1180253                    /var/cache/fontconfig/04aabc0a78ac019cf9454389977116d2-le64.cache-4
7fe0ac111000-7fe0ac112000 r--s 00000000 08:05 1180252                    /var/cache/fontconfig/1ac9eb803944fde146138c791f5cc56a-le64.cache-4
7fe0ac112000-7fe0ac116000 r--s 00000000 08:05 1180251                    /var/cache/fontconfig/385c0604a188198f04d133e54aba7fe7-le64.cache-4
7fe0ac116000-7fe0ac117000 r--s 00000000 08:05 1180250                    /var/cache/fontconfig/dc05db6664285cc2f12bf69c139ae4c3-le64.cache-4
7fe0ac117000-7fe0ac119000 r--s 00000000 08:05 1180176                    /var/cache/fontconfig/767a8244fc0220cfb567a839d0392e0b-le64.cache-4
7fe0ac119000-7fe0ac11a000 r--s 00000000 08:05 1204984                    /var/cache/fontconfig/4794a0821666d79190d59a36cb4f44b5-le64.cache-4
7fe0ac11a000-7fe0ac11f000 r--s 00000000 08:05 1180248                    /var/cache/fontconfig/8801497958630a81b71ace7c5f9b32a8-le64.cache-4
7fe0ac11f000-7fe0ac123000 r--s 00000000 08:05 1180247                    /var/cache/fontconfig/c57959a16110560c8d0fcea73374aeeb-le64.cache-4
7fe0ac123000-7fe0ac12a000 r--s 00000000 08:05 1180237                    /var/cache/fontconfig/3047814df9a2f067bd2d96a2b9c36e5a-le64.cache-4
7fe0ac12a000-7fe0ac12b000 r--s 00000000 08:05 1180234                    /var/cache/fontconfig/56cf4f4769d0f4abc89a4895d7bd3ae1-le64.cache-4
7fe0ac12b000-7fe0ac131000 r--s 00000000 08:05 1180229                    /var/cache/fontconfig/b47c4e1ecd0709278f4910c18777a504-le64.cache-4
7fe0ac131000-7fe0ac134000 r--s 00000000 08:05 1191349                    /var/cache/fontconfig/e49e89034d371f0f9de17aab02136486-le64.cache-4
7fe0ac134000-7fe0ac136000 r--s 00000000 08:05 1191348                    /var/cache/fontconfig/4b14b093aebc79c320de5e86ae1d3314-le64.cache-4
7fe0ac136000-7fe0ac149000 r--s 00000000 08:05 1180228                    /var/cache/fontconfig/d52a8644073d54c13679302ca1180695-le64.cache-4
7fe0ac149000-7fe0ac151000 r--s 00000000 08:05 1180227                    /var/cache/fontconfig/3f7329c5293ffd510edef78f73874cfd-le64.cache-4
7fe0ac151000-7fe0ac15c000 r--s 00000000 08:05 1180821                    /var/cache/fontconfig/d589a48862398ed80a3d6066f4f56f4c-le64.cache-4
7fe0ac15c000-7fe0ac15f000 r--s 00000000 08:05 1196435                    /var/cache/fontconfig/e13b20fdb08344e0e664864cc2ede53d-le64.cache-4
7fe0ac15f000-7fe0ac190000 rw-p 00000000 00:00 0 
7fe0ac190000-7fe0ac1af000 r-xp 00000000 08:05 3021739                    /usr/lib/x86_64-linux-gnu/libatk-1.0.so.0.21009.1
7fe0ac1af000-7fe0ac3af000 ---p 0001f000 08:05 3021739                    /usr/lib/x86_64-linux-gnu/libatk-1.0.so.0.21009.1
7fe0ac3af000-7fe0ac3b1000 r--p 0001f000 08:05 3021739                    /usr/lib/x86_64-linux-gnu/libatk-1.0.so.0.21009.1
7fe0ac3b1000-7fe0ac3b2000 rw-p 00021000 08:05 3021739                    /usr/lib/x86_64-linux-gnu/libatk-1.0.so.0.21009.1
7fe0ac3b2000-7fe0ac3bd000 r-xp 00000000 08:05 3017469                    /usr/lib/x86_64-linux-gnu/libpangocairo-1.0.so.0.3600.3
7fe0ac3bd000-7fe0ac5bd000 ---p 0000b000 08:05 3017469                    /usr/lib/x86_64-linux-gnu/libpangocairo-1.0.so.0.3600.3
7fe0ac5bd000-7fe0ac5be000 r--p 0000b000 08:05 3017469                    /usr/lib/x86_64-linux-gnu/libpangocairo-1.0.so.0.3600.3
7fe0ac5be000-7fe0ac5bf000 rw-p 0000c000 08:05 3017469                    /usr/lib/x86_64-linux-gnu/libpangocairo-1.0.so.0.3600.3
7fe0ac5bf000-7fe0ac5c0000 r-xp 00000000 08:05 3022109                    /usr/lib/x86_64-linux-gnu/libgthread-2.0.so.0.4000.0
7fe0ac5c0000-7fe0ac7bf000 ---p 00001000 08:05 3022109                    /usr/lib/x86_64-linux-gnu/libgthread-2.0.so.0.4000.0
7fe0ac7bf000-7fe0ac7c0000 r--p 00000000 08:05 3022109                    /usr/lib/x86_64-linux-gnu/libgthread-2.0.so.0.4000.0
7fe0ac7c0000-7fe0ac7c1000 rw-p 00001000 08:05 3022109                    /usr/lib/x86_64-linux-gnu/libgthread-2.0.so.0.4000.0
7fe0ac7c1000-7fe0ac80b000 r-xp 00000000 08:05 3018978                    /usr/lib/x86_64-linux-gnu/libpango-1.0.so.0.3600.3
7fe0ac80b000-7fe0aca0b000 ---p 0004a000 08:05 3018978                    /usr/lib/x86_64-linux-gnu/libpango-1.0.so.0.3600.3
7fe0aca0b000-7fe0aca0d000 r--p 0004a000 08:05 3018978                    /usr/lib/x86_64-linux-gnu/libpango-1.0.so.0.3600.3
7fe0aca0d000-7fe0aca0e000 rw-p 0004c000 08:05 3018978                    /usr/lib/x86_64-linux-gnu/libpango-1.0.so.0.3600.3
7fe0aca0e000-7fe0aca2d000 r-xp 00000000 08:05 3021961                    /usr/lib/x86_64-linux-gnu/libgdk_pixbuf-2.0.so.0.3000.7
7fe0aca2d000-7fe0acc2d000 ---p 0001f000 08:05 3021961                    /usr/lib/x86_64-linux-gnu/libgdk_pixbuf-2.0.so.0.3000.7
7fe0acc2d000-7fe0acc2e000 r--p 0001f000 08:05 3021961                    /usr/lib/x86_64-linux-gnu/libgdk_pixbuf-2.0.so.0.3000.7
7fe0acc2e000-7fe0acc2f000 rw-p 00020000 08:05 3021961                    /usr/lib/x86_64-linux-gnu/libgdk_pixbuf-2.0.so.0.3000.7
7fe0acc2f000-7fe0accdc000 r-xp 00000000 08:05 3022034                    /usr/lib/x86_64-linux-gnu/libgdk-x11-2.0.so.0.2400.23
7fe0accdc000-7fe0acedb000 ---p 000ad000 08:05 3022034                    /usr/lib/x86_64-linux-gnu/libgdk-x11-2.0.so.0.2400.23
7fe0acedb000-7fe0acedf000 r--p 000ac000 08:05 3022034                    /usr/lib/x86_64-linux-gnu/libgdk-x11-2.0.so.0.2400.23
7fe0acedf000-7fe0acee1000 rw-p 000b0000 08:05 3022034                    /usr/lib/x86_64-linux-gnu/libgdk-x11-2.0.so.0.2400.23
7fe0acee1000-7fe0ad310000 r-xp 00000000 08:05 3015098                    /usr/lib/x86_64-linux-gnu/libgtk-x11-2.0.so.0.2400.23
7fe0ad310000-7fe0ad50f000 ---p 0042f000 08:05 3015098                    /usr/lib/x86_64-linux-gnu/libgtk-x11-2.0.so.0.2400.23
7fe0ad50f000-7fe0ad516000 r--p 0042e000 08:05 3015098                    /usr/lib/x86_64-linux-gnu/libgtk-x11-2.0.so.0.2400.23
7fe0ad516000-7fe0ad51a000 rw-p 00435000 08:05 3015098                    /usr/lib/x86_64-linux-gnu/libgtk-x11-2.0.so.0.2400.23
7fe0ad51a000-7fe0ad51d000 rw-p 00000000 00:00 0 
7fe0ad51d000-7fe0ad528000 r-xp 00000000 08:05 427245                     /usr/lib/jvm/java-7-openjdk-amd64/jre/lib/amd64/libjavagtk.so
7fe0ad528000-7fe0ad727000 ---p 0000b000 08:05 427245                     /usr/lib/jvm/java-7-openjdk-amd64/jre/lib/amd64/libjavagtk.so
7fe0ad727000-7fe0ad728000 r--p 0000a000 08:05 427245                     /usr/lib/jvm/java-7-openjdk-amd64/jre/lib/amd64/libjavagtk.so
7fe0ad728000-7fe0ad729000 rw-p 0000b000 08:05 427245                     /usr/lib/jvm/java-7-openjdk-amd64/jre/lib/amd64/libjavagtk.so
7fe0ad729000-7fe0ad72c000 ---p 00000000 00:00 0 
7fe0ad72c000-7fe0ad82a000 rw-p 00000000 00:00 0                          [stack:1611]
7fe0ad82a000-7fe0ad82f000 r-xp 00000000 08:05 3021667                    /usr/lib/x86_64-linux-gnu/libXfixes.so.3.1.0
7fe0ad82f000-7fe0ada2e000 ---p 00005000 08:05 3021667                    /usr/lib/x86_64-linux-gnu/libXfixes.so.3.1.0
7fe0ada2e000-7fe0ada2f000 r--p 00004000 08:05 3021667                    /usr/lib/x86_64-linux-gnu/libXfixes.so.3.1.0
7fe0ada2f000-7fe0ada30000 rw-p 00005000 08:05 3021667                    /usr/lib/x86_64-linux-gnu/libXfixes.so.3.1.0
7fe0ada30000-7fe0ada39000 r-xp 00000000 08:05 3021659                    /usr/lib/x86_64-linux-gnu/libXcursor.so.1.0.2
7fe0ada39000-7fe0adc38000 ---p 00009000 08:05 3021659                    /usr/lib/x86_64-linux-gnu/libXcursor.so.1.0.2
7fe0adc38000-7fe0adc39000 r--p 00008000 08:05 3021659                    /usr/lib/x86_64-linux-gnu/libXcursor.so.1.0.2
7fe0adc39000-7fe0adc3a000 rw-p 00009000 08:05 3021659                    /usr/lib/x86_64-linux-gnu/libXcursor.so.1.0.2
7fe0adc3a000-7fe0adc3d000 ---p 00000000 00:00 0 
7fe0adc3d000-7fe0add3b000 rw-p 00000000 00:00 0                          [stack:1610]
7fe0add3b000-7fe0add3f000 r-xp 00000000 08:05 2625583                    /lib/x86_64-linux-gnu/libgpg-error.so.0.10.0
7fe0add3f000-7fe0adf3e000 ---p 00004000 08:05 2625583                    /lib/x86_64-linux-gnu/libgpg-error.so.0.10.0
7fe0adf3e000-7fe0adf3f000 r--p 00003000 08:05 2625583                    /lib/x86_64-linux-gnu/libgpg-error.so.0.10.0
7fe0adf3f000-7fe0adf40000 rw-p 00004000 08:05 2625583                    /lib/x86_64-linux-gnu/libgpg-error.so.0.10.0
7fe0adf40000-7fe0adf42000 r-xp 00000000 08:05 2625593                    /lib/x86_64-linux-gnu/libkeyutils.so.1.4
7fe0adf42000-7fe0ae142000 ---p 00002000 08:05 2625593                    /lib/x86_64-linux-gnu/libkeyutils.so.1.4
7fe0ae142000-7fe0ae143000 r--p 00002000 08:05 2625593                    /lib/x86_64-linux-gnu/libkeyutils.so.1.4
7fe0ae143000-7fe0ae144000 rw-p 00003000 08:05 2625593                    /lib/x86_64-linux-gnu/libkeyutils.so.1.4
7fe0ae144000-7fe0ae181000 r-xp 00000000 08:05 2625653                    /lib/x86_64-linux-gnu/libpcre.so.3.13.1
7fe0ae181000-7fe0ae380000 ---p 0003d000 08:05 2625653                    /lib/x86_64-linux-gnu/libpcre.so.3.13.1
7fe0ae380000-7fe0ae381000 r--p 0003c000 08:05 2625653                    /lib/x86_64-linux-gnu/libpcre.so.3.13.1
7fe0ae381000-7fe0ae382000 rw-p 0003d000 08:05 2625653                    /lib/x86_64-linux-gnu/libpcre.so.3.13.1
7fe0ae382000-7fe0ae3a7000 r-xp 00000000 08:05 2625665                    /lib/x86_64-linux-gnu/libpng12.so.0.50.0
7fe0ae3a7000-7fe0ae5a6000 ---p 00025000 08:05 2625665                    /lib/x86_64-linux-gnu/libpng12.so.0.50.0
7fe0ae5a6000-7fe0ae5a7000 r--p 00024000 08:05 2625665                    /lib/x86_64-linux-gnu/libpng12.so.0.50.0
7fe0ae5a7000-7fe0ae5a8000 rw-p 00025000 08:05 2625665                    /lib/x86_64-linux-gnu/libpng12.so.0.50.0
7fe0ae5a8000-7fe0ae5ec000 r-xp 00000000 08:05 2621535                    /lib/x86_64-linux-gnu/libdbus-1.so.3.7.6
7fe0ae5ec000-7fe0ae7eb000 ---p 00044000 08:05 2621535                    /lib/x86_64-linux-gnu/libdbus-1.so.3.7.6
7fe0ae7eb000-7fe0ae7ec000 r--p 00043000 08:05 2621535                    /lib/x86_64-linux-gnu/libdbus-1.so.3.7.6
7fe0ae7ec000-7fe0ae7ed000 rw-p 00044000 08:05 2621535                    /lib/x86_64-linux-gnu/libdbus-1.so.3.7.6
7fe0ae7ed000-7fe0ae828000 r-xp 00000000 08:05 3022308                    /usr/lib/x86_64-linux-gnu/libp11-kit.so.0.0.0
7fe0ae828000-7fe0aea27000 ---p 0003b000 08:05 3022308                    /usr/lib/x86_64-linux-gnu/libp11-kit.so.0.0.0
7fe0aea27000-7fe0aea2d000 r--p 0003a000 08:05 3022308                    /usr/lib/x86_64-linux-gnu/libp11-kit.so.0.0.0
7fe0aea2d000-7fe0aea2f000 rw-p 00040000 08:05 3022308                    /usr/lib/x86_64-linux-gnu/libp11-kit.so.0.0.0
7fe0aea2f000-7fe0aea41000 r-xp 00000000 08:05 3015545                    /usr/lib/x86_64-linux-gnu/libtasn1.so.6.2.0
7fe0aea41000-7fe0aec41000 ---p 00012000 08:05 3015545                    /usr/lib/x86_64-linux-gnu/libtasn1.so.6.2.0
7fe0aec41000-7fe0aec42000 r--p 00012000 08:05 3015545                    /usr/lib/x86_64-linux-gnu/libtasn1.so.6.2.0
7fe0aec42000-7fe0aec43000 rw-p 00013000 08:05 3015545                    /usr/lib/x86_64-linux-gnu/libtasn1.so.6.2.0
7fe0aec43000-7fe0aecbf000 r-xp 00000000 08:05 2622651                    /lib/x86_64-linux-gnu/libgcrypt.so.11.8.2
7fe0aecbf000-7fe0aeebe000 ---p 0007c000 08:05 2622651                    /lib/x86_64-linux-gnu/libgcrypt.so.11.8.2
7fe0aeebe000-7fe0aeebf000 r--p 0007b000 08:05 2622651                    /lib/x86_64-linux-gnu/libgcrypt.so.11.8.2
7fe0aeebf000-7fe0aeec2000 rw-p 0007c000 08:05 2622651                    /lib/x86_64-linux-gnu/libgcrypt.so.11.8.2
7fe0aeec2000-7fe0aeecc000 r-xp 00000000 08:05 3015424                    /usr/lib/x86_64-linux-gnu/libkrb5support.so.0.1
7fe0aeecc000-7fe0af0cb000 ---p 0000a000 08:05 3015424                    /usr/lib/x86_64-linux-gnu/libkrb5support.so.0.1
7fe0af0cb000-7fe0af0cc000 r--p 00009000 08:05 3015424                    /usr/lib/x86_64-linux-gnu/libkrb5support.so.0.1
7fe0af0cc000-7fe0af0cd000 rw-p 0000a000 08:05 3015424                    /usr/lib/x86_64-linux-gnu/libkrb5support.so.0.1
7fe0af0cd000-7fe0af0d0000 r-xp 00000000 08:05 2625559                    /lib/x86_64-linux-gnu/libcom_err.so.2.1
7fe0af0d0000-7fe0af2cf000 ---p 00003000 08:05 2625559                    /lib/x86_64-linux-gnu/libcom_err.so.2.1
7fe0af2cf000-7fe0af2d0000 r--p 00002000 08:05 2625559                    /lib/x86_64-linux-gnu/libcom_err.so.2.1
7fe0af2d0000-7fe0af2d1000 rw-p 00003000 08:05 2625559                    /lib/x86_64-linux-gnu/libcom_err.so.2.1
7fe0af2d1000-7fe0af2fd000 r-xp 00000000 08:05 3015040                    /usr/lib/x86_64-linux-gnu/libk5crypto.so.3.1
7fe0af2fd000-7fe0af4fc000 ---p 0002c000 08:05 3015040                    /usr/lib/x86_64-linux-gnu/libk5crypto.so.3.1
7fe0af4fc000-7fe0af4fe000 r--p 0002b000 08:05 3015040                    /usr/lib/x86_64-linux-gnu/libk5crypto.so.3.1
7fe0af4fe000-7fe0af4ff000 rw-p 0002d000 08:05 3015040                    /usr/lib/x86_64-linux-gnu/libk5crypto.so.3.1
7fe0af4ff000-7fe0af500000 rw-p 00000000 00:00 0 
7fe0af500000-7fe0af5bc000 r-xp 00000000 08:05 3015322                    /usr/lib/x86_64-linux-gnu/libkrb5.so.3.3
7fe0af5bc000-7fe0af7bc000 ---p 000bc000 08:05 3015322                    /usr/lib/x86_64-linux-gnu/libkrb5.so.3.3
7fe0af7bc000-7fe0af7c9000 r--p 000bc000 08:05 3015322                    /usr/lib/x86_64-linux-gnu/libkrb5.so.3.3
7fe0af7c9000-7fe0af7cb000 rw-p 000c9000 08:05 3015322                    /usr/lib/x86_64-linux-gnu/libkrb5.so.3.3
7fe0af7cb000-7fe0af7d0000 r-xp 00000000 08:05 3021663                    /usr/lib/x86_64-linux-gnu/libXdmcp.so.6.0.0
7fe0af7d0000-7fe0af9cf000 ---p 00005000 08:05 3021663                    /usr/lib/x86_64-linux-gnu/libXdmcp.so.6.0.0
7fe0af9cf000-7fe0af9d0000 r--p 00004000 08:05 3021663                    /usr/lib/x86_64-linux-gnu/libXdmcp.so.6.0.0
7fe0af9d0000-7fe0af9d1000 rw-p 00005000 08:05 3021663                    /usr/lib/x86_64-linux-gnu/libXdmcp.so.6.0.0
7fe0af9d1000-7fe0af9d3000 r-xp 00000000 08:05 3021652                    /usr/lib/x86_64-linux-gnu/libXau.so.6.0.0
7fe0af9d3000-7fe0afbd3000 ---p 00002000 08:05 3021652                    /usr/lib/x86_64-linux-gnu/libXau.so.6.0.0
7fe0afbd3000-7fe0afbd4000 r--p 00002000 08:05 3021652                    /usr/lib/x86_64-linux-gnu/libXau.so.6.0.0
7fe0afbd4000-7fe0afbd5000 rw-p 00003000 08:05 3021652                    /usr/lib/x86_64-linux-gnu/libXau.so.6.0.0
7fe0afbd5000-7fe0afbdc000 r-xp 00000000 08:05 3021908                    /usr/lib/x86_64-linux-gnu/libffi.so.6.0.1
7fe0afbdc000-7fe0afddb000 ---p 00007000 08:05 3021908                    /usr/lib/x86_64-linux-gnu/libffi.so.6.0.1
7fe0afddb000-7fe0afddc000 r--p 00006000 08:05 3021908                    /usr/lib/x86_64-linux-gnu/libffi.so.6.0.1
7fe0afddc000-7fe0afddd000 rw-p 00007000 08:05 3021908                    /usr/lib/x86_64-linux-gnu/libffi.so.6.0.1
7fe0afddd000-7fe0afdfd000 r-xp 00000000 08:05 2621469                    /lib/x86_64-linux-gnu/libselinux.so.1
7fe0afdfd000-7fe0afffc000 ---p 00020000 08:05 2621469                    /lib/x86_64-linux-gnu/libselinux.so.1
7fe0afffc000-7fe0afffd000 r--p 0001f000 08:05 2621469                    /lib/x86_64-linux-gnu/libselinux.so.1
7fe0afffd000-7fe0afffe000 rw-p 00020000 08:05 2621469                    /lib/x86_64-linux-gnu/libselinux.so.1
7fe0afffe000-7fe0b0000000 rw-p 00000000 00:00 0 
7fe0b0000000-7fe0b0021000 rw-p 00000000 00:00 0 
7fe0b0021000-7fe0b4000000 ---p 00000000 00:00 0 
7fe0b4000000-7fe0b4001000 r--s 00000000 08:05 1180230                    /var/cache/fontconfig/b9d506c9ac06c20b433354fa67a72993-le64.cache-4
7fe0b4001000-7fe0b4002000 r--s 00000000 08:05 1180221                    /var/cache/fontconfig/0c9eb80ebd1c36541ebe2852d3bb0c49-le64.cache-4
7fe0b4002000-7fe0b4019000 r-xp 00000000 08:05 2630608                    /lib/x86_64-linux-gnu/libresolv-2.19.so
7fe0b4019000-7fe0b4219000 ---p 00017000 08:05 2630608                    /lib/x86_64-linux-gnu/libresolv-2.19.so
7fe0b4219000-7fe0b421a000 r--p 00017000 08:05 2630608                    /lib/x86_64-linux-gnu/libresolv-2.19.so
7fe0b421a000-7fe0b421b000 rw-p 00018000 08:05 2630608                    /lib/x86_64-linux-gnu/libresolv-2.19.so
7fe0b421b000-7fe0b421d000 rw-p 00000000 00:00 0 
7fe0b421d000-7fe0b4323000 r-xp 00000000 08:05 2625581                    /lib/x86_64-linux-gnu/libglib-2.0.so.0.4000.0
7fe0b4323000-7fe0b4522000 ---p 00106000 08:05 2625581                    /lib/x86_64-linux-gnu/libglib-2.0.so.0.4000.0
7fe0b4522000-7fe0b4523000 r--p 00105000 08:05 2625581                    /lib/x86_64-linux-gnu/libglib-2.0.so.0.4000.0
7fe0b4523000-7fe0b4524000 rw-p 00106000 08:05 2625581                    /lib/x86_64-linux-gnu/libglib-2.0.so.0.4000.0
7fe0b4524000-7fe0b4525000 rw-p 00000000 00:00 0 
7fe0b4525000-7fe0b4528000 r-xp 00000000 08:05 3021995                    /usr/lib/x86_64-linux-gnu/libgmodule-2.0.so.0.4000.0
7fe0b4528000-7fe0b4727000 ---p 00003000 08:05 3021995                    /usr/lib/x86_64-linux-gnu/libgmodule-2.0.so.0.4000.0
7fe0b4727000-7fe0b4728000 r--p 00002000 08:05 3021995                    /usr/lib/x86_64-linux-gnu/libgmodule-2.0.so.0.4000.0
7fe0b4728000-7fe0b4729000 rw-p 00003000 08:05 3021995                    /usr/lib/x86_64-linux-gnu/libgmodule-2.0.so.0.4000.0
7fe0b4729000-7fe0b4750000 r-xp 00000000 08:05 2625572                    /lib/x86_64-linux-gnu/libexpat.so.1.6.0
7fe0b4750000-7fe0b4950000 ---p 00027000 08:05 2625572                    /lib/x86_64-linux-gnu/libexpat.so.1.6.0
7fe0b4950000-7fe0b4952000 r--p 00027000 08:05 2625572                    /lib/x86_64-linux-gnu/libexpat.so.1.6.0
7fe0b4952000-7fe0b4953000 rw-p 00029000 08:05 2625572                    /lib/x86_64-linux-gnu/libexpat.so.1.6.0
7fe0b4953000-7fe0b49f0000 r-xp 00000000 08:05 3015014                    /usr/lib/x86_64-linux-gnu/libfreetype.so.6.11.1
7fe0b49f0000-7fe0b4bef000 ---p 0009d000 08:05 3015014                    /usr/lib/x86_64-linux-gnu/libfreetype.so.6.11.1
7fe0b4bef000-7fe0b4bf5000 r--p 0009c000 08:05 3015014                    /usr/lib/x86_64-linux-gnu/libfreetype.so.6.11.1
7fe0b4bf5000-7fe0b4bf6000 rw-p 000a2000 08:05 3015014                    /usr/lib/x86_64-linux-gnu/libfreetype.so.6.11.1
7fe0b4bf6000-7fe0b4c05000 r-xp 00000000 08:05 3021749                    /usr/lib/x86_64-linux-gnu/libavahi-client.so.3.2.9
7fe0b4c05000-7fe0b4e05000 ---p 0000f000 08:05 3021749                    /usr/lib/x86_64-linux-gnu/libavahi-client.so.3.2.9
7fe0b4e05000-7fe0b4e06000 r--p 0000f000 08:05 3021749                    /usr/lib/x86_64-linux-gnu/libavahi-client.so.3.2.9
7fe0b4e06000-7fe0b4e07000 rw-p 00010000 08:05 3021749                    /usr/lib/x86_64-linux-gnu/libavahi-client.so.3.2.9
7fe0b4e07000-7fe0b4e12000 r-xp 00000000 08:05 3021751                    /usr/lib/x86_64-linux-gnu/libavahi-common.so.3.5.3
7fe0b4e12000-7fe0b5011000 ---p 0000b000 08:05 3021751                    /usr/lib/x86_64-linux-gnu/libavahi-common.so.3.5.3
7fe0b5011000-7fe0b5012000 r--p 0000a000 08:05 3021751                    /usr/lib/x86_64-linux-gnu/libavahi-common.so.3.5.3
7fe0b5012000-7fe0b5013000 rw-p 0000b000 08:05 3021751                    /usr/lib/x86_64-linux-gnu/libavahi-common.so.3.5.3
7fe0b5013000-7fe0b50c9000 r-xp 00000000 08:05 3017711                    /usr/lib/x86_64-linux-gnu/libgnutls.so.26.22.6
7fe0b50c9000-7fe0b52c9000 ---p 000b6000 08:05 3017711                    /usr/lib/x86_64-linux-gnu/libgnutls.so.26.22.6
7fe0b52c9000-7fe0b52cf000 r--p 000b6000 08:05 3017711                    /usr/lib/x86_64-linux-gnu/libgnutls.so.26.22.6
7fe0b52cf000-7fe0b52d0000 rw-p 000bc000 08:05 3017711                    /usr/lib/x86_64-linux-gnu/libgnutls.so.26.22.6
7fe0b52d0000-7fe0b52d1000 rw-p 00000000 00:00 0 
7fe0b52d1000-7fe0b5314000 r-xp 00000000 08:05 3015222                    /usr/lib/x86_64-linux-gnu/libgssapi_krb5.so.2.2
7fe0b5314000-7fe0b5514000 ---p 00043000 08:05 3015222                    /usr/lib/x86_64-linux-gnu/libgssapi_krb5.so.2.2
7fe0b5514000-7fe0b5515000 r--p 00043000 08:05 3015222                    /usr/lib/x86_64-linux-gnu/libgssapi_krb5.so.2.2
7fe0b5515000-7fe0b5517000 rw-p 00044000 08:05 3015222                    /usr/lib/x86_64-linux-gnu/libgssapi_krb5.so.2.2
7fe0b5517000-7fe0b5534000 r-xp 00000000 08:05 3022606                    /usr/lib/x86_64-linux-gnu/libxcb.so.1.1.0
7fe0b5534000-7fe0b5734000 ---p 0001d000 08:05 3022606                    /usr/lib/x86_64-linux-gnu/libxcb.so.1.1.0
7fe0b5734000-7fe0b5735000 r--p 0001d000 08:05 3022606                    /usr/lib/x86_64-linux-gnu/libxcb.so.1.1.0
7fe0b5735000-7fe0b5736000 rw-p 0001e000 08:05 3022606                    /usr/lib/x86_64-linux-gnu/libxcb.so.1.1.0
7fe0b5736000-7fe0b5785000 r-xp 00000000 08:05 3022007                    /usr/lib/x86_64-linux-gnu/libgobject-2.0.so.0.4000.0
7fe0b5785000-7fe0b5985000 ---p 0004f000 08:05 3022007                    /usr/lib/x86_64-linux-gnu/libgobject-2.0.so.0.4000.0
7fe0b5985000-7fe0b5986000 r--p 0004f000 08:05 3022007                    /usr/lib/x86_64-linux-gnu/libgobject-2.0.so.0.4000.0
7fe0b5986000-7fe0b5987000 rw-p 00050000 08:05 3022007                    /usr/lib/x86_64-linux-gnu/libgobject-2.0.so.0.4000.0
7fe0b5987000-7fe0b5af2000 r-xp 00000000 08:05 3021983                    /usr/lib/x86_64-linux-gnu/libgio-2.0.so.0.4000.0
7fe0b5af2000-7fe0b5cf2000 ---p 0016b000 08:05 3021983                    /usr/lib/x86_64-linux-gnu/libgio-2.0.so.0.4000.0
7fe0b5cf2000-7fe0b5cf6000 r--p 0016b000 08:05 3021983                    /usr/lib/x86_64-linux-gnu/libgio-2.0.so.0.4000.0
7fe0b5cf6000-7fe0b5cf8000 rw-p 0016f000 08:05 3021983                    /usr/lib/x86_64-linux-gnu/libgio-2.0.so.0.4000.0
7fe0b5cf8000-7fe0b5cfa000 rw-p 00000000 00:00 0 
7fe0b5cfa000-7fe0b5d34000 r-xp 00000000 08:05 3014914                    /usr/lib/x86_64-linux-gnu/libfontconfig.so.1.8.0
7fe0b5d34000-7fe0b5f33000 ---p 0003a000 08:05 3014914                    /usr/lib/x86_64-linux-gnu/libfontconfig.so.1.8.0
7fe0b5f33000-7fe0b5f35000 r--p 00039000 08:05 3014914                    /usr/lib/x86_64-linux-gnu/libfontconfig.so.1.8.0
7fe0b5f35000-7fe0b5f36000 rw-p 0003b000 08:05 3014914                    /usr/lib/x86_64-linux-gnu/libfontconfig.so.1.8.0
7fe0b5f36000-7fe0b5fa2000 r-xp 00000000 08:05 3014778                    /usr/lib/x86_64-linux-gnu/libcups.so.2
7fe0b5fa2000-7fe0b61a2000 ---p 0006c000 08:05 3014778                    /usr/lib/x86_64-linux-gnu/libcups.so.2
7fe0b61a2000-7fe0b61a9000 r--p 0006c000 08:05 3014778                    /usr/lib/x86_64-linux-gnu/libcups.so.2
7fe0b61a9000-7fe0b61aa000 rw-p 00073000 08:05 3014778                    /usr/lib/x86_64-linux-gnu/libcups.so.2
7fe0b61aa000-7fe0b61b9000 r-xp 00000000 08:05 3021673                    /usr/lib/x86_64-linux-gnu/libXi.so.6.1.0
7fe0b61b9000-7fe0b63b8000 ---p 0000f000 08:05 3021673                    /usr/lib/x86_64-linux-gnu/libXi.so.6.1.0
7fe0b63b8000-7fe0b63b9000 r--p 0000e000 08:05 3021673                    /usr/lib/x86_64-linux-gnu/libXi.so.6.1.0
7fe0b63b9000-7fe0b63ba000 rw-p 0000f000 08:05 3021673                    /usr/lib/x86_64-linux-gnu/libXi.so.6.1.0
7fe0b63ba000-7fe0b63bf000 r-xp 00000000 08:05 3021693                    /usr/lib/x86_64-linux-gnu/libXtst.so.6.1.0
7fe0b63bf000-7fe0b65be000 ---p 00005000 08:05 3021693                    /usr/lib/x86_64-linux-gnu/libXtst.so.6.1.0
7fe0b65be000-7fe0b65bf000 r--p 00004000 08:05 3021693                    /usr/lib/x86_64-linux-gnu/libXtst.so.6.1.0
7fe0b65bf000-7fe0b65c0000 rw-p 00005000 08:05 3021693                    /usr/lib/x86_64-linux-gnu/libXtst.so.6.1.0
7fe0b65c0000-7fe0b65c9000 r-xp 00000000 08:05 3021687                    /usr/lib/x86_64-linux-gnu/libXrender.so.1.3.0
7fe0b65c9000-7fe0b67c8000 ---p 00009000 08:05 3021687                    /usr/lib/x86_64-linux-gnu/libXrender.so.1.3.0
7fe0b67c8000-7fe0b67c9000 r--p 00008000 08:05 3021687                    /usr/lib/x86_64-linux-gnu/libXrender.so.1.3.0
7fe0b67c9000-7fe0b67ca000 rw-p 00009000 08:05 3021687                    /usr/lib/x86_64-linux-gnu/libXrender.so.1.3.0
7fe0b67ca000-7fe0b68fa000 r-xp 00000000 08:05 3021648                    /usr/lib/x86_64-linux-gnu/libX11.so.6.3.0
7fe0b68fa000-7fe0b6afa000 ---p 00130000 08:05 3021648                    /usr/lib/x86_64-linux-gnu/libX11.so.6.3.0
7fe0b6afa000-7fe0b6afb000 r--p 00130000 08:05 3021648                    /usr/lib/x86_64-linux-gnu/libX11.so.6.3.0
7fe0b6afb000-7fe0b6aff000 rw-p 00131000 08:05 3021648                    /usr/lib/x86_64-linux-gnu/libX11.so.6.3.0
7fe0b6aff000-7fe0b6b10000 r-xp 00000000 08:05 3021665                    /usr/lib/x86_64-linux-gnu/libXext.so.6.4.0
7fe0b6b10000-7fe0b6d0f000 ---p 00011000 08:05 3021665                    /usr/lib/x86_64-linux-gnu/libXext.so.6.4.0
7fe0b6d0f000-7fe0b6d10000 r--p 00010000 08:05 3021665                    /usr/lib/x86_64-linux-gnu/libXext.so.6.4.0
7fe0b6d10000-7fe0b6d11000 rw-p 00011000 08:05 3021665                    /usr/lib/x86_64-linux-gnu/libXext.so.6.4.0
7fe0b6d11000-7fe0b6d59000 r-xp 00000000 08:05 427242                     /usr/lib/jvm/java-7-openjdk-amd64/jre/lib/amd64/xawt/libmawt.so
7fe0b6d59000-7fe0b6f58000 ---p 00048000 08:05 427242                     /usr/lib/jvm/java-7-openjdk-amd64/jre/lib/amd64/xawt/libmawt.so
7fe0b6f58000-7fe0b6f59000 r--p 00047000 08:05 427242                     /usr/lib/jvm/java-7-openjdk-amd64/jre/lib/amd64/xawt/libmawt.so
7fe0b6f59000-7fe0b6f5c000 rw-p 00048000 08:05 427242                     /usr/lib/jvm/java-7-openjdk-amd64/jre/lib/amd64/xawt/libmawt.so
7fe0b6f5c000-7fe0b6f5d000 rw-p 00000000 00:00 0 
7fe0b6f5d000-7fe0b6ffd000 r-xp 00000000 08:05 427279                     /usr/lib/jvm/java-7-openjdk-amd64/jre/lib/amd64/libawt.so
7fe0b6ffd000-7fe0b71fd000 ---p 000a0000 08:05 427279                     /usr/lib/jvm/java-7-openjdk-amd64/jre/lib/amd64/libawt.so
7fe0b71fd000-7fe0b71fe000 r--p 000a0000 08:05 427279                     /usr/lib/jvm/java-7-openjdk-amd64/jre/lib/amd64/libawt.so
7fe0b71fe000-7fe0b7209000 rw-p 000a1000 08:05 427279                     /usr/lib/jvm/java-7-openjdk-amd64/jre/lib/amd64/libawt.so
7fe0b7209000-7fe0b722e000 rw-p 00000000 00:00 0 
7fe0b722e000-7fe0b722f000 ---p 00000000 00:00 0 
7fe0b722f000-7fe0b732f000 rw-p 00000000 00:00 0                          [stack:1609]
7fe0b732f000-7fe0b7332000 ---p 00000000 00:00 0 
7fe0b7332000-7fe0b7430000 rw-p 00000000 00:00 0                          [stack:1608]
7fe0b7430000-7fe0b7433000 ---p 00000000 00:00 0 
7fe0b7433000-7fe0b7531000 rw-p 00000000 00:00 0                          [stack:1607]
7fe0b7531000-7fe0b7534000 ---p 00000000 00:00 0 
7fe0b7534000-7fe0b7632000 rw-p 00000000 00:00 0                          [stack:1606]
7fe0b7632000-7fe0b8000000 r--p 00000000 08:05 3019502                    /usr/lib/locale/locale-archive
7fe0b8000000-7fe0b8021000 rw-p 00000000 00:00 0 
7fe0b8021000-7fe0bc000000 ---p 00000000 00:00 0 
7fe0bc000000-7fe0bc001000 r--s 00000000 08:05 1199415                    /var/cache/fontconfig/62f91419b9ebdb6975e7e41ab6412357-le64.cache-4
7fe0bc001000-7fe0bc005000 r--s 00000000 08:05 1196436                    /var/cache/fontconfig/7ef2298fde41cc6eeb7af42e48b7d293-le64.cache-4
7fe0bc005000-7fe0bc00c000 r--s 00000000 08:05 3172867                    /usr/lib/x86_64-linux-gnu/gconv/gconv-modules.cache
7fe0bc00c000-7fe0bc012000 r--p 00000000 08:05 561540                     /home/mark/.config/dconf/user
7fe0bc012000-7fe0bc013000 r--s 00000000 00:15 2082322                    /run/user/1000/dconf/user
7fe0bc013000-7fe0bc063000 r--p 00000000 08:05 3304345                    /usr/share/glib-2.0/schemas/gschemas.compiled
7fe0bc063000-7fe0bc0b3000 r--p 00000000 08:05 3304345                    /usr/share/glib-2.0/schemas/gschemas.compiled
7fe0bc0b3000-7fe0bc0b6000 ---p 00000000 00:00 0 
7fe0bc0b6000-7fe0bc1b4000 rw-p 00000000 00:00 0                          [stack:1605]
7fe0bc1b4000-7fe0bc1b7000 ---p 00000000 00:00 0 
7fe0bc1b7000-7fe0bc2b5000 rw-p 00000000 00:00 0                          [stack:1604]
7fe0bc2b5000-7fe0bc2b8000 ---p 00000000 00:00 0 
7fe0bc2b8000-7fe0bc3b6000 rw-p 00000000 00:00 0                          [stack:1603]
7fe0bc3b6000-7fe0bc3b7000 ---p 00000000 00:00 0 
7fe0bc3b7000-7fe0bd4b4000 rw-p 00000000 00:00 0                          [stack:1602]
7fe0bd4b4000-7fe0bd665000 r--s 01d21000 08:05 427480                     /usr/lib/jvm/java-7-openjdk-amd64/jre/lib/rt.jar
7fe0bd665000-7fe0bfb56000 rw-p 00000000 00:00 0 
7fe0bfb56000-7fe0bfb57000 ---p 00000000 00:00 0 
7fe0bfb57000-7fe0bfc57000 rw-p 00000000 00:00 0                          [stack:1601]
7fe0bfc57000-7fe0bfc58000 ---p 00000000 00:00 0 
7fe0bfc58000-7fe0bfd58000 rw-p 00000000 00:00 0                          [stack:1600]
7fe0bfd58000-7fe0bfd59000 ---p 00000000 00:00 0 
7fe0bfd59000-7fe0bfe59000 rw-p 00000000 00:00 0                          [stack:1599]
7fe0bfe59000-7fe0bfe5a000 ---p 00000000 00:00 0 
7fe0bfe5a000-7fe0bff68000 rw-p 00000000 00:00 0                          [stack:1598]
7fe0bff68000-7fe0bff6a000 ---p 00000000 00:00 0 
7fe0bff6a000-7fe0bffad000 rw-p 00000000 00:00 0 
7fe0bffad000-7fe0c00c9000 rw-p 00000000 00:00 0 
7fe0c00c9000-7fe0c00e0000 rw-p 00000000 00:00 0 
7fe0c00e0000-7fe0c017a000 rw-p 00000000 00:00 0 
7fe0c017a000-7fe0c017b000 rw-p 00000000 00:00 0 
7fe0c017b000-7fe0c03eb000 rwxp 00000000 00:00 0 
7fe0c03eb000-7fe0c317b000 rw-p 00000000 00:00 0 
7fe0c317b000-7fe0c3183000 r-xp 00000000 08:05 405699                     /usr/lib/jvm/java-7-openjdk-amd64/jre/lib/amd64/libzip.so
7fe0c3183000-7fe0c3382000 ---p 00008000 08:05 405699                     /usr/lib/jvm/java-7-openjdk-amd64/jre/lib/amd64/libzip.so
7fe0c3382000-7fe0c3383000 r--p 00007000 08:05 405699                     /usr/lib/jvm/java-7-openjdk-amd64/jre/lib/amd64/libzip.so
7fe0c3383000-7fe0c3384000 rw-p 00008000 08:05 405699                     /usr/lib/jvm/java-7-openjdk-amd64/jre/lib/amd64/libzip.so
7fe0c3384000-7fe0c338f000 r-xp 00000000 08:05 2630622                    /lib/x86_64-linux-gnu/libnss_files-2.19.so
7fe0c338f000-7fe0c358e000 ---p 0000b000 08:05 2630622                    /lib/x86_64-linux-gnu/libnss_files-2.19.so
7fe0c358e000-7fe0c358f000 r--p 0000a000 08:05 2630622                    /lib/x86_64-linux-gnu/libnss_files-2.19.so
7fe0c358f000-7fe0c3590000 rw-p 0000b000 08:05 2630622                    /lib/x86_64-linux-gnu/libnss_files-2.19.so
7fe0c3590000-7fe0c359b000 r-xp 00000000 08:05 2630623                    /lib/x86_64-linux-gnu/libnss_nis-2.19.so
7fe0c359b000-7fe0c379a000 ---p 0000b000 08:05 2630623                    /lib/x86_64-linux-gnu/libnss_nis-2.19.so
7fe0c379a000-7fe0c379b000 r--p 0000a000 08:05 2630623                    /lib/x86_64-linux-gnu/libnss_nis-2.19.so
7fe0c379b000-7fe0c379c000 rw-p 0000b000 08:05 2630623                    /lib/x86_64-linux-gnu/libnss_nis-2.19.so
7fe0c379c000-7fe0c37b3000 r-xp 00000000 08:05 2630609                    /lib/x86_64-linux-gnu/libnsl-2.19.so
7fe0c37b3000-7fe0c39b2000 ---p 00017000 08:05 2630609                    /lib/x86_64-linux-gnu/libnsl-2.19.so
7fe0c39b2000-7fe0c39b3000 r--p 00016000 08:05 2630609                    /lib/x86_64-linux-gnu/libnsl-2.19.so
7fe0c39b3000-7fe0c39b4000 rw-p 00017000 08:05 2630609                    /lib/x86_64-linux-gnu/libnsl-2.19.so
7fe0c39b4000-7fe0c39b6000 rw-p 00000000 00:00 0 
7fe0c39b6000-7fe0c39bf000 r-xp 00000000 08:05 2630605                    /lib/x86_64-linux-gnu/libnss_compat-2.19.so
7fe0c39bf000-7fe0c3bbe000 ---p 00009000 08:05 2630605                    /lib/x86_64-linux-gnu/libnss_compat-2.19.so
7fe0c3bbe000-7fe0c3bbf000 r--p 00008000 08:05 2630605                    /lib/x86_64-linux-gnu/libnss_compat-2.19.so
7fe0c3bbf000-7fe0c3bc0000 rw-p 00009000 08:05 2630605                    /lib/x86_64-linux-gnu/libnss_compat-2.19.so
7fe0c3bc0000-7fe0c3beb000 r-xp 00000000 08:05 405693                     /usr/lib/jvm/java-7-openjdk-amd64/jre/lib/amd64/libjava.so
7fe0c3beb000-7fe0c3deb000 ---p 0002b000 08:05 405693                     /usr/lib/jvm/java-7-openjdk-amd64/jre/lib/amd64/libjava.so
7fe0c3deb000-7fe0c3dec000 r--p 0002b000 08:05 405693                     /usr/lib/jvm/java-7-openjdk-amd64/jre/lib/amd64/libjava.so
7fe0c3dec000-7fe0c3dee000 rw-p 0002c000 08:05 405693                     /usr/lib/jvm/java-7-openjdk-amd64/jre/lib/amd64/libjava.so
7fe0c3dee000-7fe0c3dfe000 r-xp 00000000 08:05 427259                     /usr/lib/jvm/java-7-openjdk-amd64/jre/lib/amd64/libverify.so
7fe0c3dfe000-7fe0c3ffd000 ---p 00010000 08:05 427259                     /usr/lib/jvm/java-7-openjdk-amd64/jre/lib/amd64/libverify.so
7fe0c3ffd000-7fe0c3fff000 r--p 0000f000 08:05 427259                     /usr/lib/jvm/java-7-openjdk-amd64/jre/lib/amd64/libverify.so
7fe0c3fff000-7fe0c4000000 rw-p 00011000 08:05 427259                     /usr/lib/jvm/java-7-openjdk-amd64/jre/lib/amd64/libverify.so
7fe0c4000000-7fe0c4453000 rw-p 00000000 00:00 0 
7fe0c4453000-7fe0c8000000 ---p 00000000 00:00 0 
7fe0c8000000-7fe0c8004000 r--p 00000000 08:05 135245                     /usr/share/locale-langpack/en_AU/LC_MESSAGES/gtk20-properties.mo
7fe0c8004000-7fe0c800d000 r--s 000b9000 08:05 427284                     /usr/lib/jvm/java-7-openjdk-amd64/jre/lib/resources.jar
7fe0c800d000-7fe0c8017000 r--s 00203000 08:05 427286                     /usr/lib/jvm/java-7-openjdk-amd64/jre/lib/charsets.jar
7fe0c8017000-7fe0c804d000 rw-p 00000000 00:00 0 
7fe0c804d000-7fe0c804f000 ---p 00000000 00:00 0 
7fe0c804f000-7fe0c8092000 rw-p 00000000 00:00 0 
7fe0c8092000-7fe0c81ae000 rw-p 00000000 00:00 0 
7fe0c81ae000-7fe0c81c6000 rw-p 00000000 00:00 0 
7fe0c81c6000-7fe0c81cd000 r-xp 00000000 08:05 2630611                    /lib/x86_64-linux-gnu/librt-2.19.so
7fe0c81cd000-7fe0c83cc000 ---p 00007000 08:05 2630611                    /lib/x86_64-linux-gnu/librt-2.19.so
7fe0c83cc000-7fe0c83cd000 r--p 00006000 08:05 2630611                    /lib/x86_64-linux-gnu/librt-2.19.so
7fe0c83cd000-7fe0c83ce000 rw-p 00007000 08:05 2630611                    /lib/x86_64-linux-gnu/librt-2.19.so
7fe0c83ce000-7fe0c83e4000 r-xp 00000000 08:05 2622636                    /lib/x86_64-linux-gnu/libgcc_s.so.1
7fe0c83e4000-7fe0c85e3000 ---p 00016000 08:05 2622636                    /lib/x86_64-linux-gnu/libgcc_s.so.1
7fe0c85e3000-7fe0c85e4000 rw-p 00015000 08:05 2622636                    /lib/x86_64-linux-gnu/libgcc_s.so.1
7fe0c85e4000-7fe0c86e9000 r-xp 00000000 08:05 2630618                    /lib/x86_64-linux-gnu/libm-2.19.so
7fe0c86e9000-7fe0c88e8000 ---p 00105000 08:05 2630618                    /lib/x86_64-linux-gnu/libm-2.19.so
7fe0c88e8000-7fe0c88e9000 r--p 00104000 08:05 2630618                    /lib/x86_64-linux-gnu/libm-2.19.so
7fe0c88e9000-7fe0c88ea000 rw-p 00105000 08:05 2630618                    /lib/x86_64-linux-gnu/libm-2.19.so
7fe0c88ea000-7fe0c89d0000 r-xp 00000000 08:05 3022467                    /usr/lib/x86_64-linux-gnu/libstdc++.so.6.0.19
7fe0c89d0000-7fe0c8bcf000 ---p 000e6000 08:05 3022467                    /usr/lib/x86_64-linux-gnu/libstdc++.so.6.0.19
7fe0c8bcf000-7fe0c8bd7000 r--p 000e5000 08:05 3022467                    /usr/lib/x86_64-linux-gnu/libstdc++.so.6.0.19
7fe0c8bd7000-7fe0c8bd9000 rw-p 000ed000 08:05 3022467                    /usr/lib/x86_64-linux-gnu/libstdc++.so.6.0.19
7fe0c8bd9000-7fe0c8bee000 rw-p 00000000 00:00 0 
7fe0c8bee000-7fe0c9704000 r-xp 00000000 08:05 427271                     /usr/lib/jvm/java-7-openjdk-amd64/jre/lib/amd64/server/libjvm.so
7fe0c9704000-7fe0c9903000 ---p 00b16000 08:05 427271                     /usr/lib/jvm/java-7-openjdk-amd64/jre/lib/amd64/server/libjvm.so
7fe0c9903000-7fe0c999d000 r--p 00b15000 08:05 427271                     /usr/lib/jvm/java-7-openjdk-amd64/jre/lib/amd64/server/libjvm.so
7fe0c999d000-7fe0c99c0000 rw-p 00baf000 08:05 427271                     /usr/lib/jvm/java-7-openjdk-amd64/jre/lib/amd64/server/libjvm.so
7fe0c99c0000-7fe0c99ee000 rw-p 00000000 00:00 0 
7fe0c99ee000-7fe0c9a06000 r-xp 00000000 08:05 2625711                    /lib/x86_64-linux-gnu/libz.so.1.2.8
7fe0c9a06000-7fe0c9c05000 ---p 00018000 08:05 2625711                    /lib/x86_64-linux-gnu/libz.so.1.2.8
7fe0c9c05000-7fe0c9c06000 r--p 00017000 08:05 2625711                    /lib/x86_64-linux-gnu/libz.so.1.2.8
7fe0c9c06000-7fe0c9c07000 rw-p 00018000 08:05 2625711                    /lib/x86_64-linux-gnu/libz.so.1.2.8
7fe0c9c07000-7fe0c9c20000 r-xp 00000000 08:05 2630628                    /lib/x86_64-linux-gnu/libpthread-2.19.so
7fe0c9c20000-7fe0c9e1f000 ---p 00019000 08:05 2630628                    /lib/x86_64-linux-gnu/libpthread-2.19.so
7fe0c9e1f000-7fe0c9e20000 r--p 00018000 08:05 2630628                    /lib/x86_64-linux-gnu/libpthread-2.19.so
7fe0c9e20000-7fe0c9e21000 rw-p 00019000 08:05 2630628                    /lib/x86_64-linux-gnu/libpthread-2.19.so
7fe0c9e21000-7fe0c9e25000 rw-p 00000000 00:00 0 
7fe0c9e25000-7fe0c9e28000 r-xp 00000000 08:05 2630627                    /lib/x86_64-linux-gnu/libdl-2.19.so
7fe0c9e28000-7fe0ca027000 ---p 00003000 08:05 2630627                    /lib/x86_64-linux-gnu/libdl-2.19.so
7fe0ca027000-7fe0ca028000 r--p 00002000 08:05 2630627                    /lib/x86_64-linux-gnu/libdl-2.19.so
7fe0ca028000-7fe0ca029000 rw-p 00003000 08:05 2630627                    /lib/x86_64-linux-gnu/libdl-2.19.so
7fe0ca029000-7fe0ca1e4000 r-xp 00000000 08:05 2630615                    /lib/x86_64-linux-gnu/libc-2.19.so
7fe0ca1e4000-7fe0ca3e4000 ---p 001bb000 08:05 2630615                    /lib/x86_64-linux-gnu/libc-2.19.so
7fe0ca3e4000-7fe0ca3e8000 r--p 001bb000 08:05 2630615                    /lib/x86_64-linux-gnu/libc-2.19.so
7fe0ca3e8000-7fe0ca3ea000 rw-p 001bf000 08:05 2630615                    /lib/x86_64-linux-gnu/libc-2.19.so
7fe0ca3ea000-7fe0ca3ef000 rw-p 00000000 00:00 0 
7fe0ca3ef000-7fe0ca3fc000 r-xp 00000000 08:05 427276                     /usr/lib/jvm/java-7-openjdk-amd64/jre/lib/amd64/jli/libjli.so
7fe0ca3fc000-7fe0ca5fb000 ---p 0000d000 08:05 427276                     /usr/lib/jvm/java-7-openjdk-amd64/jre/lib/amd64/jli/libjli.so
7fe0ca5fb000-7fe0ca5fc000 r--p 0000c000 08:05 427276                     /usr/lib/jvm/java-7-openjdk-amd64/jre/lib/amd64/jli/libjli.so
7fe0ca5fc000-7fe0ca5fd000 rw-p 0000d000 08:05 427276                     /usr/lib/jvm/java-7-openjdk-amd64/jre/lib/amd64/jli/libjli.so
7fe0ca5fd000-7fe0ca620000 r-xp 00000000 08:05 2630616                    /lib/x86_64-linux-gnu/ld-2.19.so
7fe0ca620000-7fe0ca621000 r--p 00000000 08:05 135106                     /usr/share/locale-langpack/en_AU/LC_MESSAGES/glib20.mo
7fe0ca621000-7fe0ca623000 r--p 00000000 08:05 135117                     /usr/share/locale-langpack/en_AU/LC_MESSAGES/gtk20.mo
7fe0ca623000-7fe0ca624000 r--p 00000000 08:05 137937                     /usr/share/locale-langpack/en_AU/LC_MESSAGES/libc.mo
7fe0ca624000-7fe0ca625000 r--s 00005000 08:05 1844121                    /home/mark/Downloads/json-simple-1.1.1.jar
7fe0ca625000-7fe0ca629000 r--s 00085000 08:05 427287                     /usr/lib/jvm/java-7-openjdk-amd64/jre/lib/ext/localedata.jar
7fe0ca629000-7fe0ca62c000 r--s 0003c000 08:05 427460                     /usr/lib/jvm/java-7-openjdk-amd64/jre/lib/ext/sunpkcs11.jar
7fe0ca62c000-7fe0ca62f000 r--s 0000f000 08:05 427288                     /usr/lib/jvm/java-7-openjdk-amd64/jre/lib/ext/pulse-java.jar
7fe0ca62f000-7fe0ca631000 r--s 00006000 08:05 3282004                    /usr/share/java/java-atk-wrapper.jar
7fe0ca631000-7fe0ca632000 r--s 00002000 08:05 427293                     /usr/lib/jvm/java-7-openjdk-amd64/jre/lib/ext/dnsns.jar
7fe0ca632000-7fe0ca634000 r--s 00012000 08:05 427289                     /usr/lib/jvm/java-7-openjdk-amd64/jre/lib/ext/zipfs.jar
7fe0ca634000-7fe0ca63e000 rw-p 00000000 00:00 0 
7fe0ca63e000-7fe0ca6f4000 rw-p 00000000 00:00 0 
7fe0ca6f4000-7fe0ca6f7000 ---p 00000000 00:00 0 
7fe0ca6f7000-7fe0ca7fa000 rw-p 00000000 00:00 0                          [stack:1597]
7fe0ca7fa000-7fe0ca7fd000 r--s 00032000 08:05 427291                     /usr/lib/jvm/java-7-openjdk-amd64/jre/lib/ext/sunjce_provider.jar
7fe0ca7fd000-7fe0ca813000 rw-p 00000000 00:00 0 
7fe0ca813000-7fe0ca81b000 rw-s 00000000 08:05 1835016                    /tmp/hsperfdata_mark/1593
7fe0ca81b000-7fe0ca81c000 rw-p 00000000 00:00 0 
7fe0ca81c000-7fe0ca81d000 ---p 00000000 00:00 0 
7fe0ca81d000-7fe0ca81f000 rw-p 00000000 00:00 0 
7fe0ca81f000-7fe0ca820000 r--p 00022000 08:05 2630616                    /lib/x86_64-linux-gnu/ld-2.19.so
7fe0ca820000-7fe0ca821000 rw-p 00023000 08:05 2630616                    /lib/x86_64-linux-gnu/ld-2.19.so
7fe0ca821000-7fe0ca822000 rw-p 00000000 00:00 0 
7fff707b8000-7fff707d9000 rw-p 00000000 00:00 0                          [stack]
7fff707fe000-7fff70800000 r-xp 00000000 00:00 0                          [vdso]
ffffffffff600000-ffffffffff601000 r-xp 00000000 00:00 0                  [vsyscall]

VM Arguments:
jvm_args: -Dfile.encoding=UTF-8 
java_command: capstone.gui.CapstoneApplication
Launcher Type: SUN_STANDARD

Environment Variables:
PATH=/usr/local/sbin:/usr/local/bin:/usr/sbin:/usr/bin:/sbin:/bin:/usr/games:/usr/local/games
USERNAME=mark
LD_LIBRARY_PATH=/usr/lib/jvm/java-7-openjdk-amd64/jre/lib/amd64:/usr/lib/jvm/java-7-openjdk-amd64/jre/lib/i386:
SHELL=/bin/bash
DISPLAY=:0.0

Signal Handlers:
SIGSEGV: [libjvm.so+0x949110], sa_mask[0]=0x7ffbfeff, sa_flags=0x10000004
SIGBUS: [libjvm.so+0x949110], sa_mask[0]=0x7ffbfeff, sa_flags=0x10000004
SIGFPE: [libjvm.so+0x7c2e80], sa_mask[0]=0x7ffbfeff, sa_flags=0x10000004
SIGPIPE: SIG_IGN, sa_mask[0]=0x00001000, sa_flags=0x10000000
SIGXFSZ: [libjvm.so+0x7c2e80], sa_mask[0]=0x7ffbfeff, sa_flags=0x10000004
SIGILL: [libjvm.so+0x7c2e80], sa_mask[0]=0x7ffbfeff, sa_flags=0x10000004
SIGUSR1: SIG_DFL, sa_mask[0]=0x00000000, sa_flags=0x00000000
SIGUSR2: [libjvm.so+0x7c2d20], sa_mask[0]=0x00000004, sa_flags=0x10000004
SIGHUP: [libjvm.so+0x7c2f00], sa_mask[0]=0x7ffbfeff, sa_flags=0x10000004
SIGINT: SIG_IGN, sa_mask[0]=0x00000000, sa_flags=0x00000000
SIGTERM: [libjvm.so+0x7c2f00], sa_mask[0]=0x7ffbfeff, sa_flags=0x10000004
SIGQUIT: [libjvm.so+0x7c2f00], sa_mask[0]=0x7ffbfeff, sa_flags=0x10000004
SIGTRAP: SIG_DFL, sa_mask[0]=0x00000000, sa_flags=0x00000000


---------------  S Y S T E M  ---------------

OS:Ubuntu 14.04 (trusty)
uname:Linux 3.13.0-36-generic #63-Ubuntu SMP Wed Sep 3 21:30:07 UTC 2014 x86_64
libc:glibc 2.19 NPTL 2.19 
rlimit: STACK 8192k, CORE 0k, NPROC 29315, NOFILE 4096, AS infinity
load average:3.39 1.55 0.87

/proc/meminfo:
MemTotal:        3774016 kB
MemFree:          106860 kB
Buffers:             580 kB
Cached:           192028 kB
SwapCached:            0 kB
Active:          3267988 kB
Inactive:         188404 kB
Active(anon):    3267396 kB
Inactive(anon):   158568 kB
Active(file):        592 kB
Inactive(file):    29836 kB
Unevictable:         192 kB
Mlocked:             192 kB
SwapTotal:             0 kB
SwapFree:              0 kB
Dirty:               124 kB
Writeback:             0 kB
AnonPages:       3264224 kB
Mapped:            84764 kB
Shmem:            161940 kB
Slab:              66864 kB
SReclaimable:      31424 kB
SUnreclaim:        35440 kB
KernelStack:        5192 kB
PageTables:        38992 kB
NFS_Unstable:          0 kB
Bounce:                0 kB
WritebackTmp:          0 kB
CommitLimit:     1887008 kB
Committed_AS:    6396568 kB
VmallocTotal:   34359738367 kB
VmallocUsed:      548380 kB
VmallocChunk:   34359165692 kB
HardwareCorrupted:     0 kB
AnonHugePages:   1241088 kB
HugePages_Total:       0
HugePages_Free:        0
HugePages_Rsvd:        0
HugePages_Surp:        0
Hugepagesize:       2048 kB
DirectMap4k:       66368 kB
DirectMap2M:     3850240 kB


CPU:total 4 (2 cores per cpu, 2 threads per core) family 6 model 37 stepping 5, cmov, cx8, fxsr, mmx, sse, sse2, sse3, ssse3, sse4.1, sse4.2, popcnt, ht, tsc, tscinvbit

/proc/cpuinfo:
processor	: 0
vendor_id	: GenuineIntel
cpu family	: 6
model		: 37
model name	: Intel(R) Core(TM) i3 CPU       M 370  @ 2.40GHz
stepping	: 5
microcode	: 0x2
cpu MHz		: 933.000
cache size	: 3072 KB
physical id	: 0
siblings	: 4
core id		: 0
cpu cores	: 2
apicid		: 0
initial apicid	: 0
fpu		: yes
fpu_exception	: yes
cpuid level	: 11
wp		: yes
flags		: fpu vme de pse tsc msr pae mce cx8 apic sep mtrr pge mca cmov pat pse36 clflush dts acpi mmx fxsr sse sse2 ss ht tm pbe syscall nx rdtscp lm constant_tsc arch_perfmon pebs bts rep_good nopl xtopology nonstop_tsc aperfmperf pni dtes64 monitor ds_cpl vmx est tm2 ssse3 cx16 xtpr pdcm pcid sse4_1 sse4_2 popcnt lahf_lm arat dtherm tpr_shadow vnmi flexpriority ept vpid
bogomips	: 4787.72
clflush size	: 64
cache_alignment	: 64
address sizes	: 36 bits physical, 48 bits virtual
power management:

processor	: 1
vendor_id	: GenuineIntel
cpu family	: 6
model		: 37
model name	: Intel(R) Core(TM) i3 CPU       M 370  @ 2.40GHz
stepping	: 5
microcode	: 0x2
cpu MHz		: 2399.000
cache size	: 3072 KB
physical id	: 0
siblings	: 4
core id		: 0
cpu cores	: 2
apicid		: 1
initial apicid	: 1
fpu		: yes
fpu_exception	: yes
cpuid level	: 11
wp		: yes
flags		: fpu vme de pse tsc msr pae mce cx8 apic sep mtrr pge mca cmov pat pse36 clflush dts acpi mmx fxsr sse sse2 ss ht tm pbe syscall nx rdtscp lm constant_tsc arch_perfmon pebs bts rep_good nopl xtopology nonstop_tsc aperfmperf pni dtes64 monitor ds_cpl vmx est tm2 ssse3 cx16 xtpr pdcm pcid sse4_1 sse4_2 popcnt lahf_lm arat dtherm tpr_shadow vnmi flexpriority ept vpid
bogomips	: 4787.72
clflush size	: 64
cache_alignment	: 64
address sizes	: 36 bits physical, 48 bits virtual
power management:

processor	: 2
vendor_id	: GenuineIntel
cpu family	: 6
model		: 37
model name	: Intel(R) Core(TM) i3 CPU       M 370  @ 2.40GHz
stepping	: 5
microcode	: 0x2
cpu MHz		: 2399.000
cache size	: 3072 KB
physical id	: 0
siblings	: 4
core id		: 2
cpu cores	: 2
apicid		: 4
initial apicid	: 4
fpu		: yes
fpu_exception	: yes
cpuid level	: 11
wp		: yes
flags		: fpu vme de pse tsc msr pae mce cx8 apic sep mtrr pge mca cmov pat pse36 clflush dts acpi mmx fxsr sse sse2 ss ht tm pbe syscall nx rdtscp lm constant_tsc arch_perfmon pebs bts rep_good nopl xtopology nonstop_tsc aperfmperf pni dtes64 monitor ds_cpl vmx est tm2 ssse3 cx16 xtpr pdcm pcid sse4_1 sse4_2 popcnt lahf_lm arat dtherm tpr_shadow vnmi flexpriority ept vpid
bogomips	: 4787.72
clflush size	: 64
cache_alignment	: 64
address sizes	: 36 bits physical, 48 bits virtual
power management:

processor	: 3
vendor_id	: GenuineIntel
cpu family	: 6
model		: 37
model name	: Intel(R) Core(TM) i3 CPU       M 370  @ 2.40GHz
stepping	: 5
microcode	: 0x2
cpu MHz		: 933.000
cache size	: 3072 KB
physical id	: 0
siblings	: 4
core id		: 2
cpu cores	: 2
apicid		: 5
initial apicid	: 5
fpu		: yes
fpu_exception	: yes
cpuid level	: 11
wp		: yes
flags		: fpu vme de pse tsc msr pae mce cx8 apic sep mtrr pge mca cmov pat pse36 clflush dts acpi mmx fxsr sse sse2 ss ht tm pbe syscall nx rdtscp lm constant_tsc arch_perfmon pebs bts rep_good nopl xtopology nonstop_tsc aperfmperf pni dtes64 monitor ds_cpl vmx est tm2 ssse3 cx16 xtpr pdcm pcid sse4_1 sse4_2 popcnt lahf_lm arat dtherm tpr_shadow vnmi flexpriority ept vpid
bogomips	: 4787.72
clflush size	: 64
cache_alignment	: 64
address sizes	: 36 bits physical, 48 bits virtual
power management:



Memory: 4k page, physical 3774016k(106860k free), swap 0k(0k free)

vm_info: OpenJDK 64-Bit Server VM (24.65-b04) for linux-amd64 JRE (1.7.0_65-b32), built on Aug 23 2014 13:33:31 by "buildd" with gcc 4.8.2

time: Mon Sep 22 16:54:04 2014
elapsed time: 16 seconds

