#
# There is insufficient memory for the Java Runtime Environment to continue.
# Native memory allocation (malloc) failed to allocate 99614720 bytes for committing reserved memory.
# Possible reasons:
#   The system is out of physical RAM or swap space
#   In 32 bit mode, the process size limit was hit
# Possible solutions:
#   Reduce memory load on the system
#   Increase physical memory or swap space
#   Check if swap backing store is full
#   Use 64 bit Java on a 64 bit OS
#   Decrease Java heap size (-Xmx/-Xms)
#   Decrease number of Java threads
#   Decrease Java thread stack sizes (-Xss)
#   Set larger code cache with -XX:ReservedCodeCacheSize=
# This output file may be truncated or incomplete.
#
#  Out of Memory Error (os_linux.cpp:2798), pid=31881, tid=140707492054784
#
# JRE version: OpenJDK Runtime Environment (7.0_65-b32) (build 1.7.0_65-b32)
# Java VM: OpenJDK 64-Bit Server VM (24.65-b04 mixed mode linux-amd64 compressed oops)
# Failed to write core dump. Core dumps have been disabled. To enable core dumping, try "ulimit -c unlimited" before starting Java again
#

---------------  T H R E A D  ---------------

Current thread (0x00007ff908075800):  VMThread [stack: 0x00007ff90404c000,0x00007ff90414d000] [id=31890]

Stack: [0x00007ff90404c000,0x00007ff90414d000],  sp=0x00007ff90414b490,  free space=1021k
Native frames: (J=compiled Java code, j=interpreted, Vv=VM code, C=native code)
V  [libjvm.so+0x948635]  VMError::report_and_die()+0x175
V  [libjvm.so+0x48b904]  report_vm_out_of_memory(char const*, int, unsigned long, char const*)+0x74
V  [libjvm.so+0x7c766b]  os::pd_commit_memory(char*, unsigned long, unsigned long, bool)+0xeb
V  [libjvm.so+0x7c212f]  os::commit_memory(char*, unsigned long, unsigned long, bool)+0x1f
V  [libjvm.so+0x8338bb]  PSVirtualSpace::expand_by(unsigned long)+0x5b
V  [libjvm.so+0x82360b]  PSOldGen::expand_by(unsigned long) [clone .part.80]+0x1b
V  [libjvm.so+0x8237cb]  PSOldGen::expand(unsigned long) [clone .part.81]+0xdb
V  [libjvm.so+0x8246f8]  PSOldGen::resize(unsigned long)+0x188
V  [libjvm.so+0x82b7c4]  PSParallelCompact::invoke_no_policy(bool)+0x9c4
V  [libjvm.so+0x8319fd]  PSScavenge::invoke()+0x17d
V  [libjvm.so+0x7e8293]  ParallelScavengeHeap::failed_mem_allocate(unsigned long)+0x63
V  [libjvm.so+0x94a034]  VM_ParallelGCFailedAllocation::doit()+0x84
V  [libjvm.so+0x94e527]  VM_Operation::evaluate()+0x47
V  [libjvm.so+0x94ce98]  VMThread::evaluate_operation(VM_Operation*)+0x318
V  [libjvm.so+0x94d2f9]  VMThread::loop()+0x219
V  [libjvm.so+0x94d742]  VMThread::run()+0x72
V  [libjvm.so+0x7c4532]  java_start(Thread*)+0xf2

VM_Operation (0x00007ff8aeffc6d0): ParallelGCFailedAllocation, mode: safepoint, requested by thread 0x00007ff908438000


---------------  P R O C E S S  ---------------

Java Threads: ( => current thread )
  0x00007ff90800a000 JavaThread "DestroyJavaVM" [_thread_blocked, id=31885, stack(0x00007ff91018a000,0x00007ff91028b000)]
  0x00007ff908438000 JavaThread "Thread-0" [_thread_blocked, id=31909, stack(0x00007ff8aeefd000,0x00007ff8aeffe000)]
  0x00007ff908436000 JavaThread "TimerQueue" daemon [_thread_blocked, id=31908, stack(0x00007ff8c00cf000,0x00007ff8c01d0000)]
  0x00007ff908394800 JavaThread "AWT-EventQueue-0" [_thread_blocked, id=31907, stack(0x00007ff8c01d0000,0x00007ff8c02d1000)]
  0x00007ff908391000 JavaThread "AWT-Shutdown" [_thread_blocked, id=31906, stack(0x00007ff8c02d1000,0x00007ff8c03d2000)]
  0x00007ff908200800 JavaThread "AWT-XAWT" daemon [_thread_blocked, id=31899, stack(0x00007ff8cb162000,0x00007ff8cb263000)]
  0x00007ff9081df800 JavaThread "Java2D Disposer" daemon [_thread_blocked, id=31898, stack(0x00007ff8cb673000,0x00007ff8cb774000)]
  0x00007ff9080a6000 JavaThread "Service Thread" daemon [_thread_blocked, id=31896, stack(0x00007ff8f4e2c000,0x00007ff8f4f2d000)]
  0x00007ff9080a3800 JavaThread "C2 CompilerThread1" daemon [_thread_blocked, id=31895, stack(0x00007ff8f4f2d000,0x00007ff8f502e000)]
  0x00007ff9080a0800 JavaThread "C2 CompilerThread0" daemon [_thread_blocked, id=31894, stack(0x00007ff8f502e000,0x00007ff8f512f000)]
  0x00007ff90809e800 JavaThread "Signal Dispatcher" daemon [_thread_blocked, id=31893, stack(0x00007ff8f512f000,0x00007ff8f5230000)]
  0x00007ff90807b800 JavaThread "Finalizer" daemon [_thread_blocked, id=31892, stack(0x00007ff8f5bfe000,0x00007ff8f5cff000)]
  0x00007ff908079800 JavaThread "Reference Handler" daemon [_thread_blocked, id=31891, stack(0x00007ff8f5cff000,0x00007ff8f5e00000)]

Other Threads:
=>0x00007ff908075800 VMThread [stack: 0x00007ff90404c000,0x00007ff90414d000] [id=31890]
  0x00007ff9080b0800 WatcherThread [stack: 0x00007ff8f4d2b000,0x00007ff8f4e2c000] [id=31897]

VM state:at safepoint (normal execution)

VM Mutex/Monitor currently owned by a thread:  ([mutex/lock_event])
[0x00007ff908005ed0] ExpandHeap_lock - owner thread: 0x00007ff908075800
[0x00007ff908006550] Threads_lock - owner thread: 0x00007ff908075800
[0x00007ff908006a50] Heap_lock - owner thread: 0x00007ff908438000

Heap
 PSYoungGen      total 240128K, used 0K [0x00000000ecc80000, 0x0000000100000000, 0x0000000100000000)
  eden space 168448K, 0% used [0x00000000ecc80000,0x00000000ecc80000,0x00000000f7100000)
  from space 71680K, 0% used [0x00000000f7100000,0x00000000f7100000,0x00000000fb700000)
  to   space 72192K, 0% used [0x00000000fb980000,0x00000000fb980000,0x0000000100000000)
 ParOldGen       total 531968K, used 506175K [0x00000000c6600000, 0x00000000e6d80000, 0x00000000ecc80000)
  object space 531968K, 95% used [0x00000000c6600000,0x00000000e544fd08,0x00000000e6d80000)
 PSPermGen       total 26624K, used 14975K [0x00000000bc000000, 0x00000000bda00000, 0x00000000c6600000)
  object space 26624K, 56% used [0x00000000bc000000,0x00000000bce9ff50,0x00000000bda00000)

Card table byte_map: [0x00007ff90cbb6000,0x00007ff90cdd7000] byte_map_base: 0x00007ff90c5d6000

Polling page: 0x00007ff9102b2000

Code Cache  [0x00007ff905000000, 0x00007ff905270000, 0x00007ff908000000)
 total_blobs=738 nmethods=241 adapters=451 free_code_cache=48147Kb largest_free_block=49271616

Compilation events (10 events):
Event: 10.595 Thread 0x00007ff9080a3800  244             java.lang.Class::getName (21 bytes)
Event: 10.597 Thread 0x00007ff9080a3800 nmethod 244 0x00007ff9050b9dd0 code [0x00007ff9050b9f20, 0x00007ff9050b9fc8]
Event: 10.635 Thread 0x00007ff9080a0800  245             org.json.simple.parser.Yylex::yytext (25 bytes)
Event: 10.639 Thread 0x00007ff9080a0800 nmethod 245 0x00007ff9050fd2d0 code [0x00007ff9050fd440, 0x00007ff9050fd758]
Event: 11.427 Thread 0x00007ff9080a3800  247             java.io.BufferedReader::fill (170 bytes)
Event: 11.434 Thread 0x00007ff9080a3800 nmethod 247 0x00007ff9050fea90 code [0x00007ff9050fec20, 0x00007ff9050ff0b8]
Event: 13.360 Thread 0x00007ff9080a0800  248             java.lang.Integer::parseInt (261 bytes)
Event: 13.411 Thread 0x00007ff9080a0800 nmethod 248 0x00007ff9050fdc50 code [0x00007ff9050fde20, 0x00007ff9050fe470]
Event: 14.081 Thread 0x00007ff9080a3800  249             sun.awt.SunToolkit::isInstanceOf (71 bytes)
Event: 14.091 Thread 0x00007ff9080a3800 nmethod 249 0x00007ff9050ffdd0 code [0x00007ff9050fffa0, 0x00007ff905100800]

GC Heap History (10 events):
Event: 13.675 GC heap after
Heap after GC invocations=58 (full 7):
 PSYoungGen      total 233984K, used 47776K [0x00000000ecc80000, 0x0000000100000000, 0x0000000100000000)
  eden space 156160K, 0% used [0x00000000ecc80000,0x00000000ecc80000,0x00000000f6500000)
  from space 77824K, 61% used [0x00000000f6500000,0x00000000f93a8000,0x00000000fb100000)
  to   space 77824K, 0% used [0x00000000fb400000,0x00000000fb400000,0x0000000100000000)
 ParOldGen       total 531968K, used 418666K [0x00000000c6600000, 0x00000000e6d80000, 0x00000000ecc80000)
  object space 531968K, 78% used [0x00000000c6600000,0x00000000dfeda910,0x00000000e6d80000)
 PSPermGen       total 26624K, used 14975K [0x00000000bc000000, 0x00000000bda00000, 0x00000000c6600000)
  object space 26624K, 56% used [0x00000000bc000000,0x00000000bce9ff50,0x00000000bda00000)
}
Event: 13.754 GC heap before
{Heap before GC invocations=59 (full 7):
 PSYoungGen      total 233984K, used 203936K [0x00000000ecc80000, 0x0000000100000000, 0x0000000100000000)
  eden space 156160K, 100% used [0x00000000ecc80000,0x00000000f6500000,0x00000000f6500000)
  from space 77824K, 61% used [0x00000000f6500000,0x00000000f93a8000,0x00000000fb100000)
  to   space 77824K, 0% used [0x00000000fb400000,0x00000000fb400000,0x0000000100000000)
 ParOldGen       total 531968K, used 418666K [0x00000000c6600000, 0x00000000e6d80000, 0x00000000ecc80000)
  object space 531968K, 78% used [0x00000000c6600000,0x00000000dfeda910,0x00000000e6d80000)
 PSPermGen       total 26624K, used 14975K [0x00000000bc000000, 0x00000000bda00000, 0x00000000c6600000)
  object space 26624K, 56% used [0x00000000bc000000,0x00000000bce9ff50,0x00000000bda00000)
Event: 13.817 GC heap after
Heap after GC invocations=59 (full 7):
 PSYoungGen      total 229888K, used 40448K [0x00000000ecc80000, 0x00000000ff900000, 0x0000000100000000)
  eden space 159232K, 0% used [0x00000000ecc80000,0x00000000ecc80000,0x00000000f6800000)
  from space 70656K, 57% used [0x00000000fb400000,0x00000000fdb80000,0x00000000ff900000)
  to   space 74240K, 0% used [0x00000000f6800000,0x00000000f6800000,0x00000000fb080000)
 ParOldGen       total 531968K, used 437024K [0x00000000c6600000, 0x00000000e6d80000, 0x00000000ecc80000)
  object space 531968K, 82% used [0x00000000c6600000,0x00000000e10c8210,0x00000000e6d80000)
 PSPermGen       total 26624K, used 14975K [0x00000000bc000000, 0x00000000bda00000, 0x00000000c6600000)
  object space 26624K, 56% used [0x00000000bc000000,0x00000000bce9ff50,0x00000000bda00000)
}
Event: 13.896 GC heap before
{Heap before GC invocations=60 (full 7):
 PSYoungGen      total 229888K, used 199680K [0x00000000ecc80000, 0x00000000ff900000, 0x0000000100000000)
  eden space 159232K, 100% used [0x00000000ecc80000,0x00000000f6800000,0x00000000f6800000)
  from space 70656K, 57% used [0x00000000fb400000,0x00000000fdb80000,0x00000000ff900000)
  to   space 74240K, 0% used [0x00000000f6800000,0x00000000f6800000,0x00000000fb080000)
 ParOldGen       total 531968K, used 437024K [0x00000000c6600000, 0x00000000e6d80000, 0x00000000ecc80000)
  object space 531968K, 82% used [0x00000000c6600000,0x00000000e10c8210,0x00000000e6d80000)
 PSPermGen       total 26624K, used 14975K [0x00000000bc000000, 0x00000000bda00000, 0x00000000c6600000)
  object space 26624K, 56% used [0x00000000bc000000,0x00000000bce9ff50,0x00000000bda00000)
Event: 13.938 GC heap after
Heap after GC invocations=60 (full 7):
 PSYoungGen      total 233472K, used 31520K [0x00000000ecc80000, 0x00000000fff80000, 0x0000000100000000)
  eden space 159232K, 0% used [0x00000000ecc80000,0x00000000ecc80000,0x00000000f6800000)
  from space 74240K, 42% used [0x00000000f6800000,0x00000000f86c8000,0x00000000fb080000)
  to   space 72192K, 0% used [0x00000000fb900000,0x00000000fb900000,0x00000000fff80000)
 ParOldGen       total 531968K, used 457092K [0x00000000c6600000, 0x00000000e6d80000, 0x00000000ecc80000)
  object space 531968K, 85% used [0x00000000c6600000,0x00000000e2461058,0x00000000e6d80000)
 PSPermGen       total 26624K, used 14975K [0x00000000bc000000, 0x00000000bda00000, 0x00000000c6600000)
  object space 26624K, 56% used [0x00000000bc000000,0x00000000bce9ff50,0x00000000bda00000)
}
Event: 14.016 GC heap before
{Heap before GC invocations=61 (full 7):
 PSYoungGen      total 233472K, used 190752K [0x00000000ecc80000, 0x00000000fff80000, 0x0000000100000000)
  eden space 159232K, 100% used [0x00000000ecc80000,0x00000000f6800000,0x00000000f6800000)
  from space 74240K, 42% used [0x00000000f6800000,0x00000000f86c8000,0x00000000fb080000)
  to   space 72192K, 0% used [0x00000000fb900000,0x00000000fb900000,0x00000000fff80000)
 ParOldGen       total 531968K, used 457092K [0x00000000c6600000, 0x00000000e6d80000, 0x00000000ecc80000)
  object space 531968K, 85% used [0x00000000c6600000,0x00000000e2461058,0x00000000e6d80000)
 PSPermGen       total 26624K, used 14975K [0x00000000bc000000, 0x00000000bda00000, 0x00000000c6600000)
  object space 26624K, 56% used [0x00000000bc000000,0x00000000bce9ff50,0x00000000bda00000)
Event: 14.058 GC heap after
Heap after GC invocations=61 (full 7):
 PSYoungGen      total 238080K, used 21184K [0x00000000ecc80000, 0x00000000ffd00000, 0x0000000100000000)
  eden space 168448K, 0% used [0x00000000ecc80000,0x00000000ecc80000,0x00000000f7100000)
  from space 69632K, 30% used [0x00000000fb900000,0x00000000fcdb0000,0x00000000ffd00000)
  to   space 71680K, 0% used [0x00000000f7100000,0x00000000f7100000,0x00000000fb700000)
 ParOldGen       total 531968K, used 478706K [0x00000000c6600000, 0x00000000e6d80000, 0x00000000ecc80000)
  object space 531968K, 89% used [0x00000000c6600000,0x00000000e397cb08,0x00000000e6d80000)
 PSPermGen       total 26624K, used 14975K [0x00000000bc000000, 0x00000000bda00000, 0x00000000c6600000)
  object space 26624K, 56% used [0x00000000bc000000,0x00000000bce9ff50,0x00000000bda00000)
}
Event: 14.147 GC heap before
{Heap before GC invocations=62 (full 7):
 PSYoungGen      total 238080K, used 189632K [0x00000000ecc80000, 0x00000000ffd00000, 0x0000000100000000)
  eden space 168448K, 100% used [0x00000000ecc80000,0x00000000f7100000,0x00000000f7100000)
  from space 69632K, 30% used [0x00000000fb900000,0x00000000fcdb0000,0x00000000ffd00000)
  to   space 71680K, 0% used [0x00000000f7100000,0x00000000f7100000,0x00000000fb700000)
 ParOldGen       total 531968K, used 478706K [0x00000000c6600000, 0x00000000e6d80000, 0x00000000ecc80000)
  object space 531968K, 89% used [0x00000000c6600000,0x00000000e397cb08,0x00000000e6d80000)
 PSPermGen       total 26624K, used 14975K [0x00000000bc000000, 0x00000000bda00000, 0x00000000c6600000)
  object space 26624K, 56% used [0x00000000bc000000,0x00000000bce9ff50,0x00000000bda00000)
Event: 14.178 GC heap after
Heap after GC invocations=62 (full 7):
 PSYoungGen      total 240128K, used 12169K [0x00000000ecc80000, 0x0000000100000000, 0x0000000100000000)
  eden space 168448K, 0% used [0x00000000ecc80000,0x00000000ecc80000,0x00000000f7100000)
  from space 71680K, 16% used [0x00000000f7100000,0x00000000f7ce2798,0x00000000fb700000)
  to   space 72192K, 0% used [0x00000000fb980000,0x00000000fb980000,0x0000000100000000)
 ParOldGen       total 531968K, used 500461K [0x00000000c6600000, 0x00000000e6d80000, 0x00000000ecc80000)
  object space 531968K, 94% used [0x00000000c6600000,0x00000000e4ebb580,0x00000000e6d80000)
 PSPermGen       total 26624K, used 14975K [0x00000000bc000000, 0x00000000bda00000, 0x00000000c6600000)
  object space 26624K, 56% used [0x00000000bc000000,0x00000000bce9ff50,0x00000000bda00000)
}
Event: 14.178 GC heap before
{Heap before GC invocations=63 (full 8):
 PSYoungGen      total 240128K, used 12169K [0x00000000ecc80000, 0x0000000100000000, 0x0000000100000000)
  eden space 168448K, 0% used [0x00000000ecc80000,0x00000000ecc80000,0x00000000f7100000)
  from space 71680K, 16% used [0x00000000f7100000,0x00000000f7ce2798,0x00000000fb700000)
  to   space 72192K, 0% used [0x00000000fb980000,0x00000000fb980000,0x0000000100000000)
 ParOldGen       total 531968K, used 500461K [0x00000000c6600000, 0x00000000e6d80000, 0x00000000ecc80000)
  object space 531968K, 94% used [0x00000000c6600000,0x00000000e4ebb580,0x00000000e6d80000)
 PSPermGen       total 26624K, used 14975K [0x00000000bc000000, 0x00000000bda00000, 0x00000000c6600000)
  object space 26624K, 56% used [0x00000000bc000000,0x00000000bce9ff50,0x00000000bda00000)

Deoptimization events (10 events):
Event: 3.014 Thread 0x00007ff908438000 Uncommon trap: reason=class_check action=maybe_recompile pc=0x00007ff9050a9c54 method=java.util.HashMap.putForCreate(Ljava/lang/Object;Ljava/lang/Object;)V @ 97
Event: 3.014 Thread 0x00007ff908438000 Uncommon trap: reason=class_check action=maybe_recompile pc=0x00007ff9050a9c54 method=java.util.HashMap.putForCreate(Ljava/lang/Object;Ljava/lang/Object;)V @ 97
Event: 3.014 Thread 0x00007ff908438000 Uncommon trap: reason=class_check action=maybe_recompile pc=0x00007ff9050a9c54 method=java.util.HashMap.putForCreate(Ljava/lang/Object;Ljava/lang/Object;)V @ 97
Event: 4.573 Thread 0x00007ff908438000 Uncommon trap: reason=unloaded action=reinterpret pc=0x00007ff9050ad0cc method=java.io.ObjectInputStream$BlockDataInputStream.peekByte()B @ 9
Event: 4.574 Thread 0x00007ff908438000 Uncommon trap: reason=unloaded action=reinterpret pc=0x00007ff9050c3dd8 method=sun.reflect.GeneratedMethodAccessor4.invoke(Ljava/lang/Object;[Ljava/lang/Object;)Ljava/lang/Object; @ 57
Event: 4.574 Thread 0x00007ff908438000 Uncommon trap: reason=uninitialized action=reinterpret pc=0x00007ff9050b914c method=java.io.ObjectStreamClass.invokeReadObject(Ljava/lang/Object;Ljava/io/ObjectInputStream;)V @ 29
Event: 4.574 Thread 0x00007ff908438000 Uncommon trap: reason=unloaded action=reinterpret pc=0x00007ff9050c3dc4 method=sun.reflect.GeneratedMethodAccessor3.invoke(Ljava/lang/Object;[Ljava/lang/Object;)Ljava/lang/Object; @ 57
Event: 4.574 Thread 0x00007ff908438000 Uncommon trap: reason=uninitialized action=reinterpret pc=0x00007ff9050b914c method=java.io.ObjectStreamClass.invokeReadObject(Ljava/lang/Object;Ljava/io/ObjectInputStream;)V @ 29
Event: 5.696 Thread 0x00007ff908438000 Uncommon trap: reason=class_check action=maybe_recompile pc=0x00007ff9050ec324 method=java.util.HashMap.<init>(IF)V @ 115
Event: 5.696 Thread 0x00007ff908438000 Uncommon trap: reason=unreached action=reinterpret pc=0x00007ff9050d7eb8 method=java.util.HashMap.addEntry(ILjava/lang/Object;Ljava/lang/Object;I)V @ 19

Internal exceptions (10 events):
Event: 1.749 Thread 0x00007ff908394800 Threw 0x00000000ed4b2de0 at /build/buildd/openjdk-7-7u65-2.5.1/build/openjdk/hotspot/src/share/vm/prims/jni.cpp:747
Event: 3.066 Thread 0x00007ff908438000 Threw 0x00000000ecfd08d8 at /build/buildd/openjdk-7-7u65-2.5.1/build/openjdk/hotspot/src/share/vm/prims/jvm.cpp:1247
Event: 3.067 Thread 0x00007ff908438000 Threw 0x00000000ecfd7680 at /build/buildd/openjdk-7-7u65-2.5.1/build/openjdk/hotspot/src/share/vm/prims/jni.cpp:1636
Event: 3.071 Thread 0x00007ff908394800 Threw 0x00000000ecd2c6c0 at /build/buildd/openjdk-7-7u65-2.5.1/build/openjdk/hotspot/src/share/vm/prims/jni.cpp:747
Event: 4.577 Thread 0x00007ff908438000 Threw 0x00000000ee51af48 at /build/buildd/openjdk-7-7u65-2.5.1/build/openjdk/hotspot/src/share/vm/prims/jvm.cpp:1247
Event: 4.578 Thread 0x00007ff908438000 Threw 0x00000000ee51ff40 at /build/buildd/openjdk-7-7u65-2.5.1/build/openjdk/hotspot/src/share/vm/prims/jvm.cpp:1247
Event: 4.579 Thread 0x00007ff908438000 Threw 0x00000000ee529360 at /build/buildd/openjdk-7-7u65-2.5.1/build/openjdk/hotspot/src/share/vm/prims/jvm.cpp:1247
Event: 4.581 Thread 0x00007ff908438000 Threw 0x00000000ee52cb70 at /build/buildd/openjdk-7-7u65-2.5.1/build/openjdk/hotspot/src/share/vm/prims/jvm.cpp:1247
Event: 4.588 Thread 0x00007ff908438000 Threw 0x00000000ee560e30 at /build/buildd/openjdk-7-7u65-2.5.1/build/openjdk/hotspot/src/share/vm/prims/jvm.cpp:1247
Event: 4.663 Thread 0x00007ff908438000 Threw 0x00000000eed47aa0 at /build/buildd/openjdk-7-7u65-2.5.1/build/openjdk/hotspot/src/share/vm/prims/jvm.cpp:1247

Events (10 events):
Event: 13.539 Executing VM operation: ParallelGCFailedAllocation done
Event: 13.616 Executing VM operation: ParallelGCFailedAllocation
Event: 13.675 Executing VM operation: ParallelGCFailedAllocation done
Event: 13.754 Executing VM operation: ParallelGCFailedAllocation
Event: 13.817 Executing VM operation: ParallelGCFailedAllocation done
Event: 13.896 Executing VM operation: ParallelGCFailedAllocation
Event: 13.938 Executing VM operation: ParallelGCFailedAllocation done
Event: 14.016 Executing VM operation: ParallelGCFailedAllocation
Event: 14.058 Executing VM operation: ParallelGCFailedAllocation done
Event: 14.147 Executing VM operation: ParallelGCFailedAllocation


Dynamic libraries:
00400000-00401000 r-xp 00000000 08:05 427493                             /usr/lib/jvm/java-7-openjdk-amd64/jre/bin/java
00600000-00601000 r--p 00000000 08:05 427493                             /usr/lib/jvm/java-7-openjdk-amd64/jre/bin/java
00601000-00602000 rw-p 00001000 08:05 427493                             /usr/lib/jvm/java-7-openjdk-amd64/jre/bin/java
01c8d000-01cae000 rw-p 00000000 00:00 0                                  [heap]
bc000000-bda00000 rw-p 00000000 00:00 0 
bda00000-be100000 ---p 00000000 00:00 0 
be100000-c6600000 rw-p 00000000 00:00 0 
c6600000-e6d80000 rw-p 00000000 00:00 0 
ecc80000-100000000 rw-p 00000000 00:00 0 
7ff898000000-7ff8980aa000 rw-p 00000000 00:00 0 
7ff8980aa000-7ff89c000000 ---p 00000000 00:00 0 
7ff89c000000-7ff89c021000 rw-p 00000000 00:00 0 
7ff89c021000-7ff8a0000000 ---p 00000000 00:00 0 
7ff8a0000000-7ff8a0022000 rw-p 00000000 00:00 0 
7ff8a0022000-7ff8a4000000 ---p 00000000 00:00 0 
7ff8a4000000-7ff8a4021000 rw-p 00000000 00:00 0 
7ff8a4021000-7ff8a8000000 ---p 00000000 00:00 0 
7ff8a8000000-7ff8a8081000 rw-p 00000000 00:00 0 
7ff8a8081000-7ff8ac000000 ---p 00000000 00:00 0 
7ff8ae849000-7ff8ae9aa000 rw-p 00000000 00:00 0 
7ff8ae9aa000-7ff8aed53000 rw-s 00000000 00:04 269058072                  /SYSV00000000 (deleted)
7ff8aee6a000-7ff8aee7d000 rw-s 00000000 00:04 269123635                  /SYSV00000000 (deleted)
7ff8aee7d000-7ff8aeefd000 rw-s 00000000 00:04 268894223                  /SYSV00000000 (deleted)
7ff8aeefd000-7ff8aef00000 ---p 00000000 00:00 0 
7ff8aef00000-7ff8aeffe000 rw-p 00000000 00:00 0                          [stack:31909]
7ff8aeffe000-7ff8aefff000 ---p 00000000 00:00 0 
7ff8aefff000-7ff8af7ff000 rw-p 00000000 00:00 0                          [stack:31904]
7ff8af7ff000-7ff8af800000 ---p 00000000 00:00 0 
7ff8af800000-7ff8b0000000 rw-p 00000000 00:00 0 
7ff8b0000000-7ff8b0022000 rw-p 00000000 00:00 0 
7ff8b0022000-7ff8b4000000 ---p 00000000 00:00 0 
7ff8b4000000-7ff8b4021000 rw-p 00000000 00:00 0 
7ff8b4021000-7ff8b8000000 ---p 00000000 00:00 0 
7ff8b8000000-7ff8b8021000 rw-p 00000000 00:00 0 
7ff8b8021000-7ff8bc000000 ---p 00000000 00:00 0 
7ff8bc000000-7ff8bc02b000 rw-p 00000000 00:00 0 
7ff8bc02b000-7ff8c0000000 ---p 00000000 00:00 0 
7ff8c0006000-7ff8c00cf000 rw-s 00000000 00:04 268959766                  /SYSV00000000 (deleted)
7ff8c00cf000-7ff8c00d2000 ---p 00000000 00:00 0 
7ff8c00d2000-7ff8c01d0000 rw-p 00000000 00:00 0                          [stack:31908]
7ff8c01d0000-7ff8c01d3000 ---p 00000000 00:00 0 
7ff8c01d3000-7ff8c02d1000 rw-p 00000000 00:00 0                          [stack:31907]
7ff8c02d1000-7ff8c02d4000 ---p 00000000 00:00 0 
7ff8c02d4000-7ff8c03d2000 rw-p 00000000 00:00 0                          [stack:31906]
7ff8c03d2000-7ff8c03d3000 ---p 00000000 00:00 0 
7ff8c03d3000-7ff8c0bd3000 rw-p 00000000 00:00 0                          [stack:31902]
7ff8c0bd3000-7ff8c0c2c000 r-xp 00000000 08:05 3042208                    /usr/lib/x86_64-linux-gnu/libibus-1.0.so.5.0.505
7ff8c0c2c000-7ff8c0e2c000 ---p 00059000 08:05 3042208                    /usr/lib/x86_64-linux-gnu/libibus-1.0.so.5.0.505
7ff8c0e2c000-7ff8c0e2e000 r--p 00059000 08:05 3042208                    /usr/lib/x86_64-linux-gnu/libibus-1.0.so.5.0.505
7ff8c0e2e000-7ff8c0e2f000 rw-p 0005b000 08:05 3042208                    /usr/lib/x86_64-linux-gnu/libibus-1.0.so.5.0.505
7ff8c0e2f000-7ff8c0e30000 rw-p 00000000 00:00 0 
7ff8c0e30000-7ff8c0e36000 r-xp 00000000 08:05 3166609                    /usr/lib/x86_64-linux-gnu/gtk-2.0/2.10.0/immodules/im-ibus.so
7ff8c0e36000-7ff8c1036000 ---p 00006000 08:05 3166609                    /usr/lib/x86_64-linux-gnu/gtk-2.0/2.10.0/immodules/im-ibus.so
7ff8c1036000-7ff8c1037000 r--p 00006000 08:05 3166609                    /usr/lib/x86_64-linux-gnu/gtk-2.0/2.10.0/immodules/im-ibus.so
7ff8c1037000-7ff8c1038000 rw-p 00007000 08:05 3166609                    /usr/lib/x86_64-linux-gnu/gtk-2.0/2.10.0/immodules/im-ibus.so
7ff8c1038000-7ff8c1048000 r-xp 00000000 08:05 427273                     /usr/lib/jvm/java-7-openjdk-amd64/jre/lib/amd64/libnio.so
7ff8c1048000-7ff8c1248000 ---p 00010000 08:05 427273                     /usr/lib/jvm/java-7-openjdk-amd64/jre/lib/amd64/libnio.so
7ff8c1248000-7ff8c1249000 r--p 00010000 08:05 427273                     /usr/lib/jvm/java-7-openjdk-amd64/jre/lib/amd64/libnio.so
7ff8c1249000-7ff8c124a000 rw-p 00011000 08:05 427273                     /usr/lib/jvm/java-7-openjdk-amd64/jre/lib/amd64/libnio.so
7ff8c124a000-7ff8c1261000 r-xp 00000000 08:05 405713                     /usr/lib/jvm/java-7-openjdk-amd64/jre/lib/amd64/libnet.so
7ff8c1261000-7ff8c1460000 ---p 00017000 08:05 405713                     /usr/lib/jvm/java-7-openjdk-amd64/jre/lib/amd64/libnet.so
7ff8c1460000-7ff8c1461000 r--p 00016000 08:05 405713                     /usr/lib/jvm/java-7-openjdk-amd64/jre/lib/amd64/libnet.so
7ff8c1461000-7ff8c1462000 rw-p 00017000 08:05 405713                     /usr/lib/jvm/java-7-openjdk-amd64/jre/lib/amd64/libnet.so
7ff8c1462000-7ff8c14b3000 r-xp 00000000 08:05 427262                     /usr/lib/jvm/java-7-openjdk-amd64/jre/lib/amd64/libfontmanager.so
7ff8c14b3000-7ff8c16b2000 ---p 00051000 08:05 427262                     /usr/lib/jvm/java-7-openjdk-amd64/jre/lib/amd64/libfontmanager.so
7ff8c16b2000-7ff8c16b5000 r--p 00050000 08:05 427262                     /usr/lib/jvm/java-7-openjdk-amd64/jre/lib/amd64/libfontmanager.so
7ff8c16b5000-7ff8c16b6000 rw-p 00053000 08:05 427262                     /usr/lib/jvm/java-7-openjdk-amd64/jre/lib/amd64/libfontmanager.so
7ff8c16b6000-7ff8c16e5000 r-xp 00000000 08:05 3150794                    /usr/lib/x86_64-linux-gnu/gtk-2.0/2.10.0/engines/libmurrine.so
7ff8c16e5000-7ff8c18e5000 ---p 0002f000 08:05 3150794                    /usr/lib/x86_64-linux-gnu/gtk-2.0/2.10.0/engines/libmurrine.so
7ff8c18e5000-7ff8c18e6000 r--p 0002f000 08:05 3150794                    /usr/lib/x86_64-linux-gnu/gtk-2.0/2.10.0/engines/libmurrine.so
7ff8c18e6000-7ff8c18e7000 rw-p 00030000 08:05 3150794                    /usr/lib/x86_64-linux-gnu/gtk-2.0/2.10.0/engines/libmurrine.so
7ff8c18e7000-7ff8c18e8000 ---p 00000000 00:00 0 
7ff8c18e8000-7ff8c20e8000 rw-p 00000000 00:00 0                          [stack:31901]
7ff8c20e8000-7ff8c20e9000 ---p 00000000 00:00 0 
7ff8c20e9000-7ff8c28e9000 rw-p 00000000 00:00 0                          [stack:31900]
7ff8c28e9000-7ff8c2902000 r-xp 00000000 08:05 3150571                    /usr/lib/x86_64-linux-gnu/gio/modules/libgioremote-volume-monitor.so
7ff8c2902000-7ff8c2b02000 ---p 00019000 08:05 3150571                    /usr/lib/x86_64-linux-gnu/gio/modules/libgioremote-volume-monitor.so
7ff8c2b02000-7ff8c2b05000 r--p 00019000 08:05 3150571                    /usr/lib/x86_64-linux-gnu/gio/modules/libgioremote-volume-monitor.so
7ff8c2b05000-7ff8c2b06000 rw-p 0001c000 08:05 3150571                    /usr/lib/x86_64-linux-gnu/gio/modules/libgioremote-volume-monitor.so
7ff8c2b06000-7ff8c2b11000 r-xp 00000000 08:05 3150567                    /usr/lib/x86_64-linux-gnu/gio/modules/libdconfsettings.so
7ff8c2b11000-7ff8c2d11000 ---p 0000b000 08:05 3150567                    /usr/lib/x86_64-linux-gnu/gio/modules/libdconfsettings.so
7ff8c2d11000-7ff8c2d12000 r--p 0000b000 08:05 3150567                    /usr/lib/x86_64-linux-gnu/gio/modules/libdconfsettings.so
7ff8c2d12000-7ff8c2d13000 rw-p 0000c000 08:05 3150567                    /usr/lib/x86_64-linux-gnu/gio/modules/libdconfsettings.so
7ff8c2d13000-7ff8c2d1b000 r-xp 00000000 08:05 2625612                    /lib/x86_64-linux-gnu/libnih-dbus.so.1.0.0
7ff8c2d1b000-7ff8c2f1b000 ---p 00008000 08:05 2625612                    /lib/x86_64-linux-gnu/libnih-dbus.so.1.0.0
7ff8c2f1b000-7ff8c2f1c000 r--p 00008000 08:05 2625612                    /lib/x86_64-linux-gnu/libnih-dbus.so.1.0.0
7ff8c2f1c000-7ff8c2f1d000 rw-p 00009000 08:05 2625612                    /lib/x86_64-linux-gnu/libnih-dbus.so.1.0.0
7ff8c2f1d000-7ff8c2f34000 r-xp 00000000 08:05 2625614                    /lib/x86_64-linux-gnu/libnih.so.1.0.0
7ff8c2f34000-7ff8c3133000 ---p 00017000 08:05 2625614                    /lib/x86_64-linux-gnu/libnih.so.1.0.0
7ff8c3133000-7ff8c3134000 r--p 00016000 08:05 2625614                    /lib/x86_64-linux-gnu/libnih.so.1.0.0
7ff8c3134000-7ff8c3135000 rw-p 00017000 08:05 2625614                    /lib/x86_64-linux-gnu/libnih.so.1.0.0
7ff8c3135000-7ff8c314e000 r-xp 00000000 08:05 2621539                    /lib/x86_64-linux-gnu/libcgmanager.so.0.0.0
7ff8c314e000-7ff8c334d000 ---p 00019000 08:05 2621539                    /lib/x86_64-linux-gnu/libcgmanager.so.0.0.0
7ff8c334d000-7ff8c334f000 r--p 00018000 08:05 2621539                    /lib/x86_64-linux-gnu/libcgmanager.so.0.0.0
7ff8c334f000-7ff8c3350000 rw-p 0001a000 08:05 2621539                    /lib/x86_64-linux-gnu/libcgmanager.so.0.0.0
7ff8c3350000-7ff8c3360000 r-xp 00000000 08:05 2622639                    /lib/x86_64-linux-gnu/libudev.so.1.3.5
7ff8c3360000-7ff8c355f000 ---p 00010000 08:05 2622639                    /lib/x86_64-linux-gnu/libudev.so.1.3.5
7ff8c355f000-7ff8c3560000 r--p 0000f000 08:05 2622639                    /lib/x86_64-linux-gnu/libudev.so.1.3.5
7ff8c3560000-7ff8c3561000 rw-p 00010000 08:05 2622639                    /lib/x86_64-linux-gnu/libudev.so.1.3.5
7ff8c3561000-7ff8c3595000 r-xp 00000000 08:05 3150853                    /usr/lib/x86_64-linux-gnu/gvfs/libgvfscommon.so
7ff8c3595000-7ff8c3795000 ---p 00034000 08:05 3150853                    /usr/lib/x86_64-linux-gnu/gvfs/libgvfscommon.so
7ff8c3795000-7ff8c379a000 r--p 00034000 08:05 3150853                    /usr/lib/x86_64-linux-gnu/gvfs/libgvfscommon.so
7ff8c379a000-7ff8c379b000 rw-p 00039000 08:05 3150853                    /usr/lib/x86_64-linux-gnu/gvfs/libgvfscommon.so
7ff8c379b000-7ff8c37ca000 r-xp 00000000 08:05 3150572                    /usr/lib/x86_64-linux-gnu/gio/modules/libgvfsdbus.so
7ff8c37ca000-7ff8c39ca000 ---p 0002f000 08:05 3150572                    /usr/lib/x86_64-linux-gnu/gio/modules/libgvfsdbus.so
7ff8c39ca000-7ff8c39cb000 r--p 0002f000 08:05 3150572                    /usr/lib/x86_64-linux-gnu/gio/modules/libgvfsdbus.so
7ff8c39cb000-7ff8c39cc000 rw-p 00030000 08:05 3150572                    /usr/lib/x86_64-linux-gnu/gio/modules/libgvfsdbus.so
7ff8c39cc000-7ff8c39cd000 rw-p 00000000 00:00 0 
7ff8c39cd000-7ff8c39dd000 r-xp 00000000 08:05 3042300                    /usr/lib/x86_64-linux-gnu/libunity-gtk2-parser.so.0.0.0
7ff8c39dd000-7ff8c3bdc000 ---p 00010000 08:05 3042300                    /usr/lib/x86_64-linux-gnu/libunity-gtk2-parser.so.0.0.0
7ff8c3bdc000-7ff8c3bdd000 r--p 0000f000 08:05 3042300                    /usr/lib/x86_64-linux-gnu/libunity-gtk2-parser.so.0.0.0
7ff8c3bdd000-7ff8c3bde000 rw-p 00010000 08:05 3042300                    /usr/lib/x86_64-linux-gnu/libunity-gtk2-parser.so.0.0.0
7ff8c3bde000-7ff8c3be3000 r-xp 00000000 08:05 3165346                    /usr/lib/x86_64-linux-gnu/gtk-2.0/modules/libunity-gtk-module.so
7ff8c3be3000-7ff8c3de2000 ---p 00005000 08:05 3165346                    /usr/lib/x86_64-linux-gnu/gtk-2.0/modules/libunity-gtk-module.so
7ff8c3de2000-7ff8c3de3000 r--p 00004000 08:05 3165346                    /usr/lib/x86_64-linux-gnu/gtk-2.0/modules/libunity-gtk-module.so
7ff8c3de3000-7ff8c3de4000 rw-p 00005000 08:05 3165346                    /usr/lib/x86_64-linux-gnu/gtk-2.0/modules/libunity-gtk-module.so
7ff8c3de4000-7ff8c3dfe000 r-xp 00000000 08:05 3022019                    /usr/lib/x86_64-linux-gnu/libgraphite2.so.3.0.1
7ff8c3dfe000-7ff8c3ffd000 ---p 0001a000 08:05 3022019                    /usr/lib/x86_64-linux-gnu/libgraphite2.so.3.0.1
7ff8c3ffd000-7ff8c3fff000 r--p 00019000 08:05 3022019                    /usr/lib/x86_64-linux-gnu/libgraphite2.so.3.0.1
7ff8c3fff000-7ff8c4000000 rw-p 0001b000 08:05 3022019                    /usr/lib/x86_64-linux-gnu/libgraphite2.so.3.0.1
7ff8c4000000-7ff8c4021000 rw-p 00000000 00:00 0 
7ff8c4021000-7ff8c8000000 ---p 00000000 00:00 0 
7ff8c8004000-7ff8c8005000 rw-p 00000000 00:00 0 
7ff8c8005000-7ff8c8008000 rw-s 00000000 00:04 269025303                  /SYSV00000000 (deleted)
7ff8c8008000-7ff8c800b000 rw-s 00000000 00:04 268992528                  /SYSV00000000 (deleted)
7ff8c800b000-7ff8c806b000 rw-s 00000000 00:04 268926997                  /SYSV00000000 (deleted)
7ff8c806b000-7ff8c806c000 r--p 00000000 08:05 135478                     /usr/share/locale-langpack/en_AU/LC_MESSAGES/gdk-pixbuf.mo
7ff8c806c000-7ff8c8071000 r--s 0004c000 08:05 427281                     /usr/lib/jvm/java-7-openjdk-amd64/jre/lib/jsse.jar
7ff8c8071000-7ff8c8127000 r--p 00000000 08:05 264003                     /usr/share/fonts/truetype/dejavu/DejaVuSans.ttf
7ff8c8127000-7ff8c8128000 r--s 00000000 08:05 1191350                    /var/cache/fontconfig/c05880de57d1f5e948fdfacc138775d9-le64.cache-4
7ff8c8128000-7ff8c8133000 r--s 00000000 08:05 1180320                    /var/cache/fontconfig/945677eb7aeaf62f1d50efc3fb3ec7d8-le64.cache-4
7ff8c8133000-7ff8c8139000 r--s 00000000 08:05 1180318                    /var/cache/fontconfig/2cd17615ca594fa2959ae173292e504c-le64.cache-4
7ff8c8139000-7ff8c813a000 r--s 00000000 08:05 1180257                    /var/cache/fontconfig/e7071f4a29fa870f4323321c154eba04-le64.cache-4
7ff8c813a000-7ff8c813b000 r--s 00000000 08:05 1180255                    /var/cache/fontconfig/0d8c3b2ac0904cb8a57a757ad11a4a08-le64.cache-4
7ff8c813b000-7ff8c8142000 r--s 00000000 08:05 1180254                    /var/cache/fontconfig/a755afe4a08bf5b97852ceb7400b47bc-le64.cache-4
7ff8c8142000-7ff8c8146000 r--s 00000000 08:05 1191346                    /var/cache/fontconfig/6d41288fd70b0be22e8c3a91e032eec0-le64.cache-4
7ff8c8146000-7ff8c815a000 r--s 00000000 08:05 1180253                    /var/cache/fontconfig/04aabc0a78ac019cf9454389977116d2-le64.cache-4
7ff8c815a000-7ff8c815b000 r--s 00000000 08:05 1180252                    /var/cache/fontconfig/1ac9eb803944fde146138c791f5cc56a-le64.cache-4
7ff8c815b000-7ff8c815f000 r--s 00000000 08:05 1180251                    /var/cache/fontconfig/385c0604a188198f04d133e54aba7fe7-le64.cache-4
7ff8c815f000-7ff8c8160000 r--s 00000000 08:05 1180250                    /var/cache/fontconfig/dc05db6664285cc2f12bf69c139ae4c3-le64.cache-4
7ff8c8160000-7ff8c8165000 r--s 00000000 08:05 1180248                    /var/cache/fontconfig/8801497958630a81b71ace7c5f9b32a8-le64.cache-4
7ff8c8165000-7ff8c8169000 r--s 00000000 08:05 1180247                    /var/cache/fontconfig/c57959a16110560c8d0fcea73374aeeb-le64.cache-4
7ff8c8169000-7ff8c817c000 r--s 00000000 08:05 1180228                    /var/cache/fontconfig/d52a8644073d54c13679302ca1180695-le64.cache-4
7ff8c817c000-7ff8c8182000 r-xp 00000000 08:05 3021839                    /usr/lib/x86_64-linux-gnu/libdatrie.so.1.3.1
7ff8c8182000-7ff8c8381000 ---p 00006000 08:05 3021839                    /usr/lib/x86_64-linux-gnu/libdatrie.so.1.3.1
7ff8c8381000-7ff8c8382000 r--p 00005000 08:05 3021839                    /usr/lib/x86_64-linux-gnu/libdatrie.so.1.3.1
7ff8c8382000-7ff8c8383000 rw-p 00006000 08:05 3021839                    /usr/lib/x86_64-linux-gnu/libdatrie.so.1.3.1
7ff8c8383000-7ff8c83d6000 r-xp 00000000 08:05 3015597                    /usr/lib/x86_64-linux-gnu/libharfbuzz.so.0.927.0
7ff8c83d6000-7ff8c85d6000 ---p 00053000 08:05 3015597                    /usr/lib/x86_64-linux-gnu/libharfbuzz.so.0.927.0
7ff8c85d6000-7ff8c85d7000 r--p 00053000 08:05 3015597                    /usr/lib/x86_64-linux-gnu/libharfbuzz.so.0.927.0
7ff8c85d7000-7ff8c85d8000 rw-p 00054000 08:05 3015597                    /usr/lib/x86_64-linux-gnu/libharfbuzz.so.0.927.0
7ff8c85d8000-7ff8c85e0000 r-xp 00000000 08:05 3022594                    /usr/lib/x86_64-linux-gnu/libxcb-render.so.0.0.0
7ff8c85e0000-7ff8c87df000 ---p 00008000 08:05 3022594                    /usr/lib/x86_64-linux-gnu/libxcb-render.so.0.0.0
7ff8c87df000-7ff8c87e0000 r--p 00007000 08:05 3022594                    /usr/lib/x86_64-linux-gnu/libxcb-render.so.0.0.0
7ff8c87e0000-7ff8c87e1000 rw-p 00008000 08:05 3022594                    /usr/lib/x86_64-linux-gnu/libxcb-render.so.0.0.0
7ff8c87e1000-7ff8c87e3000 r-xp 00000000 08:05 3022598                    /usr/lib/x86_64-linux-gnu/libxcb-shm.so.0.0.0
7ff8c87e3000-7ff8c89e2000 ---p 00002000 08:05 3022598                    /usr/lib/x86_64-linux-gnu/libxcb-shm.so.0.0.0
7ff8c89e2000-7ff8c89e3000 r--p 00001000 08:05 3022598                    /usr/lib/x86_64-linux-gnu/libxcb-shm.so.0.0.0
7ff8c89e3000-7ff8c89e4000 rw-p 00002000 08:05 3022598                    /usr/lib/x86_64-linux-gnu/libxcb-shm.so.0.0.0
7ff8c89e4000-7ff8c8a85000 r-xp 00000000 08:05 3022339                    /usr/lib/x86_64-linux-gnu/libpixman-1.so.0.30.2
7ff8c8a85000-7ff8c8c85000 ---p 000a1000 08:05 3022339                    /usr/lib/x86_64-linux-gnu/libpixman-1.so.0.30.2
7ff8c8c85000-7ff8c8c8c000 r--p 000a1000 08:05 3022339                    /usr/lib/x86_64-linux-gnu/libpixman-1.so.0.30.2
7ff8c8c8c000-7ff8c8c8d000 rw-p 000a8000 08:05 3022339                    /usr/lib/x86_64-linux-gnu/libpixman-1.so.0.30.2
7ff8c8c8d000-7ff8c8c95000 r-xp 00000000 08:05 3022489                    /usr/lib/x86_64-linux-gnu/libthai.so.0.2.0
7ff8c8c95000-7ff8c8e94000 ---p 00008000 08:05 3022489                    /usr/lib/x86_64-linux-gnu/libthai.so.0.2.0
7ff8c8e94000-7ff8c8e95000 r--p 00007000 08:05 3022489                    /usr/lib/x86_64-linux-gnu/libthai.so.0.2.0
7ff8c8e95000-7ff8c8e96000 rw-p 00008000 08:05 3022489                    /usr/lib/x86_64-linux-gnu/libthai.so.0.2.0
7ff8c8e96000-7ff8c8e98000 r-xp 00000000 08:05 3021661                    /usr/lib/x86_64-linux-gnu/libXdamage.so.1.1.0
7ff8c8e98000-7ff8c9097000 ---p 00002000 08:05 3021661                    /usr/lib/x86_64-linux-gnu/libXdamage.so.1.1.0
7ff8c9097000-7ff8c9098000 r--p 00001000 08:05 3021661                    /usr/lib/x86_64-linux-gnu/libXdamage.so.1.1.0
7ff8c9098000-7ff8c9099000 rw-p 00002000 08:05 3021661                    /usr/lib/x86_64-linux-gnu/libXdamage.so.1.1.0
7ff8c9099000-7ff8c909b000 r-xp 00000000 08:05 3021657                    /usr/lib/x86_64-linux-gnu/libXcomposite.so.1.0.0
7ff8c909b000-7ff8c929a000 ---p 00002000 08:05 3021657                    /usr/lib/x86_64-linux-gnu/libXcomposite.so.1.0.0
7ff8c929a000-7ff8c929b000 r--p 00001000 08:05 3021657                    /usr/lib/x86_64-linux-gnu/libXcomposite.so.1.0.0
7ff8c929b000-7ff8c929c000 rw-p 00002000 08:05 3021657                    /usr/lib/x86_64-linux-gnu/libXcomposite.so.1.0.0
7ff8c929c000-7ff8c92a5000 r-xp 00000000 08:05 3021685                    /usr/lib/x86_64-linux-gnu/libXrandr.so.2.2.0
7ff8c92a5000-7ff8c94a4000 ---p 00009000 08:05 3021685                    /usr/lib/x86_64-linux-gnu/libXrandr.so.2.2.0
7ff8c94a4000-7ff8c94a5000 r--p 00008000 08:05 3021685                    /usr/lib/x86_64-linux-gnu/libXrandr.so.2.2.0
7ff8c94a5000-7ff8c94a6000 rw-p 00009000 08:05 3021685                    /usr/lib/x86_64-linux-gnu/libXrandr.so.2.2.0
7ff8c94a6000-7ff8c94a8000 r-xp 00000000 08:05 3021675                    /usr/lib/x86_64-linux-gnu/libXinerama.so.1.0.0
7ff8c94a8000-7ff8c96a7000 ---p 00002000 08:05 3021675                    /usr/lib/x86_64-linux-gnu/libXinerama.so.1.0.0
7ff8c96a7000-7ff8c96a8000 r--p 00001000 08:05 3021675                    /usr/lib/x86_64-linux-gnu/libXinerama.so.1.0.0
7ff8c96a8000-7ff8c96a9000 rw-p 00002000 08:05 3021675                    /usr/lib/x86_64-linux-gnu/libXinerama.so.1.0.0
7ff8c96a9000-7ff8c96bd000 r-xp 00000000 08:05 3018982                    /usr/lib/x86_64-linux-gnu/libpangoft2-1.0.so.0.3600.3
7ff8c96bd000-7ff8c98bc000 ---p 00014000 08:05 3018982                    /usr/lib/x86_64-linux-gnu/libpangoft2-1.0.so.0.3600.3
7ff8c98bc000-7ff8c98bd000 r--p 00013000 08:05 3018982                    /usr/lib/x86_64-linux-gnu/libpangoft2-1.0.so.0.3600.3
7ff8c98bd000-7ff8c98be000 rw-p 00014000 08:05 3018982                    /usr/lib/x86_64-linux-gnu/libpangoft2-1.0.so.0.3600.3
7ff8c98be000-7ff8c99c4000 r-xp 00000000 08:05 3021778                    /usr/lib/x86_64-linux-gnu/libcairo.so.2.11301.0
7ff8c99c4000-7ff8c9bc3000 ---p 00106000 08:05 3021778                    /usr/lib/x86_64-linux-gnu/libcairo.so.2.11301.0
7ff8c9bc3000-7ff8c9bc6000 r--p 00105000 08:05 3021778                    /usr/lib/x86_64-linux-gnu/libcairo.so.2.11301.0
7ff8c9bc6000-7ff8c9bc7000 rw-p 00108000 08:05 3021778                    /usr/lib/x86_64-linux-gnu/libcairo.so.2.11301.0
7ff8c9bc7000-7ff8c9bc9000 rw-p 00000000 00:00 0 
7ff8c9bc9000-7ff8c9be8000 r-xp 00000000 08:05 3021739                    /usr/lib/x86_64-linux-gnu/libatk-1.0.so.0.21009.1
7ff8c9be8000-7ff8c9de8000 ---p 0001f000 08:05 3021739                    /usr/lib/x86_64-linux-gnu/libatk-1.0.so.0.21009.1
7ff8c9de8000-7ff8c9dea000 r--p 0001f000 08:05 3021739                    /usr/lib/x86_64-linux-gnu/libatk-1.0.so.0.21009.1
7ff8c9dea000-7ff8c9deb000 rw-p 00021000 08:05 3021739                    /usr/lib/x86_64-linux-gnu/libatk-1.0.so.0.21009.1
7ff8c9deb000-7ff8c9df6000 r-xp 00000000 08:05 3017469                    /usr/lib/x86_64-linux-gnu/libpangocairo-1.0.so.0.3600.3
7ff8c9df6000-7ff8c9ff6000 ---p 0000b000 08:05 3017469                    /usr/lib/x86_64-linux-gnu/libpangocairo-1.0.so.0.3600.3
7ff8c9ff6000-7ff8c9ff7000 r--p 0000b000 08:05 3017469                    /usr/lib/x86_64-linux-gnu/libpangocairo-1.0.so.0.3600.3
7ff8c9ff7000-7ff8c9ff8000 rw-p 0000c000 08:05 3017469                    /usr/lib/x86_64-linux-gnu/libpangocairo-1.0.so.0.3600.3
7ff8c9ff8000-7ff8c9ff9000 r-xp 00000000 08:05 3022109                    /usr/lib/x86_64-linux-gnu/libgthread-2.0.so.0.4000.0
7ff8c9ff9000-7ff8ca1f8000 ---p 00001000 08:05 3022109                    /usr/lib/x86_64-linux-gnu/libgthread-2.0.so.0.4000.0
7ff8ca1f8000-7ff8ca1f9000 r--p 00000000 08:05 3022109                    /usr/lib/x86_64-linux-gnu/libgthread-2.0.so.0.4000.0
7ff8ca1f9000-7ff8ca1fa000 rw-p 00001000 08:05 3022109                    /usr/lib/x86_64-linux-gnu/libgthread-2.0.so.0.4000.0
7ff8ca1fa000-7ff8ca244000 r-xp 00000000 08:05 3018978                    /usr/lib/x86_64-linux-gnu/libpango-1.0.so.0.3600.3
7ff8ca244000-7ff8ca444000 ---p 0004a000 08:05 3018978                    /usr/lib/x86_64-linux-gnu/libpango-1.0.so.0.3600.3
7ff8ca444000-7ff8ca446000 r--p 0004a000 08:05 3018978                    /usr/lib/x86_64-linux-gnu/libpango-1.0.so.0.3600.3
7ff8ca446000-7ff8ca447000 rw-p 0004c000 08:05 3018978                    /usr/lib/x86_64-linux-gnu/libpango-1.0.so.0.3600.3
7ff8ca447000-7ff8ca466000 r-xp 00000000 08:05 3021961                    /usr/lib/x86_64-linux-gnu/libgdk_pixbuf-2.0.so.0.3000.7
7ff8ca466000-7ff8ca666000 ---p 0001f000 08:05 3021961                    /usr/lib/x86_64-linux-gnu/libgdk_pixbuf-2.0.so.0.3000.7
7ff8ca666000-7ff8ca667000 r--p 0001f000 08:05 3021961                    /usr/lib/x86_64-linux-gnu/libgdk_pixbuf-2.0.so.0.3000.7
7ff8ca667000-7ff8ca668000 rw-p 00020000 08:05 3021961                    /usr/lib/x86_64-linux-gnu/libgdk_pixbuf-2.0.so.0.3000.7
7ff8ca668000-7ff8ca715000 r-xp 00000000 08:05 3022034                    /usr/lib/x86_64-linux-gnu/libgdk-x11-2.0.so.0.2400.23
7ff8ca715000-7ff8ca914000 ---p 000ad000 08:05 3022034                    /usr/lib/x86_64-linux-gnu/libgdk-x11-2.0.so.0.2400.23
7ff8ca914000-7ff8ca918000 r--p 000ac000 08:05 3022034                    /usr/lib/x86_64-linux-gnu/libgdk-x11-2.0.so.0.2400.23
7ff8ca918000-7ff8ca91a000 rw-p 000b0000 08:05 3022034                    /usr/lib/x86_64-linux-gnu/libgdk-x11-2.0.so.0.2400.23
7ff8ca91a000-7ff8cad49000 r-xp 00000000 08:05 3015098                    /usr/lib/x86_64-linux-gnu/libgtk-x11-2.0.so.0.2400.23
7ff8cad49000-7ff8caf48000 ---p 0042f000 08:05 3015098                    /usr/lib/x86_64-linux-gnu/libgtk-x11-2.0.so.0.2400.23
7ff8caf48000-7ff8caf4f000 r--p 0042e000 08:05 3015098                    /usr/lib/x86_64-linux-gnu/libgtk-x11-2.0.so.0.2400.23
7ff8caf4f000-7ff8caf53000 rw-p 00435000 08:05 3015098                    /usr/lib/x86_64-linux-gnu/libgtk-x11-2.0.so.0.2400.23
7ff8caf53000-7ff8caf56000 rw-p 00000000 00:00 0 
7ff8caf56000-7ff8caf61000 r-xp 00000000 08:05 427245                     /usr/lib/jvm/java-7-openjdk-amd64/jre/lib/amd64/libjavagtk.so
7ff8caf61000-7ff8cb160000 ---p 0000b000 08:05 427245                     /usr/lib/jvm/java-7-openjdk-amd64/jre/lib/amd64/libjavagtk.so
7ff8cb160000-7ff8cb161000 r--p 0000a000 08:05 427245                     /usr/lib/jvm/java-7-openjdk-amd64/jre/lib/amd64/libjavagtk.so
7ff8cb161000-7ff8cb162000 rw-p 0000b000 08:05 427245                     /usr/lib/jvm/java-7-openjdk-amd64/jre/lib/amd64/libjavagtk.so
7ff8cb162000-7ff8cb165000 ---p 00000000 00:00 0 
7ff8cb165000-7ff8cb263000 rw-p 00000000 00:00 0                          [stack:31899]
7ff8cb263000-7ff8cb268000 r-xp 00000000 08:05 3021667                    /usr/lib/x86_64-linux-gnu/libXfixes.so.3.1.0
7ff8cb268000-7ff8cb467000 ---p 00005000 08:05 3021667                    /usr/lib/x86_64-linux-gnu/libXfixes.so.3.1.0
7ff8cb467000-7ff8cb468000 r--p 00004000 08:05 3021667                    /usr/lib/x86_64-linux-gnu/libXfixes.so.3.1.0
7ff8cb468000-7ff8cb469000 rw-p 00005000 08:05 3021667                    /usr/lib/x86_64-linux-gnu/libXfixes.so.3.1.0
7ff8cb469000-7ff8cb472000 r-xp 00000000 08:05 3021659                    /usr/lib/x86_64-linux-gnu/libXcursor.so.1.0.2
7ff8cb472000-7ff8cb671000 ---p 00009000 08:05 3021659                    /usr/lib/x86_64-linux-gnu/libXcursor.so.1.0.2
7ff8cb671000-7ff8cb672000 r--p 00008000 08:05 3021659                    /usr/lib/x86_64-linux-gnu/libXcursor.so.1.0.2
7ff8cb672000-7ff8cb673000 rw-p 00009000 08:05 3021659                    /usr/lib/x86_64-linux-gnu/libXcursor.so.1.0.2
7ff8cb673000-7ff8cb676000 ---p 00000000 00:00 0 
7ff8cb676000-7ff8cb774000 rw-p 00000000 00:00 0                          [stack:31898]
7ff8cb774000-7ff8cb778000 r-xp 00000000 08:05 2625583                    /lib/x86_64-linux-gnu/libgpg-error.so.0.10.0
7ff8cb778000-7ff8cb977000 ---p 00004000 08:05 2625583                    /lib/x86_64-linux-gnu/libgpg-error.so.0.10.0
7ff8cb977000-7ff8cb978000 r--p 00003000 08:05 2625583                    /lib/x86_64-linux-gnu/libgpg-error.so.0.10.0
7ff8cb978000-7ff8cb979000 rw-p 00004000 08:05 2625583                    /lib/x86_64-linux-gnu/libgpg-error.so.0.10.0
7ff8cb979000-7ff8cb97b000 r-xp 00000000 08:05 2625593                    /lib/x86_64-linux-gnu/libkeyutils.so.1.4
7ff8cb97b000-7ff8cbb7b000 ---p 00002000 08:05 2625593                    /lib/x86_64-linux-gnu/libkeyutils.so.1.4
7ff8cbb7b000-7ff8cbb7c000 r--p 00002000 08:05 2625593                    /lib/x86_64-linux-gnu/libkeyutils.so.1.4
7ff8cbb7c000-7ff8cbb7d000 rw-p 00003000 08:05 2625593                    /lib/x86_64-linux-gnu/libkeyutils.so.1.4
7ff8cbb7d000-7ff8cbbba000 r-xp 00000000 08:05 2625653                    /lib/x86_64-linux-gnu/libpcre.so.3.13.1
7ff8cbbba000-7ff8cbdb9000 ---p 0003d000 08:05 2625653                    /lib/x86_64-linux-gnu/libpcre.so.3.13.1
7ff8cbdb9000-7ff8cbdba000 r--p 0003c000 08:05 2625653                    /lib/x86_64-linux-gnu/libpcre.so.3.13.1
7ff8cbdba000-7ff8cbdbb000 rw-p 0003d000 08:05 2625653                    /lib/x86_64-linux-gnu/libpcre.so.3.13.1
7ff8cbdbb000-7ff8cbdff000 r-xp 00000000 08:05 2621535                    /lib/x86_64-linux-gnu/libdbus-1.so.3.7.6
7ff8cbdff000-7ff8cbffe000 ---p 00044000 08:05 2621535                    /lib/x86_64-linux-gnu/libdbus-1.so.3.7.6
7ff8cbffe000-7ff8cbfff000 r--p 00043000 08:05 2621535                    /lib/x86_64-linux-gnu/libdbus-1.so.3.7.6
7ff8cbfff000-7ff8cc000000 rw-p 00044000 08:05 2621535                    /lib/x86_64-linux-gnu/libdbus-1.so.3.7.6
7ff8cc000000-7ff8cc021000 rw-p 00000000 00:00 0 
7ff8cc021000-7ff8d0000000 ---p 00000000 00:00 0 
7ff8d0000000-7ff8d0002000 r--s 00000000 08:05 1180176                    /var/cache/fontconfig/767a8244fc0220cfb567a839d0392e0b-le64.cache-4
7ff8d0002000-7ff8d0009000 r--s 00000000 08:05 1180237                    /var/cache/fontconfig/3047814df9a2f067bd2d96a2b9c36e5a-le64.cache-4
7ff8d0009000-7ff8d002e000 r-xp 00000000 08:05 2625665                    /lib/x86_64-linux-gnu/libpng12.so.0.50.0
7ff8d002e000-7ff8d022d000 ---p 00025000 08:05 2625665                    /lib/x86_64-linux-gnu/libpng12.so.0.50.0
7ff8d022d000-7ff8d022e000 r--p 00024000 08:05 2625665                    /lib/x86_64-linux-gnu/libpng12.so.0.50.0
7ff8d022e000-7ff8d022f000 rw-p 00025000 08:05 2625665                    /lib/x86_64-linux-gnu/libpng12.so.0.50.0
7ff8d022f000-7ff8d026a000 r-xp 00000000 08:05 3022308                    /usr/lib/x86_64-linux-gnu/libp11-kit.so.0.0.0
7ff8d026a000-7ff8d0469000 ---p 0003b000 08:05 3022308                    /usr/lib/x86_64-linux-gnu/libp11-kit.so.0.0.0
7ff8d0469000-7ff8d046f000 r--p 0003a000 08:05 3022308                    /usr/lib/x86_64-linux-gnu/libp11-kit.so.0.0.0
7ff8d046f000-7ff8d0471000 rw-p 00040000 08:05 3022308                    /usr/lib/x86_64-linux-gnu/libp11-kit.so.0.0.0
7ff8d0471000-7ff8d0483000 r-xp 00000000 08:05 3015545                    /usr/lib/x86_64-linux-gnu/libtasn1.so.6.2.0
7ff8d0483000-7ff8d0683000 ---p 00012000 08:05 3015545                    /usr/lib/x86_64-linux-gnu/libtasn1.so.6.2.0
7ff8d0683000-7ff8d0684000 r--p 00012000 08:05 3015545                    /usr/lib/x86_64-linux-gnu/libtasn1.so.6.2.0
7ff8d0684000-7ff8d0685000 rw-p 00013000 08:05 3015545                    /usr/lib/x86_64-linux-gnu/libtasn1.so.6.2.0
7ff8d0685000-7ff8d0701000 r-xp 00000000 08:05 2622651                    /lib/x86_64-linux-gnu/libgcrypt.so.11.8.2
7ff8d0701000-7ff8d0900000 ---p 0007c000 08:05 2622651                    /lib/x86_64-linux-gnu/libgcrypt.so.11.8.2
7ff8d0900000-7ff8d0901000 r--p 0007b000 08:05 2622651                    /lib/x86_64-linux-gnu/libgcrypt.so.11.8.2
7ff8d0901000-7ff8d0904000 rw-p 0007c000 08:05 2622651                    /lib/x86_64-linux-gnu/libgcrypt.so.11.8.2
7ff8d0904000-7ff8d090e000 r-xp 00000000 08:05 3015424                    /usr/lib/x86_64-linux-gnu/libkrb5support.so.0.1
7ff8d090e000-7ff8d0b0d000 ---p 0000a000 08:05 3015424                    /usr/lib/x86_64-linux-gnu/libkrb5support.so.0.1
7ff8d0b0d000-7ff8d0b0e000 r--p 00009000 08:05 3015424                    /usr/lib/x86_64-linux-gnu/libkrb5support.so.0.1
7ff8d0b0e000-7ff8d0b0f000 rw-p 0000a000 08:05 3015424                    /usr/lib/x86_64-linux-gnu/libkrb5support.so.0.1
7ff8d0b0f000-7ff8d0b12000 r-xp 00000000 08:05 2625559                    /lib/x86_64-linux-gnu/libcom_err.so.2.1
7ff8d0b12000-7ff8d0d11000 ---p 00003000 08:05 2625559                    /lib/x86_64-linux-gnu/libcom_err.so.2.1
7ff8d0d11000-7ff8d0d12000 r--p 00002000 08:05 2625559                    /lib/x86_64-linux-gnu/libcom_err.so.2.1
7ff8d0d12000-7ff8d0d13000 rw-p 00003000 08:05 2625559                    /lib/x86_64-linux-gnu/libcom_err.so.2.1
7ff8d0d13000-7ff8d0d3f000 r-xp 00000000 08:05 3015040                    /usr/lib/x86_64-linux-gnu/libk5crypto.so.3.1
7ff8d0d3f000-7ff8d0f3e000 ---p 0002c000 08:05 3015040                    /usr/lib/x86_64-linux-gnu/libk5crypto.so.3.1
7ff8d0f3e000-7ff8d0f40000 r--p 0002b000 08:05 3015040                    /usr/lib/x86_64-linux-gnu/libk5crypto.so.3.1
7ff8d0f40000-7ff8d0f41000 rw-p 0002d000 08:05 3015040                    /usr/lib/x86_64-linux-gnu/libk5crypto.so.3.1
7ff8d0f41000-7ff8d0f42000 rw-p 00000000 00:00 0 
7ff8d0f42000-7ff8d0ffe000 r-xp 00000000 08:05 3015322                    /usr/lib/x86_64-linux-gnu/libkrb5.so.3.3
7ff8d0ffe000-7ff8d11fe000 ---p 000bc000 08:05 3015322                    /usr/lib/x86_64-linux-gnu/libkrb5.so.3.3
7ff8d11fe000-7ff8d120b000 r--p 000bc000 08:05 3015322                    /usr/lib/x86_64-linux-gnu/libkrb5.so.3.3
7ff8d120b000-7ff8d120d000 rw-p 000c9000 08:05 3015322                    /usr/lib/x86_64-linux-gnu/libkrb5.so.3.3
7ff8d120d000-7ff8d1212000 r-xp 00000000 08:05 3021663                    /usr/lib/x86_64-linux-gnu/libXdmcp.so.6.0.0
7ff8d1212000-7ff8d1411000 ---p 00005000 08:05 3021663                    /usr/lib/x86_64-linux-gnu/libXdmcp.so.6.0.0
7ff8d1411000-7ff8d1412000 r--p 00004000 08:05 3021663                    /usr/lib/x86_64-linux-gnu/libXdmcp.so.6.0.0
7ff8d1412000-7ff8d1413000 rw-p 00005000 08:05 3021663                    /usr/lib/x86_64-linux-gnu/libXdmcp.so.6.0.0
7ff8d1413000-7ff8d1415000 r-xp 00000000 08:05 3021652                    /usr/lib/x86_64-linux-gnu/libXau.so.6.0.0
7ff8d1415000-7ff8d1615000 ---p 00002000 08:05 3021652                    /usr/lib/x86_64-linux-gnu/libXau.so.6.0.0
7ff8d1615000-7ff8d1616000 r--p 00002000 08:05 3021652                    /usr/lib/x86_64-linux-gnu/libXau.so.6.0.0
7ff8d1616000-7ff8d1617000 rw-p 00003000 08:05 3021652                    /usr/lib/x86_64-linux-gnu/libXau.so.6.0.0
7ff8d1617000-7ff8d161e000 r-xp 00000000 08:05 3021908                    /usr/lib/x86_64-linux-gnu/libffi.so.6.0.1
7ff8d161e000-7ff8d181d000 ---p 00007000 08:05 3021908                    /usr/lib/x86_64-linux-gnu/libffi.so.6.0.1
7ff8d181d000-7ff8d181e000 r--p 00006000 08:05 3021908                    /usr/lib/x86_64-linux-gnu/libffi.so.6.0.1
7ff8d181e000-7ff8d181f000 rw-p 00007000 08:05 3021908                    /usr/lib/x86_64-linux-gnu/libffi.so.6.0.1
7ff8d181f000-7ff8d1836000 r-xp 00000000 08:05 2630608                    /lib/x86_64-linux-gnu/libresolv-2.19.so
7ff8d1836000-7ff8d1a36000 ---p 00017000 08:05 2630608                    /lib/x86_64-linux-gnu/libresolv-2.19.so
7ff8d1a36000-7ff8d1a37000 r--p 00017000 08:05 2630608                    /lib/x86_64-linux-gnu/libresolv-2.19.so
7ff8d1a37000-7ff8d1a38000 rw-p 00018000 08:05 2630608                    /lib/x86_64-linux-gnu/libresolv-2.19.so
7ff8d1a38000-7ff8d1a3a000 rw-p 00000000 00:00 0 
7ff8d1a3a000-7ff8d1a5a000 r-xp 00000000 08:05 2621469                    /lib/x86_64-linux-gnu/libselinux.so.1
7ff8d1a5a000-7ff8d1c59000 ---p 00020000 08:05 2621469                    /lib/x86_64-linux-gnu/libselinux.so.1
7ff8d1c59000-7ff8d1c5a000 r--p 0001f000 08:05 2621469                    /lib/x86_64-linux-gnu/libselinux.so.1
7ff8d1c5a000-7ff8d1c5b000 rw-p 00020000 08:05 2621469                    /lib/x86_64-linux-gnu/libselinux.so.1
7ff8d1c5b000-7ff8d1c5d000 rw-p 00000000 00:00 0 
7ff8d1c5d000-7ff8d1d63000 r-xp 00000000 08:05 2625581                    /lib/x86_64-linux-gnu/libglib-2.0.so.0.4000.0
7ff8d1d63000-7ff8d1f62000 ---p 00106000 08:05 2625581                    /lib/x86_64-linux-gnu/libglib-2.0.so.0.4000.0
7ff8d1f62000-7ff8d1f63000 r--p 00105000 08:05 2625581                    /lib/x86_64-linux-gnu/libglib-2.0.so.0.4000.0
7ff8d1f63000-7ff8d1f64000 rw-p 00106000 08:05 2625581                    /lib/x86_64-linux-gnu/libglib-2.0.so.0.4000.0
7ff8d1f64000-7ff8d1f65000 rw-p 00000000 00:00 0 
7ff8d1f65000-7ff8d1f68000 r-xp 00000000 08:05 3021995                    /usr/lib/x86_64-linux-gnu/libgmodule-2.0.so.0.4000.0
7ff8d1f68000-7ff8d2167000 ---p 00003000 08:05 3021995                    /usr/lib/x86_64-linux-gnu/libgmodule-2.0.so.0.4000.0
7ff8d2167000-7ff8d2168000 r--p 00002000 08:05 3021995                    /usr/lib/x86_64-linux-gnu/libgmodule-2.0.so.0.4000.0
7ff8d2168000-7ff8d2169000 rw-p 00003000 08:05 3021995                    /usr/lib/x86_64-linux-gnu/libgmodule-2.0.so.0.4000.0
7ff8d2169000-7ff8d2190000 r-xp 00000000 08:05 2625572                    /lib/x86_64-linux-gnu/libexpat.so.1.6.0
7ff8d2190000-7ff8d2390000 ---p 00027000 08:05 2625572                    /lib/x86_64-linux-gnu/libexpat.so.1.6.0
7ff8d2390000-7ff8d2392000 r--p 00027000 08:05 2625572                    /lib/x86_64-linux-gnu/libexpat.so.1.6.0
7ff8d2392000-7ff8d2393000 rw-p 00029000 08:05 2625572                    /lib/x86_64-linux-gnu/libexpat.so.1.6.0
7ff8d2393000-7ff8d2430000 r-xp 00000000 08:05 3015014                    /usr/lib/x86_64-linux-gnu/libfreetype.so.6.11.1
7ff8d2430000-7ff8d262f000 ---p 0009d000 08:05 3015014                    /usr/lib/x86_64-linux-gnu/libfreetype.so.6.11.1
7ff8d262f000-7ff8d2635000 r--p 0009c000 08:05 3015014                    /usr/lib/x86_64-linux-gnu/libfreetype.so.6.11.1
7ff8d2635000-7ff8d2636000 rw-p 000a2000 08:05 3015014                    /usr/lib/x86_64-linux-gnu/libfreetype.so.6.11.1
7ff8d2636000-7ff8d2645000 r-xp 00000000 08:05 3021749                    /usr/lib/x86_64-linux-gnu/libavahi-client.so.3.2.9
7ff8d2645000-7ff8d2845000 ---p 0000f000 08:05 3021749                    /usr/lib/x86_64-linux-gnu/libavahi-client.so.3.2.9
7ff8d2845000-7ff8d2846000 r--p 0000f000 08:05 3021749                    /usr/lib/x86_64-linux-gnu/libavahi-client.so.3.2.9
7ff8d2846000-7ff8d2847000 rw-p 00010000 08:05 3021749                    /usr/lib/x86_64-linux-gnu/libavahi-client.so.3.2.9
7ff8d2847000-7ff8d2852000 r-xp 00000000 08:05 3021751                    /usr/lib/x86_64-linux-gnu/libavahi-common.so.3.5.3
7ff8d2852000-7ff8d2a51000 ---p 0000b000 08:05 3021751                    /usr/lib/x86_64-linux-gnu/libavahi-common.so.3.5.3
7ff8d2a51000-7ff8d2a52000 r--p 0000a000 08:05 3021751                    /usr/lib/x86_64-linux-gnu/libavahi-common.so.3.5.3
7ff8d2a52000-7ff8d2a53000 rw-p 0000b000 08:05 3021751                    /usr/lib/x86_64-linux-gnu/libavahi-common.so.3.5.3
7ff8d2a53000-7ff8d2b09000 r-xp 00000000 08:05 3017711                    /usr/lib/x86_64-linux-gnu/libgnutls.so.26.22.6
7ff8d2b09000-7ff8d2d09000 ---p 000b6000 08:05 3017711                    /usr/lib/x86_64-linux-gnu/libgnutls.so.26.22.6
7ff8d2d09000-7ff8d2d0f000 r--p 000b6000 08:05 3017711                    /usr/lib/x86_64-linux-gnu/libgnutls.so.26.22.6
7ff8d2d0f000-7ff8d2d10000 rw-p 000bc000 08:05 3017711                    /usr/lib/x86_64-linux-gnu/libgnutls.so.26.22.6
7ff8d2d10000-7ff8d2d11000 rw-p 00000000 00:00 0 
7ff8d2d11000-7ff8d2d54000 r-xp 00000000 08:05 3015222                    /usr/lib/x86_64-linux-gnu/libgssapi_krb5.so.2.2
7ff8d2d54000-7ff8d2f54000 ---p 00043000 08:05 3015222                    /usr/lib/x86_64-linux-gnu/libgssapi_krb5.so.2.2
7ff8d2f54000-7ff8d2f55000 r--p 00043000 08:05 3015222                    /usr/lib/x86_64-linux-gnu/libgssapi_krb5.so.2.2
7ff8d2f55000-7ff8d2f57000 rw-p 00044000 08:05 3015222                    /usr/lib/x86_64-linux-gnu/libgssapi_krb5.so.2.2
7ff8d2f57000-7ff8d2f74000 r-xp 00000000 08:05 3022606                    /usr/lib/x86_64-linux-gnu/libxcb.so.1.1.0
7ff8d2f74000-7ff8d3174000 ---p 0001d000 08:05 3022606                    /usr/lib/x86_64-linux-gnu/libxcb.so.1.1.0
7ff8d3174000-7ff8d3175000 r--p 0001d000 08:05 3022606                    /usr/lib/x86_64-linux-gnu/libxcb.so.1.1.0
7ff8d3175000-7ff8d3176000 rw-p 0001e000 08:05 3022606                    /usr/lib/x86_64-linux-gnu/libxcb.so.1.1.0
7ff8d3176000-7ff8d31c5000 r-xp 00000000 08:05 3022007                    /usr/lib/x86_64-linux-gnu/libgobject-2.0.so.0.4000.0
7ff8d31c5000-7ff8d33c5000 ---p 0004f000 08:05 3022007                    /usr/lib/x86_64-linux-gnu/libgobject-2.0.so.0.4000.0
7ff8d33c5000-7ff8d33c6000 r--p 0004f000 08:05 3022007                    /usr/lib/x86_64-linux-gnu/libgobject-2.0.so.0.4000.0
7ff8d33c6000-7ff8d33c7000 rw-p 00050000 08:05 3022007                    /usr/lib/x86_64-linux-gnu/libgobject-2.0.so.0.4000.0
7ff8d33c7000-7ff8d3532000 r-xp 00000000 08:05 3021983                    /usr/lib/x86_64-linux-gnu/libgio-2.0.so.0.4000.0
7ff8d3532000-7ff8d3732000 ---p 0016b000 08:05 3021983                    /usr/lib/x86_64-linux-gnu/libgio-2.0.so.0.4000.0
7ff8d3732000-7ff8d3736000 r--p 0016b000 08:05 3021983                    /usr/lib/x86_64-linux-gnu/libgio-2.0.so.0.4000.0
7ff8d3736000-7ff8d3738000 rw-p 0016f000 08:05 3021983                    /usr/lib/x86_64-linux-gnu/libgio-2.0.so.0.4000.0
7ff8d3738000-7ff8d373a000 rw-p 00000000 00:00 0 
7ff8d373a000-7ff8d3774000 r-xp 00000000 08:05 3014914                    /usr/lib/x86_64-linux-gnu/libfontconfig.so.1.8.0
7ff8d3774000-7ff8d3973000 ---p 0003a000 08:05 3014914                    /usr/lib/x86_64-linux-gnu/libfontconfig.so.1.8.0
7ff8d3973000-7ff8d3975000 r--p 00039000 08:05 3014914                    /usr/lib/x86_64-linux-gnu/libfontconfig.so.1.8.0
7ff8d3975000-7ff8d3976000 rw-p 0003b000 08:05 3014914                    /usr/lib/x86_64-linux-gnu/libfontconfig.so.1.8.0
7ff8d3976000-7ff8d39e2000 r-xp 00000000 08:05 3014778                    /usr/lib/x86_64-linux-gnu/libcups.so.2
7ff8d39e2000-7ff8d3be2000 ---p 0006c000 08:05 3014778                    /usr/lib/x86_64-linux-gnu/libcups.so.2
7ff8d3be2000-7ff8d3be9000 r--p 0006c000 08:05 3014778                    /usr/lib/x86_64-linux-gnu/libcups.so.2
7ff8d3be9000-7ff8d3bea000 rw-p 00073000 08:05 3014778                    /usr/lib/x86_64-linux-gnu/libcups.so.2
7ff8d3bea000-7ff8d3bf9000 r-xp 00000000 08:05 3021673                    /usr/lib/x86_64-linux-gnu/libXi.so.6.1.0
7ff8d3bf9000-7ff8d3df8000 ---p 0000f000 08:05 3021673                    /usr/lib/x86_64-linux-gnu/libXi.so.6.1.0
7ff8d3df8000-7ff8d3df9000 r--p 0000e000 08:05 3021673                    /usr/lib/x86_64-linux-gnu/libXi.so.6.1.0
7ff8d3df9000-7ff8d3dfa000 rw-p 0000f000 08:05 3021673                    /usr/lib/x86_64-linux-gnu/libXi.so.6.1.0
7ff8d3dfa000-7ff8d3dff000 r-xp 00000000 08:05 3021693                    /usr/lib/x86_64-linux-gnu/libXtst.so.6.1.0
7ff8d3dff000-7ff8d3ffe000 ---p 00005000 08:05 3021693                    /usr/lib/x86_64-linux-gnu/libXtst.so.6.1.0
7ff8d3ffe000-7ff8d3fff000 r--p 00004000 08:05 3021693                    /usr/lib/x86_64-linux-gnu/libXtst.so.6.1.0
7ff8d3fff000-7ff8d4000000 rw-p 00005000 08:05 3021693                    /usr/lib/x86_64-linux-gnu/libXtst.so.6.1.0
7ff8d4000000-7ff8d45b4000 rw-p 00000000 00:00 0 
7ff8d45b4000-7ff8d8000000 ---p 00000000 00:00 0 
7ff8d8000000-7ff8d8021000 rw-p 00000000 00:00 0 
7ff8d8021000-7ff8dc000000 ---p 00000000 00:00 0 
7ff8dc000000-7ff8dc021000 rw-p 00000000 00:00 0 
7ff8dc021000-7ff8e0000000 ---p 00000000 00:00 0 
7ff8e0000000-7ff8e0848000 rw-p 00000000 00:00 0 
7ff8e0848000-7ff8e4000000 ---p 00000000 00:00 0 
7ff8e4000000-7ff8e4021000 rw-p 00000000 00:00 0 
7ff8e4021000-7ff8e8000000 ---p 00000000 00:00 0 
7ff8e8000000-7ff8e8021000 rw-p 00000000 00:00 0 
7ff8e8021000-7ff8ec000000 ---p 00000000 00:00 0 
7ff8ec000000-7ff8ec0e0000 rw-p 00000000 00:00 0 
7ff8ec0e0000-7ff8f0000000 ---p 00000000 00:00 0 
7ff8f0000000-7ff8f0021000 rw-p 00000000 00:00 0 
7ff8f0021000-7ff8f4000000 ---p 00000000 00:00 0 
7ff8f4000000-7ff8f4001000 r--s 00000000 08:05 1204984                    /var/cache/fontconfig/4794a0821666d79190d59a36cb4f44b5-le64.cache-4
7ff8f4001000-7ff8f4007000 r--s 00000000 08:05 1180229                    /var/cache/fontconfig/b47c4e1ecd0709278f4910c18777a504-le64.cache-4
7ff8f4007000-7ff8f400a000 r--s 00000000 08:05 1191349                    /var/cache/fontconfig/e49e89034d371f0f9de17aab02136486-le64.cache-4
7ff8f400a000-7ff8f4012000 r--s 00000000 08:05 1180227                    /var/cache/fontconfig/3f7329c5293ffd510edef78f73874cfd-le64.cache-4
7ff8f4012000-7ff8f401d000 r--s 00000000 08:05 1180821                    /var/cache/fontconfig/d589a48862398ed80a3d6066f4f56f4c-le64.cache-4
7ff8f401d000-7ff8f406d000 r--p 00000000 08:05 3304345                    /usr/share/glib-2.0/schemas/gschemas.compiled
7ff8f406d000-7ff8f40bd000 r--p 00000000 08:05 3304345                    /usr/share/glib-2.0/schemas/gschemas.compiled
7ff8f40bd000-7ff8f40c6000 r-xp 00000000 08:05 3021687                    /usr/lib/x86_64-linux-gnu/libXrender.so.1.3.0
7ff8f40c6000-7ff8f42c5000 ---p 00009000 08:05 3021687                    /usr/lib/x86_64-linux-gnu/libXrender.so.1.3.0
7ff8f42c5000-7ff8f42c6000 r--p 00008000 08:05 3021687                    /usr/lib/x86_64-linux-gnu/libXrender.so.1.3.0
7ff8f42c6000-7ff8f42c7000 rw-p 00009000 08:05 3021687                    /usr/lib/x86_64-linux-gnu/libXrender.so.1.3.0
7ff8f42c7000-7ff8f43f7000 r-xp 00000000 08:05 3021648                    /usr/lib/x86_64-linux-gnu/libX11.so.6.3.0
7ff8f43f7000-7ff8f45f7000 ---p 00130000 08:05 3021648                    /usr/lib/x86_64-linux-gnu/libX11.so.6.3.0
7ff8f45f7000-7ff8f45f8000 r--p 00130000 08:05 3021648                    /usr/lib/x86_64-linux-gnu/libX11.so.6.3.0
7ff8f45f8000-7ff8f45fc000 rw-p 00131000 08:05 3021648                    /usr/lib/x86_64-linux-gnu/libX11.so.6.3.0
7ff8f45fc000-7ff8f460d000 r-xp 00000000 08:05 3021665                    /usr/lib/x86_64-linux-gnu/libXext.so.6.4.0
7ff8f460d000-7ff8f480c000 ---p 00011000 08:05 3021665                    /usr/lib/x86_64-linux-gnu/libXext.so.6.4.0
7ff8f480c000-7ff8f480d000 r--p 00010000 08:05 3021665                    /usr/lib/x86_64-linux-gnu/libXext.so.6.4.0
7ff8f480d000-7ff8f480e000 rw-p 00011000 08:05 3021665                    /usr/lib/x86_64-linux-gnu/libXext.so.6.4.0
7ff8f480e000-7ff8f4856000 r-xp 00000000 08:05 427242                     /usr/lib/jvm/java-7-openjdk-amd64/jre/lib/amd64/xawt/libmawt.so
7ff8f4856000-7ff8f4a55000 ---p 00048000 08:05 427242                     /usr/lib/jvm/java-7-openjdk-amd64/jre/lib/amd64/xawt/libmawt.so
7ff8f4a55000-7ff8f4a56000 r--p 00047000 08:05 427242                     /usr/lib/jvm/java-7-openjdk-amd64/jre/lib/amd64/xawt/libmawt.so
7ff8f4a56000-7ff8f4a59000 rw-p 00048000 08:05 427242                     /usr/lib/jvm/java-7-openjdk-amd64/jre/lib/amd64/xawt/libmawt.so
7ff8f4a59000-7ff8f4a5a000 rw-p 00000000 00:00 0 
7ff8f4a5a000-7ff8f4afa000 r-xp 00000000 08:05 427279                     /usr/lib/jvm/java-7-openjdk-amd64/jre/lib/amd64/libawt.so
7ff8f4afa000-7ff8f4cfa000 ---p 000a0000 08:05 427279                     /usr/lib/jvm/java-7-openjdk-amd64/jre/lib/amd64/libawt.so
7ff8f4cfa000-7ff8f4cfb000 r--p 000a0000 08:05 427279                     /usr/lib/jvm/java-7-openjdk-amd64/jre/lib/amd64/libawt.so
7ff8f4cfb000-7ff8f4d06000 rw-p 000a1000 08:05 427279                     /usr/lib/jvm/java-7-openjdk-amd64/jre/lib/amd64/libawt.so
7ff8f4d06000-7ff8f4d2b000 rw-p 00000000 00:00 0 
7ff8f4d2b000-7ff8f4d2c000 ---p 00000000 00:00 0 
7ff8f4d2c000-7ff8f4e2c000 rw-p 00000000 00:00 0                          [stack:31897]
7ff8f4e2c000-7ff8f4e2f000 ---p 00000000 00:00 0 
7ff8f4e2f000-7ff8f4f2d000 rw-p 00000000 00:00 0                          [stack:31896]
7ff8f4f2d000-7ff8f4f30000 ---p 00000000 00:00 0 
7ff8f4f30000-7ff8f502e000 rw-p 00000000 00:00 0                          [stack:31895]
7ff8f502e000-7ff8f5031000 ---p 00000000 00:00 0 
7ff8f5031000-7ff8f512f000 rw-p 00000000 00:00 0                          [stack:31894]
7ff8f512f000-7ff8f5132000 ---p 00000000 00:00 0 
7ff8f5132000-7ff8f5230000 rw-p 00000000 00:00 0                          [stack:31893]
7ff8f5230000-7ff8f5bfe000 r--p 00000000 08:05 3019502                    /usr/lib/locale/locale-archive
7ff8f5bfe000-7ff8f5c01000 ---p 00000000 00:00 0 
7ff8f5c01000-7ff8f5cff000 rw-p 00000000 00:00 0                          [stack:31892]
7ff8f5cff000-7ff8f5d02000 ---p 00000000 00:00 0 
7ff8f5d02000-7ff8f8000000 rw-p 00000000 00:00 0                          [stack:31891]
7ff8f8000000-7ff8f8021000 rw-p 00000000 00:00 0 
7ff8f8021000-7ff8fc000000 ---p 00000000 00:00 0 
7ff8fc000000-7ff8fc021000 rw-p 00000000 00:00 0 
7ff8fc021000-7ff900000000 ---p 00000000 00:00 0 
7ff900000000-7ff900039000 rw-p 00000000 00:00 0 
7ff900039000-7ff904000000 ---p 00000000 00:00 0 
7ff904000000-7ff904001000 r--s 00000000 08:05 1180234                    /var/cache/fontconfig/56cf4f4769d0f4abc89a4895d7bd3ae1-le64.cache-4
7ff904001000-7ff904002000 r--s 00000000 08:05 1180230                    /var/cache/fontconfig/b9d506c9ac06c20b433354fa67a72993-le64.cache-4
7ff904002000-7ff904004000 r--s 00000000 08:05 1191348                    /var/cache/fontconfig/4b14b093aebc79c320de5e86ae1d3314-le64.cache-4
7ff904004000-7ff904005000 r--s 00000000 08:05 1180221                    /var/cache/fontconfig/0c9eb80ebd1c36541ebe2852d3bb0c49-le64.cache-4
7ff904005000-7ff904006000 r--s 00000000 08:05 1199415                    /var/cache/fontconfig/62f91419b9ebdb6975e7e41ab6412357-le64.cache-4
7ff904006000-7ff904009000 r--s 00000000 08:05 1196435                    /var/cache/fontconfig/e13b20fdb08344e0e664864cc2ede53d-le64.cache-4
7ff904009000-7ff90400d000 r--s 00000000 08:05 1196436                    /var/cache/fontconfig/7ef2298fde41cc6eeb7af42e48b7d293-le64.cache-4
7ff90400d000-7ff90403e000 rw-p 00000000 00:00 0 
7ff90403e000-7ff904045000 r--s 00000000 08:05 3172867                    /usr/lib/x86_64-linux-gnu/gconv/gconv-modules.cache
7ff904045000-7ff90404b000 r--p 00000000 08:05 561911                     /home/mark/.config/dconf/user
7ff90404b000-7ff90404c000 r--s 00000000 00:15 13757                      /run/user/1000/dconf/user
7ff90404c000-7ff90404d000 ---p 00000000 00:00 0 
7ff90404d000-7ff905000000 rw-p 00000000 00:00 0                          [stack:31890]
7ff905000000-7ff905270000 rwxp 00000000 00:00 0 
7ff905270000-7ff90844d000 rw-p 00000000 00:00 0 
7ff90844d000-7ff90c000000 ---p 00000000 00:00 0 
7ff90c000000-7ff90c004000 r--p 00000000 08:05 135245                     /usr/share/locale-langpack/en_AU/LC_MESSAGES/gtk20-properties.mo
7ff90c004000-7ff90c00d000 r--s 000b9000 08:05 427284                     /usr/lib/jvm/java-7-openjdk-amd64/jre/lib/resources.jar
7ff90c00d000-7ff90c017000 r--s 00203000 08:05 427286                     /usr/lib/jvm/java-7-openjdk-amd64/jre/lib/charsets.jar
7ff90c017000-7ff90c161000 rw-p 00000000 00:00 0 
7ff90c161000-7ff90c312000 r--s 01d21000 08:05 427480                     /usr/lib/jvm/java-7-openjdk-amd64/jre/lib/rt.jar
7ff90c312000-7ff90c62b000 rw-p 00000000 00:00 0 
7ff90c62b000-7ff90c62c000 ---p 00000000 00:00 0 
7ff90c62c000-7ff90c72c000 rw-p 00000000 00:00 0                          [stack:31889]
7ff90c72c000-7ff90c72d000 ---p 00000000 00:00 0 
7ff90c72d000-7ff90c82d000 rw-p 00000000 00:00 0                          [stack:31888]
7ff90c82d000-7ff90c82e000 ---p 00000000 00:00 0 
7ff90c82e000-7ff90c92e000 rw-p 00000000 00:00 0                          [stack:31887]
7ff90c92e000-7ff90c92f000 ---p 00000000 00:00 0 
7ff90c92f000-7ff90ca3c000 rw-p 00000000 00:00 0                          [stack:31886]
7ff90ca3c000-7ff90ca40000 ---p 00000000 00:00 0 
7ff90ca40000-7ff90ca82000 rw-p 00000000 00:00 0 
7ff90ca82000-7ff90cb86000 rw-p 00000000 00:00 0 
7ff90cb86000-7ff90cbb6000 rw-p 00000000 00:00 0 
7ff90cbb6000-7ff90cbc3000 rw-p 00000000 00:00 0 
7ff90cbc3000-7ff90cbc7000 ---p 00000000 00:00 0 
7ff90cbc7000-7ff90cc09000 rw-p 00000000 00:00 0 
7ff90cc09000-7ff90cd0d000 rw-p 00000000 00:00 0 
7ff90cd0d000-7ff90cd3c000 rw-p 00000000 00:00 0 
7ff90cd3c000-7ff90cdd6000 rw-p 00000000 00:00 0 
7ff90cdd6000-7ff90cdd7000 rw-p 00000000 00:00 0 
7ff90cdd7000-7ff90cddf000 r-xp 00000000 08:05 405699                     /usr/lib/jvm/java-7-openjdk-amd64/jre/lib/amd64/libzip.so
7ff90cddf000-7ff90cfde000 ---p 00008000 08:05 405699                     /usr/lib/jvm/java-7-openjdk-amd64/jre/lib/amd64/libzip.so
7ff90cfde000-7ff90cfdf000 r--p 00007000 08:05 405699                     /usr/lib/jvm/java-7-openjdk-amd64/jre/lib/amd64/libzip.so
7ff90cfdf000-7ff90cfe0000 rw-p 00008000 08:05 405699                     /usr/lib/jvm/java-7-openjdk-amd64/jre/lib/amd64/libzip.so
7ff90cfe0000-7ff90cfeb000 r-xp 00000000 08:05 2630622                    /lib/x86_64-linux-gnu/libnss_files-2.19.so
7ff90cfeb000-7ff90d1ea000 ---p 0000b000 08:05 2630622                    /lib/x86_64-linux-gnu/libnss_files-2.19.so
7ff90d1ea000-7ff90d1eb000 r--p 0000a000 08:05 2630622                    /lib/x86_64-linux-gnu/libnss_files-2.19.so
7ff90d1eb000-7ff90d1ec000 rw-p 0000b000 08:05 2630622                    /lib/x86_64-linux-gnu/libnss_files-2.19.so
7ff90d1ec000-7ff90d1f7000 r-xp 00000000 08:05 2630623                    /lib/x86_64-linux-gnu/libnss_nis-2.19.so
7ff90d1f7000-7ff90d3f6000 ---p 0000b000 08:05 2630623                    /lib/x86_64-linux-gnu/libnss_nis-2.19.so
7ff90d3f6000-7ff90d3f7000 r--p 0000a000 08:05 2630623                    /lib/x86_64-linux-gnu/libnss_nis-2.19.so
7ff90d3f7000-7ff90d3f8000 rw-p 0000b000 08:05 2630623                    /lib/x86_64-linux-gnu/libnss_nis-2.19.so
7ff90d3f8000-7ff90d40f000 r-xp 00000000 08:05 2630609                    /lib/x86_64-linux-gnu/libnsl-2.19.so
7ff90d40f000-7ff90d60e000 ---p 00017000 08:05 2630609                    /lib/x86_64-linux-gnu/libnsl-2.19.so
7ff90d60e000-7ff90d60f000 r--p 00016000 08:05 2630609                    /lib/x86_64-linux-gnu/libnsl-2.19.so
7ff90d60f000-7ff90d610000 rw-p 00017000 08:05 2630609                    /lib/x86_64-linux-gnu/libnsl-2.19.so
7ff90d610000-7ff90d612000 rw-p 00000000 00:00 0 
7ff90d612000-7ff90d61b000 r-xp 00000000 08:05 2630605                    /lib/x86_64-linux-gnu/libnss_compat-2.19.so
7ff90d61b000-7ff90d81a000 ---p 00009000 08:05 2630605                    /lib/x86_64-linux-gnu/libnss_compat-2.19.so
7ff90d81a000-7ff90d81b000 r--p 00008000 08:05 2630605                    /lib/x86_64-linux-gnu/libnss_compat-2.19.so
7ff90d81b000-7ff90d81c000 rw-p 00009000 08:05 2630605                    /lib/x86_64-linux-gnu/libnss_compat-2.19.so
7ff90d81c000-7ff90d847000 r-xp 00000000 08:05 405693                     /usr/lib/jvm/java-7-openjdk-amd64/jre/lib/amd64/libjava.so
7ff90d847000-7ff90da47000 ---p 0002b000 08:05 405693                     /usr/lib/jvm/java-7-openjdk-amd64/jre/lib/amd64/libjava.so
7ff90da47000-7ff90da48000 r--p 0002b000 08:05 405693                     /usr/lib/jvm/java-7-openjdk-amd64/jre/lib/amd64/libjava.so
7ff90da48000-7ff90da4a000 rw-p 0002c000 08:05 405693                     /usr/lib/jvm/java-7-openjdk-amd64/jre/lib/amd64/libjava.so
7ff90da4a000-7ff90da5a000 r-xp 00000000 08:05 427259                     /usr/lib/jvm/java-7-openjdk-amd64/jre/lib/amd64/libverify.so
7ff90da5a000-7ff90dc59000 ---p 00010000 08:05 427259                     /usr/lib/jvm/java-7-openjdk-amd64/jre/lib/amd64/libverify.so
7ff90dc59000-7ff90dc5b000 r--p 0000f000 08:05 427259                     /usr/lib/jvm/java-7-openjdk-amd64/jre/lib/amd64/libverify.so
7ff90dc5b000-7ff90dc5c000 rw-p 00011000 08:05 427259                     /usr/lib/jvm/java-7-openjdk-amd64/jre/lib/amd64/libverify.so
7ff90dc5c000-7ff90dc63000 r-xp 00000000 08:05 2630611                    /lib/x86_64-linux-gnu/librt-2.19.so
7ff90dc63000-7ff90de62000 ---p 00007000 08:05 2630611                    /lib/x86_64-linux-gnu/librt-2.19.so
7ff90de62000-7ff90de63000 r--p 00006000 08:05 2630611                    /lib/x86_64-linux-gnu/librt-2.19.so
7ff90de63000-7ff90de64000 rw-p 00007000 08:05 2630611                    /lib/x86_64-linux-gnu/librt-2.19.so
7ff90de64000-7ff90de7a000 r-xp 00000000 08:05 2622636                    /lib/x86_64-linux-gnu/libgcc_s.so.1
7ff90de7a000-7ff90e079000 ---p 00016000 08:05 2622636                    /lib/x86_64-linux-gnu/libgcc_s.so.1
7ff90e079000-7ff90e07a000 rw-p 00015000 08:05 2622636                    /lib/x86_64-linux-gnu/libgcc_s.so.1
7ff90e07a000-7ff90e17f000 r-xp 00000000 08:05 2630618                    /lib/x86_64-linux-gnu/libm-2.19.so
7ff90e17f000-7ff90e37e000 ---p 00105000 08:05 2630618                    /lib/x86_64-linux-gnu/libm-2.19.so
7ff90e37e000-7ff90e37f000 r--p 00104000 08:05 2630618                    /lib/x86_64-linux-gnu/libm-2.19.so
7ff90e37f000-7ff90e380000 rw-p 00105000 08:05 2630618                    /lib/x86_64-linux-gnu/libm-2.19.so
7ff90e380000-7ff90e466000 r-xp 00000000 08:05 3022467                    /usr/lib/x86_64-linux-gnu/libstdc++.so.6.0.19
7ff90e466000-7ff90e665000 ---p 000e6000 08:05 3022467                    /usr/lib/x86_64-linux-gnu/libstdc++.so.6.0.19
7ff90e665000-7ff90e66d000 r--p 000e5000 08:05 3022467                    /usr/lib/x86_64-linux-gnu/libstdc++.so.6.0.19
7ff90e66d000-7ff90e66f000 rw-p 000ed000 08:05 3022467                    /usr/lib/x86_64-linux-gnu/libstdc++.so.6.0.19
7ff90e66f000-7ff90e684000 rw-p 00000000 00:00 0 
7ff90e684000-7ff90f19a000 r-xp 00000000 08:05 427271                     /usr/lib/jvm/java-7-openjdk-amd64/jre/lib/amd64/server/libjvm.so
7ff90f19a000-7ff90f399000 ---p 00b16000 08:05 427271                     /usr/lib/jvm/java-7-openjdk-amd64/jre/lib/amd64/server/libjvm.so
7ff90f399000-7ff90f433000 r--p 00b15000 08:05 427271                     /usr/lib/jvm/java-7-openjdk-amd64/jre/lib/amd64/server/libjvm.so
7ff90f433000-7ff90f456000 rw-p 00baf000 08:05 427271                     /usr/lib/jvm/java-7-openjdk-amd64/jre/lib/amd64/server/libjvm.so
7ff90f456000-7ff90f484000 rw-p 00000000 00:00 0 
7ff90f484000-7ff90f49c000 r-xp 00000000 08:05 2625711                    /lib/x86_64-linux-gnu/libz.so.1.2.8
7ff90f49c000-7ff90f69b000 ---p 00018000 08:05 2625711                    /lib/x86_64-linux-gnu/libz.so.1.2.8
7ff90f69b000-7ff90f69c000 r--p 00017000 08:05 2625711                    /lib/x86_64-linux-gnu/libz.so.1.2.8
7ff90f69c000-7ff90f69d000 rw-p 00018000 08:05 2625711                    /lib/x86_64-linux-gnu/libz.so.1.2.8
7ff90f69d000-7ff90f6b6000 r-xp 00000000 08:05 2630628                    /lib/x86_64-linux-gnu/libpthread-2.19.so
7ff90f6b6000-7ff90f8b5000 ---p 00019000 08:05 2630628                    /lib/x86_64-linux-gnu/libpthread-2.19.so
7ff90f8b5000-7ff90f8b6000 r--p 00018000 08:05 2630628                    /lib/x86_64-linux-gnu/libpthread-2.19.so
7ff90f8b6000-7ff90f8b7000 rw-p 00019000 08:05 2630628                    /lib/x86_64-linux-gnu/libpthread-2.19.so
7ff90f8b7000-7ff90f8bb000 rw-p 00000000 00:00 0 
7ff90f8bb000-7ff90f8be000 r-xp 00000000 08:05 2630627                    /lib/x86_64-linux-gnu/libdl-2.19.so
7ff90f8be000-7ff90fabd000 ---p 00003000 08:05 2630627                    /lib/x86_64-linux-gnu/libdl-2.19.so
7ff90fabd000-7ff90fabe000 r--p 00002000 08:05 2630627                    /lib/x86_64-linux-gnu/libdl-2.19.so
7ff90fabe000-7ff90fabf000 rw-p 00003000 08:05 2630627                    /lib/x86_64-linux-gnu/libdl-2.19.so
7ff90fabf000-7ff90fc7a000 r-xp 00000000 08:05 2630615                    /lib/x86_64-linux-gnu/libc-2.19.so
7ff90fc7a000-7ff90fe7a000 ---p 001bb000 08:05 2630615                    /lib/x86_64-linux-gnu/libc-2.19.so
7ff90fe7a000-7ff90fe7e000 r--p 001bb000 08:05 2630615                    /lib/x86_64-linux-gnu/libc-2.19.so
7ff90fe7e000-7ff90fe80000 rw-p 001bf000 08:05 2630615                    /lib/x86_64-linux-gnu/libc-2.19.so
7ff90fe80000-7ff90fe85000 rw-p 00000000 00:00 0 
7ff90fe85000-7ff90fe92000 r-xp 00000000 08:05 427276                     /usr/lib/jvm/java-7-openjdk-amd64/jre/lib/amd64/jli/libjli.so
7ff90fe92000-7ff910091000 ---p 0000d000 08:05 427276                     /usr/lib/jvm/java-7-openjdk-amd64/jre/lib/amd64/jli/libjli.so
7ff910091000-7ff910092000 r--p 0000c000 08:05 427276                     /usr/lib/jvm/java-7-openjdk-amd64/jre/lib/amd64/jli/libjli.so
7ff910092000-7ff910093000 rw-p 0000d000 08:05 427276                     /usr/lib/jvm/java-7-openjdk-amd64/jre/lib/amd64/jli/libjli.so
7ff910093000-7ff9100b6000 r-xp 00000000 08:05 2630616                    /lib/x86_64-linux-gnu/ld-2.19.so
7ff9100b6000-7ff9100b7000 r--p 00000000 08:05 135106                     /usr/share/locale-langpack/en_AU/LC_MESSAGES/glib20.mo
7ff9100b7000-7ff9100b9000 r--p 00000000 08:05 135117                     /usr/share/locale-langpack/en_AU/LC_MESSAGES/gtk20.mo
7ff9100b9000-7ff9100ba000 r--p 00000000 08:05 137937                     /usr/share/locale-langpack/en_AU/LC_MESSAGES/libc.mo
7ff9100ba000-7ff9100bb000 r--s 00005000 08:05 1844121                    /home/mark/Downloads/json-simple-1.1.1.jar
7ff9100bb000-7ff9100bf000 r--s 00085000 08:05 427287                     /usr/lib/jvm/java-7-openjdk-amd64/jre/lib/ext/localedata.jar
7ff9100bf000-7ff9100c2000 r--s 0003c000 08:05 427460                     /usr/lib/jvm/java-7-openjdk-amd64/jre/lib/ext/sunpkcs11.jar
7ff9100c2000-7ff9100c5000 r--s 0000f000 08:05 427288                     /usr/lib/jvm/java-7-openjdk-amd64/jre/lib/ext/pulse-java.jar
7ff9100c5000-7ff9100c7000 r--s 00006000 08:05 3282004                    /usr/share/java/java-atk-wrapper.jar
7ff9100c7000-7ff9100c8000 r--s 00002000 08:05 427293                     /usr/lib/jvm/java-7-openjdk-amd64/jre/lib/ext/dnsns.jar
7ff9100c8000-7ff9100ca000 r--s 00012000 08:05 427289                     /usr/lib/jvm/java-7-openjdk-amd64/jre/lib/ext/zipfs.jar
7ff9100ca000-7ff9100d4000 rw-p 00000000 00:00 0 
7ff9100d4000-7ff91018a000 rw-p 00000000 00:00 0 
7ff91018a000-7ff91018d000 ---p 00000000 00:00 0 
7ff91018d000-7ff910290000 rw-p 00000000 00:00 0                          [stack:31885]
7ff910290000-7ff910293000 r--s 00032000 08:05 427291                     /usr/lib/jvm/java-7-openjdk-amd64/jre/lib/ext/sunjce_provider.jar
7ff910293000-7ff9102a9000 rw-p 00000000 00:00 0 
7ff9102a9000-7ff9102b1000 rw-s 00000000 08:05 1838038                    /tmp/hsperfdata_mark/31881
7ff9102b1000-7ff9102b2000 rw-p 00000000 00:00 0 
7ff9102b2000-7ff9102b3000 ---p 00000000 00:00 0 
7ff9102b3000-7ff9102b5000 rw-p 00000000 00:00 0 
7ff9102b5000-7ff9102b6000 r--p 00022000 08:05 2630616                    /lib/x86_64-linux-gnu/ld-2.19.so
7ff9102b6000-7ff9102b7000 rw-p 00023000 08:05 2630616                    /lib/x86_64-linux-gnu/ld-2.19.so
7ff9102b7000-7ff9102b8000 rw-p 00000000 00:00 0 
7fff221a1000-7fff221c2000 rw-p 00000000 00:00 0                          [stack]
7fff221fe000-7fff22200000 r-xp 00000000 00:00 0                          [vdso]
ffffffffff600000-ffffffffff601000 r-xp 00000000 00:00 0                  [vsyscall]

VM Arguments:
jvm_args: -Dfile.encoding=UTF-8 
java_command: capstone.gui.CapstoneApplication
Launcher Type: SUN_STANDARD

Environment Variables:
PATH=/usr/local/sbin:/usr/local/bin:/usr/sbin:/usr/bin:/sbin:/bin:/usr/games:/usr/local/games
USERNAME=mark
LD_LIBRARY_PATH=/usr/lib/jvm/java-7-openjdk-amd64/jre/lib/amd64:/usr/lib/jvm/java-7-openjdk-amd64/jre/lib/i386:
SHELL=/bin/bash
DISPLAY=:0.0

Signal Handlers:
SIGSEGV: [libjvm.so+0x949110], sa_mask[0]=0x7ffbfeff, sa_flags=0x10000004
SIGBUS: [libjvm.so+0x949110], sa_mask[0]=0x7ffbfeff, sa_flags=0x10000004
SIGFPE: [libjvm.so+0x7c2e80], sa_mask[0]=0x7ffbfeff, sa_flags=0x10000004
SIGPIPE: SIG_IGN, sa_mask[0]=0x00001000, sa_flags=0x10000000
SIGXFSZ: [libjvm.so+0x7c2e80], sa_mask[0]=0x7ffbfeff, sa_flags=0x10000004
SIGILL: [libjvm.so+0x7c2e80], sa_mask[0]=0x7ffbfeff, sa_flags=0x10000004
SIGUSR1: SIG_DFL, sa_mask[0]=0x00000000, sa_flags=0x00000000
SIGUSR2: [libjvm.so+0x7c2d20], sa_mask[0]=0x00000004, sa_flags=0x10000004
SIGHUP: [libjvm.so+0x7c2f00], sa_mask[0]=0x7ffbfeff, sa_flags=0x10000004
SIGINT: SIG_IGN, sa_mask[0]=0x00000000, sa_flags=0x00000000
SIGTERM: [libjvm.so+0x7c2f00], sa_mask[0]=0x7ffbfeff, sa_flags=0x10000004
SIGQUIT: [libjvm.so+0x7c2f00], sa_mask[0]=0x7ffbfeff, sa_flags=0x10000004
SIGTRAP: SIG_DFL, sa_mask[0]=0x00000000, sa_flags=0x00000000


---------------  S Y S T E M  ---------------

OS:Ubuntu 14.04 (trusty)
uname:Linux 3.13.0-36-generic #63-Ubuntu SMP Wed Sep 3 21:30:07 UTC 2014 x86_64
libc:glibc 2.19 NPTL 2.19 
rlimit: STACK 8192k, CORE 0k, NPROC 29315, NOFILE 4096, AS infinity
load average:1.75 0.67 0.43

/proc/meminfo:
MemTotal:        3774016 kB
MemFree:          151852 kB
Buffers:             572 kB
Cached:           161456 kB
SwapCached:            0 kB
Active:          3284440 kB
Inactive:         142308 kB
Active(anon):    3266796 kB
Inactive(anon):   123000 kB
Active(file):      17644 kB
Inactive(file):    19308 kB
Unevictable:          80 kB
Mlocked:              80 kB
SwapTotal:             0 kB
SwapFree:              0 kB
Dirty:               612 kB
Writeback:             0 kB
AnonPages:       3265192 kB
Mapped:            98000 kB
Shmem:            124736 kB
Slab:              64812 kB
SReclaimable:      32472 kB
SUnreclaim:        32340 kB
KernelStack:        5024 kB
PageTables:        39000 kB
NFS_Unstable:          0 kB
Bounce:                0 kB
WritebackTmp:          0 kB
CommitLimit:     1887008 kB
Committed_AS:    6425616 kB
VmallocTotal:   34359738367 kB
VmallocUsed:      548380 kB
VmallocChunk:   34359169660 kB
HardwareCorrupted:     0 kB
AnonHugePages:   1212416 kB
HugePages_Total:       0
HugePages_Free:        0
HugePages_Rsvd:        0
HugePages_Surp:        0
Hugepagesize:       2048 kB
DirectMap4k:       58176 kB
DirectMap2M:     3858432 kB


CPU:total 4 (2 cores per cpu, 2 threads per core) family 6 model 37 stepping 5, cmov, cx8, fxsr, mmx, sse, sse2, sse3, ssse3, sse4.1, sse4.2, popcnt, ht, tsc, tscinvbit

/proc/cpuinfo:
processor	: 0
vendor_id	: GenuineIntel
cpu family	: 6
model		: 37
model name	: Intel(R) Core(TM) i3 CPU       M 370  @ 2.40GHz
stepping	: 5
microcode	: 0x2
cpu MHz		: 2399.000
cache size	: 3072 KB
physical id	: 0
siblings	: 4
core id		: 0
cpu cores	: 2
apicid		: 0
initial apicid	: 0
fpu		: yes
fpu_exception	: yes
cpuid level	: 11
wp		: yes
flags		: fpu vme de pse tsc msr pae mce cx8 apic sep mtrr pge mca cmov pat pse36 clflush dts acpi mmx fxsr sse sse2 ss ht tm pbe syscall nx rdtscp lm constant_tsc arch_perfmon pebs bts rep_good nopl xtopology nonstop_tsc aperfmperf pni dtes64 monitor ds_cpl vmx est tm2 ssse3 cx16 xtpr pdcm pcid sse4_1 sse4_2 popcnt lahf_lm arat dtherm tpr_shadow vnmi flexpriority ept vpid
bogomips	: 4788.02
clflush size	: 64
cache_alignment	: 64
address sizes	: 36 bits physical, 48 bits virtual
power management:

processor	: 1
vendor_id	: GenuineIntel
cpu family	: 6
model		: 37
model name	: Intel(R) Core(TM) i3 CPU       M 370  @ 2.40GHz
stepping	: 5
microcode	: 0x2
cpu MHz		: 933.000
cache size	: 3072 KB
physical id	: 0
siblings	: 4
core id		: 0
cpu cores	: 2
apicid		: 1
initial apicid	: 1
fpu		: yes
fpu_exception	: yes
cpuid level	: 11
wp		: yes
flags		: fpu vme de pse tsc msr pae mce cx8 apic sep mtrr pge mca cmov pat pse36 clflush dts acpi mmx fxsr sse sse2 ss ht tm pbe syscall nx rdtscp lm constant_tsc arch_perfmon pebs bts rep_good nopl xtopology nonstop_tsc aperfmperf pni dtes64 monitor ds_cpl vmx est tm2 ssse3 cx16 xtpr pdcm pcid sse4_1 sse4_2 popcnt lahf_lm arat dtherm tpr_shadow vnmi flexpriority ept vpid
bogomips	: 4788.02
clflush size	: 64
cache_alignment	: 64
address sizes	: 36 bits physical, 48 bits virtual
power management:

processor	: 2
vendor_id	: GenuineIntel
cpu family	: 6
model		: 37
model name	: Intel(R) Core(TM) i3 CPU       M 370  @ 2.40GHz
stepping	: 5
microcode	: 0x2
cpu MHz		: 1733.000
cache size	: 3072 KB
physical id	: 0
siblings	: 4
core id		: 2
cpu cores	: 2
apicid		: 4
initial apicid	: 4
fpu		: yes
fpu_exception	: yes
cpuid level	: 11
wp		: yes
flags		: fpu vme de pse tsc msr pae mce cx8 apic sep mtrr pge mca cmov pat pse36 clflush dts acpi mmx fxsr sse sse2 ss ht tm pbe syscall nx rdtscp lm constant_tsc arch_perfmon pebs bts rep_good nopl xtopology nonstop_tsc aperfmperf pni dtes64 monitor ds_cpl vmx est tm2 ssse3 cx16 xtpr pdcm pcid sse4_1 sse4_2 popcnt lahf_lm arat dtherm tpr_shadow vnmi flexpriority ept vpid
bogomips	: 4788.02
clflush size	: 64
cache_alignment	: 64
address sizes	: 36 bits physical, 48 bits virtual
power management:

processor	: 3
vendor_id	: GenuineIntel
cpu family	: 6
model		: 37
model name	: Intel(R) Core(TM) i3 CPU       M 370  @ 2.40GHz
stepping	: 5
microcode	: 0x2
cpu MHz		: 933.000
cache size	: 3072 KB
physical id	: 0
siblings	: 4
core id		: 2
cpu cores	: 2
apicid		: 5
initial apicid	: 5
fpu		: yes
fpu_exception	: yes
cpuid level	: 11
wp		: yes
flags		: fpu vme de pse tsc msr pae mce cx8 apic sep mtrr pge mca cmov pat pse36 clflush dts acpi mmx fxsr sse sse2 ss ht tm pbe syscall nx rdtscp lm constant_tsc arch_perfmon pebs bts rep_good nopl xtopology nonstop_tsc aperfmperf pni dtes64 monitor ds_cpl vmx est tm2 ssse3 cx16 xtpr pdcm pcid sse4_1 sse4_2 popcnt lahf_lm arat dtherm tpr_shadow vnmi flexpriority ept vpid
bogomips	: 4788.02
clflush size	: 64
cache_alignment	: 64
address sizes	: 36 bits physical, 48 bits virtual
power management:



Memory: 4k page, physical 3774016k(151604k free), swap 0k(0k free)

vm_info: OpenJDK 64-Bit Server VM (24.65-b04) for linux-amd64 JRE (1.7.0_65-b32), built on Aug 23 2014 13:33:31 by "buildd" with gcc 4.8.2

time: Thu Sep 25 15:10:24 2014
elapsed time: 15 seconds

