#
# There is insufficient memory for the Java Runtime Environment to continue.
# Native memory allocation (malloc) failed to allocate 4718592 bytes for committing reserved memory.
# Possible reasons:
#   The system is out of physical RAM or swap space
#   In 32 bit mode, the process size limit was hit
# Possible solutions:
#   Reduce memory load on the system
#   Increase physical memory or swap space
#   Check if swap backing store is full
#   Use 64 bit Java on a 64 bit OS
#   Decrease Java heap size (-Xmx/-Xms)
#   Decrease number of Java threads
#   Decrease Java thread stack sizes (-Xss)
#   Set larger code cache with -XX:ReservedCodeCacheSize=
# This output file may be truncated or incomplete.
#
#  Out of Memory Error (os_linux.cpp:2798), pid=22190, tid=139888909780736
#
# JRE version: OpenJDK Runtime Environment (7.0_65-b32) (build 1.7.0_65-b32)
# Java VM: OpenJDK 64-Bit Server VM (24.65-b04 mixed mode linux-amd64 compressed oops)
# Failed to write core dump. Core dumps have been disabled. To enable core dumping, try "ulimit -c unlimited" before starting Java again
#

---------------  T H R E A D  ---------------

Current thread (0x00007f3ab8435000):  JavaThread "Thread-0" [_thread_in_vm, id=22218, stack(0x00007f3a6cb68000,0x00007f3a6cc69000)]

Stack: [0x00007f3a6cb68000,0x00007f3a6cc69000],  sp=0x00007f3a6cc673b0,  free space=1020k
Native frames: (J=compiled Java code, j=interpreted, Vv=VM code, C=native code)
V  [libjvm.so+0x948635]  VMError::report_and_die()+0x175
V  [libjvm.so+0x48b904]  report_vm_out_of_memory(char const*, int, unsigned long, char const*)+0x74
V  [libjvm.so+0x7c766b]  os::pd_commit_memory(char*, unsigned long, unsigned long, bool)+0xeb
V  [libjvm.so+0x7c212f]  os::commit_memory(char*, unsigned long, unsigned long, bool)+0x1f
V  [libjvm.so+0x8338bb]  PSVirtualSpace::expand_by(unsigned long)+0x5b
V  [libjvm.so+0x82360b]  PSOldGen::expand_by(unsigned long) [clone .part.80]+0x1b
V  [libjvm.so+0x8237cb]  PSOldGen::expand(unsigned long) [clone .part.81]+0xdb
V  [libjvm.so+0x8240a8]  PSOldGen::allocate(unsigned long)+0xf8
V  [libjvm.so+0x7e7b2e]  ParallelScavengeHeap::mem_allocate(unsigned long, bool*)+0x10e
V  [libjvm.so+0x914b3a]  typeArrayKlass::allocate_common(int, bool, Thread*)+0x2ca
V  [libjvm.so+0x8552c6]  OptoRuntime::new_array_nozero_C(klassOopDesc*, int, JavaThread*)+0x26

Java frames: (J=compiled Java code, j=interpreted, Vv=VM code)
v  ~RuntimeStub::_new_array_nozero_Java
J 128 C2 java.lang.StringBuilder.toString()Ljava/lang/String; (17 bytes) @ 0x00007f3ab50ca4dc [0x00007f3ab50ca2e0+0x1fc]
j  capstone.yelpmodel.JSONWrapper.<init>(Ljava/io/File;)V+105
j  capstone.yelpmodel.Business.<init>(Ljava/io/File;)V+2
j  capstone.yelpmodel.YelpModel.<init>(Ljava/lang/String;Lcapstone/yelpmodel/YelpModel$YelpModelLoaderUI;)V+139
j  capstone.gui.YelpModelLoader.run()V+103
v  ~StubRoutines::call_stub

---------------  P R O C E S S  ---------------

Java Threads: ( => current thread )
  0x00007f3ab800a000 JavaThread "DestroyJavaVM" [_thread_blocked, id=22194, stack(0x00007f3ac1d4f000,0x00007f3ac1e50000)]
=>0x00007f3ab8435000 JavaThread "Thread-0" [_thread_in_vm, id=22218, stack(0x00007f3a6cb68000,0x00007f3a6cc69000)]
  0x00007f3ab8433800 JavaThread "TimerQueue" daemon [_thread_blocked, id=22217, stack(0x00007f3a6cc69000,0x00007f3a6cd6a000)]
  0x00007f3ab8392000 JavaThread "AWT-EventQueue-0" [_thread_in_native, id=22216, stack(0x00007f3a6cd6a000,0x00007f3a6ce6b000)]
  0x00007f3ab838e000 JavaThread "AWT-Shutdown" [_thread_blocked, id=22215, stack(0x00007f3a6ce6b000,0x00007f3a6cf6c000)]
  0x00007f3ab81fe800 JavaThread "AWT-XAWT" daemon [_thread_in_vm, id=22208, stack(0x00007f3aa4d5f000,0x00007f3aa4e60000)]
  0x00007f3ab81dd800 JavaThread "Java2D Disposer" daemon [_thread_blocked, id=22207, stack(0x00007f3aa5270000,0x00007f3aa5371000)]
  0x00007f3ab80a3800 JavaThread "Service Thread" daemon [_thread_blocked, id=22205, stack(0x00007f3ab4bfc000,0x00007f3ab4cfd000)]
  0x00007f3ab80a1800 JavaThread "C2 CompilerThread1" daemon [_thread_blocked, id=22204, stack(0x00007f3ab4cfd000,0x00007f3ab4dfe000)]
  0x00007f3ab809e800 JavaThread "C2 CompilerThread0" daemon [_thread_blocked, id=22203, stack(0x00007f3ab4dfe000,0x00007f3ab4eff000)]
  0x00007f3ab809c800 JavaThread "Signal Dispatcher" daemon [_thread_blocked, id=22202, stack(0x00007f3ab4eff000,0x00007f3ab5000000)]
  0x00007f3ab807b800 JavaThread "Finalizer" daemon [_thread_blocked, id=22201, stack(0x00007f3abca26000,0x00007f3abcb27000)]
  0x00007f3ab8079800 JavaThread "Reference Handler" daemon [_thread_blocked, id=22200, stack(0x00007f3abcb27000,0x00007f3abcc28000)]

Other Threads:
  0x00007f3ab8075800 VMThread [stack: 0x00007f3abcc28000,0x00007f3abcd29000] [id=22199]
  0x00007f3ab80ae800 WatcherThread [stack: 0x00007f3ab4afb000,0x00007f3ab4bfc000] [id=22206]

VM state:not at safepoint (normal execution)

VM Mutex/Monitor currently owned by a thread:  ([mutex/lock_event])
[0x00007f3ab8005ed0] ExpandHeap_lock - owner thread: 0x00007f3ab8435000
[0x00007f3ab8006a50] Heap_lock - owner thread: 0x00007f3ab8435000

Heap
 PSYoungGen      total 296960K, used 283280K [0x00000000ecc80000, 0x0000000100000000, 0x0000000100000000)
  eden space 281088K, 99% used [0x00000000ecc80000,0x00000000fdcd5810,0x00000000fdf00000)
  from space 15872K, 27% used [0x00000000ff080000,0x00000000ff4ce810,0x0000000100000000)
  to   space 16896K, 0% used [0x00000000fdf00000,0x00000000fdf00000,0x00000000fef80000)
 ParOldGen       total 427520K, used 426938K [0x00000000c6600000, 0x00000000e0780000, 0x00000000ecc80000)
  object space 427520K, 99% used [0x00000000c6600000,0x00000000e06eeb18,0x00000000e0780000)
 PSPermGen       total 32256K, used 14767K [0x00000000bc000000, 0x00000000bdf80000, 0x00000000c6600000)
  object space 32256K, 45% used [0x00000000bc000000,0x00000000bce6be38,0x00000000bdf80000)

Card table byte_map: [0x00007f3abe77b000,0x00007f3abe99c000] byte_map_base: 0x00007f3abe19b000

Polling page: 0x00007f3ac1e77000

Code Cache  [0x00007f3ab5000000, 0x00007f3ab5270000, 0x00007f3ab8000000)
 total_blobs=637 nmethods=141 adapters=450 free_code_cache=48329Kb largest_free_block=49457472

Compilation events (10 events):
Event: 15.549 Thread 0x00007f3ab809e800  138             java.util.IdentityHashMap$IdentityHashMapIterator::hasNext (50 bytes)
Event: 15.554 Thread 0x00007f3ab809e800 nmethod 138 0x00007f3ab50d0110 code [0x00007f3ab50d0260, 0x00007f3ab50d03f8]
Event: 16.699 Thread 0x00007f3ab80a1800  140             java.util.concurrent.locks.ReentrantLock::lock (8 bytes)
Event: 16.700 Thread 0x00007f3ab809e800  141             java.util.concurrent.locks.ReentrantLock$NonfairSync::lock (25 bytes)
Event: 16.703 Thread 0x00007f3ab809e800 nmethod 141 0x00007f3ab50d0d50 code [0x00007f3ab50d0ec0, 0x00007f3ab50d0fd0]
Event: 16.703 Thread 0x00007f3ab80a1800 nmethod 140 0x00007f3ab50cf8d0 code [0x00007f3ab50cfa40, 0x00007f3ab50cfb70]
Event: 17.336 Thread 0x00007f3ab80a1800  142             java.io.BufferedReader::ensureOpen (18 bytes)
Event: 17.337 Thread 0x00007f3ab80a1800 nmethod 142 0x00007f3ab50cf690 code [0x00007f3ab50cf7c0, 0x00007f3ab50cf838]
Event: 19.049 Thread 0x00007f3ab809e800  143             java.util.concurrent.locks.AbstractOwnableSynchronizer::getExclusiveOwnerThread (5 bytes)
Event: 19.050 Thread 0x00007f3ab809e800 nmethod 143 0x00007f3ab50cf490 code [0x00007f3ab50cf5c0, 0x00007f3ab50cf618]

GC Heap History (10 events):
Event: 22.756 GC heap before
{Heap before GC invocations=185 (full 3):
 PSYoungGen      total 298496K, used 291864K [0x00000000ecc80000, 0x0000000100000000, 0x0000000100000000)
  eden space 282112K, 98% used [0x00000000ecc80000,0x00000000fdd08760,0x00000000fe000000)
  from space 16384K, 78% used [0x00000000fe000000,0x00000000fec7dba8,0x00000000ff000000)
  to   space 16384K, 0% used [0x00000000ff000000,0x00000000ff000000,0x0000000100000000)
 ParOldGen       total 266752K, used 263667K [0x00000000c6600000, 0x00000000d6a80000, 0x00000000ecc80000)
  object space 266752K, 98% used [0x00000000c6600000,0x00000000d677cd08,0x00000000d6a80000)
 PSPermGen       total 32256K, used 14767K [0x00000000bc000000, 0x00000000bdf80000, 0x00000000c6600000)
  object space 32256K, 45% used [0x00000000bc000000,0x00000000bce6be38,0x00000000bdf80000)
Event: 22.763 GC heap after
Heap after GC invocations=185 (full 3):
 PSYoungGen      total 298496K, used 12827K [0x00000000ecc80000, 0x0000000100000000, 0x0000000100000000)
  eden space 282112K, 0% used [0x00000000ecc80000,0x00000000ecc80000,0x00000000fe000000)
  from space 16384K, 78% used [0x00000000ff000000,0x00000000ffc86f18,0x0000000100000000)
  to   space 16384K, 0% used [0x00000000fe000000,0x00000000fe000000,0x00000000ff000000)
 ParOldGen       total 266752K, used 263667K [0x00000000c6600000, 0x00000000d6a80000, 0x00000000ecc80000)
  object space 266752K, 98% used [0x00000000c6600000,0x00000000d677cd08,0x00000000d6a80000)
 PSPermGen       total 32256K, used 14767K [0x00000000bc000000, 0x00000000bdf80000, 0x00000000c6600000)
  object space 32256K, 45% used [0x00000000bc000000,0x00000000bce6be38,0x00000000bdf80000)
}
Event: 22.865 GC heap before
{Heap before GC invocations=186 (full 3):
 PSYoungGen      total 298496K, used 292676K [0x00000000ecc80000, 0x0000000100000000, 0x0000000100000000)
  eden space 282112K, 99% used [0x00000000ecc80000,0x00000000fddca1d0,0x00000000fe000000)
  from space 16384K, 78% used [0x00000000ff000000,0x00000000ffc86f18,0x0000000100000000)
  to   space 16384K, 0% used [0x00000000fe000000,0x00000000fe000000,0x00000000ff000000)
 ParOldGen       total 266752K, used 263667K [0x00000000c6600000, 0x00000000d6a80000, 0x00000000ecc80000)
  object space 266752K, 98% used [0x00000000c6600000,0x00000000d677cd08,0x00000000d6a80000)
 PSPermGen       total 32256K, used 14767K [0x00000000bc000000, 0x00000000bdf80000, 0x00000000c6600000)
  object space 32256K, 45% used [0x00000000bc000000,0x00000000bce6be38,0x00000000bdf80000)
Event: 22.871 GC heap after
Heap after GC invocations=186 (full 3):
 PSYoungGen      total 295424K, used 12863K [0x00000000ecc80000, 0x00000000fff00000, 0x0000000100000000)
  eden space 282112K, 0% used [0x00000000ecc80000,0x00000000ecc80000,0x00000000fe000000)
  from space 13312K, 96% used [0x00000000fe000000,0x00000000fec8fde8,0x00000000fed00000)
  to   space 15872K, 0% used [0x00000000fef80000,0x00000000fef80000,0x00000000fff00000)
 ParOldGen       total 266752K, used 263667K [0x00000000c6600000, 0x00000000d6a80000, 0x00000000ecc80000)
  object space 266752K, 98% used [0x00000000c6600000,0x00000000d677cd08,0x00000000d6a80000)
 PSPermGen       total 32256K, used 14767K [0x00000000bc000000, 0x00000000bdf80000, 0x00000000c6600000)
  object space 32256K, 45% used [0x00000000bc000000,0x00000000bce6be38,0x00000000bdf80000)
}
Event: 22.977 GC heap before
{Heap before GC invocations=187 (full 3):
 PSYoungGen      total 295424K, used 293527K [0x00000000ecc80000, 0x00000000fff00000, 0x0000000100000000)
  eden space 282112K, 99% used [0x00000000ecc80000,0x00000000fde961a8,0x00000000fe000000)
  from space 13312K, 96% used [0x00000000fe000000,0x00000000fec8fde8,0x00000000fed00000)
  to   space 15872K, 0% used [0x00000000fef80000,0x00000000fef80000,0x00000000fff00000)
 ParOldGen       total 266752K, used 263667K [0x00000000c6600000, 0x00000000d6a80000, 0x00000000ecc80000)
  object space 266752K, 98% used [0x00000000c6600000,0x00000000d677cd08,0x00000000d6a80000)
 PSPermGen       total 32256K, used 14767K [0x00000000bc000000, 0x00000000bdf80000, 0x00000000c6600000)
  object space 32256K, 45% used [0x00000000bc000000,0x00000000bce6be38,0x00000000bdf80000)
Event: 22.984 GC heap after
Heap after GC invocations=187 (full 3):
 PSYoungGen      total 297984K, used 12900K [0x00000000ecc80000, 0x0000000100000000, 0x0000000100000000)
  eden space 282112K, 0% used [0x00000000ecc80000,0x00000000ecc80000,0x00000000fe000000)
  from space 15872K, 81% used [0x00000000fef80000,0x00000000ffc19290,0x00000000fff00000)
  to   space 15872K, 0% used [0x00000000fe000000,0x00000000fe000000,0x00000000fef80000)
 ParOldGen       total 266752K, used 263667K [0x00000000c6600000, 0x00000000d6a80000, 0x00000000ecc80000)
  object space 266752K, 98% used [0x00000000c6600000,0x00000000d677cd08,0x00000000d6a80000)
 PSPermGen       total 32256K, used 14767K [0x00000000bc000000, 0x00000000bdf80000, 0x00000000c6600000)
  object space 32256K, 45% used [0x00000000bc000000,0x00000000bce6be38,0x00000000bdf80000)
}
Event: 23.088 GC heap before
{Heap before GC invocations=188 (full 3):
 PSYoungGen      total 297984K, used 294359K [0x00000000ecc80000, 0x0000000100000000, 0x0000000100000000)
  eden space 282112K, 99% used [0x00000000ecc80000,0x00000000fdf5ccc8,0x00000000fe000000)
  from space 15872K, 81% used [0x00000000fef80000,0x00000000ffc19290,0x00000000fff00000)
  to   space 15872K, 0% used [0x00000000fe000000,0x00000000fe000000,0x00000000fef80000)
 ParOldGen       total 266752K, used 263667K [0x00000000c6600000, 0x00000000d6a80000, 0x00000000ecc80000)
  object space 266752K, 98% used [0x00000000c6600000,0x00000000d677cd08,0x00000000d6a80000)
 PSPermGen       total 32256K, used 14767K [0x00000000bc000000, 0x00000000bdf80000, 0x00000000c6600000)
  object space 32256K, 45% used [0x00000000bc000000,0x00000000bce6be38,0x00000000bdf80000)
Event: 23.096 GC heap after
Heap after GC invocations=188 (full 3):
 PSYoungGen      total 297984K, used 12937K [0x00000000ecc80000, 0x0000000100000000, 0x0000000100000000)
  eden space 282112K, 0% used [0x00000000ecc80000,0x00000000ecc80000,0x00000000fe000000)
  from space 15872K, 81% used [0x00000000fe000000,0x00000000feca2460,0x00000000fef80000)
  to   space 15872K, 0% used [0x00000000ff080000,0x00000000ff080000,0x0000000100000000)
 ParOldGen       total 266752K, used 263667K [0x00000000c6600000, 0x00000000d6a80000, 0x00000000ecc80000)
  object space 266752K, 98% used [0x00000000c6600000,0x00000000d677cd08,0x00000000d6a80000)
 PSPermGen       total 32256K, used 14767K [0x00000000bc000000, 0x00000000bdf80000, 0x00000000c6600000)
  object space 32256K, 45% used [0x00000000bc000000,0x00000000bce6be38,0x00000000bdf80000)
}
Event: 23.207 GC heap before
{Heap before GC invocations=189 (full 3):
 PSYoungGen      total 297984K, used 290949K [0x00000000ecc80000, 0x0000000100000000, 0x0000000100000000)
  eden space 282112K, 98% used [0x00000000ecc80000,0x00000000fdbff338,0x00000000fe000000)
  from space 15872K, 81% used [0x00000000fe000000,0x00000000feca2460,0x00000000fef80000)
  to   space 15872K, 0% used [0x00000000ff080000,0x00000000ff080000,0x0000000100000000)
 ParOldGen       total 271360K, used 267949K [0x00000000c6600000, 0x00000000d6f00000, 0x00000000ecc80000)
  object space 271360K, 98% used [0x00000000c6600000,0x00000000d6bab518,0x00000000d6f00000)
 PSPermGen       total 32256K, used 14767K [0x00000000bc000000, 0x00000000bdf80000, 0x00000000c6600000)
  object space 32256K, 45% used [0x00000000bc000000,0x00000000bce6be38,0x00000000bdf80000)
Event: 23.211 GC heap after
Heap after GC invocations=189 (full 3):
 PSYoungGen      total 296960K, used 4410K [0x00000000ecc80000, 0x0000000100000000, 0x0000000100000000)
  eden space 281088K, 0% used [0x00000000ecc80000,0x00000000ecc80000,0x00000000fdf00000)
  from space 15872K, 27% used [0x00000000ff080000,0x00000000ff4ce810,0x0000000100000000)
  to   space 16896K, 0% used [0x00000000fdf00000,0x00000000fdf00000,0x00000000fef80000)
 ParOldGen       total 271360K, used 267949K [0x00000000c6600000, 0x00000000d6f00000, 0x00000000ecc80000)
  object space 271360K, 98% used [0x00000000c6600000,0x00000000d6bab518,0x00000000d6f00000)
 PSPermGen       total 32256K, used 14767K [0x00000000bc000000, 0x00000000bdf80000, 0x00000000c6600000)
  object space 32256K, 45% used [0x00000000bc000000,0x00000000bce6be38,0x00000000bdf80000)
}

Deoptimization events (10 events):
Event: 1.118 Thread 0x00007f3ab800a000 Uncommon trap: reason=class_check action=maybe_recompile pc=0x00007f3ab507f9d4 method=java.lang.String.equals(Ljava/lang/Object;)Z @ 8
Event: 1.118 Thread 0x00007f3ab800a000 Uncommon trap: reason=class_check action=maybe_recompile pc=0x00007f3ab507f9d4 method=java.lang.String.equals(Ljava/lang/Object;)Z @ 8
Event: 1.118 Thread 0x00007f3ab800a000 Uncommon trap: reason=class_check action=maybe_recompile pc=0x00007f3ab507f9d4 method=java.lang.String.equals(Ljava/lang/Object;)Z @ 8
Event: 1.118 Thread 0x00007f3ab800a000 Uncommon trap: reason=class_check action=maybe_recompile pc=0x00007f3ab507f9d4 method=java.lang.String.equals(Ljava/lang/Object;)Z @ 8
Event: 2.946 Thread 0x00007f3ab8435000 Uncommon trap: reason=class_check action=maybe_recompile pc=0x00007f3ab50a69f0 method=java.util.HashMap.readObject(Ljava/io/ObjectInputStream;)V @ 143
Event: 2.947 Thread 0x00007f3ab8435000 Uncommon trap: reason=unreached action=reinterpret pc=0x00007f3ab50a7c08 method=java.lang.reflect.Constructor.newInstance([Ljava/lang/Object;)Ljava/lang/Object; @ 69
Event: 2.947 Thread 0x00007f3ab8435000 Uncommon trap: reason=class_check action=maybe_recompile pc=0x00007f3ab50a2854 method=java.util.HashMap.putForCreate(Ljava/lang/Object;Ljava/lang/Object;)V @ 97
Event: 2.947 Thread 0x00007f3ab8435000 Uncommon trap: reason=class_check action=maybe_recompile pc=0x00007f3ab50a2854 method=java.util.HashMap.putForCreate(Ljava/lang/Object;Ljava/lang/Object;)V @ 97
Event: 2.947 Thread 0x00007f3ab8435000 Uncommon trap: reason=class_check action=maybe_recompile pc=0x00007f3ab50a2854 method=java.util.HashMap.putForCreate(Ljava/lang/Object;Ljava/lang/Object;)V @ 97
Event: 2.947 Thread 0x00007f3ab8435000 Uncommon trap: reason=class_check action=maybe_recompile pc=0x00007f3ab50a2854 method=java.util.HashMap.putForCreate(Ljava/lang/Object;Ljava/lang/Object;)V @ 97

Internal exceptions (10 events):
Event: 1.375 Thread 0x00007f3ab800a000 Threw 0x00000000ed0cd398 at /build/buildd/openjdk-7-7u65-2.5.1/build/openjdk/hotspot/src/share/vm/prims/jvm.cpp:1247
Event: 1.432 Thread 0x00007f3ab8435000 Threw 0x00000000ed12efc0 at /build/buildd/openjdk-7-7u65-2.5.1/build/openjdk/hotspot/src/share/vm/prims/jvm.cpp:1247
Event: 1.434 Thread 0x00007f3ab8435000 Threw 0x00000000ed131240 at /build/buildd/openjdk-7-7u65-2.5.1/build/openjdk/hotspot/src/share/vm/prims/jvm.cpp:1247
Event: 1.442 Thread 0x00007f3ab8435000 Threw 0x00000000ed13e158 at /build/buildd/openjdk-7-7u65-2.5.1/build/openjdk/hotspot/src/share/vm/prims/jvm.cpp:1247
Event: 1.451 Thread 0x00007f3ab8435000 Threw 0x00000000ed14bd98 at /build/buildd/openjdk-7-7u65-2.5.1/build/openjdk/hotspot/src/share/vm/prims/jni.cpp:1636
Event: 1.765 Thread 0x00007f3ab8392000 Threw 0x00000000ed4b17f8 at /build/buildd/openjdk-7-7u65-2.5.1/build/openjdk/hotspot/src/share/vm/prims/jni.cpp:747
Event: 2.995 Thread 0x00007f3ab8435000 Threw 0x00000000ecfa7798 at /build/buildd/openjdk-7-7u65-2.5.1/build/openjdk/hotspot/src/share/vm/prims/jni.cpp:1636
Event: 3.667 Thread 0x00007f3ab8435000 Threw 0x00000000ed532b08 at /build/buildd/openjdk-7-7u65-2.5.1/build/openjdk/hotspot/src/share/vm/prims/jvm.cpp:1247
Event: 3.669 Thread 0x00007f3ab8435000 Threw 0x00000000ed539468 at /build/buildd/openjdk-7-7u65-2.5.1/build/openjdk/hotspot/src/share/vm/prims/jni.cpp:1636
Event: 7.890 Thread 0x00007f3ab8392000 Threw 0x00000000f6ff0548 at /build/buildd/openjdk-7-7u65-2.5.1/build/openjdk/hotspot/src/share/vm/prims/jni.cpp:747

Events (10 events):
Event: 22.864 Executing VM operation: ParallelGCFailedAllocation
Event: 22.872 Executing VM operation: ParallelGCFailedAllocation done
Event: 22.977 Executing VM operation: ParallelGCFailedAllocation
Event: 22.984 Executing VM operation: ParallelGCFailedAllocation done
Event: 23.088 Executing VM operation: ParallelGCFailedAllocation
Event: 23.096 Executing VM operation: ParallelGCFailedAllocation done
Event: 23.200 Executing VM operation: ParallelGCFailedAllocation
Event: 23.200 Executing VM operation: ParallelGCFailedAllocation done
Event: 23.201 Executing VM operation: ParallelGCSystemGC
Event: 23.211 Executing VM operation: ParallelGCSystemGC done


Dynamic libraries:
00400000-00401000 r-xp 00000000 08:05 427493                             /usr/lib/jvm/java-7-openjdk-amd64/jre/bin/java
00600000-00601000 r--p 00000000 08:05 427493                             /usr/lib/jvm/java-7-openjdk-amd64/jre/bin/java
00601000-00602000 rw-p 00001000 08:05 427493                             /usr/lib/jvm/java-7-openjdk-amd64/jre/bin/java
020b8000-020d9000 rw-p 00000000 00:00 0                                  [heap]
bc000000-bdf80000 rw-p 00000000 00:00 0 
bdf80000-be080000 ---p 00000000 00:00 0 
be080000-c6600000 rw-p 00000000 00:00 0 
c6600000-e0780000 rw-p 00000000 00:00 0 
e0c00000-ecc80000 rw-p 00000000 00:00 0 
ecc80000-100000000 rw-p 00000000 00:00 0 
7f3a48000000-7f3a48021000 rw-p 00000000 00:00 0 
7f3a48021000-7f3a4c000000 ---p 00000000 00:00 0 
7f3a50000000-7f3a50021000 rw-p 00000000 00:00 0 
7f3a50021000-7f3a54000000 ---p 00000000 00:00 0 
7f3a54000000-7f3a54087000 rw-p 00000000 00:00 0 
7f3a54087000-7f3a58000000 ---p 00000000 00:00 0 
7f3a58000000-7f3a58022000 rw-p 00000000 00:00 0 
7f3a58022000-7f3a5c000000 ---p 00000000 00:00 0 
7f3a5c000000-7f3a5c022000 rw-p 00000000 00:00 0 
7f3a5c022000-7f3a60000000 ---p 00000000 00:00 0 
7f3a60000000-7f3a60022000 rw-p 00000000 00:00 0 
7f3a60022000-7f3a64000000 ---p 00000000 00:00 0 
7f3a64000000-7f3a64021000 rw-p 00000000 00:00 0 
7f3a64021000-7f3a68000000 ---p 00000000 00:00 0 
7f3a68000000-7f3a68021000 rw-p 00000000 00:00 0 
7f3a68021000-7f3a6c000000 ---p 00000000 00:00 0 
7f3a6c40f000-7f3a6c570000 rw-p 00000000 00:00 0 
7f3a6c570000-7f3a6c919000 rw-s 00000000 00:04 333414448                  /SYSV00000000 (deleted)
7f3a6c953000-7f3a6ca2c000 rw-p 00000000 00:00 0 
7f3a6ca2c000-7f3a6ca3f000 rw-s 00000000 00:04 333512755                  /SYSV00000000 (deleted)
7f3a6ca3f000-7f3a6ca9f000 rw-s 00000000 00:04 333381679                  /SYSV00000000 (deleted)
7f3a6ca9f000-7f3a6cb68000 rw-s 00000000 00:04 333316142                  /SYSV00000000 (deleted)
7f3a6cb68000-7f3a6cb6b000 ---p 00000000 00:00 0 
7f3a6cb6b000-7f3a6cc69000 rw-p 00000000 00:00 0                          [stack:22218]
7f3a6cc69000-7f3a6cc6c000 ---p 00000000 00:00 0 
7f3a6cc6c000-7f3a6cd6a000 rw-p 00000000 00:00 0                          [stack:22217]
7f3a6cd6a000-7f3a6cd6d000 ---p 00000000 00:00 0 
7f3a6cd6d000-7f3a6ce6b000 rw-p 00000000 00:00 0                          [stack:22216]
7f3a6ce6b000-7f3a6ce6e000 ---p 00000000 00:00 0 
7f3a6ce6e000-7f3a6cf6c000 rw-p 00000000 00:00 0                          [stack:22215]
7f3a6cf6c000-7f3a6cf6d000 ---p 00000000 00:00 0 
7f3a6cf6d000-7f3a6d76d000 rw-p 00000000 00:00 0 
7f3a6d76d000-7f3a6d76e000 ---p 00000000 00:00 0 
7f3a6d76e000-7f3a6df6e000 rw-p 00000000 00:00 0 
7f3a6df6e000-7f3a6df6f000 ---p 00000000 00:00 0 
7f3a6df6f000-7f3a6e76f000 rw-p 00000000 00:00 0                          [stack:22211]
7f3a6e76f000-7f3a6e7c8000 r-xp 00000000 08:05 3042208                    /usr/lib/x86_64-linux-gnu/libibus-1.0.so.5.0.505
7f3a6e7c8000-7f3a6e9c8000 ---p 00059000 08:05 3042208                    /usr/lib/x86_64-linux-gnu/libibus-1.0.so.5.0.505
7f3a6e9c8000-7f3a6e9ca000 r--p 00059000 08:05 3042208                    /usr/lib/x86_64-linux-gnu/libibus-1.0.so.5.0.505
7f3a6e9ca000-7f3a6e9cb000 rw-p 0005b000 08:05 3042208                    /usr/lib/x86_64-linux-gnu/libibus-1.0.so.5.0.505
7f3a6e9cb000-7f3a6e9cc000 rw-p 00000000 00:00 0 
7f3a6e9cc000-7f3a6e9d2000 r-xp 00000000 08:05 3166609                    /usr/lib/x86_64-linux-gnu/gtk-2.0/2.10.0/immodules/im-ibus.so
7f3a6e9d2000-7f3a6ebd2000 ---p 00006000 08:05 3166609                    /usr/lib/x86_64-linux-gnu/gtk-2.0/2.10.0/immodules/im-ibus.so
7f3a6ebd2000-7f3a6ebd3000 r--p 00006000 08:05 3166609                    /usr/lib/x86_64-linux-gnu/gtk-2.0/2.10.0/immodules/im-ibus.so
7f3a6ebd3000-7f3a6ebd4000 rw-p 00007000 08:05 3166609                    /usr/lib/x86_64-linux-gnu/gtk-2.0/2.10.0/immodules/im-ibus.so
7f3a6ebd4000-7f3a6ebe4000 r-xp 00000000 08:05 427273                     /usr/lib/jvm/java-7-openjdk-amd64/jre/lib/amd64/libnio.so
7f3a6ebe4000-7f3a6ede4000 ---p 00010000 08:05 427273                     /usr/lib/jvm/java-7-openjdk-amd64/jre/lib/amd64/libnio.so
7f3a6ede4000-7f3a6ede5000 r--p 00010000 08:05 427273                     /usr/lib/jvm/java-7-openjdk-amd64/jre/lib/amd64/libnio.so
7f3a6ede5000-7f3a6ede6000 rw-p 00011000 08:05 427273                     /usr/lib/jvm/java-7-openjdk-amd64/jre/lib/amd64/libnio.so
7f3a6ede6000-7f3a6edfd000 r-xp 00000000 08:05 405713                     /usr/lib/jvm/java-7-openjdk-amd64/jre/lib/amd64/libnet.so
7f3a6edfd000-7f3a6effc000 ---p 00017000 08:05 405713                     /usr/lib/jvm/java-7-openjdk-amd64/jre/lib/amd64/libnet.so
7f3a6effc000-7f3a6effd000 r--p 00016000 08:05 405713                     /usr/lib/jvm/java-7-openjdk-amd64/jre/lib/amd64/libnet.so
7f3a6effd000-7f3a6effe000 rw-p 00017000 08:05 405713                     /usr/lib/jvm/java-7-openjdk-amd64/jre/lib/amd64/libnet.so
7f3a6effe000-7f3a6efff000 ---p 00000000 00:00 0 
7f3a6efff000-7f3a6f7ff000 rw-p 00000000 00:00 0                          [stack:22210]
7f3a6f7ff000-7f3a6f800000 ---p 00000000 00:00 0 
7f3a6f800000-7f3a70000000 rw-p 00000000 00:00 0                          [stack:22209]
7f3a70000000-7f3a70022000 rw-p 00000000 00:00 0 
7f3a70022000-7f3a74000000 ---p 00000000 00:00 0 
7f3a7400d000-7f3a74010000 rw-s 00000000 00:04 333479986                  /SYSV00000000 (deleted)
7f3a74010000-7f3a74013000 rw-s 00000000 00:04 333447217                  /SYSV00000000 (deleted)
7f3a74013000-7f3a74093000 rw-s 00000000 00:04 333348909                  /SYSV00000000 (deleted)
7f3a74093000-7f3a74149000 r--p 00000000 08:05 264003                     /usr/share/fonts/truetype/dejavu/DejaVuSans.ttf
7f3a74149000-7f3a7419a000 r-xp 00000000 08:05 427262                     /usr/lib/jvm/java-7-openjdk-amd64/jre/lib/amd64/libfontmanager.so
7f3a7419a000-7f3a74399000 ---p 00051000 08:05 427262                     /usr/lib/jvm/java-7-openjdk-amd64/jre/lib/amd64/libfontmanager.so
7f3a74399000-7f3a7439c000 r--p 00050000 08:05 427262                     /usr/lib/jvm/java-7-openjdk-amd64/jre/lib/amd64/libfontmanager.so
7f3a7439c000-7f3a7439d000 rw-p 00053000 08:05 427262                     /usr/lib/jvm/java-7-openjdk-amd64/jre/lib/amd64/libfontmanager.so
7f3a7439d000-7f3a743cc000 r-xp 00000000 08:05 3150794                    /usr/lib/x86_64-linux-gnu/gtk-2.0/2.10.0/engines/libmurrine.so
7f3a743cc000-7f3a745cc000 ---p 0002f000 08:05 3150794                    /usr/lib/x86_64-linux-gnu/gtk-2.0/2.10.0/engines/libmurrine.so
7f3a745cc000-7f3a745cd000 r--p 0002f000 08:05 3150794                    /usr/lib/x86_64-linux-gnu/gtk-2.0/2.10.0/engines/libmurrine.so
7f3a745cd000-7f3a745ce000 rw-p 00030000 08:05 3150794                    /usr/lib/x86_64-linux-gnu/gtk-2.0/2.10.0/engines/libmurrine.so
7f3a745ce000-7f3a745e7000 r-xp 00000000 08:05 3150571                    /usr/lib/x86_64-linux-gnu/gio/modules/libgioremote-volume-monitor.so
7f3a745e7000-7f3a747e7000 ---p 00019000 08:05 3150571                    /usr/lib/x86_64-linux-gnu/gio/modules/libgioremote-volume-monitor.so
7f3a747e7000-7f3a747ea000 r--p 00019000 08:05 3150571                    /usr/lib/x86_64-linux-gnu/gio/modules/libgioremote-volume-monitor.so
7f3a747ea000-7f3a747eb000 rw-p 0001c000 08:05 3150571                    /usr/lib/x86_64-linux-gnu/gio/modules/libgioremote-volume-monitor.so
7f3a747eb000-7f3a747f6000 r-xp 00000000 08:05 3150567                    /usr/lib/x86_64-linux-gnu/gio/modules/libdconfsettings.so
7f3a747f6000-7f3a749f6000 ---p 0000b000 08:05 3150567                    /usr/lib/x86_64-linux-gnu/gio/modules/libdconfsettings.so
7f3a749f6000-7f3a749f7000 r--p 0000b000 08:05 3150567                    /usr/lib/x86_64-linux-gnu/gio/modules/libdconfsettings.so
7f3a749f7000-7f3a749f8000 rw-p 0000c000 08:05 3150567                    /usr/lib/x86_64-linux-gnu/gio/modules/libdconfsettings.so
7f3a749f8000-7f3a74a00000 r-xp 00000000 08:05 2625612                    /lib/x86_64-linux-gnu/libnih-dbus.so.1.0.0
7f3a74a00000-7f3a74c00000 ---p 00008000 08:05 2625612                    /lib/x86_64-linux-gnu/libnih-dbus.so.1.0.0
7f3a74c00000-7f3a74c01000 r--p 00008000 08:05 2625612                    /lib/x86_64-linux-gnu/libnih-dbus.so.1.0.0
7f3a74c01000-7f3a74c02000 rw-p 00009000 08:05 2625612                    /lib/x86_64-linux-gnu/libnih-dbus.so.1.0.0
7f3a74c02000-7f3a74c19000 r-xp 00000000 08:05 2625614                    /lib/x86_64-linux-gnu/libnih.so.1.0.0
7f3a74c19000-7f3a74e18000 ---p 00017000 08:05 2625614                    /lib/x86_64-linux-gnu/libnih.so.1.0.0
7f3a74e18000-7f3a74e19000 r--p 00016000 08:05 2625614                    /lib/x86_64-linux-gnu/libnih.so.1.0.0
7f3a74e19000-7f3a74e1a000 rw-p 00017000 08:05 2625614                    /lib/x86_64-linux-gnu/libnih.so.1.0.0
7f3a74e1a000-7f3a74e33000 r-xp 00000000 08:05 2621539                    /lib/x86_64-linux-gnu/libcgmanager.so.0.0.0
7f3a74e33000-7f3a75032000 ---p 00019000 08:05 2621539                    /lib/x86_64-linux-gnu/libcgmanager.so.0.0.0
7f3a75032000-7f3a75034000 r--p 00018000 08:05 2621539                    /lib/x86_64-linux-gnu/libcgmanager.so.0.0.0
7f3a75034000-7f3a75035000 rw-p 0001a000 08:05 2621539                    /lib/x86_64-linux-gnu/libcgmanager.so.0.0.0
7f3a75035000-7f3a75045000 r-xp 00000000 08:05 2622639                    /lib/x86_64-linux-gnu/libudev.so.1.3.5
7f3a75045000-7f3a75244000 ---p 00010000 08:05 2622639                    /lib/x86_64-linux-gnu/libudev.so.1.3.5
7f3a75244000-7f3a75245000 r--p 0000f000 08:05 2622639                    /lib/x86_64-linux-gnu/libudev.so.1.3.5
7f3a75245000-7f3a75246000 rw-p 00010000 08:05 2622639                    /lib/x86_64-linux-gnu/libudev.so.1.3.5
7f3a75246000-7f3a7527a000 r-xp 00000000 08:05 3150853                    /usr/lib/x86_64-linux-gnu/gvfs/libgvfscommon.so
7f3a7527a000-7f3a7547a000 ---p 00034000 08:05 3150853                    /usr/lib/x86_64-linux-gnu/gvfs/libgvfscommon.so
7f3a7547a000-7f3a7547f000 r--p 00034000 08:05 3150853                    /usr/lib/x86_64-linux-gnu/gvfs/libgvfscommon.so
7f3a7547f000-7f3a75480000 rw-p 00039000 08:05 3150853                    /usr/lib/x86_64-linux-gnu/gvfs/libgvfscommon.so
7f3a75480000-7f3a754af000 r-xp 00000000 08:05 3150572                    /usr/lib/x86_64-linux-gnu/gio/modules/libgvfsdbus.so
7f3a754af000-7f3a756af000 ---p 0002f000 08:05 3150572                    /usr/lib/x86_64-linux-gnu/gio/modules/libgvfsdbus.so
7f3a756af000-7f3a756b0000 r--p 0002f000 08:05 3150572                    /usr/lib/x86_64-linux-gnu/gio/modules/libgvfsdbus.so
7f3a756b0000-7f3a756b1000 rw-p 00030000 08:05 3150572                    /usr/lib/x86_64-linux-gnu/gio/modules/libgvfsdbus.so
7f3a756b1000-7f3a756b2000 rw-p 00000000 00:00 0 
7f3a756b2000-7f3a75702000 r--p 00000000 08:05 3304345                    /usr/share/glib-2.0/schemas/gschemas.compiled
7f3a75702000-7f3a75712000 r-xp 00000000 08:05 3042300                    /usr/lib/x86_64-linux-gnu/libunity-gtk2-parser.so.0.0.0
7f3a75712000-7f3a75911000 ---p 00010000 08:05 3042300                    /usr/lib/x86_64-linux-gnu/libunity-gtk2-parser.so.0.0.0
7f3a75911000-7f3a75912000 r--p 0000f000 08:05 3042300                    /usr/lib/x86_64-linux-gnu/libunity-gtk2-parser.so.0.0.0
7f3a75912000-7f3a75913000 rw-p 00010000 08:05 3042300                    /usr/lib/x86_64-linux-gnu/libunity-gtk2-parser.so.0.0.0
7f3a75913000-7f3a75918000 r-xp 00000000 08:05 3165346                    /usr/lib/x86_64-linux-gnu/gtk-2.0/modules/libunity-gtk-module.so
7f3a75918000-7f3a75b17000 ---p 00005000 08:05 3165346                    /usr/lib/x86_64-linux-gnu/gtk-2.0/modules/libunity-gtk-module.so
7f3a75b17000-7f3a75b18000 r--p 00004000 08:05 3165346                    /usr/lib/x86_64-linux-gnu/gtk-2.0/modules/libunity-gtk-module.so
7f3a75b18000-7f3a75b19000 rw-p 00005000 08:05 3165346                    /usr/lib/x86_64-linux-gnu/gtk-2.0/modules/libunity-gtk-module.so
7f3a75b19000-7f3a75b33000 r-xp 00000000 08:05 3022019                    /usr/lib/x86_64-linux-gnu/libgraphite2.so.3.0.1
7f3a75b33000-7f3a75d32000 ---p 0001a000 08:05 3022019                    /usr/lib/x86_64-linux-gnu/libgraphite2.so.3.0.1
7f3a75d32000-7f3a75d34000 r--p 00019000 08:05 3022019                    /usr/lib/x86_64-linux-gnu/libgraphite2.so.3.0.1
7f3a75d34000-7f3a75d35000 rw-p 0001b000 08:05 3022019                    /usr/lib/x86_64-linux-gnu/libgraphite2.so.3.0.1
7f3a75d35000-7f3a75d3b000 r-xp 00000000 08:05 3021839                    /usr/lib/x86_64-linux-gnu/libdatrie.so.1.3.1
7f3a75d3b000-7f3a75f3a000 ---p 00006000 08:05 3021839                    /usr/lib/x86_64-linux-gnu/libdatrie.so.1.3.1
7f3a75f3a000-7f3a75f3b000 r--p 00005000 08:05 3021839                    /usr/lib/x86_64-linux-gnu/libdatrie.so.1.3.1
7f3a75f3b000-7f3a75f3c000 rw-p 00006000 08:05 3021839                    /usr/lib/x86_64-linux-gnu/libdatrie.so.1.3.1
7f3a75f3c000-7f3a75f8f000 r-xp 00000000 08:05 3015597                    /usr/lib/x86_64-linux-gnu/libharfbuzz.so.0.927.0
7f3a75f8f000-7f3a7618f000 ---p 00053000 08:05 3015597                    /usr/lib/x86_64-linux-gnu/libharfbuzz.so.0.927.0
7f3a7618f000-7f3a76190000 r--p 00053000 08:05 3015597                    /usr/lib/x86_64-linux-gnu/libharfbuzz.so.0.927.0
7f3a76190000-7f3a76191000 rw-p 00054000 08:05 3015597                    /usr/lib/x86_64-linux-gnu/libharfbuzz.so.0.927.0
7f3a76191000-7f3a76199000 r-xp 00000000 08:05 3022594                    /usr/lib/x86_64-linux-gnu/libxcb-render.so.0.0.0
7f3a76199000-7f3a76398000 ---p 00008000 08:05 3022594                    /usr/lib/x86_64-linux-gnu/libxcb-render.so.0.0.0
7f3a76398000-7f3a76399000 r--p 00007000 08:05 3022594                    /usr/lib/x86_64-linux-gnu/libxcb-render.so.0.0.0
7f3a76399000-7f3a7639a000 rw-p 00008000 08:05 3022594                    /usr/lib/x86_64-linux-gnu/libxcb-render.so.0.0.0
7f3a7639a000-7f3a7639c000 r-xp 00000000 08:05 3022598                    /usr/lib/x86_64-linux-gnu/libxcb-shm.so.0.0.0
7f3a7639c000-7f3a7659b000 ---p 00002000 08:05 3022598                    /usr/lib/x86_64-linux-gnu/libxcb-shm.so.0.0.0
7f3a7659b000-7f3a7659c000 r--p 00001000 08:05 3022598                    /usr/lib/x86_64-linux-gnu/libxcb-shm.so.0.0.0
7f3a7659c000-7f3a7659d000 rw-p 00002000 08:05 3022598                    /usr/lib/x86_64-linux-gnu/libxcb-shm.so.0.0.0
7f3a7659d000-7f3a7663e000 r-xp 00000000 08:05 3022339                    /usr/lib/x86_64-linux-gnu/libpixman-1.so.0.30.2
7f3a7663e000-7f3a7683e000 ---p 000a1000 08:05 3022339                    /usr/lib/x86_64-linux-gnu/libpixman-1.so.0.30.2
7f3a7683e000-7f3a76845000 r--p 000a1000 08:05 3022339                    /usr/lib/x86_64-linux-gnu/libpixman-1.so.0.30.2
7f3a76845000-7f3a76846000 rw-p 000a8000 08:05 3022339                    /usr/lib/x86_64-linux-gnu/libpixman-1.so.0.30.2
7f3a76846000-7f3a7684e000 r-xp 00000000 08:05 3022489                    /usr/lib/x86_64-linux-gnu/libthai.so.0.2.0
7f3a7684e000-7f3a76a4d000 ---p 00008000 08:05 3022489                    /usr/lib/x86_64-linux-gnu/libthai.so.0.2.0
7f3a76a4d000-7f3a76a4e000 r--p 00007000 08:05 3022489                    /usr/lib/x86_64-linux-gnu/libthai.so.0.2.0
7f3a76a4e000-7f3a76a4f000 rw-p 00008000 08:05 3022489                    /usr/lib/x86_64-linux-gnu/libthai.so.0.2.0
7f3a76a4f000-7f3a76a51000 r-xp 00000000 08:05 3021661                    /usr/lib/x86_64-linux-gnu/libXdamage.so.1.1.0
7f3a76a51000-7f3a76c50000 ---p 00002000 08:05 3021661                    /usr/lib/x86_64-linux-gnu/libXdamage.so.1.1.0
7f3a76c50000-7f3a76c51000 r--p 00001000 08:05 3021661                    /usr/lib/x86_64-linux-gnu/libXdamage.so.1.1.0
7f3a76c51000-7f3a76c52000 rw-p 00002000 08:05 3021661                    /usr/lib/x86_64-linux-gnu/libXdamage.so.1.1.0
7f3a76c52000-7f3a76c54000 r-xp 00000000 08:05 3021657                    /usr/lib/x86_64-linux-gnu/libXcomposite.so.1.0.0
7f3a76c54000-7f3a76e53000 ---p 00002000 08:05 3021657                    /usr/lib/x86_64-linux-gnu/libXcomposite.so.1.0.0
7f3a76e53000-7f3a76e54000 r--p 00001000 08:05 3021657                    /usr/lib/x86_64-linux-gnu/libXcomposite.so.1.0.0
7f3a76e54000-7f3a76e55000 rw-p 00002000 08:05 3021657                    /usr/lib/x86_64-linux-gnu/libXcomposite.so.1.0.0
7f3a76e55000-7f3a76e5e000 r-xp 00000000 08:05 3021685                    /usr/lib/x86_64-linux-gnu/libXrandr.so.2.2.0
7f3a76e5e000-7f3a7705d000 ---p 00009000 08:05 3021685                    /usr/lib/x86_64-linux-gnu/libXrandr.so.2.2.0
7f3a7705d000-7f3a7705e000 r--p 00008000 08:05 3021685                    /usr/lib/x86_64-linux-gnu/libXrandr.so.2.2.0
7f3a7705e000-7f3a7705f000 rw-p 00009000 08:05 3021685                    /usr/lib/x86_64-linux-gnu/libXrandr.so.2.2.0
7f3a7705f000-7f3a77061000 r-xp 00000000 08:05 3021675                    /usr/lib/x86_64-linux-gnu/libXinerama.so.1.0.0
7f3a77061000-7f3a77260000 ---p 00002000 08:05 3021675                    /usr/lib/x86_64-linux-gnu/libXinerama.so.1.0.0
7f3a77260000-7f3a77261000 r--p 00001000 08:05 3021675                    /usr/lib/x86_64-linux-gnu/libXinerama.so.1.0.0
7f3a77261000-7f3a77262000 rw-p 00002000 08:05 3021675                    /usr/lib/x86_64-linux-gnu/libXinerama.so.1.0.0
7f3a77262000-7f3a77276000 r-xp 00000000 08:05 3018982                    /usr/lib/x86_64-linux-gnu/libpangoft2-1.0.so.0.3600.3
7f3a77276000-7f3a77475000 ---p 00014000 08:05 3018982                    /usr/lib/x86_64-linux-gnu/libpangoft2-1.0.so.0.3600.3
7f3a77475000-7f3a77476000 r--p 00013000 08:05 3018982                    /usr/lib/x86_64-linux-gnu/libpangoft2-1.0.so.0.3600.3
7f3a77476000-7f3a77477000 rw-p 00014000 08:05 3018982                    /usr/lib/x86_64-linux-gnu/libpangoft2-1.0.so.0.3600.3
7f3a77477000-7f3a7757d000 r-xp 00000000 08:05 3021778                    /usr/lib/x86_64-linux-gnu/libcairo.so.2.11301.0
7f3a7757d000-7f3a7777c000 ---p 00106000 08:05 3021778                    /usr/lib/x86_64-linux-gnu/libcairo.so.2.11301.0
7f3a7777c000-7f3a7777f000 r--p 00105000 08:05 3021778                    /usr/lib/x86_64-linux-gnu/libcairo.so.2.11301.0
7f3a7777f000-7f3a77780000 rw-p 00108000 08:05 3021778                    /usr/lib/x86_64-linux-gnu/libcairo.so.2.11301.0
7f3a77780000-7f3a77782000 rw-p 00000000 00:00 0 
7f3a77782000-7f3a777a1000 r-xp 00000000 08:05 3021739                    /usr/lib/x86_64-linux-gnu/libatk-1.0.so.0.21009.1
7f3a777a1000-7f3a779a1000 ---p 0001f000 08:05 3021739                    /usr/lib/x86_64-linux-gnu/libatk-1.0.so.0.21009.1
7f3a779a1000-7f3a779a3000 r--p 0001f000 08:05 3021739                    /usr/lib/x86_64-linux-gnu/libatk-1.0.so.0.21009.1
7f3a779a3000-7f3a779a4000 rw-p 00021000 08:05 3021739                    /usr/lib/x86_64-linux-gnu/libatk-1.0.so.0.21009.1
7f3a779a4000-7f3a779af000 r-xp 00000000 08:05 3017469                    /usr/lib/x86_64-linux-gnu/libpangocairo-1.0.so.0.3600.3
7f3a779af000-7f3a77baf000 ---p 0000b000 08:05 3017469                    /usr/lib/x86_64-linux-gnu/libpangocairo-1.0.so.0.3600.3
7f3a77baf000-7f3a77bb0000 r--p 0000b000 08:05 3017469                    /usr/lib/x86_64-linux-gnu/libpangocairo-1.0.so.0.3600.3
7f3a77bb0000-7f3a77bb1000 rw-p 0000c000 08:05 3017469                    /usr/lib/x86_64-linux-gnu/libpangocairo-1.0.so.0.3600.3
7f3a77bb1000-7f3a77bb2000 r-xp 00000000 08:05 3022109                    /usr/lib/x86_64-linux-gnu/libgthread-2.0.so.0.4000.0
7f3a77bb2000-7f3a77db1000 ---p 00001000 08:05 3022109                    /usr/lib/x86_64-linux-gnu/libgthread-2.0.so.0.4000.0
7f3a77db1000-7f3a77db2000 r--p 00000000 08:05 3022109                    /usr/lib/x86_64-linux-gnu/libgthread-2.0.so.0.4000.0
7f3a77db2000-7f3a77db3000 rw-p 00001000 08:05 3022109                    /usr/lib/x86_64-linux-gnu/libgthread-2.0.so.0.4000.0
7f3a77db3000-7f3a77dfd000 r-xp 00000000 08:05 3018978                    /usr/lib/x86_64-linux-gnu/libpango-1.0.so.0.3600.3
7f3a77dfd000-7f3a77ffd000 ---p 0004a000 08:05 3018978                    /usr/lib/x86_64-linux-gnu/libpango-1.0.so.0.3600.3
7f3a77ffd000-7f3a77fff000 r--p 0004a000 08:05 3018978                    /usr/lib/x86_64-linux-gnu/libpango-1.0.so.0.3600.3
7f3a77fff000-7f3a78000000 rw-p 0004c000 08:05 3018978                    /usr/lib/x86_64-linux-gnu/libpango-1.0.so.0.3600.3
7f3a78000000-7f3a78021000 rw-p 00000000 00:00 0 
7f3a78021000-7f3a7c000000 ---p 00000000 00:00 0 
7f3a7c000000-7f3a7c021000 rw-p 00000000 00:00 0 
7f3a7c021000-7f3a80000000 ---p 00000000 00:00 0 
7f3a80000000-7f3a803c3000 rw-p 00000000 00:00 0 
7f3a803c3000-7f3a84000000 ---p 00000000 00:00 0 
7f3a84000000-7f3a84021000 rw-p 00000000 00:00 0 
7f3a84021000-7f3a88000000 ---p 00000000 00:00 0 
7f3a88000000-7f3a88021000 rw-p 00000000 00:00 0 
7f3a88021000-7f3a8c000000 ---p 00000000 00:00 0 
7f3a8c000000-7f3a8c5ad000 rw-p 00000000 00:00 0 
7f3a8c5ad000-7f3a90000000 ---p 00000000 00:00 0 
7f3a90000000-7f3a90021000 rw-p 00000000 00:00 0 
7f3a90021000-7f3a94000000 ---p 00000000 00:00 0 
7f3a94000000-7f3a94021000 rw-p 00000000 00:00 0 
7f3a94021000-7f3a98000000 ---p 00000000 00:00 0 
7f3a98000000-7f3a98021000 rw-p 00000000 00:00 0 
7f3a98021000-7f3a9c000000 ---p 00000000 00:00 0 
7f3a9c000000-7f3a9c021000 rw-p 00000000 00:00 0 
7f3a9c021000-7f3aa0000000 ---p 00000000 00:00 0 
7f3aa0000000-7f3aa0021000 rw-p 00000000 00:00 0 
7f3aa0021000-7f3aa4000000 ---p 00000000 00:00 0 
7f3aa4000000-7f3aa4001000 rw-p 00000000 00:00 0 
7f3aa4001000-7f3aa4002000 r--p 00000000 08:05 135478                     /usr/share/locale-langpack/en_AU/LC_MESSAGES/gdk-pixbuf.mo
7f3aa4002000-7f3aa4007000 r--s 0004c000 08:05 427281                     /usr/lib/jvm/java-7-openjdk-amd64/jre/lib/jsse.jar
7f3aa4007000-7f3aa4008000 r--s 00000000 08:05 1191350                    /var/cache/fontconfig/c05880de57d1f5e948fdfacc138775d9-le64.cache-4
7f3aa4008000-7f3aa4013000 r--s 00000000 08:05 1180320                    /var/cache/fontconfig/945677eb7aeaf62f1d50efc3fb3ec7d8-le64.cache-4
7f3aa4013000-7f3aa4019000 r--s 00000000 08:05 1180318                    /var/cache/fontconfig/2cd17615ca594fa2959ae173292e504c-le64.cache-4
7f3aa4019000-7f3aa401a000 r--s 00000000 08:05 1180257                    /var/cache/fontconfig/e7071f4a29fa870f4323321c154eba04-le64.cache-4
7f3aa401a000-7f3aa401b000 r--s 00000000 08:05 1180255                    /var/cache/fontconfig/0d8c3b2ac0904cb8a57a757ad11a4a08-le64.cache-4
7f3aa401b000-7f3aa4022000 r--s 00000000 08:05 1180254                    /var/cache/fontconfig/a755afe4a08bf5b97852ceb7400b47bc-le64.cache-4
7f3aa4022000-7f3aa4026000 r--s 00000000 08:05 1191346                    /var/cache/fontconfig/6d41288fd70b0be22e8c3a91e032eec0-le64.cache-4
7f3aa4026000-7f3aa403a000 r--s 00000000 08:05 1180253                    /var/cache/fontconfig/04aabc0a78ac019cf9454389977116d2-le64.cache-4
7f3aa403a000-7f3aa403b000 r--s 00000000 08:05 1180252                    /var/cache/fontconfig/1ac9eb803944fde146138c791f5cc56a-le64.cache-4
7f3aa403b000-7f3aa403f000 r--s 00000000 08:05 1180251                    /var/cache/fontconfig/385c0604a188198f04d133e54aba7fe7-le64.cache-4
7f3aa403f000-7f3aa4044000 r--s 00000000 08:05 1180248                    /var/cache/fontconfig/8801497958630a81b71ace7c5f9b32a8-le64.cache-4
7f3aa4044000-7f3aa4063000 r-xp 00000000 08:05 3021961                    /usr/lib/x86_64-linux-gnu/libgdk_pixbuf-2.0.so.0.3000.7
7f3aa4063000-7f3aa4263000 ---p 0001f000 08:05 3021961                    /usr/lib/x86_64-linux-gnu/libgdk_pixbuf-2.0.so.0.3000.7
7f3aa4263000-7f3aa4264000 r--p 0001f000 08:05 3021961                    /usr/lib/x86_64-linux-gnu/libgdk_pixbuf-2.0.so.0.3000.7
7f3aa4264000-7f3aa4265000 rw-p 00020000 08:05 3021961                    /usr/lib/x86_64-linux-gnu/libgdk_pixbuf-2.0.so.0.3000.7
7f3aa4265000-7f3aa4312000 r-xp 00000000 08:05 3022034                    /usr/lib/x86_64-linux-gnu/libgdk-x11-2.0.so.0.2400.23
7f3aa4312000-7f3aa4511000 ---p 000ad000 08:05 3022034                    /usr/lib/x86_64-linux-gnu/libgdk-x11-2.0.so.0.2400.23
7f3aa4511000-7f3aa4515000 r--p 000ac000 08:05 3022034                    /usr/lib/x86_64-linux-gnu/libgdk-x11-2.0.so.0.2400.23
7f3aa4515000-7f3aa4517000 rw-p 000b0000 08:05 3022034                    /usr/lib/x86_64-linux-gnu/libgdk-x11-2.0.so.0.2400.23
7f3aa4517000-7f3aa4946000 r-xp 00000000 08:05 3015098                    /usr/lib/x86_64-linux-gnu/libgtk-x11-2.0.so.0.2400.23
7f3aa4946000-7f3aa4b45000 ---p 0042f000 08:05 3015098                    /usr/lib/x86_64-linux-gnu/libgtk-x11-2.0.so.0.2400.23
7f3aa4b45000-7f3aa4b4c000 r--p 0042e000 08:05 3015098                    /usr/lib/x86_64-linux-gnu/libgtk-x11-2.0.so.0.2400.23
7f3aa4b4c000-7f3aa4b50000 rw-p 00435000 08:05 3015098                    /usr/lib/x86_64-linux-gnu/libgtk-x11-2.0.so.0.2400.23
7f3aa4b50000-7f3aa4b53000 rw-p 00000000 00:00 0 
7f3aa4b53000-7f3aa4b5e000 r-xp 00000000 08:05 427245                     /usr/lib/jvm/java-7-openjdk-amd64/jre/lib/amd64/libjavagtk.so
7f3aa4b5e000-7f3aa4d5d000 ---p 0000b000 08:05 427245                     /usr/lib/jvm/java-7-openjdk-amd64/jre/lib/amd64/libjavagtk.so
7f3aa4d5d000-7f3aa4d5e000 r--p 0000a000 08:05 427245                     /usr/lib/jvm/java-7-openjdk-amd64/jre/lib/amd64/libjavagtk.so
7f3aa4d5e000-7f3aa4d5f000 rw-p 0000b000 08:05 427245                     /usr/lib/jvm/java-7-openjdk-amd64/jre/lib/amd64/libjavagtk.so
7f3aa4d5f000-7f3aa4d62000 ---p 00000000 00:00 0 
7f3aa4d62000-7f3aa4e60000 rw-p 00000000 00:00 0                          [stack:22208]
7f3aa4e60000-7f3aa4e65000 r-xp 00000000 08:05 3021667                    /usr/lib/x86_64-linux-gnu/libXfixes.so.3.1.0
7f3aa4e65000-7f3aa5064000 ---p 00005000 08:05 3021667                    /usr/lib/x86_64-linux-gnu/libXfixes.so.3.1.0
7f3aa5064000-7f3aa5065000 r--p 00004000 08:05 3021667                    /usr/lib/x86_64-linux-gnu/libXfixes.so.3.1.0
7f3aa5065000-7f3aa5066000 rw-p 00005000 08:05 3021667                    /usr/lib/x86_64-linux-gnu/libXfixes.so.3.1.0
7f3aa5066000-7f3aa506f000 r-xp 00000000 08:05 3021659                    /usr/lib/x86_64-linux-gnu/libXcursor.so.1.0.2
7f3aa506f000-7f3aa526e000 ---p 00009000 08:05 3021659                    /usr/lib/x86_64-linux-gnu/libXcursor.so.1.0.2
7f3aa526e000-7f3aa526f000 r--p 00008000 08:05 3021659                    /usr/lib/x86_64-linux-gnu/libXcursor.so.1.0.2
7f3aa526f000-7f3aa5270000 rw-p 00009000 08:05 3021659                    /usr/lib/x86_64-linux-gnu/libXcursor.so.1.0.2
7f3aa5270000-7f3aa5273000 ---p 00000000 00:00 0 
7f3aa5273000-7f3aa5371000 rw-p 00000000 00:00 0                          [stack:22207]
7f3aa5371000-7f3aa5375000 r-xp 00000000 08:05 2625583                    /lib/x86_64-linux-gnu/libgpg-error.so.0.10.0
7f3aa5375000-7f3aa5574000 ---p 00004000 08:05 2625583                    /lib/x86_64-linux-gnu/libgpg-error.so.0.10.0
7f3aa5574000-7f3aa5575000 r--p 00003000 08:05 2625583                    /lib/x86_64-linux-gnu/libgpg-error.so.0.10.0
7f3aa5575000-7f3aa5576000 rw-p 00004000 08:05 2625583                    /lib/x86_64-linux-gnu/libgpg-error.so.0.10.0
7f3aa5576000-7f3aa5578000 r-xp 00000000 08:05 2625593                    /lib/x86_64-linux-gnu/libkeyutils.so.1.4
7f3aa5578000-7f3aa5778000 ---p 00002000 08:05 2625593                    /lib/x86_64-linux-gnu/libkeyutils.so.1.4
7f3aa5778000-7f3aa5779000 r--p 00002000 08:05 2625593                    /lib/x86_64-linux-gnu/libkeyutils.so.1.4
7f3aa5779000-7f3aa577a000 rw-p 00003000 08:05 2625593                    /lib/x86_64-linux-gnu/libkeyutils.so.1.4
7f3aa577a000-7f3aa57b7000 r-xp 00000000 08:05 2625653                    /lib/x86_64-linux-gnu/libpcre.so.3.13.1
7f3aa57b7000-7f3aa59b6000 ---p 0003d000 08:05 2625653                    /lib/x86_64-linux-gnu/libpcre.so.3.13.1
7f3aa59b6000-7f3aa59b7000 r--p 0003c000 08:05 2625653                    /lib/x86_64-linux-gnu/libpcre.so.3.13.1
7f3aa59b7000-7f3aa59b8000 rw-p 0003d000 08:05 2625653                    /lib/x86_64-linux-gnu/libpcre.so.3.13.1
7f3aa59b8000-7f3aa59dd000 r-xp 00000000 08:05 2625665                    /lib/x86_64-linux-gnu/libpng12.so.0.50.0
7f3aa59dd000-7f3aa5bdc000 ---p 00025000 08:05 2625665                    /lib/x86_64-linux-gnu/libpng12.so.0.50.0
7f3aa5bdc000-7f3aa5bdd000 r--p 00024000 08:05 2625665                    /lib/x86_64-linux-gnu/libpng12.so.0.50.0
7f3aa5bdd000-7f3aa5bde000 rw-p 00025000 08:05 2625665                    /lib/x86_64-linux-gnu/libpng12.so.0.50.0
7f3aa5bde000-7f3aa5c22000 r-xp 00000000 08:05 2621535                    /lib/x86_64-linux-gnu/libdbus-1.so.3.7.6
7f3aa5c22000-7f3aa5e21000 ---p 00044000 08:05 2621535                    /lib/x86_64-linux-gnu/libdbus-1.so.3.7.6
7f3aa5e21000-7f3aa5e22000 r--p 00043000 08:05 2621535                    /lib/x86_64-linux-gnu/libdbus-1.so.3.7.6
7f3aa5e22000-7f3aa5e23000 rw-p 00044000 08:05 2621535                    /lib/x86_64-linux-gnu/libdbus-1.so.3.7.6
7f3aa5e23000-7f3aa5e5e000 r-xp 00000000 08:05 3022308                    /usr/lib/x86_64-linux-gnu/libp11-kit.so.0.0.0
7f3aa5e5e000-7f3aa605d000 ---p 0003b000 08:05 3022308                    /usr/lib/x86_64-linux-gnu/libp11-kit.so.0.0.0
7f3aa605d000-7f3aa6063000 r--p 0003a000 08:05 3022308                    /usr/lib/x86_64-linux-gnu/libp11-kit.so.0.0.0
7f3aa6063000-7f3aa6065000 rw-p 00040000 08:05 3022308                    /usr/lib/x86_64-linux-gnu/libp11-kit.so.0.0.0
7f3aa6065000-7f3aa6077000 r-xp 00000000 08:05 3015545                    /usr/lib/x86_64-linux-gnu/libtasn1.so.6.2.0
7f3aa6077000-7f3aa6277000 ---p 00012000 08:05 3015545                    /usr/lib/x86_64-linux-gnu/libtasn1.so.6.2.0
7f3aa6277000-7f3aa6278000 r--p 00012000 08:05 3015545                    /usr/lib/x86_64-linux-gnu/libtasn1.so.6.2.0
7f3aa6278000-7f3aa6279000 rw-p 00013000 08:05 3015545                    /usr/lib/x86_64-linux-gnu/libtasn1.so.6.2.0
7f3aa6279000-7f3aa62f5000 r-xp 00000000 08:05 2622651                    /lib/x86_64-linux-gnu/libgcrypt.so.11.8.2
7f3aa62f5000-7f3aa64f4000 ---p 0007c000 08:05 2622651                    /lib/x86_64-linux-gnu/libgcrypt.so.11.8.2
7f3aa64f4000-7f3aa64f5000 r--p 0007b000 08:05 2622651                    /lib/x86_64-linux-gnu/libgcrypt.so.11.8.2
7f3aa64f5000-7f3aa64f8000 rw-p 0007c000 08:05 2622651                    /lib/x86_64-linux-gnu/libgcrypt.so.11.8.2
7f3aa64f8000-7f3aa6502000 r-xp 00000000 08:05 3015424                    /usr/lib/x86_64-linux-gnu/libkrb5support.so.0.1
7f3aa6502000-7f3aa6701000 ---p 0000a000 08:05 3015424                    /usr/lib/x86_64-linux-gnu/libkrb5support.so.0.1
7f3aa6701000-7f3aa6702000 r--p 00009000 08:05 3015424                    /usr/lib/x86_64-linux-gnu/libkrb5support.so.0.1
7f3aa6702000-7f3aa6703000 rw-p 0000a000 08:05 3015424                    /usr/lib/x86_64-linux-gnu/libkrb5support.so.0.1
7f3aa6703000-7f3aa6706000 r-xp 00000000 08:05 2625559                    /lib/x86_64-linux-gnu/libcom_err.so.2.1
7f3aa6706000-7f3aa6905000 ---p 00003000 08:05 2625559                    /lib/x86_64-linux-gnu/libcom_err.so.2.1
7f3aa6905000-7f3aa6906000 r--p 00002000 08:05 2625559                    /lib/x86_64-linux-gnu/libcom_err.so.2.1
7f3aa6906000-7f3aa6907000 rw-p 00003000 08:05 2625559                    /lib/x86_64-linux-gnu/libcom_err.so.2.1
7f3aa6907000-7f3aa6933000 r-xp 00000000 08:05 3015040                    /usr/lib/x86_64-linux-gnu/libk5crypto.so.3.1
7f3aa6933000-7f3aa6b32000 ---p 0002c000 08:05 3015040                    /usr/lib/x86_64-linux-gnu/libk5crypto.so.3.1
7f3aa6b32000-7f3aa6b34000 r--p 0002b000 08:05 3015040                    /usr/lib/x86_64-linux-gnu/libk5crypto.so.3.1
7f3aa6b34000-7f3aa6b35000 rw-p 0002d000 08:05 3015040                    /usr/lib/x86_64-linux-gnu/libk5crypto.so.3.1
7f3aa6b35000-7f3aa6b36000 rw-p 00000000 00:00 0 
7f3aa6b36000-7f3aa6bf2000 r-xp 00000000 08:05 3015322                    /usr/lib/x86_64-linux-gnu/libkrb5.so.3.3
7f3aa6bf2000-7f3aa6df2000 ---p 000bc000 08:05 3015322                    /usr/lib/x86_64-linux-gnu/libkrb5.so.3.3
7f3aa6df2000-7f3aa6dff000 r--p 000bc000 08:05 3015322                    /usr/lib/x86_64-linux-gnu/libkrb5.so.3.3
7f3aa6dff000-7f3aa6e01000 rw-p 000c9000 08:05 3015322                    /usr/lib/x86_64-linux-gnu/libkrb5.so.3.3
7f3aa6e01000-7f3aa6e06000 r-xp 00000000 08:05 3021663                    /usr/lib/x86_64-linux-gnu/libXdmcp.so.6.0.0
7f3aa6e06000-7f3aa7005000 ---p 00005000 08:05 3021663                    /usr/lib/x86_64-linux-gnu/libXdmcp.so.6.0.0
7f3aa7005000-7f3aa7006000 r--p 00004000 08:05 3021663                    /usr/lib/x86_64-linux-gnu/libXdmcp.so.6.0.0
7f3aa7006000-7f3aa7007000 rw-p 00005000 08:05 3021663                    /usr/lib/x86_64-linux-gnu/libXdmcp.so.6.0.0
7f3aa7007000-7f3aa7009000 r-xp 00000000 08:05 3021652                    /usr/lib/x86_64-linux-gnu/libXau.so.6.0.0
7f3aa7009000-7f3aa7209000 ---p 00002000 08:05 3021652                    /usr/lib/x86_64-linux-gnu/libXau.so.6.0.0
7f3aa7209000-7f3aa720a000 r--p 00002000 08:05 3021652                    /usr/lib/x86_64-linux-gnu/libXau.so.6.0.0
7f3aa720a000-7f3aa720b000 rw-p 00003000 08:05 3021652                    /usr/lib/x86_64-linux-gnu/libXau.so.6.0.0
7f3aa720b000-7f3aa7212000 r-xp 00000000 08:05 3021908                    /usr/lib/x86_64-linux-gnu/libffi.so.6.0.1
7f3aa7212000-7f3aa7411000 ---p 00007000 08:05 3021908                    /usr/lib/x86_64-linux-gnu/libffi.so.6.0.1
7f3aa7411000-7f3aa7412000 r--p 00006000 08:05 3021908                    /usr/lib/x86_64-linux-gnu/libffi.so.6.0.1
7f3aa7412000-7f3aa7413000 rw-p 00007000 08:05 3021908                    /usr/lib/x86_64-linux-gnu/libffi.so.6.0.1
7f3aa7413000-7f3aa742a000 r-xp 00000000 08:05 2630608                    /lib/x86_64-linux-gnu/libresolv-2.19.so
7f3aa742a000-7f3aa762a000 ---p 00017000 08:05 2630608                    /lib/x86_64-linux-gnu/libresolv-2.19.so
7f3aa762a000-7f3aa762b000 r--p 00017000 08:05 2630608                    /lib/x86_64-linux-gnu/libresolv-2.19.so
7f3aa762b000-7f3aa762c000 rw-p 00018000 08:05 2630608                    /lib/x86_64-linux-gnu/libresolv-2.19.so
7f3aa762c000-7f3aa762e000 rw-p 00000000 00:00 0 
7f3aa762e000-7f3aa764e000 r-xp 00000000 08:05 2621469                    /lib/x86_64-linux-gnu/libselinux.so.1
7f3aa764e000-7f3aa784d000 ---p 00020000 08:05 2621469                    /lib/x86_64-linux-gnu/libselinux.so.1
7f3aa784d000-7f3aa784e000 r--p 0001f000 08:05 2621469                    /lib/x86_64-linux-gnu/libselinux.so.1
7f3aa784e000-7f3aa784f000 rw-p 00020000 08:05 2621469                    /lib/x86_64-linux-gnu/libselinux.so.1
7f3aa784f000-7f3aa7851000 rw-p 00000000 00:00 0 
7f3aa7851000-7f3aa7957000 r-xp 00000000 08:05 2625581                    /lib/x86_64-linux-gnu/libglib-2.0.so.0.4000.0
7f3aa7957000-7f3aa7b56000 ---p 00106000 08:05 2625581                    /lib/x86_64-linux-gnu/libglib-2.0.so.0.4000.0
7f3aa7b56000-7f3aa7b57000 r--p 00105000 08:05 2625581                    /lib/x86_64-linux-gnu/libglib-2.0.so.0.4000.0
7f3aa7b57000-7f3aa7b58000 rw-p 00106000 08:05 2625581                    /lib/x86_64-linux-gnu/libglib-2.0.so.0.4000.0
7f3aa7b58000-7f3aa7b59000 rw-p 00000000 00:00 0 
7f3aa7b59000-7f3aa7b5c000 r-xp 00000000 08:05 3021995                    /usr/lib/x86_64-linux-gnu/libgmodule-2.0.so.0.4000.0
7f3aa7b5c000-7f3aa7d5b000 ---p 00003000 08:05 3021995                    /usr/lib/x86_64-linux-gnu/libgmodule-2.0.so.0.4000.0
7f3aa7d5b000-7f3aa7d5c000 r--p 00002000 08:05 3021995                    /usr/lib/x86_64-linux-gnu/libgmodule-2.0.so.0.4000.0
7f3aa7d5c000-7f3aa7d5d000 rw-p 00003000 08:05 3021995                    /usr/lib/x86_64-linux-gnu/libgmodule-2.0.so.0.4000.0
7f3aa7d5d000-7f3aa7dfa000 r-xp 00000000 08:05 3015014                    /usr/lib/x86_64-linux-gnu/libfreetype.so.6.11.1
7f3aa7dfa000-7f3aa7ff9000 ---p 0009d000 08:05 3015014                    /usr/lib/x86_64-linux-gnu/libfreetype.so.6.11.1
7f3aa7ff9000-7f3aa7fff000 r--p 0009c000 08:05 3015014                    /usr/lib/x86_64-linux-gnu/libfreetype.so.6.11.1
7f3aa7fff000-7f3aa8000000 rw-p 000a2000 08:05 3015014                    /usr/lib/x86_64-linux-gnu/libfreetype.so.6.11.1
7f3aa8000000-7f3aa8021000 rw-p 00000000 00:00 0 
7f3aa8021000-7f3aac000000 ---p 00000000 00:00 0 
7f3aac000000-7f3aac002000 r--s 00000000 08:05 1180176                    /var/cache/fontconfig/767a8244fc0220cfb567a839d0392e0b-le64.cache-4
7f3aac002000-7f3aac029000 r-xp 00000000 08:05 2625572                    /lib/x86_64-linux-gnu/libexpat.so.1.6.0
7f3aac029000-7f3aac229000 ---p 00027000 08:05 2625572                    /lib/x86_64-linux-gnu/libexpat.so.1.6.0
7f3aac229000-7f3aac22b000 r--p 00027000 08:05 2625572                    /lib/x86_64-linux-gnu/libexpat.so.1.6.0
7f3aac22b000-7f3aac22c000 rw-p 00029000 08:05 2625572                    /lib/x86_64-linux-gnu/libexpat.so.1.6.0
7f3aac22c000-7f3aac23b000 r-xp 00000000 08:05 3021749                    /usr/lib/x86_64-linux-gnu/libavahi-client.so.3.2.9
7f3aac23b000-7f3aac43b000 ---p 0000f000 08:05 3021749                    /usr/lib/x86_64-linux-gnu/libavahi-client.so.3.2.9
7f3aac43b000-7f3aac43c000 r--p 0000f000 08:05 3021749                    /usr/lib/x86_64-linux-gnu/libavahi-client.so.3.2.9
7f3aac43c000-7f3aac43d000 rw-p 00010000 08:05 3021749                    /usr/lib/x86_64-linux-gnu/libavahi-client.so.3.2.9
7f3aac43d000-7f3aac448000 r-xp 00000000 08:05 3021751                    /usr/lib/x86_64-linux-gnu/libavahi-common.so.3.5.3
7f3aac448000-7f3aac647000 ---p 0000b000 08:05 3021751                    /usr/lib/x86_64-linux-gnu/libavahi-common.so.3.5.3
7f3aac647000-7f3aac648000 r--p 0000a000 08:05 3021751                    /usr/lib/x86_64-linux-gnu/libavahi-common.so.3.5.3
7f3aac648000-7f3aac649000 rw-p 0000b000 08:05 3021751                    /usr/lib/x86_64-linux-gnu/libavahi-common.so.3.5.3
7f3aac649000-7f3aac6ff000 r-xp 00000000 08:05 3017711                    /usr/lib/x86_64-linux-gnu/libgnutls.so.26.22.6
7f3aac6ff000-7f3aac8ff000 ---p 000b6000 08:05 3017711                    /usr/lib/x86_64-linux-gnu/libgnutls.so.26.22.6
7f3aac8ff000-7f3aac905000 r--p 000b6000 08:05 3017711                    /usr/lib/x86_64-linux-gnu/libgnutls.so.26.22.6
7f3aac905000-7f3aac906000 rw-p 000bc000 08:05 3017711                    /usr/lib/x86_64-linux-gnu/libgnutls.so.26.22.6
7f3aac906000-7f3aac907000 rw-p 00000000 00:00 0 
7f3aac907000-7f3aac94a000 r-xp 00000000 08:05 3015222                    /usr/lib/x86_64-linux-gnu/libgssapi_krb5.so.2.2
7f3aac94a000-7f3aacb4a000 ---p 00043000 08:05 3015222                    /usr/lib/x86_64-linux-gnu/libgssapi_krb5.so.2.2
7f3aacb4a000-7f3aacb4b000 r--p 00043000 08:05 3015222                    /usr/lib/x86_64-linux-gnu/libgssapi_krb5.so.2.2
7f3aacb4b000-7f3aacb4d000 rw-p 00044000 08:05 3015222                    /usr/lib/x86_64-linux-gnu/libgssapi_krb5.so.2.2
7f3aacb4d000-7f3aacb6a000 r-xp 00000000 08:05 3022606                    /usr/lib/x86_64-linux-gnu/libxcb.so.1.1.0
7f3aacb6a000-7f3aacd6a000 ---p 0001d000 08:05 3022606                    /usr/lib/x86_64-linux-gnu/libxcb.so.1.1.0
7f3aacd6a000-7f3aacd6b000 r--p 0001d000 08:05 3022606                    /usr/lib/x86_64-linux-gnu/libxcb.so.1.1.0
7f3aacd6b000-7f3aacd6c000 rw-p 0001e000 08:05 3022606                    /usr/lib/x86_64-linux-gnu/libxcb.so.1.1.0
7f3aacd6c000-7f3aacdbb000 r-xp 00000000 08:05 3022007                    /usr/lib/x86_64-linux-gnu/libgobject-2.0.so.0.4000.0
7f3aacdbb000-7f3aacfbb000 ---p 0004f000 08:05 3022007                    /usr/lib/x86_64-linux-gnu/libgobject-2.0.so.0.4000.0
7f3aacfbb000-7f3aacfbc000 r--p 0004f000 08:05 3022007                    /usr/lib/x86_64-linux-gnu/libgobject-2.0.so.0.4000.0
7f3aacfbc000-7f3aacfbd000 rw-p 00050000 08:05 3022007                    /usr/lib/x86_64-linux-gnu/libgobject-2.0.so.0.4000.0
7f3aacfbd000-7f3aad128000 r-xp 00000000 08:05 3021983                    /usr/lib/x86_64-linux-gnu/libgio-2.0.so.0.4000.0
7f3aad128000-7f3aad328000 ---p 0016b000 08:05 3021983                    /usr/lib/x86_64-linux-gnu/libgio-2.0.so.0.4000.0
7f3aad328000-7f3aad32c000 r--p 0016b000 08:05 3021983                    /usr/lib/x86_64-linux-gnu/libgio-2.0.so.0.4000.0
7f3aad32c000-7f3aad32e000 rw-p 0016f000 08:05 3021983                    /usr/lib/x86_64-linux-gnu/libgio-2.0.so.0.4000.0
7f3aad32e000-7f3aad330000 rw-p 00000000 00:00 0 
7f3aad330000-7f3aad36a000 r-xp 00000000 08:05 3014914                    /usr/lib/x86_64-linux-gnu/libfontconfig.so.1.8.0
7f3aad36a000-7f3aad569000 ---p 0003a000 08:05 3014914                    /usr/lib/x86_64-linux-gnu/libfontconfig.so.1.8.0
7f3aad569000-7f3aad56b000 r--p 00039000 08:05 3014914                    /usr/lib/x86_64-linux-gnu/libfontconfig.so.1.8.0
7f3aad56b000-7f3aad56c000 rw-p 0003b000 08:05 3014914                    /usr/lib/x86_64-linux-gnu/libfontconfig.so.1.8.0
7f3aad56c000-7f3aad5d8000 r-xp 00000000 08:05 3014778                    /usr/lib/x86_64-linux-gnu/libcups.so.2
7f3aad5d8000-7f3aad7d8000 ---p 0006c000 08:05 3014778                    /usr/lib/x86_64-linux-gnu/libcups.so.2
7f3aad7d8000-7f3aad7df000 r--p 0006c000 08:05 3014778                    /usr/lib/x86_64-linux-gnu/libcups.so.2
7f3aad7df000-7f3aad7e0000 rw-p 00073000 08:05 3014778                    /usr/lib/x86_64-linux-gnu/libcups.so.2
7f3aad7e0000-7f3aad7ef000 r-xp 00000000 08:05 3021673                    /usr/lib/x86_64-linux-gnu/libXi.so.6.1.0
7f3aad7ef000-7f3aad9ee000 ---p 0000f000 08:05 3021673                    /usr/lib/x86_64-linux-gnu/libXi.so.6.1.0
7f3aad9ee000-7f3aad9ef000 r--p 0000e000 08:05 3021673                    /usr/lib/x86_64-linux-gnu/libXi.so.6.1.0
7f3aad9ef000-7f3aad9f0000 rw-p 0000f000 08:05 3021673                    /usr/lib/x86_64-linux-gnu/libXi.so.6.1.0
7f3aad9f0000-7f3aad9f5000 r-xp 00000000 08:05 3021693                    /usr/lib/x86_64-linux-gnu/libXtst.so.6.1.0
7f3aad9f5000-7f3aadbf4000 ---p 00005000 08:05 3021693                    /usr/lib/x86_64-linux-gnu/libXtst.so.6.1.0
7f3aadbf4000-7f3aadbf5000 r--p 00004000 08:05 3021693                    /usr/lib/x86_64-linux-gnu/libXtst.so.6.1.0
7f3aadbf5000-7f3aadbf6000 rw-p 00005000 08:05 3021693                    /usr/lib/x86_64-linux-gnu/libXtst.so.6.1.0
7f3aadbf6000-7f3aadbff000 r-xp 00000000 08:05 3021687                    /usr/lib/x86_64-linux-gnu/libXrender.so.1.3.0
7f3aadbff000-7f3aaddfe000 ---p 00009000 08:05 3021687                    /usr/lib/x86_64-linux-gnu/libXrender.so.1.3.0
7f3aaddfe000-7f3aaddff000 r--p 00008000 08:05 3021687                    /usr/lib/x86_64-linux-gnu/libXrender.so.1.3.0
7f3aaddff000-7f3aade00000 rw-p 00009000 08:05 3021687                    /usr/lib/x86_64-linux-gnu/libXrender.so.1.3.0
7f3aade00000-7f3ab0000000 rw-p 00000000 00:00 0 
7f3ab0000000-7f3ab0021000 rw-p 00000000 00:00 0 
7f3ab0021000-7f3ab4000000 ---p 00000000 00:00 0 
7f3ab4000000-7f3ab4001000 r--s 00000000 08:05 1180250                    /var/cache/fontconfig/dc05db6664285cc2f12bf69c139ae4c3-le64.cache-4
7f3ab4001000-7f3ab4002000 r--s 00000000 08:05 1204984                    /var/cache/fontconfig/4794a0821666d79190d59a36cb4f44b5-le64.cache-4
7f3ab4002000-7f3ab4006000 r--s 00000000 08:05 1180247                    /var/cache/fontconfig/c57959a16110560c8d0fcea73374aeeb-le64.cache-4
7f3ab4006000-7f3ab400d000 r--s 00000000 08:05 1180237                    /var/cache/fontconfig/3047814df9a2f067bd2d96a2b9c36e5a-le64.cache-4
7f3ab400d000-7f3ab400e000 r--s 00000000 08:05 1180234                    /var/cache/fontconfig/56cf4f4769d0f4abc89a4895d7bd3ae1-le64.cache-4
7f3ab400e000-7f3ab400f000 r--s 00000000 08:05 1180230                    /var/cache/fontconfig/b9d506c9ac06c20b433354fa67a72993-le64.cache-4
7f3ab400f000-7f3ab4015000 r--s 00000000 08:05 1180229                    /var/cache/fontconfig/b47c4e1ecd0709278f4910c18777a504-le64.cache-4
7f3ab4015000-7f3ab4018000 r--s 00000000 08:05 1191349                    /var/cache/fontconfig/e49e89034d371f0f9de17aab02136486-le64.cache-4
7f3ab4018000-7f3ab401a000 r--s 00000000 08:05 1191348                    /var/cache/fontconfig/4b14b093aebc79c320de5e86ae1d3314-le64.cache-4
7f3ab401a000-7f3ab402d000 r--s 00000000 08:05 1180228                    /var/cache/fontconfig/d52a8644073d54c13679302ca1180695-le64.cache-4
7f3ab402d000-7f3ab4035000 r--s 00000000 08:05 1180227                    /var/cache/fontconfig/3f7329c5293ffd510edef78f73874cfd-le64.cache-4
7f3ab4035000-7f3ab4040000 r--s 00000000 08:05 1180821                    /var/cache/fontconfig/d589a48862398ed80a3d6066f4f56f4c-le64.cache-4
7f3ab4040000-7f3ab4043000 r--s 00000000 08:05 1196435                    /var/cache/fontconfig/e13b20fdb08344e0e664864cc2ede53d-le64.cache-4
7f3ab4043000-7f3ab4047000 r--s 00000000 08:05 1196436                    /var/cache/fontconfig/7ef2298fde41cc6eeb7af42e48b7d293-le64.cache-4
7f3ab4047000-7f3ab4097000 r--p 00000000 08:05 3304345                    /usr/share/glib-2.0/schemas/gschemas.compiled
7f3ab4097000-7f3ab41c7000 r-xp 00000000 08:05 3021648                    /usr/lib/x86_64-linux-gnu/libX11.so.6.3.0
7f3ab41c7000-7f3ab43c7000 ---p 00130000 08:05 3021648                    /usr/lib/x86_64-linux-gnu/libX11.so.6.3.0
7f3ab43c7000-7f3ab43c8000 r--p 00130000 08:05 3021648                    /usr/lib/x86_64-linux-gnu/libX11.so.6.3.0
7f3ab43c8000-7f3ab43cc000 rw-p 00131000 08:05 3021648                    /usr/lib/x86_64-linux-gnu/libX11.so.6.3.0
7f3ab43cc000-7f3ab43dd000 r-xp 00000000 08:05 3021665                    /usr/lib/x86_64-linux-gnu/libXext.so.6.4.0
7f3ab43dd000-7f3ab45dc000 ---p 00011000 08:05 3021665                    /usr/lib/x86_64-linux-gnu/libXext.so.6.4.0
7f3ab45dc000-7f3ab45dd000 r--p 00010000 08:05 3021665                    /usr/lib/x86_64-linux-gnu/libXext.so.6.4.0
7f3ab45dd000-7f3ab45de000 rw-p 00011000 08:05 3021665                    /usr/lib/x86_64-linux-gnu/libXext.so.6.4.0
7f3ab45de000-7f3ab4626000 r-xp 00000000 08:05 427242                     /usr/lib/jvm/java-7-openjdk-amd64/jre/lib/amd64/xawt/libmawt.so
7f3ab4626000-7f3ab4825000 ---p 00048000 08:05 427242                     /usr/lib/jvm/java-7-openjdk-amd64/jre/lib/amd64/xawt/libmawt.so
7f3ab4825000-7f3ab4826000 r--p 00047000 08:05 427242                     /usr/lib/jvm/java-7-openjdk-amd64/jre/lib/amd64/xawt/libmawt.so
7f3ab4826000-7f3ab4829000 rw-p 00048000 08:05 427242                     /usr/lib/jvm/java-7-openjdk-amd64/jre/lib/amd64/xawt/libmawt.so
7f3ab4829000-7f3ab482a000 rw-p 00000000 00:00 0 
7f3ab482a000-7f3ab48ca000 r-xp 00000000 08:05 427279                     /usr/lib/jvm/java-7-openjdk-amd64/jre/lib/amd64/libawt.so
7f3ab48ca000-7f3ab4aca000 ---p 000a0000 08:05 427279                     /usr/lib/jvm/java-7-openjdk-amd64/jre/lib/amd64/libawt.so
7f3ab4aca000-7f3ab4acb000 r--p 000a0000 08:05 427279                     /usr/lib/jvm/java-7-openjdk-amd64/jre/lib/amd64/libawt.so
7f3ab4acb000-7f3ab4ad6000 rw-p 000a1000 08:05 427279                     /usr/lib/jvm/java-7-openjdk-amd64/jre/lib/amd64/libawt.so
7f3ab4ad6000-7f3ab4afb000 rw-p 00000000 00:00 0 
7f3ab4afb000-7f3ab4afc000 ---p 00000000 00:00 0 
7f3ab4afc000-7f3ab4bfc000 rw-p 00000000 00:00 0                          [stack:22206]
7f3ab4bfc000-7f3ab4bff000 ---p 00000000 00:00 0 
7f3ab4bff000-7f3ab4cfd000 rw-p 00000000 00:00 0                          [stack:22205]
7f3ab4cfd000-7f3ab4d00000 ---p 00000000 00:00 0 
7f3ab4d00000-7f3ab4dfe000 rw-p 00000000 00:00 0                          [stack:22204]
7f3ab4dfe000-7f3ab4e01000 ---p 00000000 00:00 0 
7f3ab4e01000-7f3ab4eff000 rw-p 00000000 00:00 0                          [stack:22203]
7f3ab4eff000-7f3ab4f02000 ---p 00000000 00:00 0 
7f3ab4f02000-7f3ab5000000 rw-p 00000000 00:00 0                          [stack:22202]
7f3ab5000000-7f3ab5270000 rwxp 00000000 00:00 0 
7f3ab5270000-7f3ab8449000 rw-p 00000000 00:00 0 
7f3ab8449000-7f3abc000000 ---p 00000000 00:00 0 
7f3abc000000-7f3abc001000 r--s 00000000 08:05 1180221                    /var/cache/fontconfig/0c9eb80ebd1c36541ebe2852d3bb0c49-le64.cache-4
7f3abc001000-7f3abc002000 r--s 00000000 08:05 1199415                    /var/cache/fontconfig/62f91419b9ebdb6975e7e41ab6412357-le64.cache-4
7f3abc002000-7f3abc033000 rw-p 00000000 00:00 0 
7f3abc033000-7f3abc03a000 r--s 00000000 08:05 3172867                    /usr/lib/x86_64-linux-gnu/gconv/gconv-modules.cache
7f3abc03a000-7f3abc040000 r--p 00000000 08:05 561540                     /home/mark/.config/dconf/user
7f3abc040000-7f3abc041000 r--s 00000000 00:15 2082322                    /run/user/1000/dconf/user
7f3abc041000-7f3abc045000 r--p 00000000 08:05 135245                     /usr/share/locale-langpack/en_AU/LC_MESSAGES/gtk20-properties.mo
7f3abc045000-7f3abc04e000 r--s 000b9000 08:05 427284                     /usr/lib/jvm/java-7-openjdk-amd64/jre/lib/resources.jar
7f3abc04e000-7f3abc058000 r--s 00203000 08:05 427286                     /usr/lib/jvm/java-7-openjdk-amd64/jre/lib/charsets.jar
7f3abc058000-7f3abca26000 r--p 00000000 08:05 3019502                    /usr/lib/locale/locale-archive
7f3abca26000-7f3abca29000 ---p 00000000 00:00 0 
7f3abca29000-7f3abcb27000 rw-p 00000000 00:00 0                          [stack:22201]
7f3abcb27000-7f3abcb2a000 ---p 00000000 00:00 0 
7f3abcb2a000-7f3abcc28000 rw-p 00000000 00:00 0                          [stack:22200]
7f3abcc28000-7f3abcc29000 ---p 00000000 00:00 0 
7f3abcc29000-7f3abdd26000 rw-p 00000000 00:00 0                          [stack:22199]
7f3abdd26000-7f3abded7000 r--s 01d21000 08:05 427480                     /usr/lib/jvm/java-7-openjdk-amd64/jre/lib/rt.jar
7f3abded7000-7f3abe1f0000 rw-p 00000000 00:00 0 
7f3abe1f0000-7f3abe1f1000 ---p 00000000 00:00 0 
7f3abe1f1000-7f3abe2f1000 rw-p 00000000 00:00 0                          [stack:22198]
7f3abe2f1000-7f3abe2f2000 ---p 00000000 00:00 0 
7f3abe2f2000-7f3abe3f2000 rw-p 00000000 00:00 0                          [stack:22197]
7f3abe3f2000-7f3abe3f3000 ---p 00000000 00:00 0 
7f3abe3f3000-7f3abe4f3000 rw-p 00000000 00:00 0                          [stack:22196]
7f3abe4f3000-7f3abe4f4000 ---p 00000000 00:00 0 
7f3abe4f4000-7f3abe604000 rw-p 00000000 00:00 0                          [stack:22195]
7f3abe604000-7f3abe605000 ---p 00000000 00:00 0 
7f3abe605000-7f3abe647000 rw-p 00000000 00:00 0 
7f3abe647000-7f3abe718000 rw-p 00000000 00:00 0 
7f3abe718000-7f3abe77b000 rw-p 00000000 00:00 0 
7f3abe77b000-7f3abe78b000 rw-p 00000000 00:00 0 
7f3abe78b000-7f3abe78c000 ---p 00000000 00:00 0 
7f3abe78c000-7f3abe7ce000 rw-p 00000000 00:00 0 
7f3abe7ce000-7f3abe89f000 rw-p 00000000 00:00 0 
7f3abe89f000-7f3abe901000 rw-p 00000000 00:00 0 
7f3abe901000-7f3abe99b000 rw-p 00000000 00:00 0 
7f3abe99b000-7f3abe99c000 rw-p 00000000 00:00 0 
7f3abe99c000-7f3abe9a4000 r-xp 00000000 08:05 405699                     /usr/lib/jvm/java-7-openjdk-amd64/jre/lib/amd64/libzip.so
7f3abe9a4000-7f3abeba3000 ---p 00008000 08:05 405699                     /usr/lib/jvm/java-7-openjdk-amd64/jre/lib/amd64/libzip.so
7f3abeba3000-7f3abeba4000 r--p 00007000 08:05 405699                     /usr/lib/jvm/java-7-openjdk-amd64/jre/lib/amd64/libzip.so
7f3abeba4000-7f3abeba5000 rw-p 00008000 08:05 405699                     /usr/lib/jvm/java-7-openjdk-amd64/jre/lib/amd64/libzip.so
7f3abeba5000-7f3abebb0000 r-xp 00000000 08:05 2630622                    /lib/x86_64-linux-gnu/libnss_files-2.19.so
7f3abebb0000-7f3abedaf000 ---p 0000b000 08:05 2630622                    /lib/x86_64-linux-gnu/libnss_files-2.19.so
7f3abedaf000-7f3abedb0000 r--p 0000a000 08:05 2630622                    /lib/x86_64-linux-gnu/libnss_files-2.19.so
7f3abedb0000-7f3abedb1000 rw-p 0000b000 08:05 2630622                    /lib/x86_64-linux-gnu/libnss_files-2.19.so
7f3abedb1000-7f3abedbc000 r-xp 00000000 08:05 2630623                    /lib/x86_64-linux-gnu/libnss_nis-2.19.so
7f3abedbc000-7f3abefbb000 ---p 0000b000 08:05 2630623                    /lib/x86_64-linux-gnu/libnss_nis-2.19.so
7f3abefbb000-7f3abefbc000 r--p 0000a000 08:05 2630623                    /lib/x86_64-linux-gnu/libnss_nis-2.19.so
7f3abefbc000-7f3abefbd000 rw-p 0000b000 08:05 2630623                    /lib/x86_64-linux-gnu/libnss_nis-2.19.so
7f3abefbd000-7f3abefd4000 r-xp 00000000 08:05 2630609                    /lib/x86_64-linux-gnu/libnsl-2.19.so
7f3abefd4000-7f3abf1d3000 ---p 00017000 08:05 2630609                    /lib/x86_64-linux-gnu/libnsl-2.19.so
7f3abf1d3000-7f3abf1d4000 r--p 00016000 08:05 2630609                    /lib/x86_64-linux-gnu/libnsl-2.19.so
7f3abf1d4000-7f3abf1d5000 rw-p 00017000 08:05 2630609                    /lib/x86_64-linux-gnu/libnsl-2.19.so
7f3abf1d5000-7f3abf1d7000 rw-p 00000000 00:00 0 
7f3abf1d7000-7f3abf1e0000 r-xp 00000000 08:05 2630605                    /lib/x86_64-linux-gnu/libnss_compat-2.19.so
7f3abf1e0000-7f3abf3df000 ---p 00009000 08:05 2630605                    /lib/x86_64-linux-gnu/libnss_compat-2.19.so
7f3abf3df000-7f3abf3e0000 r--p 00008000 08:05 2630605                    /lib/x86_64-linux-gnu/libnss_compat-2.19.so
7f3abf3e0000-7f3abf3e1000 rw-p 00009000 08:05 2630605                    /lib/x86_64-linux-gnu/libnss_compat-2.19.so
7f3abf3e1000-7f3abf40c000 r-xp 00000000 08:05 405693                     /usr/lib/jvm/java-7-openjdk-amd64/jre/lib/amd64/libjava.so
7f3abf40c000-7f3abf60c000 ---p 0002b000 08:05 405693                     /usr/lib/jvm/java-7-openjdk-amd64/jre/lib/amd64/libjava.so
7f3abf60c000-7f3abf60d000 r--p 0002b000 08:05 405693                     /usr/lib/jvm/java-7-openjdk-amd64/jre/lib/amd64/libjava.so
7f3abf60d000-7f3abf60f000 rw-p 0002c000 08:05 405693                     /usr/lib/jvm/java-7-openjdk-amd64/jre/lib/amd64/libjava.so
7f3abf60f000-7f3abf61f000 r-xp 00000000 08:05 427259                     /usr/lib/jvm/java-7-openjdk-amd64/jre/lib/amd64/libverify.so
7f3abf61f000-7f3abf81e000 ---p 00010000 08:05 427259                     /usr/lib/jvm/java-7-openjdk-amd64/jre/lib/amd64/libverify.so
7f3abf81e000-7f3abf820000 r--p 0000f000 08:05 427259                     /usr/lib/jvm/java-7-openjdk-amd64/jre/lib/amd64/libverify.so
7f3abf820000-7f3abf821000 rw-p 00011000 08:05 427259                     /usr/lib/jvm/java-7-openjdk-amd64/jre/lib/amd64/libverify.so
7f3abf821000-7f3abf828000 r-xp 00000000 08:05 2630611                    /lib/x86_64-linux-gnu/librt-2.19.so
7f3abf828000-7f3abfa27000 ---p 00007000 08:05 2630611                    /lib/x86_64-linux-gnu/librt-2.19.so
7f3abfa27000-7f3abfa28000 r--p 00006000 08:05 2630611                    /lib/x86_64-linux-gnu/librt-2.19.so
7f3abfa28000-7f3abfa29000 rw-p 00007000 08:05 2630611                    /lib/x86_64-linux-gnu/librt-2.19.so
7f3abfa29000-7f3abfa3f000 r-xp 00000000 08:05 2622636                    /lib/x86_64-linux-gnu/libgcc_s.so.1
7f3abfa3f000-7f3abfc3e000 ---p 00016000 08:05 2622636                    /lib/x86_64-linux-gnu/libgcc_s.so.1
7f3abfc3e000-7f3abfc3f000 rw-p 00015000 08:05 2622636                    /lib/x86_64-linux-gnu/libgcc_s.so.1
7f3abfc3f000-7f3abfd44000 r-xp 00000000 08:05 2630618                    /lib/x86_64-linux-gnu/libm-2.19.so
7f3abfd44000-7f3abff43000 ---p 00105000 08:05 2630618                    /lib/x86_64-linux-gnu/libm-2.19.so
7f3abff43000-7f3abff44000 r--p 00104000 08:05 2630618                    /lib/x86_64-linux-gnu/libm-2.19.so
7f3abff44000-7f3abff45000 rw-p 00105000 08:05 2630618                    /lib/x86_64-linux-gnu/libm-2.19.so
7f3abff45000-7f3ac002b000 r-xp 00000000 08:05 3022467                    /usr/lib/x86_64-linux-gnu/libstdc++.so.6.0.19
7f3ac002b000-7f3ac022a000 ---p 000e6000 08:05 3022467                    /usr/lib/x86_64-linux-gnu/libstdc++.so.6.0.19
7f3ac022a000-7f3ac0232000 r--p 000e5000 08:05 3022467                    /usr/lib/x86_64-linux-gnu/libstdc++.so.6.0.19
7f3ac0232000-7f3ac0234000 rw-p 000ed000 08:05 3022467                    /usr/lib/x86_64-linux-gnu/libstdc++.so.6.0.19
7f3ac0234000-7f3ac0249000 rw-p 00000000 00:00 0 
7f3ac0249000-7f3ac0d5f000 r-xp 00000000 08:05 427271                     /usr/lib/jvm/java-7-openjdk-amd64/jre/lib/amd64/server/libjvm.so
7f3ac0d5f000-7f3ac0f5e000 ---p 00b16000 08:05 427271                     /usr/lib/jvm/java-7-openjdk-amd64/jre/lib/amd64/server/libjvm.so
7f3ac0f5e000-7f3ac0ff8000 r--p 00b15000 08:05 427271                     /usr/lib/jvm/java-7-openjdk-amd64/jre/lib/amd64/server/libjvm.so
7f3ac0ff8000-7f3ac101b000 rw-p 00baf000 08:05 427271                     /usr/lib/jvm/java-7-openjdk-amd64/jre/lib/amd64/server/libjvm.so
7f3ac101b000-7f3ac1049000 rw-p 00000000 00:00 0 
7f3ac1049000-7f3ac1061000 r-xp 00000000 08:05 2625711                    /lib/x86_64-linux-gnu/libz.so.1.2.8
7f3ac1061000-7f3ac1260000 ---p 00018000 08:05 2625711                    /lib/x86_64-linux-gnu/libz.so.1.2.8
7f3ac1260000-7f3ac1261000 r--p 00017000 08:05 2625711                    /lib/x86_64-linux-gnu/libz.so.1.2.8
7f3ac1261000-7f3ac1262000 rw-p 00018000 08:05 2625711                    /lib/x86_64-linux-gnu/libz.so.1.2.8
7f3ac1262000-7f3ac127b000 r-xp 00000000 08:05 2630628                    /lib/x86_64-linux-gnu/libpthread-2.19.so
7f3ac127b000-7f3ac147a000 ---p 00019000 08:05 2630628                    /lib/x86_64-linux-gnu/libpthread-2.19.so
7f3ac147a000-7f3ac147b000 r--p 00018000 08:05 2630628                    /lib/x86_64-linux-gnu/libpthread-2.19.so
7f3ac147b000-7f3ac147c000 rw-p 00019000 08:05 2630628                    /lib/x86_64-linux-gnu/libpthread-2.19.so
7f3ac147c000-7f3ac1480000 rw-p 00000000 00:00 0 
7f3ac1480000-7f3ac1483000 r-xp 00000000 08:05 2630627                    /lib/x86_64-linux-gnu/libdl-2.19.so
7f3ac1483000-7f3ac1682000 ---p 00003000 08:05 2630627                    /lib/x86_64-linux-gnu/libdl-2.19.so
7f3ac1682000-7f3ac1683000 r--p 00002000 08:05 2630627                    /lib/x86_64-linux-gnu/libdl-2.19.so
7f3ac1683000-7f3ac1684000 rw-p 00003000 08:05 2630627                    /lib/x86_64-linux-gnu/libdl-2.19.so
7f3ac1684000-7f3ac183f000 r-xp 00000000 08:05 2630615                    /lib/x86_64-linux-gnu/libc-2.19.so
7f3ac183f000-7f3ac1a3f000 ---p 001bb000 08:05 2630615                    /lib/x86_64-linux-gnu/libc-2.19.so
7f3ac1a3f000-7f3ac1a43000 r--p 001bb000 08:05 2630615                    /lib/x86_64-linux-gnu/libc-2.19.so
7f3ac1a43000-7f3ac1a45000 rw-p 001bf000 08:05 2630615                    /lib/x86_64-linux-gnu/libc-2.19.so
7f3ac1a45000-7f3ac1a4a000 rw-p 00000000 00:00 0 
7f3ac1a4a000-7f3ac1a57000 r-xp 00000000 08:05 427276                     /usr/lib/jvm/java-7-openjdk-amd64/jre/lib/amd64/jli/libjli.so
7f3ac1a57000-7f3ac1c56000 ---p 0000d000 08:05 427276                     /usr/lib/jvm/java-7-openjdk-amd64/jre/lib/amd64/jli/libjli.so
7f3ac1c56000-7f3ac1c57000 r--p 0000c000 08:05 427276                     /usr/lib/jvm/java-7-openjdk-amd64/jre/lib/amd64/jli/libjli.so
7f3ac1c57000-7f3ac1c58000 rw-p 0000d000 08:05 427276                     /usr/lib/jvm/java-7-openjdk-amd64/jre/lib/amd64/jli/libjli.so
7f3ac1c58000-7f3ac1c7b000 r-xp 00000000 08:05 2630616                    /lib/x86_64-linux-gnu/ld-2.19.so
7f3ac1c7b000-7f3ac1c7c000 r--p 00000000 08:05 135106                     /usr/share/locale-langpack/en_AU/LC_MESSAGES/glib20.mo
7f3ac1c7c000-7f3ac1c7e000 r--p 00000000 08:05 135117                     /usr/share/locale-langpack/en_AU/LC_MESSAGES/gtk20.mo
7f3ac1c7e000-7f3ac1c7f000 r--p 00000000 08:05 137937                     /usr/share/locale-langpack/en_AU/LC_MESSAGES/libc.mo
7f3ac1c7f000-7f3ac1c80000 r--s 00005000 08:05 1844121                    /home/mark/Downloads/json-simple-1.1.1.jar
7f3ac1c80000-7f3ac1c84000 r--s 00085000 08:05 427287                     /usr/lib/jvm/java-7-openjdk-amd64/jre/lib/ext/localedata.jar
7f3ac1c84000-7f3ac1c87000 r--s 0003c000 08:05 427460                     /usr/lib/jvm/java-7-openjdk-amd64/jre/lib/ext/sunpkcs11.jar
7f3ac1c87000-7f3ac1c8a000 r--s 0000f000 08:05 427288                     /usr/lib/jvm/java-7-openjdk-amd64/jre/lib/ext/pulse-java.jar
7f3ac1c8a000-7f3ac1c8c000 r--s 00006000 08:05 3282004                    /usr/share/java/java-atk-wrapper.jar
7f3ac1c8c000-7f3ac1c8d000 r--s 00002000 08:05 427293                     /usr/lib/jvm/java-7-openjdk-amd64/jre/lib/ext/dnsns.jar
7f3ac1c8d000-7f3ac1c8f000 r--s 00012000 08:05 427289                     /usr/lib/jvm/java-7-openjdk-amd64/jre/lib/ext/zipfs.jar
7f3ac1c8f000-7f3ac1c99000 rw-p 00000000 00:00 0 
7f3ac1c99000-7f3ac1d4f000 rw-p 00000000 00:00 0 
7f3ac1d4f000-7f3ac1d52000 ---p 00000000 00:00 0 
7f3ac1d52000-7f3ac1e55000 rw-p 00000000 00:00 0                          [stack:22194]
7f3ac1e55000-7f3ac1e58000 r--s 00032000 08:05 427291                     /usr/lib/jvm/java-7-openjdk-amd64/jre/lib/ext/sunjce_provider.jar
7f3ac1e58000-7f3ac1e6e000 rw-p 00000000 00:00 0 
7f3ac1e6e000-7f3ac1e76000 rw-s 00000000 08:05 1853091                    /tmp/hsperfdata_mark/22190
7f3ac1e76000-7f3ac1e77000 rw-p 00000000 00:00 0 
7f3ac1e77000-7f3ac1e78000 r--p 00000000 00:00 0 
7f3ac1e78000-7f3ac1e7a000 rw-p 00000000 00:00 0 
7f3ac1e7a000-7f3ac1e7b000 r--p 00022000 08:05 2630616                    /lib/x86_64-linux-gnu/ld-2.19.so
7f3ac1e7b000-7f3ac1e7c000 rw-p 00023000 08:05 2630616                    /lib/x86_64-linux-gnu/ld-2.19.so
7f3ac1e7c000-7f3ac1e7d000 rw-p 00000000 00:00 0 
7fffda741000-7fffda762000 rw-p 00000000 00:00 0                          [stack]
7fffda7fe000-7fffda800000 r-xp 00000000 00:00 0                          [vdso]
ffffffffff600000-ffffffffff601000 r-xp 00000000 00:00 0                  [vsyscall]

VM Arguments:
jvm_args: -Dfile.encoding=UTF-8 
java_command: capstone.gui.CapstoneApplication
Launcher Type: SUN_STANDARD

Environment Variables:
PATH=/usr/local/sbin:/usr/local/bin:/usr/sbin:/usr/bin:/sbin:/bin:/usr/games:/usr/local/games
USERNAME=mark
LD_LIBRARY_PATH=/usr/lib/jvm/java-7-openjdk-amd64/jre/lib/amd64:/usr/lib/jvm/java-7-openjdk-amd64/jre/lib/i386:
SHELL=/bin/bash
DISPLAY=:0.0

Signal Handlers:
SIGSEGV: [libjvm.so+0x949110], sa_mask[0]=0x7ffbfeff, sa_flags=0x10000004
SIGBUS: [libjvm.so+0x949110], sa_mask[0]=0x7ffbfeff, sa_flags=0x10000004
SIGFPE: [libjvm.so+0x7c2e80], sa_mask[0]=0x7ffbfeff, sa_flags=0x10000004
SIGPIPE: SIG_IGN, sa_mask[0]=0x00001000, sa_flags=0x10000000
SIGXFSZ: [libjvm.so+0x7c2e80], sa_mask[0]=0x7ffbfeff, sa_flags=0x10000004
SIGILL: [libjvm.so+0x7c2e80], sa_mask[0]=0x7ffbfeff, sa_flags=0x10000004
SIGUSR1: SIG_DFL, sa_mask[0]=0x00000000, sa_flags=0x00000000
SIGUSR2: [libjvm.so+0x7c2d20], sa_mask[0]=0x00000004, sa_flags=0x10000004
SIGHUP: [libjvm.so+0x7c2f00], sa_mask[0]=0x7ffbfeff, sa_flags=0x10000004
SIGINT: SIG_IGN, sa_mask[0]=0x00000000, sa_flags=0x00000000
SIGTERM: [libjvm.so+0x7c2f00], sa_mask[0]=0x7ffbfeff, sa_flags=0x10000004
SIGQUIT: [libjvm.so+0x7c2f00], sa_mask[0]=0x7ffbfeff, sa_flags=0x10000004
SIGTRAP: SIG_DFL, sa_mask[0]=0x00000000, sa_flags=0x00000000


---------------  S Y S T E M  ---------------

OS:Ubuntu 14.04 (trusty)
uname:Linux 3.13.0-36-generic #63-Ubuntu SMP Wed Sep 3 21:30:07 UTC 2014 x86_64
libc:glibc 2.19 NPTL 2.19 
rlimit: STACK 8192k, CORE 0k, NPROC 29315, NOFILE 4096, AS infinity
load average:7.53 2.62 1.72

/proc/meminfo:
MemTotal:        3774016 kB
MemFree:           85644 kB
Buffers:             104 kB
Cached:           201620 kB
SwapCached:            0 kB
Active:          3280784 kB
Inactive:         193988 kB
Active(anon):    3279972 kB
Inactive(anon):   188024 kB
Active(file):        812 kB
Inactive(file):     5964 kB
Unevictable:         208 kB
Mlocked:             208 kB
SwapTotal:             0 kB
SwapFree:              0 kB
Dirty:                 4 kB
Writeback:             0 kB
AnonPages:       3274200 kB
Mapped:            81868 kB
Shmem:            194004 kB
Slab:              73020 kB
SReclaimable:      36384 kB
SUnreclaim:        36636 kB
KernelStack:        5624 kB
PageTables:        43228 kB
NFS_Unstable:          0 kB
Bounce:                0 kB
WritebackTmp:          0 kB
CommitLimit:     1887008 kB
Committed_AS:    7318084 kB
VmallocTotal:   34359738367 kB
VmallocUsed:      548380 kB
VmallocChunk:   34359165692 kB
HardwareCorrupted:     0 kB
AnonHugePages:    358400 kB
HugePages_Total:       0
HugePages_Free:        0
HugePages_Rsvd:        0
HugePages_Surp:        0
Hugepagesize:       2048 kB
DirectMap4k:       66368 kB
DirectMap2M:     3850240 kB


CPU:total 4 (2 cores per cpu, 2 threads per core) family 6 model 37 stepping 5, cmov, cx8, fxsr, mmx, sse, sse2, sse3, ssse3, sse4.1, sse4.2, popcnt, ht, tsc, tscinvbit

/proc/cpuinfo:
processor	: 0
vendor_id	: GenuineIntel
cpu family	: 6
model		: 37
model name	: Intel(R) Core(TM) i3 CPU       M 370  @ 2.40GHz
stepping	: 5
microcode	: 0x2
cpu MHz		: 2399.000
cache size	: 3072 KB
physical id	: 0
siblings	: 4
core id		: 0
cpu cores	: 2
apicid		: 0
initial apicid	: 0
fpu		: yes
fpu_exception	: yes
cpuid level	: 11
wp		: yes
flags		: fpu vme de pse tsc msr pae mce cx8 apic sep mtrr pge mca cmov pat pse36 clflush dts acpi mmx fxsr sse sse2 ss ht tm pbe syscall nx rdtscp lm constant_tsc arch_perfmon pebs bts rep_good nopl xtopology nonstop_tsc aperfmperf pni dtes64 monitor ds_cpl vmx est tm2 ssse3 cx16 xtpr pdcm pcid sse4_1 sse4_2 popcnt lahf_lm arat dtherm tpr_shadow vnmi flexpriority ept vpid
bogomips	: 4787.72
clflush size	: 64
cache_alignment	: 64
address sizes	: 36 bits physical, 48 bits virtual
power management:

processor	: 1
vendor_id	: GenuineIntel
cpu family	: 6
model		: 37
model name	: Intel(R) Core(TM) i3 CPU       M 370  @ 2.40GHz
stepping	: 5
microcode	: 0x2
cpu MHz		: 2133.000
cache size	: 3072 KB
physical id	: 0
siblings	: 4
core id		: 0
cpu cores	: 2
apicid		: 1
initial apicid	: 1
fpu		: yes
fpu_exception	: yes
cpuid level	: 11
wp		: yes
flags		: fpu vme de pse tsc msr pae mce cx8 apic sep mtrr pge mca cmov pat pse36 clflush dts acpi mmx fxsr sse sse2 ss ht tm pbe syscall nx rdtscp lm constant_tsc arch_perfmon pebs bts rep_good nopl xtopology nonstop_tsc aperfmperf pni dtes64 monitor ds_cpl vmx est tm2 ssse3 cx16 xtpr pdcm pcid sse4_1 sse4_2 popcnt lahf_lm arat dtherm tpr_shadow vnmi flexpriority ept vpid
bogomips	: 4787.72
clflush size	: 64
cache_alignment	: 64
address sizes	: 36 bits physical, 48 bits virtual
power management:

processor	: 2
vendor_id	: GenuineIntel
cpu family	: 6
model		: 37
model name	: Intel(R) Core(TM) i3 CPU       M 370  @ 2.40GHz
stepping	: 5
microcode	: 0x2
cpu MHz		: 2399.000
cache size	: 3072 KB
physical id	: 0
siblings	: 4
core id		: 2
cpu cores	: 2
apicid		: 4
initial apicid	: 4
fpu		: yes
fpu_exception	: yes
cpuid level	: 11
wp		: yes
flags		: fpu vme de pse tsc msr pae mce cx8 apic sep mtrr pge mca cmov pat pse36 clflush dts acpi mmx fxsr sse sse2 ss ht tm pbe syscall nx rdtscp lm constant_tsc arch_perfmon pebs bts rep_good nopl xtopology nonstop_tsc aperfmperf pni dtes64 monitor ds_cpl vmx est tm2 ssse3 cx16 xtpr pdcm pcid sse4_1 sse4_2 popcnt lahf_lm arat dtherm tpr_shadow vnmi flexpriority ept vpid
bogomips	: 4787.72
clflush size	: 64
cache_alignment	: 64
address sizes	: 36 bits physical, 48 bits virtual
power management:

processor	: 3
vendor_id	: GenuineIntel
cpu family	: 6
model		: 37
model name	: Intel(R) Core(TM) i3 CPU       M 370  @ 2.40GHz
stepping	: 5
microcode	: 0x2
cpu MHz		: 2399.000
cache size	: 3072 KB
physical id	: 0
siblings	: 4
core id		: 2
cpu cores	: 2
apicid		: 5
initial apicid	: 5
fpu		: yes
fpu_exception	: yes
cpuid level	: 11
wp		: yes
flags		: fpu vme de pse tsc msr pae mce cx8 apic sep mtrr pge mca cmov pat pse36 clflush dts acpi mmx fxsr sse sse2 ss ht tm pbe syscall nx rdtscp lm constant_tsc arch_perfmon pebs bts rep_good nopl xtopology nonstop_tsc aperfmperf pni dtes64 monitor ds_cpl vmx est tm2 ssse3 cx16 xtpr pdcm pcid sse4_1 sse4_2 popcnt lahf_lm arat dtherm tpr_shadow vnmi flexpriority ept vpid
bogomips	: 4787.72
clflush size	: 64
cache_alignment	: 64
address sizes	: 36 bits physical, 48 bits virtual
power management:



Memory: 4k page, physical 3774016k(85680k free), swap 0k(0k free)

vm_info: OpenJDK 64-Bit Server VM (24.65-b04) for linux-amd64 JRE (1.7.0_65-b32), built on Aug 23 2014 13:33:31 by "buildd" with gcc 4.8.2

time: Mon Sep 22 15:34:04 2014
elapsed time: 42 seconds

