#
# There is insufficient memory for the Java Runtime Environment to continue.
# Native memory allocation (malloc) failed to allocate 33554432 bytes for committing reserved memory.
# Possible reasons:
#   The system is out of physical RAM or swap space
#   In 32 bit mode, the process size limit was hit
# Possible solutions:
#   Reduce memory load on the system
#   Increase physical memory or swap space
#   Check if swap backing store is full
#   Use 64 bit Java on a 64 bit OS
#   Decrease Java heap size (-Xmx/-Xms)
#   Decrease number of Java threads
#   Decrease Java thread stack sizes (-Xss)
#   Set larger code cache with -XX:ReservedCodeCacheSize=
# This output file may be truncated or incomplete.
#
#  Out of Memory Error (os_linux.cpp:2798), pid=25427, tid=140725164410624
#
# JRE version: OpenJDK Runtime Environment (7.0_65-b32) (build 1.7.0_65-b32)
# Java VM: OpenJDK 64-Bit Server VM (24.65-b04 mixed mode linux-amd64 compressed oops)
# Failed to write core dump. Core dumps have been disabled. To enable core dumping, try "ulimit -c unlimited" before starting Java again
#

---------------  T H R E A D  ---------------

Current thread (0x00007ffd34075800):  VMThread [stack: 0x00007ffd215f8000,0x00007ffd216f9000] [id=25439]

Stack: [0x00007ffd215f8000,0x00007ffd216f9000],  sp=0x00007ffd216f7490,  free space=1021k
Native frames: (J=compiled Java code, j=interpreted, Vv=VM code, C=native code)
V  [libjvm.so+0x948635]  VMError::report_and_die()+0x175
V  [libjvm.so+0x48b904]  report_vm_out_of_memory(char const*, int, unsigned long, char const*)+0x74
V  [libjvm.so+0x7c766b]  os::pd_commit_memory(char*, unsigned long, unsigned long, bool)+0xeb
V  [libjvm.so+0x7c212f]  os::commit_memory(char*, unsigned long, unsigned long, bool)+0x1f
V  [libjvm.so+0x8338bb]  PSVirtualSpace::expand_by(unsigned long)+0x5b
V  [libjvm.so+0x834710]  PSYoungGen::resize_generation(unsigned long, unsigned long)+0xb0
V  [libjvm.so+0x834dfb]  PSYoungGen::resize(unsigned long, unsigned long)+0x1b
V  [libjvm.so+0x8310e0]  PSScavenge::invoke_no_policy()+0xde0
V  [libjvm.so+0x8318b8]  PSScavenge::invoke()+0x38
V  [libjvm.so+0x7e8293]  ParallelScavengeHeap::failed_mem_allocate(unsigned long)+0x63
V  [libjvm.so+0x94a034]  VM_ParallelGCFailedAllocation::doit()+0x84
V  [libjvm.so+0x94e527]  VM_Operation::evaluate()+0x47
V  [libjvm.so+0x94ce98]  VMThread::evaluate_operation(VM_Operation*)+0x318
V  [libjvm.so+0x94d2f9]  VMThread::loop()+0x219
V  [libjvm.so+0x94d742]  VMThread::run()+0x72
V  [libjvm.so+0x7c4532]  java_start(Thread*)+0xf2

VM_Operation (0x00007ffce27fb500): ParallelGCFailedAllocation, mode: safepoint, requested by thread 0x00007ffd343f1800


---------------  P R O C E S S  ---------------

Java Threads: ( => current thread )
  0x00007ffd3400a000 JavaThread "DestroyJavaVM" [_thread_blocked, id=25432, stack(0x00007ffd3b95b000,0x00007ffd3ba5c000)]
  0x00007ffd343f1800 JavaThread "Thread-0" [_thread_blocked, id=25458, stack(0x00007ffce26fc000,0x00007ffce27fd000)]
  0x00007ffd34408800 JavaThread "TimerQueue" daemon [_thread_blocked, id=25457, stack(0x00007ffcec0ef000,0x00007ffcec1f0000)]
  0x00007ffd34381000 JavaThread "AWT-EventQueue-0" [_thread_blocked, id=25456, stack(0x00007ffcec1f0000,0x00007ffcec2f1000)]
  0x00007ffd34380000 JavaThread "AWT-Shutdown" [_thread_blocked, id=25455, stack(0x00007ffcec2f1000,0x00007ffcec3f2000)]
  0x00007ffd341f7800 JavaThread "AWT-XAWT" daemon [_thread_blocked, id=25448, stack(0x00007ffcf6a1a000,0x00007ffcf6b1b000)]
  0x00007ffd341c2000 JavaThread "Java2D Disposer" daemon [_thread_blocked, id=25447, stack(0x00007ffcf6f2b000,0x00007ffcf702c000)]
  0x00007ffd340a6000 JavaThread "Service Thread" daemon [_thread_blocked, id=25445, stack(0x00007ffd20624000,0x00007ffd20725000)]
  0x00007ffd340a3800 JavaThread "C2 CompilerThread1" daemon [_thread_blocked, id=25444, stack(0x00007ffd20725000,0x00007ffd20826000)]
  0x00007ffd340a0800 JavaThread "C2 CompilerThread0" daemon [_thread_blocked, id=25443, stack(0x00007ffd20826000,0x00007ffd20927000)]
  0x00007ffd3409e800 JavaThread "Signal Dispatcher" daemon [_thread_blocked, id=25442, stack(0x00007ffd20927000,0x00007ffd20a28000)]
  0x00007ffd3407b800 JavaThread "Finalizer" daemon [_thread_blocked, id=25441, stack(0x00007ffd213f6000,0x00007ffd214f7000)]
  0x00007ffd34079800 JavaThread "Reference Handler" daemon [_thread_blocked, id=25440, stack(0x00007ffd214f7000,0x00007ffd215f8000)]

Other Threads:
=>0x00007ffd34075800 VMThread [stack: 0x00007ffd215f8000,0x00007ffd216f9000] [id=25439]
  0x00007ffd340b0800 WatcherThread [stack: 0x00007ffd20523000,0x00007ffd20624000] [id=25446]

VM state:at safepoint (normal execution)

VM Mutex/Monitor currently owned by a thread:  ([mutex/lock_event])
[0x00007ffd34006550] Threads_lock - owner thread: 0x00007ffd34075800
[0x00007ffd34006a50] Heap_lock - owner thread: 0x00007ffd343f1800

Heap
 PSYoungGen      total 33792K, used 1872K [0x00000000ecc80000, 0x00000000eef80000, 0x0000000100000000)
  eden space 31744K, 0% used [0x00000000ecc80000,0x00000000ecc80000,0x00000000eeb80000)
  from space 2048K, 91% used [0x00000000eeb80000,0x00000000eed540a8,0x00000000eed80000)
  to   space 2048K, 0% used [0x00000000eed80000,0x00000000eed80000,0x00000000eef80000)
 ParOldGen       total 38912K, used 24K [0x00000000c6600000, 0x00000000c8c00000, 0x00000000ecc80000)
  object space 38912K, 0% used [0x00000000c6600000,0x00000000c6606000,0x00000000c8c00000)
 PSPermGen       total 21504K, used 13185K [0x00000000bc000000, 0x00000000bd500000, 0x00000000c6600000)
  object space 21504K, 61% used [0x00000000bc000000,0x00000000bcce0420,0x00000000bd500000)

Card table byte_map: [0x00007ffd38387000,0x00007ffd385a8000] byte_map_base: 0x00007ffd37da7000

Polling page: 0x00007ffd3ba83000

Code Cache  [0x00007ffd31000000, 0x00007ffd31270000, 0x00007ffd34000000)
 total_blobs=497 nmethods=23 adapters=428 free_code_cache=48570Kb largest_free_block=49719936

Compilation events (10 events):
Event: 2.513 Thread 0x00007ffd340a3800   20   !         java.io.BufferedReader::readLine (304 bytes)
Event: 2.587 Thread 0x00007ffd340a0800 nmethod 19 0x00007ffd31092210 code [0x00007ffd310924a0, 0x00007ffd31093030]
Event: 2.587 Thread 0x00007ffd340a0800   21             java.lang.Enum::ordinal (5 bytes)
Event: 2.587 Thread 0x00007ffd340a0800 nmethod 21 0x00007ffd3108bb10 code [0x00007ffd3108bc40, 0x00007ffd3108bc98]
Event: 2.587 Thread 0x00007ffd340a0800   22             sun.util.logging.PlatformLogger$Level::intValue (9 bytes)
Event: 2.588 Thread 0x00007ffd340a0800 nmethod 22 0x00007ffd3108b8d0 code [0x00007ffd3108ba00, 0x00007ffd3108ba78]
Event: 2.588 Thread 0x00007ffd340a0800   23             java.util.HashMap::getEntry (86 bytes)
Event: 2.593 Thread 0x00007ffd340a0800 nmethod 23 0x00007ffd3108ee50 code [0x00007ffd3108efc0, 0x00007ffd3108f1c8]
Event: 2.667 Thread 0x00007ffd340a3800 nmethod 20 0x00007ffd31093cd0 code [0x00007ffd31093ea0, 0x00007ffd31094e70]
Event: 2.775 Thread 0x00007ffd340a0800   24             java.util.Arrays::binarySearch0 (95 bytes)

GC Heap History (9 events):
Event: 2.564 GC heap before
{Heap before GC invocations=1 (full 0):
 PSYoungGen      total 17920K, used 15823K [0x00000000ecc80000, 0x00000000ee000000, 0x0000000100000000)
  eden space 15872K, 99% used [0x00000000ecc80000,0x00000000edbf3cc0,0x00000000edc00000)
  from space 2048K, 0% used [0x00000000ede00000,0x00000000ede00000,0x00000000ee000000)
  to   space 2048K, 0% used [0x00000000edc00000,0x00000000edc00000,0x00000000ede00000)
 ParOldGen       total 38912K, used 0K [0x00000000c6600000, 0x00000000c8c00000, 0x00000000ecc80000)
  object space 38912K, 0% used [0x00000000c6600000,0x00000000c6600000,0x00000000c8c00000)
 PSPermGen       total 21504K, used 12959K [0x00000000bc000000, 0x00000000bd500000, 0x00000000c6600000)
  object space 21504K, 60% used [0x00000000bc000000,0x00000000bcca7da0,0x00000000bd500000)
Event: 2.581 GC heap after
Heap after GC invocations=1 (full 0):
 PSYoungGen      total 17920K, used 1682K [0x00000000ecc80000, 0x00000000ee000000, 0x0000000100000000)
  eden space 15872K, 0% used [0x00000000ecc80000,0x00000000ecc80000,0x00000000edc00000)
  from space 2048K, 82% used [0x00000000edc00000,0x00000000edda4890,0x00000000ede00000)
  to   space 2048K, 0% used [0x00000000ede00000,0x00000000ede00000,0x00000000ee000000)
 ParOldGen       total 38912K, used 0K [0x00000000c6600000, 0x00000000c8c00000, 0x00000000ecc80000)
  object space 38912K, 0% used [0x00000000c6600000,0x00000000c6600000,0x00000000c8c00000)
 PSPermGen       total 21504K, used 12959K [0x00000000bc000000, 0x00000000bd500000, 0x00000000c6600000)
  object space 21504K, 60% used [0x00000000bc000000,0x00000000bcca7da0,0x00000000bd500000)
}
Event: 2.593 GC heap before
{Heap before GC invocations=2 (full 0):
 PSYoungGen      total 17920K, used 17480K [0x00000000ecc80000, 0x00000000ee000000, 0x0000000100000000)
  eden space 15872K, 99% used [0x00000000ecc80000,0x00000000edbeda38,0x00000000edc00000)
  from space 2048K, 82% used [0x00000000edc00000,0x00000000edda4890,0x00000000ede00000)
  to   space 2048K, 0% used [0x00000000ede00000,0x00000000ede00000,0x00000000ee000000)
 ParOldGen       total 38912K, used 0K [0x00000000c6600000, 0x00000000c8c00000, 0x00000000ecc80000)
  object space 38912K, 0% used [0x00000000c6600000,0x00000000c6600000,0x00000000c8c00000)
 PSPermGen       total 21504K, used 12992K [0x00000000bc000000, 0x00000000bd500000, 0x00000000c6600000)
  object space 21504K, 60% used [0x00000000bc000000,0x00000000bccb0000,0x00000000bd500000)
Event: 2.646 GC heap after
Heap after GC invocations=2 (full 0):
 PSYoungGen      total 17920K, used 1859K [0x00000000ecc80000, 0x00000000eef80000, 0x0000000100000000)
  eden space 15872K, 0% used [0x00000000ecc80000,0x00000000ecc80000,0x00000000edc00000)
  from space 2048K, 90% used [0x00000000ede00000,0x00000000edfd0d10,0x00000000ee000000)
  to   space 2048K, 0% used [0x00000000edc00000,0x00000000edc00000,0x00000000ede00000)
 ParOldGen       total 38912K, used 8K [0x00000000c6600000, 0x00000000c8c00000, 0x00000000ecc80000)
  object space 38912K, 0% used [0x00000000c6600000,0x00000000c6602000,0x00000000c8c00000)
 PSPermGen       total 21504K, used 12992K [0x00000000bc000000, 0x00000000bd500000, 0x00000000c6600000)
  object space 21504K, 60% used [0x00000000bc000000,0x00000000bccb0000,0x00000000bd500000)
}
Event: 2.671 GC heap before
{Heap before GC invocations=3 (full 0):
 PSYoungGen      total 17920K, used 17731K [0x00000000ecc80000, 0x00000000eef80000, 0x0000000100000000)
  eden space 15872K, 99% used [0x00000000ecc80000,0x00000000edbfffd0,0x00000000edc00000)
  from space 2048K, 90% used [0x00000000ede00000,0x00000000edfd0d10,0x00000000ee000000)
  to   space 2048K, 0% used [0x00000000edc00000,0x00000000edc00000,0x00000000ede00000)
 ParOldGen       total 38912K, used 8K [0x00000000c6600000, 0x00000000c8c00000, 0x00000000ecc80000)
  object space 38912K, 0% used [0x00000000c6600000,0x00000000c6602000,0x00000000c8c00000)
 PSPermGen       total 21504K, used 12992K [0x00000000bc000000, 0x00000000bd500000, 0x00000000c6600000)
  object space 21504K, 60% used [0x00000000bc000000,0x00000000bccb0000,0x00000000bd500000)
Event: 2.687 GC heap after
Heap after GC invocations=3 (full 0):
 PSYoungGen      total 17920K, used 1971K [0x00000000ecc80000, 0x00000000eef80000, 0x0000000100000000)
  eden space 15872K, 0% used [0x00000000ecc80000,0x00000000ecc80000,0x00000000edc00000)
  from space 2048K, 96% used [0x00000000edc00000,0x00000000eddecde8,0x00000000ede00000)
  to   space 2048K, 0% used [0x00000000eed80000,0x00000000eed80000,0x00000000eef80000)
 ParOldGen       total 38912K, used 16K [0x00000000c6600000, 0x00000000c8c00000, 0x00000000ecc80000)
  object space 38912K, 0% used [0x00000000c6600000,0x00000000c6604000,0x00000000c8c00000)
 PSPermGen       total 21504K, used 12992K [0x00000000bc000000, 0x00000000bd500000, 0x00000000c6600000)
  object space 21504K, 60% used [0x00000000bc000000,0x00000000bccb0000,0x00000000bd500000)
}
Event: 2.712 GC heap before
{Heap before GC invocations=4 (full 0):
 PSYoungGen      total 17920K, used 17752K [0x00000000ecc80000, 0x00000000eef80000, 0x0000000100000000)
  eden space 15872K, 99% used [0x00000000ecc80000,0x00000000edbe9358,0x00000000edc00000)
  from space 2048K, 96% used [0x00000000edc00000,0x00000000eddecde8,0x00000000ede00000)
  to   space 2048K, 0% used [0x00000000eed80000,0x00000000eed80000,0x00000000eef80000)
 ParOldGen       total 38912K, used 16K [0x00000000c6600000, 0x00000000c8c00000, 0x00000000ecc80000)
  object space 38912K, 0% used [0x00000000c6600000,0x00000000c6604000,0x00000000c8c00000)
 PSPermGen       total 21504K, used 13011K [0x00000000bc000000, 0x00000000bd500000, 0x00000000c6600000)
  object space 21504K, 60% used [0x00000000bc000000,0x00000000bccb4e20,0x00000000bd500000)
Event: 2.722 GC heap after
Heap after GC invocations=4 (full 0):
 PSYoungGen      total 33792K, used 2038K [0x00000000ecc80000, 0x00000000eef80000, 0x0000000100000000)
  eden space 31744K, 0% used [0x00000000ecc80000,0x00000000ecc80000,0x00000000eeb80000)
  from space 2048K, 99% used [0x00000000eed80000,0x00000000eef7d9b0,0x00000000eef80000)
  to   space 2048K, 0% used [0x00000000eeb80000,0x00000000eeb80000,0x00000000eed80000)
 ParOldGen       total 38912K, used 24K [0x00000000c6600000, 0x00000000c8c00000, 0x00000000ecc80000)
  object space 38912K, 0% used [0x00000000c6600000,0x00000000c6606000,0x00000000c8c00000)
 PSPermGen       total 21504K, used 13011K [0x00000000bc000000, 0x00000000bd500000, 0x00000000c6600000)
  object space 21504K, 60% used [0x00000000bc000000,0x00000000bccb4e20,0x00000000bd500000)
}
Event: 2.780 GC heap before
{Heap before GC invocations=5 (full 0):
 PSYoungGen      total 33792K, used 33713K [0x00000000ecc80000, 0x00000000eef80000, 0x0000000100000000)
  eden space 31744K, 99% used [0x00000000ecc80000,0x00000000eeb6ec90,0x00000000eeb80000)
  from space 2048K, 99% used [0x00000000eed80000,0x00000000eef7d9b0,0x00000000eef80000)
  to   space 2048K, 0% used [0x00000000eeb80000,0x00000000eeb80000,0x00000000eed80000)
 ParOldGen       total 38912K, used 24K [0x00000000c6600000, 0x00000000c8c00000, 0x00000000ecc80000)
  object space 38912K, 0% used [0x00000000c6600000,0x00000000c6606000,0x00000000c8c00000)
 PSPermGen       total 21504K, used 13185K [0x00000000bc000000, 0x00000000bd500000, 0x00000000c6600000)
  object space 21504K, 61% used [0x00000000bc000000,0x00000000bcce0420,0x00000000bd500000)

Deoptimization events (7 events):
Event: 1.313 Thread 0x00007ffd3400a000 Uncommon trap: reason=class_check action=maybe_recompile pc=0x00007ffd3107c578 method=java.util.Properties$LineReader.readLine()I @ 62
Event: 1.315 Thread 0x00007ffd3400a000 Uncommon trap: reason=class_check action=maybe_recompile pc=0x00007ffd3107c578 method=java.util.Properties$LineReader.readLine()I @ 62
Event: 1.316 Thread 0x00007ffd3400a000 Uncommon trap: reason=class_check action=maybe_recompile pc=0x00007ffd3107c578 method=java.util.Properties$LineReader.readLine()I @ 62
Event: 1.981 Thread 0x00007ffd3400a000 Uncommon trap: reason=class_check action=maybe_recompile pc=0x00007ffd3107f260 method=java.lang.String.equals(Ljava/lang/Object;)Z @ 8
Event: 1.981 Thread 0x00007ffd3400a000 Uncommon trap: reason=class_check action=maybe_recompile pc=0x00007ffd3107f260 method=java.lang.String.equals(Ljava/lang/Object;)Z @ 8
Event: 1.981 Thread 0x00007ffd3400a000 Uncommon trap: reason=class_check action=maybe_recompile pc=0x00007ffd3107f260 method=java.lang.String.equals(Ljava/lang/Object;)Z @ 8
Event: 1.981 Thread 0x00007ffd3400a000 Uncommon trap: reason=class_check action=maybe_recompile pc=0x00007ffd3107f260 method=java.lang.String.equals(Ljava/lang/Object;)Z @ 8

Internal exceptions (10 events):
Event: 1.768 Thread 0x00007ffd3400a000 Threw 0x00000000ecf399f0 at /build/buildd/openjdk-7-7u65-2.5.1/build/openjdk/hotspot/src/share/vm/prims/jvm.cpp:1247
Event: 1.778 Thread 0x00007ffd3400a000 Threw 0x00000000ecf3e748 at /build/buildd/openjdk-7-7u65-2.5.1/build/openjdk/hotspot/src/share/vm/prims/jvm.cpp:1247
Event: 1.780 Thread 0x00007ffd3400a000 Threw 0x00000000ecf43108 at /build/buildd/openjdk-7-7u65-2.5.1/build/openjdk/hotspot/src/share/vm/prims/jvm.cpp:1247
Event: 2.036 Thread 0x00007ffd3400a000 Threw 0x00000000ecfd75d8 at /build/buildd/openjdk-7-7u65-2.5.1/build/openjdk/hotspot/src/share/vm/prims/jvm.cpp:1247
Event: 2.079 Thread 0x00007ffd3400a000 Threw 0x00000000ecfe2518 at /build/buildd/openjdk-7-7u65-2.5.1/build/openjdk/hotspot/src/share/vm/prims/jvm.cpp:1247
Event: 2.098 Thread 0x00007ffd3400a000 Threw 0x00000000ecfeb3b8 at /build/buildd/openjdk-7-7u65-2.5.1/build/openjdk/hotspot/src/share/vm/prims/jvm.cpp:1247
Event: 2.261 Thread 0x00007ffd3400a000 Threw 0x00000000ed019e30 at /build/buildd/openjdk-7-7u65-2.5.1/build/openjdk/hotspot/src/share/vm/prims/jvm.cpp:1247
Event: 2.364 Thread 0x00007ffd343f1800 Threw 0x00000000ed03d5c0 at /build/buildd/openjdk-7-7u65-2.5.1/build/openjdk/hotspot/src/share/vm/prims/jvm.cpp:1247
Event: 2.384 Thread 0x00007ffd343f1800 Threw 0x00000000ed03f828 at /build/buildd/openjdk-7-7u65-2.5.1/build/openjdk/hotspot/src/share/vm/prims/jvm.cpp:1247
Event: 2.395 Thread 0x00007ffd343f1800 Threw 0x00000000ed044250 at /build/buildd/openjdk-7-7u65-2.5.1/build/openjdk/hotspot/src/share/vm/prims/jvm.cpp:1247

Events (10 events):
Event: 2.765 loading class 0x00007ffd0806a740 done
Event: 2.765 loading class 0x00007ffd100548b0
Event: 2.768 loading class 0x00007ffd100548b0 done
Event: 2.771 loading class 0x00007ffd100546a0
Event: 2.771 loading class 0x00007ffd100546a0 done
Event: 2.776 loading class 0x00007ffd080a8de0
Event: 2.776 loading class 0x00007ffd080a8de0 done
Event: 2.776 loading class 0x00007ffd10053140
Event: 2.776 loading class 0x00007ffd10053140 done
Event: 2.780 Executing VM operation: ParallelGCFailedAllocation


Dynamic libraries:
00400000-00401000 r-xp 00000000 08:05 427493                             /usr/lib/jvm/java-7-openjdk-amd64/jre/bin/java
00600000-00601000 r--p 00000000 08:05 427493                             /usr/lib/jvm/java-7-openjdk-amd64/jre/bin/java
00601000-00602000 rw-p 00001000 08:05 427493                             /usr/lib/jvm/java-7-openjdk-amd64/jre/bin/java
01488000-014a9000 rw-p 00000000 00:00 0                                  [heap]
bc000000-bd500000 rw-p 00000000 00:00 0 
bd500000-c6600000 rw-p 00000000 00:00 0 
c6600000-c8c00000 rw-p 00000000 00:00 0 
c8c00000-ecc80000 rw-p 00000000 00:00 0 
ecc80000-eef80000 rw-p 00000000 00:00 0 
f0f80000-100000000 rw-p 00000000 00:00 0 
7ffcc0000000-7ffcc0021000 rw-p 00000000 00:00 0 
7ffcc0021000-7ffcc4000000 ---p 00000000 00:00 0 
7ffcc8000000-7ffcc8021000 rw-p 00000000 00:00 0 
7ffcc8021000-7ffccc000000 ---p 00000000 00:00 0 
7ffccc000000-7ffccc055000 rw-p 00000000 00:00 0 
7ffccc055000-7ffcd0000000 ---p 00000000 00:00 0 
7ffcd0000000-7ffcd0022000 rw-p 00000000 00:00 0 
7ffcd0022000-7ffcd4000000 ---p 00000000 00:00 0 
7ffcd4000000-7ffcd4022000 rw-p 00000000 00:00 0 
7ffcd4022000-7ffcd8000000 ---p 00000000 00:00 0 
7ffcd8000000-7ffcd8021000 rw-p 00000000 00:00 0 
7ffcd8021000-7ffcdc000000 ---p 00000000 00:00 0 
7ffcdc000000-7ffcdc022000 rw-p 00000000 00:00 0 
7ffcdc022000-7ffce0000000 ---p 00000000 00:00 0 
7ffce23e2000-7ffce261c000 rw-p 00000000 00:00 0 
7ffce261c000-7ffce267c000 rw-s 00000000 00:04 540770338                  /SYSV00000000 (deleted)
7ffce267c000-7ffce26fc000 rw-s 00000000 00:04 540737569                  /SYSV00000000 (deleted)
7ffce26fc000-7ffce26ff000 ---p 00000000 00:00 0 
7ffce26ff000-7ffce27fd000 rw-p 00000000 00:00 0                          [stack:25458]
7ffce27fd000-7ffce27fe000 ---p 00000000 00:00 0 
7ffce27fe000-7ffce2ffe000 rw-p 00000000 00:00 0                          [stack:25453]
7ffce2ffe000-7ffce2fff000 ---p 00000000 00:00 0 
7ffce2fff000-7ffce37ff000 rw-p 00000000 00:00 0 
7ffce37ff000-7ffce3800000 ---p 00000000 00:00 0 
7ffce3800000-7ffce4000000 rw-p 00000000 00:00 0                          [stack:25451]
7ffce4000000-7ffce4021000 rw-p 00000000 00:00 0 
7ffce4021000-7ffce8000000 ---p 00000000 00:00 0 
7ffce8000000-7ffce8021000 rw-p 00000000 00:00 0 
7ffce8021000-7ffcec000000 ---p 00000000 00:00 0 
7ffcec025000-7ffcec026000 r--p 00000000 08:05 135478                     /usr/share/locale-langpack/en_AU/LC_MESSAGES/gdk-pixbuf.mo
7ffcec026000-7ffcec0ef000 rw-s 00000000 00:04 540672031                  /SYSV00000000 (deleted)
7ffcec0ef000-7ffcec0f2000 ---p 00000000 00:00 0 
7ffcec0f2000-7ffcec1f0000 rw-p 00000000 00:00 0                          [stack:25457]
7ffcec1f0000-7ffcec1f3000 ---p 00000000 00:00 0 
7ffcec1f3000-7ffcec2f1000 rw-p 00000000 00:00 0                          [stack:25456]
7ffcec2f1000-7ffcec2f4000 ---p 00000000 00:00 0 
7ffcec2f4000-7ffcec3f2000 rw-p 00000000 00:00 0                          [stack:25455]
7ffcec3f2000-7ffcec44b000 r-xp 00000000 08:05 3042208                    /usr/lib/x86_64-linux-gnu/libibus-1.0.so.5.0.505
7ffcec44b000-7ffcec64b000 ---p 00059000 08:05 3042208                    /usr/lib/x86_64-linux-gnu/libibus-1.0.so.5.0.505
7ffcec64b000-7ffcec64d000 r--p 00059000 08:05 3042208                    /usr/lib/x86_64-linux-gnu/libibus-1.0.so.5.0.505
7ffcec64d000-7ffcec64e000 rw-p 0005b000 08:05 3042208                    /usr/lib/x86_64-linux-gnu/libibus-1.0.so.5.0.505
7ffcec64e000-7ffcec64f000 rw-p 00000000 00:00 0 
7ffcec671000-7ffcec672000 rw-p 00000000 00:00 0 
7ffcec672000-7ffcec678000 r-xp 00000000 08:05 3166609                    /usr/lib/x86_64-linux-gnu/gtk-2.0/2.10.0/immodules/im-ibus.so
7ffcec678000-7ffcec878000 ---p 00006000 08:05 3166609                    /usr/lib/x86_64-linux-gnu/gtk-2.0/2.10.0/immodules/im-ibus.so
7ffcec878000-7ffcec879000 r--p 00006000 08:05 3166609                    /usr/lib/x86_64-linux-gnu/gtk-2.0/2.10.0/immodules/im-ibus.so
7ffcec879000-7ffcec87a000 rw-p 00007000 08:05 3166609                    /usr/lib/x86_64-linux-gnu/gtk-2.0/2.10.0/immodules/im-ibus.so
7ffcec87a000-7ffcec930000 r--p 00000000 08:05 264003                     /usr/share/fonts/truetype/dejavu/DejaVuSans.ttf
7ffcec930000-7ffcec940000 r-xp 00000000 08:05 427273                     /usr/lib/jvm/java-7-openjdk-amd64/jre/lib/amd64/libnio.so
7ffcec940000-7ffcecb40000 ---p 00010000 08:05 427273                     /usr/lib/jvm/java-7-openjdk-amd64/jre/lib/amd64/libnio.so
7ffcecb40000-7ffcecb41000 r--p 00010000 08:05 427273                     /usr/lib/jvm/java-7-openjdk-amd64/jre/lib/amd64/libnio.so
7ffcecb41000-7ffcecb42000 rw-p 00011000 08:05 427273                     /usr/lib/jvm/java-7-openjdk-amd64/jre/lib/amd64/libnio.so
7ffcecb42000-7ffcecb43000 r--s 00000000 08:05 1191350                    /var/cache/fontconfig/c05880de57d1f5e948fdfacc138775d9-le64.cache-4
7ffcecb43000-7ffcecb4e000 r--s 00000000 08:05 1180320                    /var/cache/fontconfig/945677eb7aeaf62f1d50efc3fb3ec7d8-le64.cache-4
7ffcecb4e000-7ffcecb54000 r--s 00000000 08:05 1180318                    /var/cache/fontconfig/2cd17615ca594fa2959ae173292e504c-le64.cache-4
7ffcecb54000-7ffcecb55000 r--s 00000000 08:05 1180257                    /var/cache/fontconfig/e7071f4a29fa870f4323321c154eba04-le64.cache-4
7ffcecb55000-7ffcecb56000 r--s 00000000 08:05 1180255                    /var/cache/fontconfig/0d8c3b2ac0904cb8a57a757ad11a4a08-le64.cache-4
7ffcecb56000-7ffcecb5d000 r--s 00000000 08:05 1180254                    /var/cache/fontconfig/a755afe4a08bf5b97852ceb7400b47bc-le64.cache-4
7ffcecb5d000-7ffcecb61000 r--s 00000000 08:05 1191346                    /var/cache/fontconfig/6d41288fd70b0be22e8c3a91e032eec0-le64.cache-4
7ffcecb61000-7ffcecb75000 r--s 00000000 08:05 1180253                    /var/cache/fontconfig/04aabc0a78ac019cf9454389977116d2-le64.cache-4
7ffcecb75000-7ffcecb79000 r--s 00000000 08:05 1180251                    /var/cache/fontconfig/385c0604a188198f04d133e54aba7fe7-le64.cache-4
7ffcecb79000-7ffcecb7e000 r--s 00000000 08:05 1180248                    /var/cache/fontconfig/8801497958630a81b71ace7c5f9b32a8-le64.cache-4
7ffcecb7e000-7ffcecb82000 r--s 00000000 08:05 1180247                    /var/cache/fontconfig/c57959a16110560c8d0fcea73374aeeb-le64.cache-4
7ffcecb82000-7ffcecb95000 r--s 00000000 08:05 1180228                    /var/cache/fontconfig/d52a8644073d54c13679302ca1180695-le64.cache-4
7ffcecb95000-7ffcecbac000 r-xp 00000000 08:05 405713                     /usr/lib/jvm/java-7-openjdk-amd64/jre/lib/amd64/libnet.so
7ffcecbac000-7ffcecdab000 ---p 00017000 08:05 405713                     /usr/lib/jvm/java-7-openjdk-amd64/jre/lib/amd64/libnet.so
7ffcecdab000-7ffcecdac000 r--p 00016000 08:05 405713                     /usr/lib/jvm/java-7-openjdk-amd64/jre/lib/amd64/libnet.so
7ffcecdac000-7ffcecdad000 rw-p 00017000 08:05 405713                     /usr/lib/jvm/java-7-openjdk-amd64/jre/lib/amd64/libnet.so
7ffcecdad000-7ffcecdfe000 r-xp 00000000 08:05 427262                     /usr/lib/jvm/java-7-openjdk-amd64/jre/lib/amd64/libfontmanager.so
7ffcecdfe000-7ffcecffd000 ---p 00051000 08:05 427262                     /usr/lib/jvm/java-7-openjdk-amd64/jre/lib/amd64/libfontmanager.so
7ffcecffd000-7ffced000000 r--p 00050000 08:05 427262                     /usr/lib/jvm/java-7-openjdk-amd64/jre/lib/amd64/libfontmanager.so
7ffced000000-7ffced001000 rw-p 00053000 08:05 427262                     /usr/lib/jvm/java-7-openjdk-amd64/jre/lib/amd64/libfontmanager.so
7ffced001000-7ffced030000 r-xp 00000000 08:05 3150794                    /usr/lib/x86_64-linux-gnu/gtk-2.0/2.10.0/engines/libmurrine.so
7ffced030000-7ffced230000 ---p 0002f000 08:05 3150794                    /usr/lib/x86_64-linux-gnu/gtk-2.0/2.10.0/engines/libmurrine.so
7ffced230000-7ffced231000 r--p 0002f000 08:05 3150794                    /usr/lib/x86_64-linux-gnu/gtk-2.0/2.10.0/engines/libmurrine.so
7ffced231000-7ffced232000 rw-p 00030000 08:05 3150794                    /usr/lib/x86_64-linux-gnu/gtk-2.0/2.10.0/engines/libmurrine.so
7ffced232000-7ffced233000 ---p 00000000 00:00 0 
7ffced233000-7ffceda33000 rw-p 00000000 00:00 0                          [stack:25450]
7ffceda33000-7ffceda34000 ---p 00000000 00:00 0 
7ffceda34000-7ffcee234000 rw-p 00000000 00:00 0                          [stack:25449]
7ffcee234000-7ffcee24d000 r-xp 00000000 08:05 3150571                    /usr/lib/x86_64-linux-gnu/gio/modules/libgioremote-volume-monitor.so
7ffcee24d000-7ffcee44d000 ---p 00019000 08:05 3150571                    /usr/lib/x86_64-linux-gnu/gio/modules/libgioremote-volume-monitor.so
7ffcee44d000-7ffcee450000 r--p 00019000 08:05 3150571                    /usr/lib/x86_64-linux-gnu/gio/modules/libgioremote-volume-monitor.so
7ffcee450000-7ffcee451000 rw-p 0001c000 08:05 3150571                    /usr/lib/x86_64-linux-gnu/gio/modules/libgioremote-volume-monitor.so
7ffcee451000-7ffcee45c000 r-xp 00000000 08:05 3150567                    /usr/lib/x86_64-linux-gnu/gio/modules/libdconfsettings.so
7ffcee45c000-7ffcee65c000 ---p 0000b000 08:05 3150567                    /usr/lib/x86_64-linux-gnu/gio/modules/libdconfsettings.so
7ffcee65c000-7ffcee65d000 r--p 0000b000 08:05 3150567                    /usr/lib/x86_64-linux-gnu/gio/modules/libdconfsettings.so
7ffcee65d000-7ffcee65e000 rw-p 0000c000 08:05 3150567                    /usr/lib/x86_64-linux-gnu/gio/modules/libdconfsettings.so
7ffcee65e000-7ffcee666000 r-xp 00000000 08:05 2625612                    /lib/x86_64-linux-gnu/libnih-dbus.so.1.0.0
7ffcee666000-7ffcee866000 ---p 00008000 08:05 2625612                    /lib/x86_64-linux-gnu/libnih-dbus.so.1.0.0
7ffcee866000-7ffcee867000 r--p 00008000 08:05 2625612                    /lib/x86_64-linux-gnu/libnih-dbus.so.1.0.0
7ffcee867000-7ffcee868000 rw-p 00009000 08:05 2625612                    /lib/x86_64-linux-gnu/libnih-dbus.so.1.0.0
7ffcee868000-7ffcee87f000 r-xp 00000000 08:05 2625614                    /lib/x86_64-linux-gnu/libnih.so.1.0.0
7ffcee87f000-7ffceea7e000 ---p 00017000 08:05 2625614                    /lib/x86_64-linux-gnu/libnih.so.1.0.0
7ffceea7e000-7ffceea7f000 r--p 00016000 08:05 2625614                    /lib/x86_64-linux-gnu/libnih.so.1.0.0
7ffceea7f000-7ffceea80000 rw-p 00017000 08:05 2625614                    /lib/x86_64-linux-gnu/libnih.so.1.0.0
7ffceea80000-7ffceea99000 r-xp 00000000 08:05 2621539                    /lib/x86_64-linux-gnu/libcgmanager.so.0.0.0
7ffceea99000-7ffceec98000 ---p 00019000 08:05 2621539                    /lib/x86_64-linux-gnu/libcgmanager.so.0.0.0
7ffceec98000-7ffceec9a000 r--p 00018000 08:05 2621539                    /lib/x86_64-linux-gnu/libcgmanager.so.0.0.0
7ffceec9a000-7ffceec9b000 rw-p 0001a000 08:05 2621539                    /lib/x86_64-linux-gnu/libcgmanager.so.0.0.0
7ffceec9b000-7ffceecab000 r-xp 00000000 08:05 2622639                    /lib/x86_64-linux-gnu/libudev.so.1.3.5
7ffceecab000-7ffceeeaa000 ---p 00010000 08:05 2622639                    /lib/x86_64-linux-gnu/libudev.so.1.3.5
7ffceeeaa000-7ffceeeab000 r--p 0000f000 08:05 2622639                    /lib/x86_64-linux-gnu/libudev.so.1.3.5
7ffceeeab000-7ffceeeac000 rw-p 00010000 08:05 2622639                    /lib/x86_64-linux-gnu/libudev.so.1.3.5
7ffceeeac000-7ffceeee0000 r-xp 00000000 08:05 3150853                    /usr/lib/x86_64-linux-gnu/gvfs/libgvfscommon.so
7ffceeee0000-7ffcef0e0000 ---p 00034000 08:05 3150853                    /usr/lib/x86_64-linux-gnu/gvfs/libgvfscommon.so
7ffcef0e0000-7ffcef0e5000 r--p 00034000 08:05 3150853                    /usr/lib/x86_64-linux-gnu/gvfs/libgvfscommon.so
7ffcef0e5000-7ffcef0e6000 rw-p 00039000 08:05 3150853                    /usr/lib/x86_64-linux-gnu/gvfs/libgvfscommon.so
7ffcef0e6000-7ffcef115000 r-xp 00000000 08:05 3150572                    /usr/lib/x86_64-linux-gnu/gio/modules/libgvfsdbus.so
7ffcef115000-7ffcef315000 ---p 0002f000 08:05 3150572                    /usr/lib/x86_64-linux-gnu/gio/modules/libgvfsdbus.so
7ffcef315000-7ffcef316000 r--p 0002f000 08:05 3150572                    /usr/lib/x86_64-linux-gnu/gio/modules/libgvfsdbus.so
7ffcef316000-7ffcef317000 rw-p 00030000 08:05 3150572                    /usr/lib/x86_64-linux-gnu/gio/modules/libgvfsdbus.so
7ffcef317000-7ffcef318000 rw-p 00000000 00:00 0 
7ffcef318000-7ffcef368000 r--p 00000000 08:05 3304345                    /usr/share/glib-2.0/schemas/gschemas.compiled
7ffcef368000-7ffcef378000 r-xp 00000000 08:05 3042300                    /usr/lib/x86_64-linux-gnu/libunity-gtk2-parser.so.0.0.0
7ffcef378000-7ffcef577000 ---p 00010000 08:05 3042300                    /usr/lib/x86_64-linux-gnu/libunity-gtk2-parser.so.0.0.0
7ffcef577000-7ffcef578000 r--p 0000f000 08:05 3042300                    /usr/lib/x86_64-linux-gnu/libunity-gtk2-parser.so.0.0.0
7ffcef578000-7ffcef579000 rw-p 00010000 08:05 3042300                    /usr/lib/x86_64-linux-gnu/libunity-gtk2-parser.so.0.0.0
7ffcef579000-7ffcef57e000 r-xp 00000000 08:05 3165346                    /usr/lib/x86_64-linux-gnu/gtk-2.0/modules/libunity-gtk-module.so
7ffcef57e000-7ffcef77d000 ---p 00005000 08:05 3165346                    /usr/lib/x86_64-linux-gnu/gtk-2.0/modules/libunity-gtk-module.so
7ffcef77d000-7ffcef77e000 r--p 00004000 08:05 3165346                    /usr/lib/x86_64-linux-gnu/gtk-2.0/modules/libunity-gtk-module.so
7ffcef77e000-7ffcef77f000 rw-p 00005000 08:05 3165346                    /usr/lib/x86_64-linux-gnu/gtk-2.0/modules/libunity-gtk-module.so
7ffcef77f000-7ffcef799000 r-xp 00000000 08:05 3022019                    /usr/lib/x86_64-linux-gnu/libgraphite2.so.3.0.1
7ffcef799000-7ffcef998000 ---p 0001a000 08:05 3022019                    /usr/lib/x86_64-linux-gnu/libgraphite2.so.3.0.1
7ffcef998000-7ffcef99a000 r--p 00019000 08:05 3022019                    /usr/lib/x86_64-linux-gnu/libgraphite2.so.3.0.1
7ffcef99a000-7ffcef99b000 rw-p 0001b000 08:05 3022019                    /usr/lib/x86_64-linux-gnu/libgraphite2.so.3.0.1
7ffcef99b000-7ffcef9a1000 r-xp 00000000 08:05 3021839                    /usr/lib/x86_64-linux-gnu/libdatrie.so.1.3.1
7ffcef9a1000-7ffcefba0000 ---p 00006000 08:05 3021839                    /usr/lib/x86_64-linux-gnu/libdatrie.so.1.3.1
7ffcefba0000-7ffcefba1000 r--p 00005000 08:05 3021839                    /usr/lib/x86_64-linux-gnu/libdatrie.so.1.3.1
7ffcefba1000-7ffcefba2000 rw-p 00006000 08:05 3021839                    /usr/lib/x86_64-linux-gnu/libdatrie.so.1.3.1
7ffcefba2000-7ffcefbf5000 r-xp 00000000 08:05 3015597                    /usr/lib/x86_64-linux-gnu/libharfbuzz.so.0.927.0
7ffcefbf5000-7ffcefdf5000 ---p 00053000 08:05 3015597                    /usr/lib/x86_64-linux-gnu/libharfbuzz.so.0.927.0
7ffcefdf5000-7ffcefdf6000 r--p 00053000 08:05 3015597                    /usr/lib/x86_64-linux-gnu/libharfbuzz.so.0.927.0
7ffcefdf6000-7ffcefdf7000 rw-p 00054000 08:05 3015597                    /usr/lib/x86_64-linux-gnu/libharfbuzz.so.0.927.0
7ffcefdf7000-7ffcefdff000 r-xp 00000000 08:05 3022594                    /usr/lib/x86_64-linux-gnu/libxcb-render.so.0.0.0
7ffcefdff000-7ffcefffe000 ---p 00008000 08:05 3022594                    /usr/lib/x86_64-linux-gnu/libxcb-render.so.0.0.0
7ffcefffe000-7ffceffff000 r--p 00007000 08:05 3022594                    /usr/lib/x86_64-linux-gnu/libxcb-render.so.0.0.0
7ffceffff000-7ffcf0000000 rw-p 00008000 08:05 3022594                    /usr/lib/x86_64-linux-gnu/libxcb-render.so.0.0.0
7ffcf0000000-7ffcf0021000 rw-p 00000000 00:00 0 
7ffcf0021000-7ffcf4000000 ---p 00000000 00:00 0 
7ffcf4000000-7ffcf4001000 r--s 00000000 08:05 1180252                    /var/cache/fontconfig/1ac9eb803944fde146138c791f5cc56a-le64.cache-4
7ffcf4001000-7ffcf4003000 r--s 00000000 08:05 1180176                    /var/cache/fontconfig/767a8244fc0220cfb567a839d0392e0b-le64.cache-4
7ffcf4003000-7ffcf400a000 r--s 00000000 08:05 1180237                    /var/cache/fontconfig/3047814df9a2f067bd2d96a2b9c36e5a-le64.cache-4
7ffcf400a000-7ffcf4010000 r--s 00000000 08:05 1180229                    /var/cache/fontconfig/b47c4e1ecd0709278f4910c18777a504-le64.cache-4
7ffcf4010000-7ffcf4018000 r--s 00000000 08:05 1180227                    /var/cache/fontconfig/3f7329c5293ffd510edef78f73874cfd-le64.cache-4
7ffcf4018000-7ffcf4049000 rw-p 00000000 00:00 0 
7ffcf4049000-7ffcf4099000 r--p 00000000 08:05 3304345                    /usr/share/glib-2.0/schemas/gschemas.compiled
7ffcf4099000-7ffcf409b000 r-xp 00000000 08:05 3022598                    /usr/lib/x86_64-linux-gnu/libxcb-shm.so.0.0.0
7ffcf409b000-7ffcf429a000 ---p 00002000 08:05 3022598                    /usr/lib/x86_64-linux-gnu/libxcb-shm.so.0.0.0
7ffcf429a000-7ffcf429b000 r--p 00001000 08:05 3022598                    /usr/lib/x86_64-linux-gnu/libxcb-shm.so.0.0.0
7ffcf429b000-7ffcf429c000 rw-p 00002000 08:05 3022598                    /usr/lib/x86_64-linux-gnu/libxcb-shm.so.0.0.0
7ffcf429c000-7ffcf433d000 r-xp 00000000 08:05 3022339                    /usr/lib/x86_64-linux-gnu/libpixman-1.so.0.30.2
7ffcf433d000-7ffcf453d000 ---p 000a1000 08:05 3022339                    /usr/lib/x86_64-linux-gnu/libpixman-1.so.0.30.2
7ffcf453d000-7ffcf4544000 r--p 000a1000 08:05 3022339                    /usr/lib/x86_64-linux-gnu/libpixman-1.so.0.30.2
7ffcf4544000-7ffcf4545000 rw-p 000a8000 08:05 3022339                    /usr/lib/x86_64-linux-gnu/libpixman-1.so.0.30.2
7ffcf4545000-7ffcf454d000 r-xp 00000000 08:05 3022489                    /usr/lib/x86_64-linux-gnu/libthai.so.0.2.0
7ffcf454d000-7ffcf474c000 ---p 00008000 08:05 3022489                    /usr/lib/x86_64-linux-gnu/libthai.so.0.2.0
7ffcf474c000-7ffcf474d000 r--p 00007000 08:05 3022489                    /usr/lib/x86_64-linux-gnu/libthai.so.0.2.0
7ffcf474d000-7ffcf474e000 rw-p 00008000 08:05 3022489                    /usr/lib/x86_64-linux-gnu/libthai.so.0.2.0
7ffcf474e000-7ffcf4750000 r-xp 00000000 08:05 3021661                    /usr/lib/x86_64-linux-gnu/libXdamage.so.1.1.0
7ffcf4750000-7ffcf494f000 ---p 00002000 08:05 3021661                    /usr/lib/x86_64-linux-gnu/libXdamage.so.1.1.0
7ffcf494f000-7ffcf4950000 r--p 00001000 08:05 3021661                    /usr/lib/x86_64-linux-gnu/libXdamage.so.1.1.0
7ffcf4950000-7ffcf4951000 rw-p 00002000 08:05 3021661                    /usr/lib/x86_64-linux-gnu/libXdamage.so.1.1.0
7ffcf4951000-7ffcf4953000 r-xp 00000000 08:05 3021657                    /usr/lib/x86_64-linux-gnu/libXcomposite.so.1.0.0
7ffcf4953000-7ffcf4b52000 ---p 00002000 08:05 3021657                    /usr/lib/x86_64-linux-gnu/libXcomposite.so.1.0.0
7ffcf4b52000-7ffcf4b53000 r--p 00001000 08:05 3021657                    /usr/lib/x86_64-linux-gnu/libXcomposite.so.1.0.0
7ffcf4b53000-7ffcf4b54000 rw-p 00002000 08:05 3021657                    /usr/lib/x86_64-linux-gnu/libXcomposite.so.1.0.0
7ffcf4b54000-7ffcf4b5d000 r-xp 00000000 08:05 3021685                    /usr/lib/x86_64-linux-gnu/libXrandr.so.2.2.0
7ffcf4b5d000-7ffcf4d5c000 ---p 00009000 08:05 3021685                    /usr/lib/x86_64-linux-gnu/libXrandr.so.2.2.0
7ffcf4d5c000-7ffcf4d5d000 r--p 00008000 08:05 3021685                    /usr/lib/x86_64-linux-gnu/libXrandr.so.2.2.0
7ffcf4d5d000-7ffcf4d5e000 rw-p 00009000 08:05 3021685                    /usr/lib/x86_64-linux-gnu/libXrandr.so.2.2.0
7ffcf4d5e000-7ffcf4d60000 r-xp 00000000 08:05 3021675                    /usr/lib/x86_64-linux-gnu/libXinerama.so.1.0.0
7ffcf4d60000-7ffcf4f5f000 ---p 00002000 08:05 3021675                    /usr/lib/x86_64-linux-gnu/libXinerama.so.1.0.0
7ffcf4f5f000-7ffcf4f60000 r--p 00001000 08:05 3021675                    /usr/lib/x86_64-linux-gnu/libXinerama.so.1.0.0
7ffcf4f60000-7ffcf4f61000 rw-p 00002000 08:05 3021675                    /usr/lib/x86_64-linux-gnu/libXinerama.so.1.0.0
7ffcf4f61000-7ffcf4f75000 r-xp 00000000 08:05 3018982                    /usr/lib/x86_64-linux-gnu/libpangoft2-1.0.so.0.3600.3
7ffcf4f75000-7ffcf5174000 ---p 00014000 08:05 3018982                    /usr/lib/x86_64-linux-gnu/libpangoft2-1.0.so.0.3600.3
7ffcf5174000-7ffcf5175000 r--p 00013000 08:05 3018982                    /usr/lib/x86_64-linux-gnu/libpangoft2-1.0.so.0.3600.3
7ffcf5175000-7ffcf5176000 rw-p 00014000 08:05 3018982                    /usr/lib/x86_64-linux-gnu/libpangoft2-1.0.so.0.3600.3
7ffcf5176000-7ffcf527c000 r-xp 00000000 08:05 3021778                    /usr/lib/x86_64-linux-gnu/libcairo.so.2.11301.0
7ffcf527c000-7ffcf547b000 ---p 00106000 08:05 3021778                    /usr/lib/x86_64-linux-gnu/libcairo.so.2.11301.0
7ffcf547b000-7ffcf547e000 r--p 00105000 08:05 3021778                    /usr/lib/x86_64-linux-gnu/libcairo.so.2.11301.0
7ffcf547e000-7ffcf547f000 rw-p 00108000 08:05 3021778                    /usr/lib/x86_64-linux-gnu/libcairo.so.2.11301.0
7ffcf547f000-7ffcf5481000 rw-p 00000000 00:00 0 
7ffcf5481000-7ffcf54a0000 r-xp 00000000 08:05 3021739                    /usr/lib/x86_64-linux-gnu/libatk-1.0.so.0.21009.1
7ffcf54a0000-7ffcf56a0000 ---p 0001f000 08:05 3021739                    /usr/lib/x86_64-linux-gnu/libatk-1.0.so.0.21009.1
7ffcf56a0000-7ffcf56a2000 r--p 0001f000 08:05 3021739                    /usr/lib/x86_64-linux-gnu/libatk-1.0.so.0.21009.1
7ffcf56a2000-7ffcf56a3000 rw-p 00021000 08:05 3021739                    /usr/lib/x86_64-linux-gnu/libatk-1.0.so.0.21009.1
7ffcf56a3000-7ffcf56ae000 r-xp 00000000 08:05 3017469                    /usr/lib/x86_64-linux-gnu/libpangocairo-1.0.so.0.3600.3
7ffcf56ae000-7ffcf58ae000 ---p 0000b000 08:05 3017469                    /usr/lib/x86_64-linux-gnu/libpangocairo-1.0.so.0.3600.3
7ffcf58ae000-7ffcf58af000 r--p 0000b000 08:05 3017469                    /usr/lib/x86_64-linux-gnu/libpangocairo-1.0.so.0.3600.3
7ffcf58af000-7ffcf58b0000 rw-p 0000c000 08:05 3017469                    /usr/lib/x86_64-linux-gnu/libpangocairo-1.0.so.0.3600.3
7ffcf58b0000-7ffcf58b1000 r-xp 00000000 08:05 3022109                    /usr/lib/x86_64-linux-gnu/libgthread-2.0.so.0.4000.0
7ffcf58b1000-7ffcf5ab0000 ---p 00001000 08:05 3022109                    /usr/lib/x86_64-linux-gnu/libgthread-2.0.so.0.4000.0
7ffcf5ab0000-7ffcf5ab1000 r--p 00000000 08:05 3022109                    /usr/lib/x86_64-linux-gnu/libgthread-2.0.so.0.4000.0
7ffcf5ab1000-7ffcf5ab2000 rw-p 00001000 08:05 3022109                    /usr/lib/x86_64-linux-gnu/libgthread-2.0.so.0.4000.0
7ffcf5ab2000-7ffcf5afc000 r-xp 00000000 08:05 3018978                    /usr/lib/x86_64-linux-gnu/libpango-1.0.so.0.3600.3
7ffcf5afc000-7ffcf5cfc000 ---p 0004a000 08:05 3018978                    /usr/lib/x86_64-linux-gnu/libpango-1.0.so.0.3600.3
7ffcf5cfc000-7ffcf5cfe000 r--p 0004a000 08:05 3018978                    /usr/lib/x86_64-linux-gnu/libpango-1.0.so.0.3600.3
7ffcf5cfe000-7ffcf5cff000 rw-p 0004c000 08:05 3018978                    /usr/lib/x86_64-linux-gnu/libpango-1.0.so.0.3600.3
7ffcf5cff000-7ffcf5d1e000 r-xp 00000000 08:05 3021961                    /usr/lib/x86_64-linux-gnu/libgdk_pixbuf-2.0.so.0.3000.7
7ffcf5d1e000-7ffcf5f1e000 ---p 0001f000 08:05 3021961                    /usr/lib/x86_64-linux-gnu/libgdk_pixbuf-2.0.so.0.3000.7
7ffcf5f1e000-7ffcf5f1f000 r--p 0001f000 08:05 3021961                    /usr/lib/x86_64-linux-gnu/libgdk_pixbuf-2.0.so.0.3000.7
7ffcf5f1f000-7ffcf5f20000 rw-p 00020000 08:05 3021961                    /usr/lib/x86_64-linux-gnu/libgdk_pixbuf-2.0.so.0.3000.7
7ffcf5f20000-7ffcf5fcd000 r-xp 00000000 08:05 3022034                    /usr/lib/x86_64-linux-gnu/libgdk-x11-2.0.so.0.2400.23
7ffcf5fcd000-7ffcf61cc000 ---p 000ad000 08:05 3022034                    /usr/lib/x86_64-linux-gnu/libgdk-x11-2.0.so.0.2400.23
7ffcf61cc000-7ffcf61d0000 r--p 000ac000 08:05 3022034                    /usr/lib/x86_64-linux-gnu/libgdk-x11-2.0.so.0.2400.23
7ffcf61d0000-7ffcf61d2000 rw-p 000b0000 08:05 3022034                    /usr/lib/x86_64-linux-gnu/libgdk-x11-2.0.so.0.2400.23
7ffcf61d2000-7ffcf6601000 r-xp 00000000 08:05 3015098                    /usr/lib/x86_64-linux-gnu/libgtk-x11-2.0.so.0.2400.23
7ffcf6601000-7ffcf6800000 ---p 0042f000 08:05 3015098                    /usr/lib/x86_64-linux-gnu/libgtk-x11-2.0.so.0.2400.23
7ffcf6800000-7ffcf6807000 r--p 0042e000 08:05 3015098                    /usr/lib/x86_64-linux-gnu/libgtk-x11-2.0.so.0.2400.23
7ffcf6807000-7ffcf680b000 rw-p 00435000 08:05 3015098                    /usr/lib/x86_64-linux-gnu/libgtk-x11-2.0.so.0.2400.23
7ffcf680b000-7ffcf680e000 rw-p 00000000 00:00 0 
7ffcf680e000-7ffcf6819000 r-xp 00000000 08:05 427245                     /usr/lib/jvm/java-7-openjdk-amd64/jre/lib/amd64/libjavagtk.so
7ffcf6819000-7ffcf6a18000 ---p 0000b000 08:05 427245                     /usr/lib/jvm/java-7-openjdk-amd64/jre/lib/amd64/libjavagtk.so
7ffcf6a18000-7ffcf6a19000 r--p 0000a000 08:05 427245                     /usr/lib/jvm/java-7-openjdk-amd64/jre/lib/amd64/libjavagtk.so
7ffcf6a19000-7ffcf6a1a000 rw-p 0000b000 08:05 427245                     /usr/lib/jvm/java-7-openjdk-amd64/jre/lib/amd64/libjavagtk.so
7ffcf6a1a000-7ffcf6a1d000 ---p 00000000 00:00 0 
7ffcf6a1d000-7ffcf6b1b000 rw-p 00000000 00:00 0                          [stack:25448]
7ffcf6b1b000-7ffcf6b20000 r-xp 00000000 08:05 3021667                    /usr/lib/x86_64-linux-gnu/libXfixes.so.3.1.0
7ffcf6b20000-7ffcf6d1f000 ---p 00005000 08:05 3021667                    /usr/lib/x86_64-linux-gnu/libXfixes.so.3.1.0
7ffcf6d1f000-7ffcf6d20000 r--p 00004000 08:05 3021667                    /usr/lib/x86_64-linux-gnu/libXfixes.so.3.1.0
7ffcf6d20000-7ffcf6d21000 rw-p 00005000 08:05 3021667                    /usr/lib/x86_64-linux-gnu/libXfixes.so.3.1.0
7ffcf6d21000-7ffcf6d2a000 r-xp 00000000 08:05 3021659                    /usr/lib/x86_64-linux-gnu/libXcursor.so.1.0.2
7ffcf6d2a000-7ffcf6f29000 ---p 00009000 08:05 3021659                    /usr/lib/x86_64-linux-gnu/libXcursor.so.1.0.2
7ffcf6f29000-7ffcf6f2a000 r--p 00008000 08:05 3021659                    /usr/lib/x86_64-linux-gnu/libXcursor.so.1.0.2
7ffcf6f2a000-7ffcf6f2b000 rw-p 00009000 08:05 3021659                    /usr/lib/x86_64-linux-gnu/libXcursor.so.1.0.2
7ffcf6f2b000-7ffcf6f2e000 ---p 00000000 00:00 0 
7ffcf6f2e000-7ffcf702c000 rw-p 00000000 00:00 0                          [stack:25447]
7ffcf702c000-7ffcf7030000 r-xp 00000000 08:05 2625583                    /lib/x86_64-linux-gnu/libgpg-error.so.0.10.0
7ffcf7030000-7ffcf722f000 ---p 00004000 08:05 2625583                    /lib/x86_64-linux-gnu/libgpg-error.so.0.10.0
7ffcf722f000-7ffcf7230000 r--p 00003000 08:05 2625583                    /lib/x86_64-linux-gnu/libgpg-error.so.0.10.0
7ffcf7230000-7ffcf7231000 rw-p 00004000 08:05 2625583                    /lib/x86_64-linux-gnu/libgpg-error.so.0.10.0
7ffcf7231000-7ffcf7233000 r-xp 00000000 08:05 2625593                    /lib/x86_64-linux-gnu/libkeyutils.so.1.4
7ffcf7233000-7ffcf7433000 ---p 00002000 08:05 2625593                    /lib/x86_64-linux-gnu/libkeyutils.so.1.4
7ffcf7433000-7ffcf7434000 r--p 00002000 08:05 2625593                    /lib/x86_64-linux-gnu/libkeyutils.so.1.4
7ffcf7434000-7ffcf7435000 rw-p 00003000 08:05 2625593                    /lib/x86_64-linux-gnu/libkeyutils.so.1.4
7ffcf7435000-7ffcf7472000 r-xp 00000000 08:05 2625653                    /lib/x86_64-linux-gnu/libpcre.so.3.13.1
7ffcf7472000-7ffcf7671000 ---p 0003d000 08:05 2625653                    /lib/x86_64-linux-gnu/libpcre.so.3.13.1
7ffcf7671000-7ffcf7672000 r--p 0003c000 08:05 2625653                    /lib/x86_64-linux-gnu/libpcre.so.3.13.1
7ffcf7672000-7ffcf7673000 rw-p 0003d000 08:05 2625653                    /lib/x86_64-linux-gnu/libpcre.so.3.13.1
7ffcf7673000-7ffcf7698000 r-xp 00000000 08:05 2625665                    /lib/x86_64-linux-gnu/libpng12.so.0.50.0
7ffcf7698000-7ffcf7897000 ---p 00025000 08:05 2625665                    /lib/x86_64-linux-gnu/libpng12.so.0.50.0
7ffcf7897000-7ffcf7898000 r--p 00024000 08:05 2625665                    /lib/x86_64-linux-gnu/libpng12.so.0.50.0
7ffcf7898000-7ffcf7899000 rw-p 00025000 08:05 2625665                    /lib/x86_64-linux-gnu/libpng12.so.0.50.0
7ffcf7899000-7ffcf78dd000 r-xp 00000000 08:05 2621535                    /lib/x86_64-linux-gnu/libdbus-1.so.3.7.6
7ffcf78dd000-7ffcf7adc000 ---p 00044000 08:05 2621535                    /lib/x86_64-linux-gnu/libdbus-1.so.3.7.6
7ffcf7adc000-7ffcf7add000 r--p 00043000 08:05 2621535                    /lib/x86_64-linux-gnu/libdbus-1.so.3.7.6
7ffcf7add000-7ffcf7ade000 rw-p 00044000 08:05 2621535                    /lib/x86_64-linux-gnu/libdbus-1.so.3.7.6
7ffcf7ade000-7ffcf7b19000 r-xp 00000000 08:05 3022308                    /usr/lib/x86_64-linux-gnu/libp11-kit.so.0.0.0
7ffcf7b19000-7ffcf7d18000 ---p 0003b000 08:05 3022308                    /usr/lib/x86_64-linux-gnu/libp11-kit.so.0.0.0
7ffcf7d18000-7ffcf7d1e000 r--p 0003a000 08:05 3022308                    /usr/lib/x86_64-linux-gnu/libp11-kit.so.0.0.0
7ffcf7d1e000-7ffcf7d20000 rw-p 00040000 08:05 3022308                    /usr/lib/x86_64-linux-gnu/libp11-kit.so.0.0.0
7ffcf7d20000-7ffcf7d32000 r-xp 00000000 08:05 3015545                    /usr/lib/x86_64-linux-gnu/libtasn1.so.6.2.0
7ffcf7d32000-7ffcf7f32000 ---p 00012000 08:05 3015545                    /usr/lib/x86_64-linux-gnu/libtasn1.so.6.2.0
7ffcf7f32000-7ffcf7f33000 r--p 00012000 08:05 3015545                    /usr/lib/x86_64-linux-gnu/libtasn1.so.6.2.0
7ffcf7f33000-7ffcf7f34000 rw-p 00013000 08:05 3015545                    /usr/lib/x86_64-linux-gnu/libtasn1.so.6.2.0
7ffcf7f34000-7ffcf7fb0000 r-xp 00000000 08:05 2622651                    /lib/x86_64-linux-gnu/libgcrypt.so.11.8.2
7ffcf7fb0000-7ffcf81af000 ---p 0007c000 08:05 2622651                    /lib/x86_64-linux-gnu/libgcrypt.so.11.8.2
7ffcf81af000-7ffcf81b0000 r--p 0007b000 08:05 2622651                    /lib/x86_64-linux-gnu/libgcrypt.so.11.8.2
7ffcf81b0000-7ffcf81b3000 rw-p 0007c000 08:05 2622651                    /lib/x86_64-linux-gnu/libgcrypt.so.11.8.2
7ffcf81b3000-7ffcf81bd000 r-xp 00000000 08:05 3015424                    /usr/lib/x86_64-linux-gnu/libkrb5support.so.0.1
7ffcf81bd000-7ffcf83bc000 ---p 0000a000 08:05 3015424                    /usr/lib/x86_64-linux-gnu/libkrb5support.so.0.1
7ffcf83bc000-7ffcf83bd000 r--p 00009000 08:05 3015424                    /usr/lib/x86_64-linux-gnu/libkrb5support.so.0.1
7ffcf83bd000-7ffcf83be000 rw-p 0000a000 08:05 3015424                    /usr/lib/x86_64-linux-gnu/libkrb5support.so.0.1
7ffcf83be000-7ffcf83c1000 r-xp 00000000 08:05 2625559                    /lib/x86_64-linux-gnu/libcom_err.so.2.1
7ffcf83c1000-7ffcf85c0000 ---p 00003000 08:05 2625559                    /lib/x86_64-linux-gnu/libcom_err.so.2.1
7ffcf85c0000-7ffcf85c1000 r--p 00002000 08:05 2625559                    /lib/x86_64-linux-gnu/libcom_err.so.2.1
7ffcf85c1000-7ffcf85c2000 rw-p 00003000 08:05 2625559                    /lib/x86_64-linux-gnu/libcom_err.so.2.1
7ffcf85c2000-7ffcf85ee000 r-xp 00000000 08:05 3015040                    /usr/lib/x86_64-linux-gnu/libk5crypto.so.3.1
7ffcf85ee000-7ffcf87ed000 ---p 0002c000 08:05 3015040                    /usr/lib/x86_64-linux-gnu/libk5crypto.so.3.1
7ffcf87ed000-7ffcf87ef000 r--p 0002b000 08:05 3015040                    /usr/lib/x86_64-linux-gnu/libk5crypto.so.3.1
7ffcf87ef000-7ffcf87f0000 rw-p 0002d000 08:05 3015040                    /usr/lib/x86_64-linux-gnu/libk5crypto.so.3.1
7ffcf87f0000-7ffcf87f1000 rw-p 00000000 00:00 0 
7ffcf87f1000-7ffcf88ad000 r-xp 00000000 08:05 3015322                    /usr/lib/x86_64-linux-gnu/libkrb5.so.3.3
7ffcf88ad000-7ffcf8aad000 ---p 000bc000 08:05 3015322                    /usr/lib/x86_64-linux-gnu/libkrb5.so.3.3
7ffcf8aad000-7ffcf8aba000 r--p 000bc000 08:05 3015322                    /usr/lib/x86_64-linux-gnu/libkrb5.so.3.3
7ffcf8aba000-7ffcf8abc000 rw-p 000c9000 08:05 3015322                    /usr/lib/x86_64-linux-gnu/libkrb5.so.3.3
7ffcf8abc000-7ffcf8ac1000 r-xp 00000000 08:05 3021663                    /usr/lib/x86_64-linux-gnu/libXdmcp.so.6.0.0
7ffcf8ac1000-7ffcf8cc0000 ---p 00005000 08:05 3021663                    /usr/lib/x86_64-linux-gnu/libXdmcp.so.6.0.0
7ffcf8cc0000-7ffcf8cc1000 r--p 00004000 08:05 3021663                    /usr/lib/x86_64-linux-gnu/libXdmcp.so.6.0.0
7ffcf8cc1000-7ffcf8cc2000 rw-p 00005000 08:05 3021663                    /usr/lib/x86_64-linux-gnu/libXdmcp.so.6.0.0
7ffcf8cc2000-7ffcf8cc4000 r-xp 00000000 08:05 3021652                    /usr/lib/x86_64-linux-gnu/libXau.so.6.0.0
7ffcf8cc4000-7ffcf8ec4000 ---p 00002000 08:05 3021652                    /usr/lib/x86_64-linux-gnu/libXau.so.6.0.0
7ffcf8ec4000-7ffcf8ec5000 r--p 00002000 08:05 3021652                    /usr/lib/x86_64-linux-gnu/libXau.so.6.0.0
7ffcf8ec5000-7ffcf8ec6000 rw-p 00003000 08:05 3021652                    /usr/lib/x86_64-linux-gnu/libXau.so.6.0.0
7ffcf8ec6000-7ffcf8ecd000 r-xp 00000000 08:05 3021908                    /usr/lib/x86_64-linux-gnu/libffi.so.6.0.1
7ffcf8ecd000-7ffcf90cc000 ---p 00007000 08:05 3021908                    /usr/lib/x86_64-linux-gnu/libffi.so.6.0.1
7ffcf90cc000-7ffcf90cd000 r--p 00006000 08:05 3021908                    /usr/lib/x86_64-linux-gnu/libffi.so.6.0.1
7ffcf90cd000-7ffcf90ce000 rw-p 00007000 08:05 3021908                    /usr/lib/x86_64-linux-gnu/libffi.so.6.0.1
7ffcf90ce000-7ffcf90e5000 r-xp 00000000 08:05 2630608                    /lib/x86_64-linux-gnu/libresolv-2.19.so
7ffcf90e5000-7ffcf92e5000 ---p 00017000 08:05 2630608                    /lib/x86_64-linux-gnu/libresolv-2.19.so
7ffcf92e5000-7ffcf92e6000 r--p 00017000 08:05 2630608                    /lib/x86_64-linux-gnu/libresolv-2.19.so
7ffcf92e6000-7ffcf92e7000 rw-p 00018000 08:05 2630608                    /lib/x86_64-linux-gnu/libresolv-2.19.so
7ffcf92e7000-7ffcf92e9000 rw-p 00000000 00:00 0 
7ffcf92e9000-7ffcf9309000 r-xp 00000000 08:05 2621469                    /lib/x86_64-linux-gnu/libselinux.so.1
7ffcf9309000-7ffcf9508000 ---p 00020000 08:05 2621469                    /lib/x86_64-linux-gnu/libselinux.so.1
7ffcf9508000-7ffcf9509000 r--p 0001f000 08:05 2621469                    /lib/x86_64-linux-gnu/libselinux.so.1
7ffcf9509000-7ffcf950a000 rw-p 00020000 08:05 2621469                    /lib/x86_64-linux-gnu/libselinux.so.1
7ffcf950a000-7ffcf950c000 rw-p 00000000 00:00 0 
7ffcf950c000-7ffcf9612000 r-xp 00000000 08:05 2625581                    /lib/x86_64-linux-gnu/libglib-2.0.so.0.4000.0
7ffcf9612000-7ffcf9811000 ---p 00106000 08:05 2625581                    /lib/x86_64-linux-gnu/libglib-2.0.so.0.4000.0
7ffcf9811000-7ffcf9812000 r--p 00105000 08:05 2625581                    /lib/x86_64-linux-gnu/libglib-2.0.so.0.4000.0
7ffcf9812000-7ffcf9813000 rw-p 00106000 08:05 2625581                    /lib/x86_64-linux-gnu/libglib-2.0.so.0.4000.0
7ffcf9813000-7ffcf9814000 rw-p 00000000 00:00 0 
7ffcf9814000-7ffcf9817000 r-xp 00000000 08:05 3021995                    /usr/lib/x86_64-linux-gnu/libgmodule-2.0.so.0.4000.0
7ffcf9817000-7ffcf9a16000 ---p 00003000 08:05 3021995                    /usr/lib/x86_64-linux-gnu/libgmodule-2.0.so.0.4000.0
7ffcf9a16000-7ffcf9a17000 r--p 00002000 08:05 3021995                    /usr/lib/x86_64-linux-gnu/libgmodule-2.0.so.0.4000.0
7ffcf9a17000-7ffcf9a18000 rw-p 00003000 08:05 3021995                    /usr/lib/x86_64-linux-gnu/libgmodule-2.0.so.0.4000.0
7ffcf9a18000-7ffcf9a3f000 r-xp 00000000 08:05 2625572                    /lib/x86_64-linux-gnu/libexpat.so.1.6.0
7ffcf9a3f000-7ffcf9c3f000 ---p 00027000 08:05 2625572                    /lib/x86_64-linux-gnu/libexpat.so.1.6.0
7ffcf9c3f000-7ffcf9c41000 r--p 00027000 08:05 2625572                    /lib/x86_64-linux-gnu/libexpat.so.1.6.0
7ffcf9c41000-7ffcf9c42000 rw-p 00029000 08:05 2625572                    /lib/x86_64-linux-gnu/libexpat.so.1.6.0
7ffcf9c42000-7ffcf9cdf000 r-xp 00000000 08:05 3015014                    /usr/lib/x86_64-linux-gnu/libfreetype.so.6.11.1
7ffcf9cdf000-7ffcf9ede000 ---p 0009d000 08:05 3015014                    /usr/lib/x86_64-linux-gnu/libfreetype.so.6.11.1
7ffcf9ede000-7ffcf9ee4000 r--p 0009c000 08:05 3015014                    /usr/lib/x86_64-linux-gnu/libfreetype.so.6.11.1
7ffcf9ee4000-7ffcf9ee5000 rw-p 000a2000 08:05 3015014                    /usr/lib/x86_64-linux-gnu/libfreetype.so.6.11.1
7ffcf9ee5000-7ffcf9ef4000 r-xp 00000000 08:05 3021749                    /usr/lib/x86_64-linux-gnu/libavahi-client.so.3.2.9
7ffcf9ef4000-7ffcfa0f4000 ---p 0000f000 08:05 3021749                    /usr/lib/x86_64-linux-gnu/libavahi-client.so.3.2.9
7ffcfa0f4000-7ffcfa0f5000 r--p 0000f000 08:05 3021749                    /usr/lib/x86_64-linux-gnu/libavahi-client.so.3.2.9
7ffcfa0f5000-7ffcfa0f6000 rw-p 00010000 08:05 3021749                    /usr/lib/x86_64-linux-gnu/libavahi-client.so.3.2.9
7ffcfa0f6000-7ffcfa101000 r-xp 00000000 08:05 3021751                    /usr/lib/x86_64-linux-gnu/libavahi-common.so.3.5.3
7ffcfa101000-7ffcfa300000 ---p 0000b000 08:05 3021751                    /usr/lib/x86_64-linux-gnu/libavahi-common.so.3.5.3
7ffcfa300000-7ffcfa301000 r--p 0000a000 08:05 3021751                    /usr/lib/x86_64-linux-gnu/libavahi-common.so.3.5.3
7ffcfa301000-7ffcfa302000 rw-p 0000b000 08:05 3021751                    /usr/lib/x86_64-linux-gnu/libavahi-common.so.3.5.3
7ffcfa302000-7ffcfa3b8000 r-xp 00000000 08:05 3017711                    /usr/lib/x86_64-linux-gnu/libgnutls.so.26.22.6
7ffcfa3b8000-7ffcfa5b8000 ---p 000b6000 08:05 3017711                    /usr/lib/x86_64-linux-gnu/libgnutls.so.26.22.6
7ffcfa5b8000-7ffcfa5be000 r--p 000b6000 08:05 3017711                    /usr/lib/x86_64-linux-gnu/libgnutls.so.26.22.6
7ffcfa5be000-7ffcfa5bf000 rw-p 000bc000 08:05 3017711                    /usr/lib/x86_64-linux-gnu/libgnutls.so.26.22.6
7ffcfa5bf000-7ffcfa5c0000 rw-p 00000000 00:00 0 
7ffcfa5c0000-7ffcfa603000 r-xp 00000000 08:05 3015222                    /usr/lib/x86_64-linux-gnu/libgssapi_krb5.so.2.2
7ffcfa603000-7ffcfa803000 ---p 00043000 08:05 3015222                    /usr/lib/x86_64-linux-gnu/libgssapi_krb5.so.2.2
7ffcfa803000-7ffcfa804000 r--p 00043000 08:05 3015222                    /usr/lib/x86_64-linux-gnu/libgssapi_krb5.so.2.2
7ffcfa804000-7ffcfa806000 rw-p 00044000 08:05 3015222                    /usr/lib/x86_64-linux-gnu/libgssapi_krb5.so.2.2
7ffcfa806000-7ffcfa823000 r-xp 00000000 08:05 3022606                    /usr/lib/x86_64-linux-gnu/libxcb.so.1.1.0
7ffcfa823000-7ffcfaa23000 ---p 0001d000 08:05 3022606                    /usr/lib/x86_64-linux-gnu/libxcb.so.1.1.0
7ffcfaa23000-7ffcfaa24000 r--p 0001d000 08:05 3022606                    /usr/lib/x86_64-linux-gnu/libxcb.so.1.1.0
7ffcfaa24000-7ffcfaa25000 rw-p 0001e000 08:05 3022606                    /usr/lib/x86_64-linux-gnu/libxcb.so.1.1.0
7ffcfaa25000-7ffcfaa74000 r-xp 00000000 08:05 3022007                    /usr/lib/x86_64-linux-gnu/libgobject-2.0.so.0.4000.0
7ffcfaa74000-7ffcfac74000 ---p 0004f000 08:05 3022007                    /usr/lib/x86_64-linux-gnu/libgobject-2.0.so.0.4000.0
7ffcfac74000-7ffcfac75000 r--p 0004f000 08:05 3022007                    /usr/lib/x86_64-linux-gnu/libgobject-2.0.so.0.4000.0
7ffcfac75000-7ffcfac76000 rw-p 00050000 08:05 3022007                    /usr/lib/x86_64-linux-gnu/libgobject-2.0.so.0.4000.0
7ffcfac76000-7ffcfade1000 r-xp 00000000 08:05 3021983                    /usr/lib/x86_64-linux-gnu/libgio-2.0.so.0.4000.0
7ffcfade1000-7ffcfafe1000 ---p 0016b000 08:05 3021983                    /usr/lib/x86_64-linux-gnu/libgio-2.0.so.0.4000.0
7ffcfafe1000-7ffcfafe5000 r--p 0016b000 08:05 3021983                    /usr/lib/x86_64-linux-gnu/libgio-2.0.so.0.4000.0
7ffcfafe5000-7ffcfafe7000 rw-p 0016f000 08:05 3021983                    /usr/lib/x86_64-linux-gnu/libgio-2.0.so.0.4000.0
7ffcfafe7000-7ffcfafe9000 rw-p 00000000 00:00 0 
7ffcfafe9000-7ffcfb023000 r-xp 00000000 08:05 3014914                    /usr/lib/x86_64-linux-gnu/libfontconfig.so.1.8.0
7ffcfb023000-7ffcfb222000 ---p 0003a000 08:05 3014914                    /usr/lib/x86_64-linux-gnu/libfontconfig.so.1.8.0
7ffcfb222000-7ffcfb224000 r--p 00039000 08:05 3014914                    /usr/lib/x86_64-linux-gnu/libfontconfig.so.1.8.0
7ffcfb224000-7ffcfb225000 rw-p 0003b000 08:05 3014914                    /usr/lib/x86_64-linux-gnu/libfontconfig.so.1.8.0
7ffcfb225000-7ffcfb291000 r-xp 00000000 08:05 3014778                    /usr/lib/x86_64-linux-gnu/libcups.so.2
7ffcfb291000-7ffcfb491000 ---p 0006c000 08:05 3014778                    /usr/lib/x86_64-linux-gnu/libcups.so.2
7ffcfb491000-7ffcfb498000 r--p 0006c000 08:05 3014778                    /usr/lib/x86_64-linux-gnu/libcups.so.2
7ffcfb498000-7ffcfb499000 rw-p 00073000 08:05 3014778                    /usr/lib/x86_64-linux-gnu/libcups.so.2
7ffcfb499000-7ffcfb4a8000 r-xp 00000000 08:05 3021673                    /usr/lib/x86_64-linux-gnu/libXi.so.6.1.0
7ffcfb4a8000-7ffcfb6a7000 ---p 0000f000 08:05 3021673                    /usr/lib/x86_64-linux-gnu/libXi.so.6.1.0
7ffcfb6a7000-7ffcfb6a8000 r--p 0000e000 08:05 3021673                    /usr/lib/x86_64-linux-gnu/libXi.so.6.1.0
7ffcfb6a8000-7ffcfb6a9000 rw-p 0000f000 08:05 3021673                    /usr/lib/x86_64-linux-gnu/libXi.so.6.1.0
7ffcfb6a9000-7ffcfb6ae000 r-xp 00000000 08:05 3021693                    /usr/lib/x86_64-linux-gnu/libXtst.so.6.1.0
7ffcfb6ae000-7ffcfb8ad000 ---p 00005000 08:05 3021693                    /usr/lib/x86_64-linux-gnu/libXtst.so.6.1.0
7ffcfb8ad000-7ffcfb8ae000 r--p 00004000 08:05 3021693                    /usr/lib/x86_64-linux-gnu/libXtst.so.6.1.0
7ffcfb8ae000-7ffcfb8af000 rw-p 00005000 08:05 3021693                    /usr/lib/x86_64-linux-gnu/libXtst.so.6.1.0
7ffcfb8af000-7ffcfb8b8000 r-xp 00000000 08:05 3021687                    /usr/lib/x86_64-linux-gnu/libXrender.so.1.3.0
7ffcfb8b8000-7ffcfbab7000 ---p 00009000 08:05 3021687                    /usr/lib/x86_64-linux-gnu/libXrender.so.1.3.0
7ffcfbab7000-7ffcfbab8000 r--p 00008000 08:05 3021687                    /usr/lib/x86_64-linux-gnu/libXrender.so.1.3.0
7ffcfbab8000-7ffcfbab9000 rw-p 00009000 08:05 3021687                    /usr/lib/x86_64-linux-gnu/libXrender.so.1.3.0
7ffcfbab9000-7ffcfbbe9000 r-xp 00000000 08:05 3021648                    /usr/lib/x86_64-linux-gnu/libX11.so.6.3.0
7ffcfbbe9000-7ffcfbde9000 ---p 00130000 08:05 3021648                    /usr/lib/x86_64-linux-gnu/libX11.so.6.3.0
7ffcfbde9000-7ffcfbdea000 r--p 00130000 08:05 3021648                    /usr/lib/x86_64-linux-gnu/libX11.so.6.3.0
7ffcfbdea000-7ffcfbdee000 rw-p 00131000 08:05 3021648                    /usr/lib/x86_64-linux-gnu/libX11.so.6.3.0
7ffcfbdee000-7ffcfbdff000 r-xp 00000000 08:05 3021665                    /usr/lib/x86_64-linux-gnu/libXext.so.6.4.0
7ffcfbdff000-7ffcfbffe000 ---p 00011000 08:05 3021665                    /usr/lib/x86_64-linux-gnu/libXext.so.6.4.0
7ffcfbffe000-7ffcfbfff000 r--p 00010000 08:05 3021665                    /usr/lib/x86_64-linux-gnu/libXext.so.6.4.0
7ffcfbfff000-7ffcfc000000 rw-p 00011000 08:05 3021665                    /usr/lib/x86_64-linux-gnu/libXext.so.6.4.0
7ffcfc000000-7ffcfc021000 rw-p 00000000 00:00 0 
7ffcfc021000-7ffd00000000 ---p 00000000 00:00 0 
7ffd00000000-7ffd00021000 rw-p 00000000 00:00 0 
7ffd00021000-7ffd04000000 ---p 00000000 00:00 0 
7ffd04000000-7ffd04021000 rw-p 00000000 00:00 0 
7ffd04021000-7ffd08000000 ---p 00000000 00:00 0 
7ffd08000000-7ffd0818e000 rw-p 00000000 00:00 0 
7ffd0818e000-7ffd0c000000 ---p 00000000 00:00 0 
7ffd0c000000-7ffd0c021000 rw-p 00000000 00:00 0 
7ffd0c021000-7ffd10000000 ---p 00000000 00:00 0 
7ffd10000000-7ffd10321000 rw-p 00000000 00:00 0 
7ffd10321000-7ffd14000000 ---p 00000000 00:00 0 
7ffd14000000-7ffd14021000 rw-p 00000000 00:00 0 
7ffd14021000-7ffd18000000 ---p 00000000 00:00 0 
7ffd18000000-7ffd18021000 rw-p 00000000 00:00 0 
7ffd18021000-7ffd1c000000 ---p 00000000 00:00 0 
7ffd1c000000-7ffd1c021000 rw-p 00000000 00:00 0 
7ffd1c021000-7ffd20000000 ---p 00000000 00:00 0 
7ffd20000000-7ffd20001000 r--s 00000000 08:05 1180250                    /var/cache/fontconfig/dc05db6664285cc2f12bf69c139ae4c3-le64.cache-4
7ffd20001000-7ffd20002000 r--s 00000000 08:05 1204984                    /var/cache/fontconfig/4794a0821666d79190d59a36cb4f44b5-le64.cache-4
7ffd20002000-7ffd20003000 r--s 00000000 08:05 1180234                    /var/cache/fontconfig/56cf4f4769d0f4abc89a4895d7bd3ae1-le64.cache-4
7ffd20003000-7ffd20006000 r--s 00000000 08:05 1191349                    /var/cache/fontconfig/e49e89034d371f0f9de17aab02136486-le64.cache-4
7ffd20006000-7ffd2004e000 r-xp 00000000 08:05 427242                     /usr/lib/jvm/java-7-openjdk-amd64/jre/lib/amd64/xawt/libmawt.so
7ffd2004e000-7ffd2024d000 ---p 00048000 08:05 427242                     /usr/lib/jvm/java-7-openjdk-amd64/jre/lib/amd64/xawt/libmawt.so
7ffd2024d000-7ffd2024e000 r--p 00047000 08:05 427242                     /usr/lib/jvm/java-7-openjdk-amd64/jre/lib/amd64/xawt/libmawt.so
7ffd2024e000-7ffd20251000 rw-p 00048000 08:05 427242                     /usr/lib/jvm/java-7-openjdk-amd64/jre/lib/amd64/xawt/libmawt.so
7ffd20251000-7ffd20252000 rw-p 00000000 00:00 0 
7ffd20252000-7ffd202f2000 r-xp 00000000 08:05 427279                     /usr/lib/jvm/java-7-openjdk-amd64/jre/lib/amd64/libawt.so
7ffd202f2000-7ffd204f2000 ---p 000a0000 08:05 427279                     /usr/lib/jvm/java-7-openjdk-amd64/jre/lib/amd64/libawt.so
7ffd204f2000-7ffd204f3000 r--p 000a0000 08:05 427279                     /usr/lib/jvm/java-7-openjdk-amd64/jre/lib/amd64/libawt.so
7ffd204f3000-7ffd204fe000 rw-p 000a1000 08:05 427279                     /usr/lib/jvm/java-7-openjdk-amd64/jre/lib/amd64/libawt.so
7ffd204fe000-7ffd20523000 rw-p 00000000 00:00 0 
7ffd20523000-7ffd20524000 ---p 00000000 00:00 0 
7ffd20524000-7ffd20624000 rw-p 00000000 00:00 0                          [stack:25446]
7ffd20624000-7ffd20627000 ---p 00000000 00:00 0 
7ffd20627000-7ffd20725000 rw-p 00000000 00:00 0                          [stack:25445]
7ffd20725000-7ffd20728000 ---p 00000000 00:00 0 
7ffd20728000-7ffd20826000 rw-p 00000000 00:00 0                          [stack:25444]
7ffd20826000-7ffd20829000 ---p 00000000 00:00 0 
7ffd20829000-7ffd20927000 rw-p 00000000 00:00 0                          [stack:25443]
7ffd20927000-7ffd2092a000 ---p 00000000 00:00 0 
7ffd2092a000-7ffd20a28000 rw-p 00000000 00:00 0                          [stack:25442]
7ffd20a28000-7ffd213f6000 r--p 00000000 08:05 3019502                    /usr/lib/locale/locale-archive
7ffd213f6000-7ffd213f9000 ---p 00000000 00:00 0 
7ffd213f9000-7ffd214f7000 rw-p 00000000 00:00 0                          [stack:25441]
7ffd214f7000-7ffd214fa000 ---p 00000000 00:00 0 
7ffd214fa000-7ffd215f8000 rw-p 00000000 00:00 0                          [stack:25440]
7ffd215f8000-7ffd215f9000 ---p 00000000 00:00 0 
7ffd215f9000-7ffd24000000 rw-p 00000000 00:00 0                          [stack:25439]
7ffd24000000-7ffd24021000 rw-p 00000000 00:00 0 
7ffd24021000-7ffd28000000 ---p 00000000 00:00 0 
7ffd28000000-7ffd28021000 rw-p 00000000 00:00 0 
7ffd28021000-7ffd2c000000 ---p 00000000 00:00 0 
7ffd2c000000-7ffd2c021000 rw-p 00000000 00:00 0 
7ffd2c021000-7ffd30000000 ---p 00000000 00:00 0 
7ffd30000000-7ffd30001000 r--s 00000000 08:05 1180230                    /var/cache/fontconfig/b9d506c9ac06c20b433354fa67a72993-le64.cache-4
7ffd30001000-7ffd30003000 r--s 00000000 08:05 1191348                    /var/cache/fontconfig/4b14b093aebc79c320de5e86ae1d3314-le64.cache-4
7ffd30003000-7ffd3000e000 r--s 00000000 08:05 1180821                    /var/cache/fontconfig/d589a48862398ed80a3d6066f4f56f4c-le64.cache-4
7ffd3000e000-7ffd3000f000 r--s 00000000 08:05 1180221                    /var/cache/fontconfig/0c9eb80ebd1c36541ebe2852d3bb0c49-le64.cache-4
7ffd3000f000-7ffd30012000 r--s 00000000 08:05 1196435                    /var/cache/fontconfig/e13b20fdb08344e0e664864cc2ede53d-le64.cache-4
7ffd30012000-7ffd30016000 r--s 00000000 08:05 1196436                    /var/cache/fontconfig/7ef2298fde41cc6eeb7af42e48b7d293-le64.cache-4
7ffd30016000-7ffd3001d000 r--s 00000000 08:05 3172867                    /usr/lib/x86_64-linux-gnu/gconv/gconv-modules.cache
7ffd3001d000-7ffd30023000 r--p 00000000 08:05 562276                     /home/mark/.config/dconf/user
7ffd30023000-7ffd3002c000 r--s 000b9000 08:05 427284                     /usr/lib/jvm/java-7-openjdk-amd64/jre/lib/resources.jar
7ffd3002c000-7ffd30036000 r--s 00203000 08:05 427286                     /usr/lib/jvm/java-7-openjdk-amd64/jre/lib/charsets.jar
7ffd30036000-7ffd3092c000 rw-p 00000000 00:00 0 
7ffd3092c000-7ffd30add000 r--s 01d21000 08:05 427480                     /usr/lib/jvm/java-7-openjdk-amd64/jre/lib/rt.jar
7ffd30add000-7ffd30cfd000 rw-p 00000000 00:00 0 
7ffd30cfd000-7ffd30cfe000 ---p 00000000 00:00 0 
7ffd30cfe000-7ffd30dfe000 rw-p 00000000 00:00 0                          [stack:25437]
7ffd30dfe000-7ffd30dff000 ---p 00000000 00:00 0 
7ffd30dff000-7ffd30eff000 rw-p 00000000 00:00 0                          [stack:25436]
7ffd30eff000-7ffd30f00000 ---p 00000000 00:00 0 
7ffd30f00000-7ffd31000000 rw-p 00000000 00:00 0                          [stack:25435]
7ffd31000000-7ffd31270000 rwxp 00000000 00:00 0 
7ffd31270000-7ffd34417000 rw-p 00000000 00:00 0 
7ffd34417000-7ffd38000000 ---p 00000000 00:00 0 
7ffd38000000-7ffd38001000 r--s 00000000 08:05 1199415                    /var/cache/fontconfig/62f91419b9ebdb6975e7e41ab6412357-le64.cache-4
7ffd38001000-7ffd38002000 r--s 00000000 00:15 14551                      /run/user/1000/dconf/user
7ffd38002000-7ffd38006000 r--p 00000000 08:05 135245                     /usr/share/locale-langpack/en_AU/LC_MESSAGES/gtk20-properties.mo
7ffd38006000-7ffd380ff000 rw-p 00000000 00:00 0 
7ffd380ff000-7ffd38100000 ---p 00000000 00:00 0 
7ffd38100000-7ffd3820b000 rw-p 00000000 00:00 0                          [stack:25434]
7ffd3820b000-7ffd38253000 rw-p 00000000 00:00 0 
7ffd38253000-7ffd38266000 rw-p 00000000 00:00 0 
7ffd38266000-7ffd38387000 rw-p 00000000 00:00 0 
7ffd38387000-7ffd38392000 rw-p 00000000 00:00 0 
7ffd38392000-7ffd383da000 rw-p 00000000 00:00 0 
7ffd383da000-7ffd383ed000 rw-p 00000000 00:00 0 
7ffd383ed000-7ffd3850d000 rw-p 00000000 00:00 0 
7ffd3850d000-7ffd3851f000 rw-p 00000000 00:00 0 
7ffd3851f000-7ffd385a7000 rw-p 00000000 00:00 0 
7ffd385a7000-7ffd385a8000 rw-p 00000000 00:00 0 
7ffd385a8000-7ffd385b0000 r-xp 00000000 08:05 405699                     /usr/lib/jvm/java-7-openjdk-amd64/jre/lib/amd64/libzip.so
7ffd385b0000-7ffd387af000 ---p 00008000 08:05 405699                     /usr/lib/jvm/java-7-openjdk-amd64/jre/lib/amd64/libzip.so
7ffd387af000-7ffd387b0000 r--p 00007000 08:05 405699                     /usr/lib/jvm/java-7-openjdk-amd64/jre/lib/amd64/libzip.so
7ffd387b0000-7ffd387b1000 rw-p 00008000 08:05 405699                     /usr/lib/jvm/java-7-openjdk-amd64/jre/lib/amd64/libzip.so
7ffd387b1000-7ffd387bc000 r-xp 00000000 08:05 2630622                    /lib/x86_64-linux-gnu/libnss_files-2.19.so
7ffd387bc000-7ffd389bb000 ---p 0000b000 08:05 2630622                    /lib/x86_64-linux-gnu/libnss_files-2.19.so
7ffd389bb000-7ffd389bc000 r--p 0000a000 08:05 2630622                    /lib/x86_64-linux-gnu/libnss_files-2.19.so
7ffd389bc000-7ffd389bd000 rw-p 0000b000 08:05 2630622                    /lib/x86_64-linux-gnu/libnss_files-2.19.so
7ffd389bd000-7ffd389c8000 r-xp 00000000 08:05 2630623                    /lib/x86_64-linux-gnu/libnss_nis-2.19.so
7ffd389c8000-7ffd38bc7000 ---p 0000b000 08:05 2630623                    /lib/x86_64-linux-gnu/libnss_nis-2.19.so
7ffd38bc7000-7ffd38bc8000 r--p 0000a000 08:05 2630623                    /lib/x86_64-linux-gnu/libnss_nis-2.19.so
7ffd38bc8000-7ffd38bc9000 rw-p 0000b000 08:05 2630623                    /lib/x86_64-linux-gnu/libnss_nis-2.19.so
7ffd38bc9000-7ffd38be0000 r-xp 00000000 08:05 2630609                    /lib/x86_64-linux-gnu/libnsl-2.19.so
7ffd38be0000-7ffd38ddf000 ---p 00017000 08:05 2630609                    /lib/x86_64-linux-gnu/libnsl-2.19.so
7ffd38ddf000-7ffd38de0000 r--p 00016000 08:05 2630609                    /lib/x86_64-linux-gnu/libnsl-2.19.so
7ffd38de0000-7ffd38de1000 rw-p 00017000 08:05 2630609                    /lib/x86_64-linux-gnu/libnsl-2.19.so
7ffd38de1000-7ffd38de3000 rw-p 00000000 00:00 0 
7ffd38de3000-7ffd38dec000 r-xp 00000000 08:05 2630605                    /lib/x86_64-linux-gnu/libnss_compat-2.19.so
7ffd38dec000-7ffd38feb000 ---p 00009000 08:05 2630605                    /lib/x86_64-linux-gnu/libnss_compat-2.19.so
7ffd38feb000-7ffd38fec000 r--p 00008000 08:05 2630605                    /lib/x86_64-linux-gnu/libnss_compat-2.19.so
7ffd38fec000-7ffd38fed000 rw-p 00009000 08:05 2630605                    /lib/x86_64-linux-gnu/libnss_compat-2.19.so
7ffd38fed000-7ffd39018000 r-xp 00000000 08:05 405693                     /usr/lib/jvm/java-7-openjdk-amd64/jre/lib/amd64/libjava.so
7ffd39018000-7ffd39218000 ---p 0002b000 08:05 405693                     /usr/lib/jvm/java-7-openjdk-amd64/jre/lib/amd64/libjava.so
7ffd39218000-7ffd39219000 r--p 0002b000 08:05 405693                     /usr/lib/jvm/java-7-openjdk-amd64/jre/lib/amd64/libjava.so
7ffd39219000-7ffd3921b000 rw-p 0002c000 08:05 405693                     /usr/lib/jvm/java-7-openjdk-amd64/jre/lib/amd64/libjava.so
7ffd3921b000-7ffd3922b000 r-xp 00000000 08:05 427259                     /usr/lib/jvm/java-7-openjdk-amd64/jre/lib/amd64/libverify.so
7ffd3922b000-7ffd3942a000 ---p 00010000 08:05 427259                     /usr/lib/jvm/java-7-openjdk-amd64/jre/lib/amd64/libverify.so
7ffd3942a000-7ffd3942c000 r--p 0000f000 08:05 427259                     /usr/lib/jvm/java-7-openjdk-amd64/jre/lib/amd64/libverify.so
7ffd3942c000-7ffd3942d000 rw-p 00011000 08:05 427259                     /usr/lib/jvm/java-7-openjdk-amd64/jre/lib/amd64/libverify.so
7ffd3942d000-7ffd39434000 r-xp 00000000 08:05 2630611                    /lib/x86_64-linux-gnu/librt-2.19.so
7ffd39434000-7ffd39633000 ---p 00007000 08:05 2630611                    /lib/x86_64-linux-gnu/librt-2.19.so
7ffd39633000-7ffd39634000 r--p 00006000 08:05 2630611                    /lib/x86_64-linux-gnu/librt-2.19.so
7ffd39634000-7ffd39635000 rw-p 00007000 08:05 2630611                    /lib/x86_64-linux-gnu/librt-2.19.so
7ffd39635000-7ffd3964b000 r-xp 00000000 08:05 2622636                    /lib/x86_64-linux-gnu/libgcc_s.so.1
7ffd3964b000-7ffd3984a000 ---p 00016000 08:05 2622636                    /lib/x86_64-linux-gnu/libgcc_s.so.1
7ffd3984a000-7ffd3984b000 rw-p 00015000 08:05 2622636                    /lib/x86_64-linux-gnu/libgcc_s.so.1
7ffd3984b000-7ffd39950000 r-xp 00000000 08:05 2630618                    /lib/x86_64-linux-gnu/libm-2.19.so
7ffd39950000-7ffd39b4f000 ---p 00105000 08:05 2630618                    /lib/x86_64-linux-gnu/libm-2.19.so
7ffd39b4f000-7ffd39b50000 r--p 00104000 08:05 2630618                    /lib/x86_64-linux-gnu/libm-2.19.so
7ffd39b50000-7ffd39b51000 rw-p 00105000 08:05 2630618                    /lib/x86_64-linux-gnu/libm-2.19.so
7ffd39b51000-7ffd39c37000 r-xp 00000000 08:05 3022467                    /usr/lib/x86_64-linux-gnu/libstdc++.so.6.0.19
7ffd39c37000-7ffd39e36000 ---p 000e6000 08:05 3022467                    /usr/lib/x86_64-linux-gnu/libstdc++.so.6.0.19
7ffd39e36000-7ffd39e3e000 r--p 000e5000 08:05 3022467                    /usr/lib/x86_64-linux-gnu/libstdc++.so.6.0.19
7ffd39e3e000-7ffd39e40000 rw-p 000ed000 08:05 3022467                    /usr/lib/x86_64-linux-gnu/libstdc++.so.6.0.19
7ffd39e40000-7ffd39e55000 rw-p 00000000 00:00 0 
7ffd39e55000-7ffd3a96b000 r-xp 00000000 08:05 427271                     /usr/lib/jvm/java-7-openjdk-amd64/jre/lib/amd64/server/libjvm.so
7ffd3a96b000-7ffd3ab6a000 ---p 00b16000 08:05 427271                     /usr/lib/jvm/java-7-openjdk-amd64/jre/lib/amd64/server/libjvm.so
7ffd3ab6a000-7ffd3ac04000 r--p 00b15000 08:05 427271                     /usr/lib/jvm/java-7-openjdk-amd64/jre/lib/amd64/server/libjvm.so
7ffd3ac04000-7ffd3ac27000 rw-p 00baf000 08:05 427271                     /usr/lib/jvm/java-7-openjdk-amd64/jre/lib/amd64/server/libjvm.so
7ffd3ac27000-7ffd3ac55000 rw-p 00000000 00:00 0 
7ffd3ac55000-7ffd3ac6d000 r-xp 00000000 08:05 2625711                    /lib/x86_64-linux-gnu/libz.so.1.2.8
7ffd3ac6d000-7ffd3ae6c000 ---p 00018000 08:05 2625711                    /lib/x86_64-linux-gnu/libz.so.1.2.8
7ffd3ae6c000-7ffd3ae6d000 r--p 00017000 08:05 2625711                    /lib/x86_64-linux-gnu/libz.so.1.2.8
7ffd3ae6d000-7ffd3ae6e000 rw-p 00018000 08:05 2625711                    /lib/x86_64-linux-gnu/libz.so.1.2.8
7ffd3ae6e000-7ffd3ae87000 r-xp 00000000 08:05 2630628                    /lib/x86_64-linux-gnu/libpthread-2.19.so
7ffd3ae87000-7ffd3b086000 ---p 00019000 08:05 2630628                    /lib/x86_64-linux-gnu/libpthread-2.19.so
7ffd3b086000-7ffd3b087000 r--p 00018000 08:05 2630628                    /lib/x86_64-linux-gnu/libpthread-2.19.so
7ffd3b087000-7ffd3b088000 rw-p 00019000 08:05 2630628                    /lib/x86_64-linux-gnu/libpthread-2.19.so
7ffd3b088000-7ffd3b08c000 rw-p 00000000 00:00 0 
7ffd3b08c000-7ffd3b08f000 r-xp 00000000 08:05 2630627                    /lib/x86_64-linux-gnu/libdl-2.19.so
7ffd3b08f000-7ffd3b28e000 ---p 00003000 08:05 2630627                    /lib/x86_64-linux-gnu/libdl-2.19.so
7ffd3b28e000-7ffd3b28f000 r--p 00002000 08:05 2630627                    /lib/x86_64-linux-gnu/libdl-2.19.so
7ffd3b28f000-7ffd3b290000 rw-p 00003000 08:05 2630627                    /lib/x86_64-linux-gnu/libdl-2.19.so
7ffd3b290000-7ffd3b44b000 r-xp 00000000 08:05 2630615                    /lib/x86_64-linux-gnu/libc-2.19.so
7ffd3b44b000-7ffd3b64b000 ---p 001bb000 08:05 2630615                    /lib/x86_64-linux-gnu/libc-2.19.so
7ffd3b64b000-7ffd3b64f000 r--p 001bb000 08:05 2630615                    /lib/x86_64-linux-gnu/libc-2.19.so
7ffd3b64f000-7ffd3b651000 rw-p 001bf000 08:05 2630615                    /lib/x86_64-linux-gnu/libc-2.19.so
7ffd3b651000-7ffd3b656000 rw-p 00000000 00:00 0 
7ffd3b656000-7ffd3b663000 r-xp 00000000 08:05 427276                     /usr/lib/jvm/java-7-openjdk-amd64/jre/lib/amd64/jli/libjli.so
7ffd3b663000-7ffd3b862000 ---p 0000d000 08:05 427276                     /usr/lib/jvm/java-7-openjdk-amd64/jre/lib/amd64/jli/libjli.so
7ffd3b862000-7ffd3b863000 r--p 0000c000 08:05 427276                     /usr/lib/jvm/java-7-openjdk-amd64/jre/lib/amd64/jli/libjli.so
7ffd3b863000-7ffd3b864000 rw-p 0000d000 08:05 427276                     /usr/lib/jvm/java-7-openjdk-amd64/jre/lib/amd64/jli/libjli.so
7ffd3b864000-7ffd3b887000 r-xp 00000000 08:05 2630616                    /lib/x86_64-linux-gnu/ld-2.19.so
7ffd3b887000-7ffd3b888000 r--p 00000000 08:05 135106                     /usr/share/locale-langpack/en_AU/LC_MESSAGES/glib20.mo
7ffd3b888000-7ffd3b88a000 r--p 00000000 08:05 135117                     /usr/share/locale-langpack/en_AU/LC_MESSAGES/gtk20.mo
7ffd3b88a000-7ffd3b88b000 r--p 00000000 08:05 137937                     /usr/share/locale-langpack/en_AU/LC_MESSAGES/libc.mo
7ffd3b88b000-7ffd3b88c000 r--s 00005000 08:05 1844121                    /home/mark/Downloads/json-simple-1.1.1.jar
7ffd3b88c000-7ffd3b890000 r--s 00085000 08:05 427287                     /usr/lib/jvm/java-7-openjdk-amd64/jre/lib/ext/localedata.jar
7ffd3b890000-7ffd3b893000 r--s 0003c000 08:05 427460                     /usr/lib/jvm/java-7-openjdk-amd64/jre/lib/ext/sunpkcs11.jar
7ffd3b893000-7ffd3b896000 r--s 0000f000 08:05 427288                     /usr/lib/jvm/java-7-openjdk-amd64/jre/lib/ext/pulse-java.jar
7ffd3b896000-7ffd3b898000 r--s 00006000 08:05 3282004                    /usr/share/java/java-atk-wrapper.jar
7ffd3b898000-7ffd3b899000 r--s 00002000 08:05 427293                     /usr/lib/jvm/java-7-openjdk-amd64/jre/lib/ext/dnsns.jar
7ffd3b899000-7ffd3b89b000 r--s 00012000 08:05 427289                     /usr/lib/jvm/java-7-openjdk-amd64/jre/lib/ext/zipfs.jar
7ffd3b89b000-7ffd3b8a5000 rw-p 00000000 00:00 0 
7ffd3b8a5000-7ffd3b95b000 rw-p 00000000 00:00 0 
7ffd3b95b000-7ffd3b95e000 ---p 00000000 00:00 0 
7ffd3b95e000-7ffd3ba61000 rw-p 00000000 00:00 0                          [stack:25432]
7ffd3ba61000-7ffd3ba64000 r--s 00032000 08:05 427291                     /usr/lib/jvm/java-7-openjdk-amd64/jre/lib/ext/sunjce_provider.jar
7ffd3ba64000-7ffd3ba7a000 rw-p 00000000 00:00 0 
7ffd3ba7a000-7ffd3ba82000 rw-s 00000000 08:05 1852768                    /tmp/hsperfdata_mark/25427
7ffd3ba82000-7ffd3ba83000 rw-p 00000000 00:00 0 
7ffd3ba83000-7ffd3ba84000 ---p 00000000 00:00 0 
7ffd3ba84000-7ffd3ba86000 rw-p 00000000 00:00 0 
7ffd3ba86000-7ffd3ba87000 r--p 00022000 08:05 2630616                    /lib/x86_64-linux-gnu/ld-2.19.so
7ffd3ba87000-7ffd3ba88000 rw-p 00023000 08:05 2630616                    /lib/x86_64-linux-gnu/ld-2.19.so
7ffd3ba88000-7ffd3ba89000 rw-p 00000000 00:00 0 
7fff20e96000-7fff20eb7000 rw-p 00000000 00:00 0                          [stack]
7fff20f21000-7fff20f23000 r-xp 00000000 00:00 0                          [vdso]
ffffffffff600000-ffffffffff601000 r-xp 00000000 00:00 0                  [vsyscall]

VM Arguments:
jvm_args: -Dfile.encoding=UTF-8 
java_command: capstone.gui.CapstoneApplication
Launcher Type: SUN_STANDARD

Environment Variables:
PATH=/usr/local/sbin:/usr/local/bin:/usr/sbin:/usr/bin:/sbin:/bin:/usr/games:/usr/local/games
USERNAME=mark
LD_LIBRARY_PATH=/usr/lib/jvm/java-7-openjdk-amd64/jre/lib/amd64:/usr/lib/jvm/java-7-openjdk-amd64/jre/lib/i386:
SHELL=/bin/bash
DISPLAY=:0.0

Signal Handlers:
SIGSEGV: [libjvm.so+0x949110], sa_mask[0]=0x7ffbfeff, sa_flags=0x10000004
SIGBUS: [libjvm.so+0x949110], sa_mask[0]=0x7ffbfeff, sa_flags=0x10000004
SIGFPE: [libjvm.so+0x7c2e80], sa_mask[0]=0x7ffbfeff, sa_flags=0x10000004
SIGPIPE: SIG_IGN, sa_mask[0]=0x00001000, sa_flags=0x10000000
SIGXFSZ: [libjvm.so+0x7c2e80], sa_mask[0]=0x7ffbfeff, sa_flags=0x10000004
SIGILL: [libjvm.so+0x7c2e80], sa_mask[0]=0x7ffbfeff, sa_flags=0x10000004
SIGUSR1: SIG_DFL, sa_mask[0]=0x00000000, sa_flags=0x00000000
SIGUSR2: [libjvm.so+0x7c2d20], sa_mask[0]=0x00000004, sa_flags=0x10000004
SIGHUP: [libjvm.so+0x7c2f00], sa_mask[0]=0x7ffbfeff, sa_flags=0x10000004
SIGINT: SIG_IGN, sa_mask[0]=0x00000000, sa_flags=0x00000000
SIGTERM: [libjvm.so+0x7c2f00], sa_mask[0]=0x7ffbfeff, sa_flags=0x10000004
SIGQUIT: [libjvm.so+0x7c2f00], sa_mask[0]=0x7ffbfeff, sa_flags=0x10000004
SIGTRAP: SIG_DFL, sa_mask[0]=0x00000000, sa_flags=0x00000000


---------------  S Y S T E M  ---------------

OS:Ubuntu 14.04 (trusty)
uname:Linux 3.13.0-36-generic #63-Ubuntu SMP Wed Sep 3 21:30:07 UTC 2014 x86_64
libc:glibc 2.19 NPTL 2.19 
rlimit: STACK 8192k, CORE 0k, NPROC 29315, NOFILE 4096, AS infinity
load average:1.85 1.41 1.37

/proc/meminfo:
MemTotal:        3774016 kB
MemFree:          107308 kB
Buffers:            1076 kB
Cached:           137840 kB
SwapCached:            0 kB
Active:          3273840 kB
Inactive:         125828 kB
Active(anon):    3262484 kB
Inactive(anon):   117544 kB
Active(file):      11356 kB
Inactive(file):     8284 kB
Unevictable:          32 kB
Mlocked:              32 kB
SwapTotal:             0 kB
SwapFree:              0 kB
Dirty:               588 kB
Writeback:             0 kB
AnonPages:       3261396 kB
Mapped:            76804 kB
Shmem:            118476 kB
Slab:              61604 kB
SReclaimable:      28996 kB
SUnreclaim:        32608 kB
KernelStack:        5024 kB
PageTables:        40976 kB
NFS_Unstable:          0 kB
Bounce:                0 kB
WritebackTmp:          0 kB
CommitLimit:     1887008 kB
Committed_AS:    6367636 kB
VmallocTotal:   34359738367 kB
VmallocUsed:      548412 kB
VmallocChunk:   34359181404 kB
HardwareCorrupted:     0 kB
AnonHugePages:   2076672 kB
HugePages_Total:       0
HugePages_Free:        0
HugePages_Rsvd:        0
HugePages_Surp:        0
Hugepagesize:       2048 kB
DirectMap4k:       58176 kB
DirectMap2M:     3858432 kB


CPU:total 4 (2 cores per cpu, 2 threads per core) family 6 model 37 stepping 5, cmov, cx8, fxsr, mmx, sse, sse2, sse3, ssse3, sse4.1, sse4.2, popcnt, ht, tsc, tscinvbit

/proc/cpuinfo:
processor	: 0
vendor_id	: GenuineIntel
cpu family	: 6
model		: 37
model name	: Intel(R) Core(TM) i3 CPU       M 370  @ 2.40GHz
stepping	: 5
microcode	: 0x2
cpu MHz		: 2399.000
cache size	: 3072 KB
physical id	: 0
siblings	: 4
core id		: 0
cpu cores	: 2
apicid		: 0
initial apicid	: 0
fpu		: yes
fpu_exception	: yes
cpuid level	: 11
wp		: yes
flags		: fpu vme de pse tsc msr pae mce cx8 apic sep mtrr pge mca cmov pat pse36 clflush dts acpi mmx fxsr sse sse2 ss ht tm pbe syscall nx rdtscp lm constant_tsc arch_perfmon pebs bts rep_good nopl xtopology nonstop_tsc aperfmperf pni dtes64 monitor ds_cpl vmx est tm2 ssse3 cx16 xtpr pdcm pcid sse4_1 sse4_2 popcnt lahf_lm arat dtherm tpr_shadow vnmi flexpriority ept vpid
bogomips	: 4788.13
clflush size	: 64
cache_alignment	: 64
address sizes	: 36 bits physical, 48 bits virtual
power management:

processor	: 1
vendor_id	: GenuineIntel
cpu family	: 6
model		: 37
model name	: Intel(R) Core(TM) i3 CPU       M 370  @ 2.40GHz
stepping	: 5
microcode	: 0x2
cpu MHz		: 2399.000
cache size	: 3072 KB
physical id	: 0
siblings	: 4
core id		: 0
cpu cores	: 2
apicid		: 1
initial apicid	: 1
fpu		: yes
fpu_exception	: yes
cpuid level	: 11
wp		: yes
flags		: fpu vme de pse tsc msr pae mce cx8 apic sep mtrr pge mca cmov pat pse36 clflush dts acpi mmx fxsr sse sse2 ss ht tm pbe syscall nx rdtscp lm constant_tsc arch_perfmon pebs bts rep_good nopl xtopology nonstop_tsc aperfmperf pni dtes64 monitor ds_cpl vmx est tm2 ssse3 cx16 xtpr pdcm pcid sse4_1 sse4_2 popcnt lahf_lm arat dtherm tpr_shadow vnmi flexpriority ept vpid
bogomips	: 4788.13
clflush size	: 64
cache_alignment	: 64
address sizes	: 36 bits physical, 48 bits virtual
power management:

processor	: 2
vendor_id	: GenuineIntel
cpu family	: 6
model		: 37
model name	: Intel(R) Core(TM) i3 CPU       M 370  @ 2.40GHz
stepping	: 5
microcode	: 0x2
cpu MHz		: 2399.000
cache size	: 3072 KB
physical id	: 0
siblings	: 4
core id		: 2
cpu cores	: 2
apicid		: 4
initial apicid	: 4
fpu		: yes
fpu_exception	: yes
cpuid level	: 11
wp		: yes
flags		: fpu vme de pse tsc msr pae mce cx8 apic sep mtrr pge mca cmov pat pse36 clflush dts acpi mmx fxsr sse sse2 ss ht tm pbe syscall nx rdtscp lm constant_tsc arch_perfmon pebs bts rep_good nopl xtopology nonstop_tsc aperfmperf pni dtes64 monitor ds_cpl vmx est tm2 ssse3 cx16 xtpr pdcm pcid sse4_1 sse4_2 popcnt lahf_lm arat dtherm tpr_shadow vnmi flexpriority ept vpid
bogomips	: 4788.13
clflush size	: 64
cache_alignment	: 64
address sizes	: 36 bits physical, 48 bits virtual
power management:

processor	: 3
vendor_id	: GenuineIntel
cpu family	: 6
model		: 37
model name	: Intel(R) Core(TM) i3 CPU       M 370  @ 2.40GHz
stepping	: 5
microcode	: 0x2
cpu MHz		: 1999.000
cache size	: 3072 KB
physical id	: 0
siblings	: 4
core id		: 2
cpu cores	: 2
apicid		: 5
initial apicid	: 5
fpu		: yes
fpu_exception	: yes
cpuid level	: 11
wp		: yes
flags		: fpu vme de pse tsc msr pae mce cx8 apic sep mtrr pge mca cmov pat pse36 clflush dts acpi mmx fxsr sse sse2 ss ht tm pbe syscall nx rdtscp lm constant_tsc arch_perfmon pebs bts rep_good nopl xtopology nonstop_tsc aperfmperf pni dtes64 monitor ds_cpl vmx est tm2 ssse3 cx16 xtpr pdcm pcid sse4_1 sse4_2 popcnt lahf_lm arat dtherm tpr_shadow vnmi flexpriority ept vpid
bogomips	: 4788.13
clflush size	: 64
cache_alignment	: 64
address sizes	: 36 bits physical, 48 bits virtual
power management:



Memory: 4k page, physical 3774016k(107408k free), swap 0k(0k free)

vm_info: OpenJDK 64-Bit Server VM (24.65-b04) for linux-amd64 JRE (1.7.0_65-b32), built on Aug 23 2014 13:33:31 by "buildd" with gcc 4.8.2

time: Thu Sep 11 02:13:32 2014
elapsed time: 2 seconds

