#
# There is insufficient memory for the Java Runtime Environment to continue.
# Native memory allocation (malloc) failed to allocate 108003328 bytes for committing reserved memory.
# Possible reasons:
#   The system is out of physical RAM or swap space
#   In 32 bit mode, the process size limit was hit
# Possible solutions:
#   Reduce memory load on the system
#   Increase physical memory or swap space
#   Check if swap backing store is full
#   Use 64 bit Java on a 64 bit OS
#   Decrease Java heap size (-Xmx/-Xms)
#   Decrease number of Java threads
#   Decrease Java thread stack sizes (-Xss)
#   Set larger code cache with -XX:ReservedCodeCacheSize=
# This output file may be truncated or incomplete.
#
#  Out of Memory Error (os_linux.cpp:2798), pid=25463, tid=140424158279424
#
# JRE version: OpenJDK Runtime Environment (7.0_65-b32) (build 1.7.0_65-b32)
# Java VM: OpenJDK 64-Bit Server VM (24.65-b04 mixed mode linux-amd64 compressed oops)
# Failed to write core dump. Core dumps have been disabled. To enable core dumping, try "ulimit -c unlimited" before starting Java again
#

---------------  T H R E A D  ---------------

Current thread (0x00007fb714075800):  VMThread [stack: 0x00007fb70c027000,0x00007fb70c128000] [id=25472]

Stack: [0x00007fb70c027000,0x00007fb70c128000],  sp=0x00007fb70c1264e0,  free space=1021k
Native frames: (J=compiled Java code, j=interpreted, Vv=VM code, C=native code)
V  [libjvm.so+0x948635]  VMError::report_and_die()+0x175
V  [libjvm.so+0x48b904]  report_vm_out_of_memory(char const*, int, unsigned long, char const*)+0x74
V  [libjvm.so+0x7c766b]  os::pd_commit_memory(char*, unsigned long, unsigned long, bool)+0xeb
V  [libjvm.so+0x7c212f]  os::commit_memory(char*, unsigned long, unsigned long, bool)+0x1f
V  [libjvm.so+0x8338bb]  PSVirtualSpace::expand_by(unsigned long)+0x5b
V  [libjvm.so+0x834710]  PSYoungGen::resize_generation(unsigned long, unsigned long)+0xb0
V  [libjvm.so+0x834dfb]  PSYoungGen::resize(unsigned long, unsigned long)+0x1b
V  [libjvm.so+0x8310e0]  PSScavenge::invoke_no_policy()+0xde0
V  [libjvm.so+0x8318b8]  PSScavenge::invoke()+0x38
V  [libjvm.so+0x949fa5]  VM_ParallelGCSystemGC::doit()+0x105
V  [libjvm.so+0x94e527]  VM_Operation::evaluate()+0x47
V  [libjvm.so+0x94ce98]  VMThread::evaluate_operation(VM_Operation*)+0x318
V  [libjvm.so+0x94d2f9]  VMThread::loop()+0x219
V  [libjvm.so+0x94d742]  VMThread::run()+0x72
V  [libjvm.so+0x7c4532]  java_start(Thread*)+0xf2

VM_Operation (0x00007fb6c1413c60): ParallelGCSystemGC, mode: safepoint, requested by thread 0x00007fb714395800


---------------  P R O C E S S  ---------------

Java Threads: ( => current thread )
  0x00007fb71400a000 JavaThread "DestroyJavaVM" [_thread_blocked, id=25467, stack(0x00007fb71a353000,0x00007fb71a454000)]
  0x00007fb714406800 JavaThread "Thread-0" [_thread_blocked, id=25491, stack(0x00007fb6c1115000,0x00007fb6c1216000)]
  0x00007fb714405000 JavaThread "TimerQueue" daemon [_thread_blocked, id=25490, stack(0x00007fb6c1216000,0x00007fb6c1317000)]
  0x00007fb714395800 JavaThread "AWT-EventQueue-0" [_thread_blocked, id=25489, stack(0x00007fb6c1317000,0x00007fb6c1418000)]
  0x00007fb714391800 JavaThread "AWT-Shutdown" [_thread_blocked, id=25488, stack(0x00007fb6c1418000,0x00007fb6c1519000)]
  0x00007fb7141ff800 JavaThread "AWT-XAWT" daemon [_thread_blocked, id=25481, stack(0x00007fb6fd307000,0x00007fb6fd408000)]
  0x00007fb7141ca000 JavaThread "Java2D Disposer" daemon [_thread_blocked, id=25480, stack(0x00007fb7040fe000,0x00007fb7041ff000)]
  0x00007fb7140a6000 JavaThread "Service Thread" daemon [_thread_blocked, id=25478, stack(0x00007fb70702c000,0x00007fb70712d000)]
  0x00007fb7140a3800 JavaThread "C2 CompilerThread1" daemon [_thread_blocked, id=25477, stack(0x00007fb70712d000,0x00007fb70722e000)]
  0x00007fb7140a0800 JavaThread "C2 CompilerThread0" daemon [_thread_blocked, id=25476, stack(0x00007fb70722e000,0x00007fb70732f000)]
  0x00007fb71409e800 JavaThread "Signal Dispatcher" daemon [_thread_blocked, id=25475, stack(0x00007fb70732f000,0x00007fb707430000)]
  0x00007fb71407b800 JavaThread "Finalizer" daemon [_thread_blocked, id=25474, stack(0x00007fb707dfe000,0x00007fb707eff000)]
  0x00007fb714079800 JavaThread "Reference Handler" daemon [_thread_blocked, id=25473, stack(0x00007fb707eff000,0x00007fb708000000)]

Other Threads:
=>0x00007fb714075800 VMThread [stack: 0x00007fb70c027000,0x00007fb70c128000] [id=25472]
  0x00007fb7140b0800 WatcherThread [stack: 0x00007fb706f2b000,0x00007fb70702c000] [id=25479]

VM state:at safepoint (normal execution)

VM Mutex/Monitor currently owned by a thread:  ([mutex/lock_event])
[0x00007fb714006550] Threads_lock - owner thread: 0x00007fb714075800
[0x00007fb714006a50] Heap_lock - owner thread: 0x00007fb714395800

Heap
 PSYoungGen      total 206336K, used 1149K [0x00000000ecc80000, 0x00000000f9900000, 0x0000000100000000)
  eden space 203264K, 0% used [0x00000000ecc80000,0x00000000ecc80000,0x00000000f9300000)
  from space 3072K, 37% used [0x00000000f9300000,0x00000000f941f4f8,0x00000000f9600000)
  to   space 3072K, 0% used [0x00000000f9600000,0x00000000f9600000,0x00000000f9900000)
 ParOldGen       total 38912K, used 4040K [0x00000000c6600000, 0x00000000c8c00000, 0x00000000ecc80000)
  object space 38912K, 10% used [0x00000000c6600000,0x00000000c69f23e8,0x00000000c8c00000)
 PSPermGen       total 21504K, used 13341K [0x00000000bc000000, 0x00000000bd500000, 0x00000000c6600000)
  object space 21504K, 62% used [0x00000000bc000000,0x00000000bcd076e0,0x00000000bd500000)

Card table byte_map: [0x00007fb70fd52000,0x00007fb70ff73000] byte_map_base: 0x00007fb70f772000

Polling page: 0x00007fb71a47b000

Code Cache  [0x00007fb70ff73000, 0x00007fb7101e3000, 0x00007fb712f73000)
 total_blobs=506 nmethods=27 adapters=433 free_code_cache=48560Kb largest_free_block=49706688

Compilation events (10 events):
Event: 1.426 Thread 0x00007fb7140a3800 nmethod 22 0x00007fb710005710 code [0x00007fb7100059a0, 0x00007fb710006530]
Event: 1.426 Thread 0x00007fb7140a3800   24             java.util.HashMap::getEntry (86 bytes)
Event: 1.441 Thread 0x00007fb7140a3800 nmethod 24 0x00007fb70ffffa50 code [0x00007fb70ffffbc0, 0x00007fb70ffffdc8]
Event: 1.448 Thread 0x00007fb7140a0800 nmethod 23 0x00007fb7100071d0 code [0x00007fb7100073a0, 0x00007fb710008220]
Event: 1.484 Thread 0x00007fb7140a3800   25             java.util.Arrays::binarySearch0 (95 bytes)
Event: 1.488 Thread 0x00007fb7140a0800   26             sun.java2d.loops.GraphicsPrimitiveMgr$2::compare (39 bytes)
Event: 1.489 Thread 0x00007fb7140a0800 nmethod 26 0x00007fb710002410 code [0x00007fb710002560, 0x00007fb710002638]
Event: 1.499 Thread 0x00007fb7140a3800 nmethod 25 0x00007fb710001f10 code [0x00007fb710002060, 0x00007fb710002218]
Event: 1.575 Thread 0x00007fb7140a0800   27             java.lang.AbstractStringBuilder::ensureCapacityInternal (16 bytes)
Event: 1.580 Thread 0x00007fb7140a0800 nmethod 27 0x00007fb710009a90 code [0x00007fb710009be0, 0x00007fb710009e78]

GC Heap History (10 events):
Event: 1.498 GC heap after
Heap after GC invocations=6 (full 0):
 PSYoungGen      total 66048K, used 2300K [0x00000000ecc80000, 0x00000000f0f80000, 0x0000000100000000)
  eden space 63488K, 0% used [0x00000000ecc80000,0x00000000ecc80000,0x00000000f0a80000)
  from space 2560K, 89% used [0x00000000f0d00000,0x00000000f0f3f340,0x00000000f0f80000)
  to   space 2560K, 0% used [0x00000000f0a80000,0x00000000f0a80000,0x00000000f0d00000)
 ParOldGen       total 38912K, used 74K [0x00000000c6600000, 0x00000000c8c00000, 0x00000000ecc80000)
  object space 38912K, 0% used [0x00000000c6600000,0x00000000c6612820,0x00000000c8c00000)
 PSPermGen       total 21504K, used 13187K [0x00000000bc000000, 0x00000000bd500000, 0x00000000c6600000)
  object space 21504K, 61% used [0x00000000bc000000,0x00000000bcce0c18,0x00000000bd500000)
}
Event: 1.531 GC heap before
{Heap before GC invocations=7 (full 0):
 PSYoungGen      total 66048K, used 65683K [0x00000000ecc80000, 0x00000000f0f80000, 0x0000000100000000)
  eden space 63488K, 99% used [0x00000000ecc80000,0x00000000f0a65ab0,0x00000000f0a80000)
  from space 2560K, 89% used [0x00000000f0d00000,0x00000000f0f3f340,0x00000000f0f80000)
  to   space 2560K, 0% used [0x00000000f0a80000,0x00000000f0a80000,0x00000000f0d00000)
 ParOldGen       total 38912K, used 74K [0x00000000c6600000, 0x00000000c8c00000, 0x00000000ecc80000)
  object space 38912K, 0% used [0x00000000c6600000,0x00000000c6612820,0x00000000c8c00000)
 PSPermGen       total 21504K, used 13198K [0x00000000bc000000, 0x00000000bd500000, 0x00000000c6600000)
  object space 21504K, 61% used [0x00000000bc000000,0x00000000bcce3a40,0x00000000bd500000)
Event: 1.538 GC heap after
Heap after GC invocations=7 (full 0):
 PSYoungGen      total 66048K, used 2232K [0x00000000ecc80000, 0x00000000f4d80000, 0x0000000100000000)
  eden space 63488K, 0% used [0x00000000ecc80000,0x00000000ecc80000,0x00000000f0a80000)
  from space 2560K, 87% used [0x00000000f0a80000,0x00000000f0cae0b8,0x00000000f0d00000)
  to   space 2560K, 0% used [0x00000000f4b00000,0x00000000f4b00000,0x00000000f4d80000)
 ParOldGen       total 38912K, used 1568K [0x00000000c6600000, 0x00000000c8c00000, 0x00000000ecc80000)
  object space 38912K, 4% used [0x00000000c6600000,0x00000000c6788250,0x00000000c8c00000)
 PSPermGen       total 21504K, used 13198K [0x00000000bc000000, 0x00000000bd500000, 0x00000000c6600000)
  object space 21504K, 61% used [0x00000000bc000000,0x00000000bcce3a40,0x00000000bd500000)
}
Event: 1.569 GC heap before
{Heap before GC invocations=8 (full 0):
 PSYoungGen      total 66048K, used 65519K [0x00000000ecc80000, 0x00000000f4d80000, 0x0000000100000000)
  eden space 63488K, 99% used [0x00000000ecc80000,0x00000000f0a4dd48,0x00000000f0a80000)
  from space 2560K, 87% used [0x00000000f0a80000,0x00000000f0cae0b8,0x00000000f0d00000)
  to   space 2560K, 0% used [0x00000000f4b00000,0x00000000f4b00000,0x00000000f4d80000)
 ParOldGen       total 38912K, used 1568K [0x00000000c6600000, 0x00000000c8c00000, 0x00000000ecc80000)
  object space 38912K, 4% used [0x00000000c6600000,0x00000000c6788250,0x00000000c8c00000)
 PSPermGen       total 21504K, used 13213K [0x00000000bc000000, 0x00000000bd500000, 0x00000000c6600000)
  object space 21504K, 61% used [0x00000000bc000000,0x00000000bcce77e0,0x00000000bd500000)
Event: 1.572 GC heap after
Heap after GC invocations=8 (full 0):
 PSYoungGen      total 129536K, used 2191K [0x00000000ecc80000, 0x00000000f4d80000, 0x0000000100000000)
  eden space 126976K, 0% used [0x00000000ecc80000,0x00000000ecc80000,0x00000000f4880000)
  from space 2560K, 85% used [0x00000000f4b00000,0x00000000f4d23e50,0x00000000f4d80000)
  to   space 2560K, 0% used [0x00000000f4880000,0x00000000f4880000,0x00000000f4b00000)
 ParOldGen       total 38912K, used 2203K [0x00000000c6600000, 0x00000000c8c00000, 0x00000000ecc80000)
  object space 38912K, 5% used [0x00000000c6600000,0x00000000c6826eb0,0x00000000c8c00000)
 PSPermGen       total 21504K, used 13213K [0x00000000bc000000, 0x00000000bd500000, 0x00000000c6600000)
  object space 21504K, 61% used [0x00000000bc000000,0x00000000bcce77e0,0x00000000bd500000)
}
Event: 1.630 GC heap before
{Heap before GC invocations=9 (full 0):
 PSYoungGen      total 129536K, used 128935K [0x00000000ecc80000, 0x00000000f4d80000, 0x0000000100000000)
  eden space 126976K, 99% used [0x00000000ecc80000,0x00000000f4845e28,0x00000000f4880000)
  from space 2560K, 85% used [0x00000000f4b00000,0x00000000f4d23e50,0x00000000f4d80000)
  to   space 2560K, 0% used [0x00000000f4880000,0x00000000f4880000,0x00000000f4b00000)
 ParOldGen       total 38912K, used 2203K [0x00000000c6600000, 0x00000000c8c00000, 0x00000000ecc80000)
  object space 38912K, 5% used [0x00000000c6600000,0x00000000c6826eb0,0x00000000c8c00000)
 PSPermGen       total 21504K, used 13295K [0x00000000bc000000, 0x00000000bd500000, 0x00000000c6600000)
  object space 21504K, 61% used [0x00000000bc000000,0x00000000bccfbe90,0x00000000bd500000)
Event: 1.632 GC heap after
Heap after GC invocations=9 (full 0):
 PSYoungGen      total 129536K, used 2412K [0x00000000ecc80000, 0x00000000f9900000, 0x0000000100000000)
  eden space 126976K, 0% used [0x00000000ecc80000,0x00000000ecc80000,0x00000000f4880000)
  from space 2560K, 94% used [0x00000000f4880000,0x00000000f4adb280,0x00000000f4b00000)
  to   space 3072K, 0% used [0x00000000f9600000,0x00000000f9600000,0x00000000f9900000)
 ParOldGen       total 38912K, used 2287K [0x00000000c6600000, 0x00000000c8c00000, 0x00000000ecc80000)
  object space 38912K, 5% used [0x00000000c6600000,0x00000000c683bcc0,0x00000000c8c00000)
 PSPermGen       total 21504K, used 13295K [0x00000000bc000000, 0x00000000bd500000, 0x00000000c6600000)
  object space 21504K, 61% used [0x00000000bc000000,0x00000000bccfbe90,0x00000000bd500000)
}
Event: 1.672 GC heap before
{Heap before GC invocations=10 (full 0):
 PSYoungGen      total 129536K, used 129232K [0x00000000ecc80000, 0x00000000f9900000, 0x0000000100000000)
  eden space 126976K, 99% used [0x00000000ecc80000,0x00000000f4859060,0x00000000f4880000)
  from space 2560K, 94% used [0x00000000f4880000,0x00000000f4adb280,0x00000000f4b00000)
  to   space 3072K, 0% used [0x00000000f9600000,0x00000000f9600000,0x00000000f9900000)
 ParOldGen       total 38912K, used 2287K [0x00000000c6600000, 0x00000000c8c00000, 0x00000000ecc80000)
  object space 38912K, 5% used [0x00000000c6600000,0x00000000c683bcc0,0x00000000c8c00000)
 PSPermGen       total 21504K, used 13295K [0x00000000bc000000, 0x00000000bd500000, 0x00000000c6600000)
  object space 21504K, 61% used [0x00000000bc000000,0x00000000bccfbe90,0x00000000bd500000)
Event: 1.675 GC heap after
Heap after GC invocations=10 (full 0):
 PSYoungGen      total 206336K, used 1341K [0x00000000ecc80000, 0x00000000f9900000, 0x0000000100000000)
  eden space 203264K, 0% used [0x00000000ecc80000,0x00000000ecc80000,0x00000000f9300000)
  from space 3072K, 43% used [0x00000000f9600000,0x00000000f974f5d0,0x00000000f9900000)
  to   space 3072K, 0% used [0x00000000f9300000,0x00000000f9300000,0x00000000f9600000)
 ParOldGen       total 38912K, used 3013K [0x00000000c6600000, 0x00000000c8c00000, 0x00000000ecc80000)
  object space 38912K, 7% used [0x00000000c6600000,0x00000000c68f15e8,0x00000000c8c00000)
 PSPermGen       total 21504K, used 13295K [0x00000000bc000000, 0x00000000bd500000, 0x00000000c6600000)
  object space 21504K, 61% used [0x00000000bc000000,0x00000000bccfbe90,0x00000000bd500000)
}
Event: 1.780 GC heap before
{Heap before GC invocations=11 (full 0):
 PSYoungGen      total 206336K, used 204442K [0x00000000ecc80000, 0x00000000f9900000, 0x0000000100000000)
  eden space 203264K, 99% used [0x00000000ecc80000,0x00000000f92d7318,0x00000000f9300000)
  from space 3072K, 43% used [0x00000000f9600000,0x00000000f974f5d0,0x00000000f9900000)
  to   space 3072K, 0% used [0x00000000f9300000,0x00000000f9300000,0x00000000f9600000)
 ParOldGen       total 38912K, used 4024K [0x00000000c6600000, 0x00000000c8c00000, 0x00000000ecc80000)
  object space 38912K, 10% used [0x00000000c6600000,0x00000000c69ee3e8,0x00000000c8c00000)
 PSPermGen       total 21504K, used 13341K [0x00000000bc000000, 0x00000000bd500000, 0x00000000c6600000)
  object space 21504K, 62% used [0x00000000bc000000,0x00000000bcd076e0,0x00000000bd500000)

Deoptimization events (8 events):
Event: 0.735 Thread 0x00007fb71400a000 Uncommon trap: reason=class_check action=maybe_recompile pc=0x00007fb70fff1ad8 method=java.util.Properties$LineReader.readLine()I @ 62
Event: 0.736 Thread 0x00007fb71400a000 Uncommon trap: reason=class_check action=maybe_recompile pc=0x00007fb70fff1ad8 method=java.util.Properties$LineReader.readLine()I @ 62
Event: 0.737 Thread 0x00007fb71400a000 Uncommon trap: reason=class_check action=maybe_recompile pc=0x00007fb70fff1ad8 method=java.util.Properties$LineReader.readLine()I @ 62
Event: 0.738 Thread 0x00007fb71400a000 Uncommon trap: reason=class_check action=maybe_recompile pc=0x00007fb70fff1ad8 method=java.util.Properties$LineReader.readLine()I @ 62
Event: 1.128 Thread 0x00007fb71400a000 Uncommon trap: reason=class_check action=maybe_recompile pc=0x00007fb70ffee214 method=java.lang.String.equals(Ljava/lang/Object;)Z @ 8
Event: 1.128 Thread 0x00007fb71400a000 Uncommon trap: reason=class_check action=maybe_recompile pc=0x00007fb70ffee214 method=java.lang.String.equals(Ljava/lang/Object;)Z @ 8
Event: 1.128 Thread 0x00007fb71400a000 Uncommon trap: reason=class_check action=maybe_recompile pc=0x00007fb70ffee214 method=java.lang.String.equals(Ljava/lang/Object;)Z @ 8
Event: 1.128 Thread 0x00007fb71400a000 Uncommon trap: reason=class_check action=maybe_recompile pc=0x00007fb70ffee214 method=java.lang.String.equals(Ljava/lang/Object;)Z @ 8

Internal exceptions (10 events):
Event: 0.994 Thread 0x00007fb71400a000 Threw 0x00000000ecf8dd18 at /build/buildd/openjdk-7-7u65-2.5.1/build/openjdk/hotspot/src/share/vm/prims/jvm.cpp:1247
Event: 0.995 Thread 0x00007fb71400a000 Threw 0x00000000ecf926d8 at /build/buildd/openjdk-7-7u65-2.5.1/build/openjdk/hotspot/src/share/vm/prims/jvm.cpp:1247
Event: 1.152 Thread 0x00007fb71400a000 Threw 0x00000000ed026ba8 at /build/buildd/openjdk-7-7u65-2.5.1/build/openjdk/hotspot/src/share/vm/prims/jvm.cpp:1247
Event: 1.172 Thread 0x00007fb71400a000 Threw 0x00000000ed031ae8 at /build/buildd/openjdk-7-7u65-2.5.1/build/openjdk/hotspot/src/share/vm/prims/jvm.cpp:1247
Event: 1.178 Thread 0x00007fb71400a000 Threw 0x00000000ed03a980 at /build/buildd/openjdk-7-7u65-2.5.1/build/openjdk/hotspot/src/share/vm/prims/jvm.cpp:1247
Event: 1.271 Thread 0x00007fb71400a000 Threw 0x00000000ed069458 at /build/buildd/openjdk-7-7u65-2.5.1/build/openjdk/hotspot/src/share/vm/prims/jvm.cpp:1247
Event: 1.328 Thread 0x00007fb714406800 Threw 0x00000000ed08cbc8 at /build/buildd/openjdk-7-7u65-2.5.1/build/openjdk/hotspot/src/share/vm/prims/jvm.cpp:1247
Event: 1.329 Thread 0x00007fb714406800 Threw 0x00000000ed08ee30 at /build/buildd/openjdk-7-7u65-2.5.1/build/openjdk/hotspot/src/share/vm/prims/jvm.cpp:1247
Event: 1.330 Thread 0x00007fb714406800 Threw 0x00000000ed093858 at /build/buildd/openjdk-7-7u65-2.5.1/build/openjdk/hotspot/src/share/vm/prims/jvm.cpp:1247
Event: 1.744 Thread 0x00007fb714395800 Threw 0x00000000f764e188 at /build/buildd/openjdk-7-7u65-2.5.1/build/openjdk/hotspot/src/share/vm/prims/jni.cpp:747

Events (10 events):
Event: 1.757 loading class 0x00007fb7140bb300 done
Event: 1.757 loading class 0x00007fb6e40c3ec0
Event: 1.758 loading class 0x00007fb7140bb900
Event: 1.758 loading class 0x00007fb6e4062570
Event: 1.758 loading class 0x00007fb6e4062570 done
Event: 1.758 loading class 0x00007fb7140bb900 done
Event: 1.758 loading class 0x00007fb6e40c3ec0 done
Event: 1.779 Executing VM operation: ParallelGCFailedAllocation
Event: 1.779 Executing VM operation: ParallelGCFailedAllocation done
Event: 1.780 Executing VM operation: ParallelGCSystemGC


Dynamic libraries:
00400000-00401000 r-xp 00000000 08:05 427493                             /usr/lib/jvm/java-7-openjdk-amd64/jre/bin/java
00600000-00601000 r--p 00000000 08:05 427493                             /usr/lib/jvm/java-7-openjdk-amd64/jre/bin/java
00601000-00602000 rw-p 00001000 08:05 427493                             /usr/lib/jvm/java-7-openjdk-amd64/jre/bin/java
010b9000-010da000 rw-p 00000000 00:00 0                                  [heap]
bc000000-bd500000 rw-p 00000000 00:00 0 
bd500000-c6600000 rw-p 00000000 00:00 0 
c6600000-c8c00000 rw-p 00000000 00:00 0 
c8c00000-ecc80000 rw-p 00000000 00:00 0 
ecc80000-f9900000 rw-p 00000000 00:00 0 
7fb69c000000-7fb69c021000 rw-p 00000000 00:00 0 
7fb69c021000-7fb6a0000000 ---p 00000000 00:00 0 
7fb6a4000000-7fb6a4098000 rw-p 00000000 00:00 0 
7fb6a4098000-7fb6a8000000 ---p 00000000 00:00 0 
7fb6a8000000-7fb6a8021000 rw-p 00000000 00:00 0 
7fb6a8021000-7fb6ac000000 ---p 00000000 00:00 0 
7fb6ac000000-7fb6ac022000 rw-p 00000000 00:00 0 
7fb6ac022000-7fb6b0000000 ---p 00000000 00:00 0 
7fb6b0000000-7fb6b0021000 rw-p 00000000 00:00 0 
7fb6b0021000-7fb6b4000000 ---p 00000000 00:00 0 
7fb6b4000000-7fb6b4021000 rw-p 00000000 00:00 0 
7fb6b4021000-7fb6b8000000 ---p 00000000 00:00 0 
7fb6b8000000-7fb6b8022000 rw-p 00000000 00:00 0 
7fb6b8022000-7fb6bc000000 ---p 00000000 00:00 0 
7fb6bc000000-7fb6bc022000 rw-p 00000000 00:00 0 
7fb6bc022000-7fb6c0000000 ---p 00000000 00:00 0 
7fb6c0915000-7fb6c0a76000 rw-p 00000000 00:00 0 
7fb6c0a76000-7fb6c0e1f000 rw-s 00000000 00:04 542212165                  /SYSV00000000 (deleted)
7fb6c0e1f000-7fb6c0eb8000 rw-s 00000000 00:04 542179396                  /SYSV00000000 (deleted)
7fb6c0f11000-7fb6c0fea000 rw-p 00000000 00:00 0 
7fb6c0fea000-7fb6c104a000 rw-s 00000000 00:04 542113858                  /SYSV00000000 (deleted)
7fb6c104a000-7fb6c1115000 rw-s 00000000 00:04 542048321                  /SYSV00000000 (deleted)
7fb6c1115000-7fb6c1118000 ---p 00000000 00:00 0 
7fb6c1118000-7fb6c1216000 rw-p 00000000 00:00 0                          [stack:25491]
7fb6c1216000-7fb6c1219000 ---p 00000000 00:00 0 
7fb6c1219000-7fb6c1317000 rw-p 00000000 00:00 0                          [stack:25490]
7fb6c1317000-7fb6c131a000 ---p 00000000 00:00 0 
7fb6c131a000-7fb6c1418000 rw-p 00000000 00:00 0                          [stack:25489]
7fb6c1418000-7fb6c141b000 ---p 00000000 00:00 0 
7fb6c141b000-7fb6c1519000 rw-p 00000000 00:00 0                          [stack:25488]
7fb6c1519000-7fb6c151a000 ---p 00000000 00:00 0 
7fb6c151a000-7fb6c1d1a000 rw-p 00000000 00:00 0 
7fb6c1d1a000-7fb6c1d1b000 ---p 00000000 00:00 0 
7fb6c1d1b000-7fb6c251b000 rw-p 00000000 00:00 0                          [stack:25485]
7fb6c251b000-7fb6c251c000 ---p 00000000 00:00 0 
7fb6c251c000-7fb6c2d1c000 rw-p 00000000 00:00 0                          [stack:25484]
7fb6c2d1c000-7fb6c2d75000 r-xp 00000000 08:05 3042208                    /usr/lib/x86_64-linux-gnu/libibus-1.0.so.5.0.505
7fb6c2d75000-7fb6c2f75000 ---p 00059000 08:05 3042208                    /usr/lib/x86_64-linux-gnu/libibus-1.0.so.5.0.505
7fb6c2f75000-7fb6c2f77000 r--p 00059000 08:05 3042208                    /usr/lib/x86_64-linux-gnu/libibus-1.0.so.5.0.505
7fb6c2f77000-7fb6c2f78000 rw-p 0005b000 08:05 3042208                    /usr/lib/x86_64-linux-gnu/libibus-1.0.so.5.0.505
7fb6c2f78000-7fb6c2f79000 rw-p 00000000 00:00 0 
7fb6c2f79000-7fb6c2f7f000 r-xp 00000000 08:05 3166609                    /usr/lib/x86_64-linux-gnu/gtk-2.0/2.10.0/immodules/im-ibus.so
7fb6c2f7f000-7fb6c317f000 ---p 00006000 08:05 3166609                    /usr/lib/x86_64-linux-gnu/gtk-2.0/2.10.0/immodules/im-ibus.so
7fb6c317f000-7fb6c3180000 r--p 00006000 08:05 3166609                    /usr/lib/x86_64-linux-gnu/gtk-2.0/2.10.0/immodules/im-ibus.so
7fb6c3180000-7fb6c3181000 rw-p 00007000 08:05 3166609                    /usr/lib/x86_64-linux-gnu/gtk-2.0/2.10.0/immodules/im-ibus.so
7fb6c3181000-7fb6c3191000 r-xp 00000000 08:05 427273                     /usr/lib/jvm/java-7-openjdk-amd64/jre/lib/amd64/libnio.so
7fb6c3191000-7fb6c3391000 ---p 00010000 08:05 427273                     /usr/lib/jvm/java-7-openjdk-amd64/jre/lib/amd64/libnio.so
7fb6c3391000-7fb6c3392000 r--p 00010000 08:05 427273                     /usr/lib/jvm/java-7-openjdk-amd64/jre/lib/amd64/libnio.so
7fb6c3392000-7fb6c3393000 rw-p 00011000 08:05 427273                     /usr/lib/jvm/java-7-openjdk-amd64/jre/lib/amd64/libnio.so
7fb6c3393000-7fb6c33aa000 r-xp 00000000 08:05 405713                     /usr/lib/jvm/java-7-openjdk-amd64/jre/lib/amd64/libnet.so
7fb6c33aa000-7fb6c35a9000 ---p 00017000 08:05 405713                     /usr/lib/jvm/java-7-openjdk-amd64/jre/lib/amd64/libnet.so
7fb6c35a9000-7fb6c35aa000 r--p 00016000 08:05 405713                     /usr/lib/jvm/java-7-openjdk-amd64/jre/lib/amd64/libnet.so
7fb6c35aa000-7fb6c35ab000 rw-p 00017000 08:05 405713                     /usr/lib/jvm/java-7-openjdk-amd64/jre/lib/amd64/libnet.so
7fb6c35ab000-7fb6c35fc000 r-xp 00000000 08:05 427262                     /usr/lib/jvm/java-7-openjdk-amd64/jre/lib/amd64/libfontmanager.so
7fb6c35fc000-7fb6c37fb000 ---p 00051000 08:05 427262                     /usr/lib/jvm/java-7-openjdk-amd64/jre/lib/amd64/libfontmanager.so
7fb6c37fb000-7fb6c37fe000 r--p 00050000 08:05 427262                     /usr/lib/jvm/java-7-openjdk-amd64/jre/lib/amd64/libfontmanager.so
7fb6c37fe000-7fb6c37ff000 rw-p 00053000 08:05 427262                     /usr/lib/jvm/java-7-openjdk-amd64/jre/lib/amd64/libfontmanager.so
7fb6c37ff000-7fb6c3800000 ---p 00000000 00:00 0 
7fb6c3800000-7fb6c4000000 rw-p 00000000 00:00 0                          [stack:25483]
7fb6c4000000-7fb6c4021000 rw-p 00000000 00:00 0 
7fb6c4021000-7fb6c8000000 ---p 00000000 00:00 0 
7fb6c8000000-7fb6c8021000 rw-p 00000000 00:00 0 
7fb6c8021000-7fb6cc000000 ---p 00000000 00:00 0 
7fb6cc03b000-7fb6cc06a000 r-xp 00000000 08:05 3150794                    /usr/lib/x86_64-linux-gnu/gtk-2.0/2.10.0/engines/libmurrine.so
7fb6cc06a000-7fb6cc26a000 ---p 0002f000 08:05 3150794                    /usr/lib/x86_64-linux-gnu/gtk-2.0/2.10.0/engines/libmurrine.so
7fb6cc26a000-7fb6cc26b000 r--p 0002f000 08:05 3150794                    /usr/lib/x86_64-linux-gnu/gtk-2.0/2.10.0/engines/libmurrine.so
7fb6cc26b000-7fb6cc26c000 rw-p 00030000 08:05 3150794                    /usr/lib/x86_64-linux-gnu/gtk-2.0/2.10.0/engines/libmurrine.so
7fb6cc26c000-7fb6cc26d000 ---p 00000000 00:00 0 
7fb6cc26d000-7fb6cca6d000 rw-p 00000000 00:00 0                          [stack:25482]
7fb6cca6d000-7fb6cca86000 r-xp 00000000 08:05 3150571                    /usr/lib/x86_64-linux-gnu/gio/modules/libgioremote-volume-monitor.so
7fb6cca86000-7fb6ccc86000 ---p 00019000 08:05 3150571                    /usr/lib/x86_64-linux-gnu/gio/modules/libgioremote-volume-monitor.so
7fb6ccc86000-7fb6ccc89000 r--p 00019000 08:05 3150571                    /usr/lib/x86_64-linux-gnu/gio/modules/libgioremote-volume-monitor.so
7fb6ccc89000-7fb6ccc8a000 rw-p 0001c000 08:05 3150571                    /usr/lib/x86_64-linux-gnu/gio/modules/libgioremote-volume-monitor.so
7fb6ccc8a000-7fb6ccc95000 r-xp 00000000 08:05 3150567                    /usr/lib/x86_64-linux-gnu/gio/modules/libdconfsettings.so
7fb6ccc95000-7fb6cce95000 ---p 0000b000 08:05 3150567                    /usr/lib/x86_64-linux-gnu/gio/modules/libdconfsettings.so
7fb6cce95000-7fb6cce96000 r--p 0000b000 08:05 3150567                    /usr/lib/x86_64-linux-gnu/gio/modules/libdconfsettings.so
7fb6cce96000-7fb6cce97000 rw-p 0000c000 08:05 3150567                    /usr/lib/x86_64-linux-gnu/gio/modules/libdconfsettings.so
7fb6cce97000-7fb6cce9f000 r-xp 00000000 08:05 2625612                    /lib/x86_64-linux-gnu/libnih-dbus.so.1.0.0
7fb6cce9f000-7fb6cd09f000 ---p 00008000 08:05 2625612                    /lib/x86_64-linux-gnu/libnih-dbus.so.1.0.0
7fb6cd09f000-7fb6cd0a0000 r--p 00008000 08:05 2625612                    /lib/x86_64-linux-gnu/libnih-dbus.so.1.0.0
7fb6cd0a0000-7fb6cd0a1000 rw-p 00009000 08:05 2625612                    /lib/x86_64-linux-gnu/libnih-dbus.so.1.0.0
7fb6cd0a1000-7fb6cd0b8000 r-xp 00000000 08:05 2625614                    /lib/x86_64-linux-gnu/libnih.so.1.0.0
7fb6cd0b8000-7fb6cd2b7000 ---p 00017000 08:05 2625614                    /lib/x86_64-linux-gnu/libnih.so.1.0.0
7fb6cd2b7000-7fb6cd2b8000 r--p 00016000 08:05 2625614                    /lib/x86_64-linux-gnu/libnih.so.1.0.0
7fb6cd2b8000-7fb6cd2b9000 rw-p 00017000 08:05 2625614                    /lib/x86_64-linux-gnu/libnih.so.1.0.0
7fb6cd2b9000-7fb6cd2d2000 r-xp 00000000 08:05 2621539                    /lib/x86_64-linux-gnu/libcgmanager.so.0.0.0
7fb6cd2d2000-7fb6cd4d1000 ---p 00019000 08:05 2621539                    /lib/x86_64-linux-gnu/libcgmanager.so.0.0.0
7fb6cd4d1000-7fb6cd4d3000 r--p 00018000 08:05 2621539                    /lib/x86_64-linux-gnu/libcgmanager.so.0.0.0
7fb6cd4d3000-7fb6cd4d4000 rw-p 0001a000 08:05 2621539                    /lib/x86_64-linux-gnu/libcgmanager.so.0.0.0
7fb6cd4d4000-7fb6cd4e4000 r-xp 00000000 08:05 2622639                    /lib/x86_64-linux-gnu/libudev.so.1.3.5
7fb6cd4e4000-7fb6cd6e3000 ---p 00010000 08:05 2622639                    /lib/x86_64-linux-gnu/libudev.so.1.3.5
7fb6cd6e3000-7fb6cd6e4000 r--p 0000f000 08:05 2622639                    /lib/x86_64-linux-gnu/libudev.so.1.3.5
7fb6cd6e4000-7fb6cd6e5000 rw-p 00010000 08:05 2622639                    /lib/x86_64-linux-gnu/libudev.so.1.3.5
7fb6cd6e5000-7fb6cd719000 r-xp 00000000 08:05 3150853                    /usr/lib/x86_64-linux-gnu/gvfs/libgvfscommon.so
7fb6cd719000-7fb6cd919000 ---p 00034000 08:05 3150853                    /usr/lib/x86_64-linux-gnu/gvfs/libgvfscommon.so
7fb6cd919000-7fb6cd91e000 r--p 00034000 08:05 3150853                    /usr/lib/x86_64-linux-gnu/gvfs/libgvfscommon.so
7fb6cd91e000-7fb6cd91f000 rw-p 00039000 08:05 3150853                    /usr/lib/x86_64-linux-gnu/gvfs/libgvfscommon.so
7fb6cd91f000-7fb6cd94e000 r-xp 00000000 08:05 3150572                    /usr/lib/x86_64-linux-gnu/gio/modules/libgvfsdbus.so
7fb6cd94e000-7fb6cdb4e000 ---p 0002f000 08:05 3150572                    /usr/lib/x86_64-linux-gnu/gio/modules/libgvfsdbus.so
7fb6cdb4e000-7fb6cdb4f000 r--p 0002f000 08:05 3150572                    /usr/lib/x86_64-linux-gnu/gio/modules/libgvfsdbus.so
7fb6cdb4f000-7fb6cdb50000 rw-p 00030000 08:05 3150572                    /usr/lib/x86_64-linux-gnu/gio/modules/libgvfsdbus.so
7fb6cdb50000-7fb6cdb51000 rw-p 00000000 00:00 0 
7fb6cdb51000-7fb6cdb61000 r-xp 00000000 08:05 3042300                    /usr/lib/x86_64-linux-gnu/libunity-gtk2-parser.so.0.0.0
7fb6cdb61000-7fb6cdd60000 ---p 00010000 08:05 3042300                    /usr/lib/x86_64-linux-gnu/libunity-gtk2-parser.so.0.0.0
7fb6cdd60000-7fb6cdd61000 r--p 0000f000 08:05 3042300                    /usr/lib/x86_64-linux-gnu/libunity-gtk2-parser.so.0.0.0
7fb6cdd61000-7fb6cdd62000 rw-p 00010000 08:05 3042300                    /usr/lib/x86_64-linux-gnu/libunity-gtk2-parser.so.0.0.0
7fb6cdd62000-7fb6cdd67000 r-xp 00000000 08:05 3165346                    /usr/lib/x86_64-linux-gnu/gtk-2.0/modules/libunity-gtk-module.so
7fb6cdd67000-7fb6cdf66000 ---p 00005000 08:05 3165346                    /usr/lib/x86_64-linux-gnu/gtk-2.0/modules/libunity-gtk-module.so
7fb6cdf66000-7fb6cdf67000 r--p 00004000 08:05 3165346                    /usr/lib/x86_64-linux-gnu/gtk-2.0/modules/libunity-gtk-module.so
7fb6cdf67000-7fb6cdf68000 rw-p 00005000 08:05 3165346                    /usr/lib/x86_64-linux-gnu/gtk-2.0/modules/libunity-gtk-module.so
7fb6cdf68000-7fb6cdf82000 r-xp 00000000 08:05 3022019                    /usr/lib/x86_64-linux-gnu/libgraphite2.so.3.0.1
7fb6cdf82000-7fb6ce181000 ---p 0001a000 08:05 3022019                    /usr/lib/x86_64-linux-gnu/libgraphite2.so.3.0.1
7fb6ce181000-7fb6ce183000 r--p 00019000 08:05 3022019                    /usr/lib/x86_64-linux-gnu/libgraphite2.so.3.0.1
7fb6ce183000-7fb6ce184000 rw-p 0001b000 08:05 3022019                    /usr/lib/x86_64-linux-gnu/libgraphite2.so.3.0.1
7fb6ce184000-7fb6ce18a000 r-xp 00000000 08:05 3021839                    /usr/lib/x86_64-linux-gnu/libdatrie.so.1.3.1
7fb6ce18a000-7fb6ce389000 ---p 00006000 08:05 3021839                    /usr/lib/x86_64-linux-gnu/libdatrie.so.1.3.1
7fb6ce389000-7fb6ce38a000 r--p 00005000 08:05 3021839                    /usr/lib/x86_64-linux-gnu/libdatrie.so.1.3.1
7fb6ce38a000-7fb6ce38b000 rw-p 00006000 08:05 3021839                    /usr/lib/x86_64-linux-gnu/libdatrie.so.1.3.1
7fb6ce38b000-7fb6ce3de000 r-xp 00000000 08:05 3015597                    /usr/lib/x86_64-linux-gnu/libharfbuzz.so.0.927.0
7fb6ce3de000-7fb6ce5de000 ---p 00053000 08:05 3015597                    /usr/lib/x86_64-linux-gnu/libharfbuzz.so.0.927.0
7fb6ce5de000-7fb6ce5df000 r--p 00053000 08:05 3015597                    /usr/lib/x86_64-linux-gnu/libharfbuzz.so.0.927.0
7fb6ce5df000-7fb6ce5e0000 rw-p 00054000 08:05 3015597                    /usr/lib/x86_64-linux-gnu/libharfbuzz.so.0.927.0
7fb6ce5e0000-7fb6ce5e8000 r-xp 00000000 08:05 3022594                    /usr/lib/x86_64-linux-gnu/libxcb-render.so.0.0.0
7fb6ce5e8000-7fb6ce7e7000 ---p 00008000 08:05 3022594                    /usr/lib/x86_64-linux-gnu/libxcb-render.so.0.0.0
7fb6ce7e7000-7fb6ce7e8000 r--p 00007000 08:05 3022594                    /usr/lib/x86_64-linux-gnu/libxcb-render.so.0.0.0
7fb6ce7e8000-7fb6ce7e9000 rw-p 00008000 08:05 3022594                    /usr/lib/x86_64-linux-gnu/libxcb-render.so.0.0.0
7fb6ce7e9000-7fb6ce7eb000 r-xp 00000000 08:05 3022598                    /usr/lib/x86_64-linux-gnu/libxcb-shm.so.0.0.0
7fb6ce7eb000-7fb6ce9ea000 ---p 00002000 08:05 3022598                    /usr/lib/x86_64-linux-gnu/libxcb-shm.so.0.0.0
7fb6ce9ea000-7fb6ce9eb000 r--p 00001000 08:05 3022598                    /usr/lib/x86_64-linux-gnu/libxcb-shm.so.0.0.0
7fb6ce9eb000-7fb6ce9ec000 rw-p 00002000 08:05 3022598                    /usr/lib/x86_64-linux-gnu/libxcb-shm.so.0.0.0
7fb6ce9ec000-7fb6cea8d000 r-xp 00000000 08:05 3022339                    /usr/lib/x86_64-linux-gnu/libpixman-1.so.0.30.2
7fb6cea8d000-7fb6cec8d000 ---p 000a1000 08:05 3022339                    /usr/lib/x86_64-linux-gnu/libpixman-1.so.0.30.2
7fb6cec8d000-7fb6cec94000 r--p 000a1000 08:05 3022339                    /usr/lib/x86_64-linux-gnu/libpixman-1.so.0.30.2
7fb6cec94000-7fb6cec95000 rw-p 000a8000 08:05 3022339                    /usr/lib/x86_64-linux-gnu/libpixman-1.so.0.30.2
7fb6cec95000-7fb6cec9d000 r-xp 00000000 08:05 3022489                    /usr/lib/x86_64-linux-gnu/libthai.so.0.2.0
7fb6cec9d000-7fb6cee9c000 ---p 00008000 08:05 3022489                    /usr/lib/x86_64-linux-gnu/libthai.so.0.2.0
7fb6cee9c000-7fb6cee9d000 r--p 00007000 08:05 3022489                    /usr/lib/x86_64-linux-gnu/libthai.so.0.2.0
7fb6cee9d000-7fb6cee9e000 rw-p 00008000 08:05 3022489                    /usr/lib/x86_64-linux-gnu/libthai.so.0.2.0
7fb6cee9e000-7fb6ceea0000 r-xp 00000000 08:05 3021661                    /usr/lib/x86_64-linux-gnu/libXdamage.so.1.1.0
7fb6ceea0000-7fb6cf09f000 ---p 00002000 08:05 3021661                    /usr/lib/x86_64-linux-gnu/libXdamage.so.1.1.0
7fb6cf09f000-7fb6cf0a0000 r--p 00001000 08:05 3021661                    /usr/lib/x86_64-linux-gnu/libXdamage.so.1.1.0
7fb6cf0a0000-7fb6cf0a1000 rw-p 00002000 08:05 3021661                    /usr/lib/x86_64-linux-gnu/libXdamage.so.1.1.0
7fb6cf0a1000-7fb6cf0a3000 r-xp 00000000 08:05 3021657                    /usr/lib/x86_64-linux-gnu/libXcomposite.so.1.0.0
7fb6cf0a3000-7fb6cf2a2000 ---p 00002000 08:05 3021657                    /usr/lib/x86_64-linux-gnu/libXcomposite.so.1.0.0
7fb6cf2a2000-7fb6cf2a3000 r--p 00001000 08:05 3021657                    /usr/lib/x86_64-linux-gnu/libXcomposite.so.1.0.0
7fb6cf2a3000-7fb6cf2a4000 rw-p 00002000 08:05 3021657                    /usr/lib/x86_64-linux-gnu/libXcomposite.so.1.0.0
7fb6cf2a4000-7fb6cf2ad000 r-xp 00000000 08:05 3021685                    /usr/lib/x86_64-linux-gnu/libXrandr.so.2.2.0
7fb6cf2ad000-7fb6cf4ac000 ---p 00009000 08:05 3021685                    /usr/lib/x86_64-linux-gnu/libXrandr.so.2.2.0
7fb6cf4ac000-7fb6cf4ad000 r--p 00008000 08:05 3021685                    /usr/lib/x86_64-linux-gnu/libXrandr.so.2.2.0
7fb6cf4ad000-7fb6cf4ae000 rw-p 00009000 08:05 3021685                    /usr/lib/x86_64-linux-gnu/libXrandr.so.2.2.0
7fb6cf4ae000-7fb6cf4b0000 r-xp 00000000 08:05 3021675                    /usr/lib/x86_64-linux-gnu/libXinerama.so.1.0.0
7fb6cf4b0000-7fb6cf6af000 ---p 00002000 08:05 3021675                    /usr/lib/x86_64-linux-gnu/libXinerama.so.1.0.0
7fb6cf6af000-7fb6cf6b0000 r--p 00001000 08:05 3021675                    /usr/lib/x86_64-linux-gnu/libXinerama.so.1.0.0
7fb6cf6b0000-7fb6cf6b1000 rw-p 00002000 08:05 3021675                    /usr/lib/x86_64-linux-gnu/libXinerama.so.1.0.0
7fb6cf6b1000-7fb6cf6c5000 r-xp 00000000 08:05 3018982                    /usr/lib/x86_64-linux-gnu/libpangoft2-1.0.so.0.3600.3
7fb6cf6c5000-7fb6cf8c4000 ---p 00014000 08:05 3018982                    /usr/lib/x86_64-linux-gnu/libpangoft2-1.0.so.0.3600.3
7fb6cf8c4000-7fb6cf8c5000 r--p 00013000 08:05 3018982                    /usr/lib/x86_64-linux-gnu/libpangoft2-1.0.so.0.3600.3
7fb6cf8c5000-7fb6cf8c6000 rw-p 00014000 08:05 3018982                    /usr/lib/x86_64-linux-gnu/libpangoft2-1.0.so.0.3600.3
7fb6cf8c6000-7fb6cf9cc000 r-xp 00000000 08:05 3021778                    /usr/lib/x86_64-linux-gnu/libcairo.so.2.11301.0
7fb6cf9cc000-7fb6cfbcb000 ---p 00106000 08:05 3021778                    /usr/lib/x86_64-linux-gnu/libcairo.so.2.11301.0
7fb6cfbcb000-7fb6cfbce000 r--p 00105000 08:05 3021778                    /usr/lib/x86_64-linux-gnu/libcairo.so.2.11301.0
7fb6cfbce000-7fb6cfbcf000 rw-p 00108000 08:05 3021778                    /usr/lib/x86_64-linux-gnu/libcairo.so.2.11301.0
7fb6cfbcf000-7fb6cfbd1000 rw-p 00000000 00:00 0 
7fb6cfbd1000-7fb6cfbf0000 r-xp 00000000 08:05 3021739                    /usr/lib/x86_64-linux-gnu/libatk-1.0.so.0.21009.1
7fb6cfbf0000-7fb6cfdf0000 ---p 0001f000 08:05 3021739                    /usr/lib/x86_64-linux-gnu/libatk-1.0.so.0.21009.1
7fb6cfdf0000-7fb6cfdf2000 r--p 0001f000 08:05 3021739                    /usr/lib/x86_64-linux-gnu/libatk-1.0.so.0.21009.1
7fb6cfdf2000-7fb6cfdf3000 rw-p 00021000 08:05 3021739                    /usr/lib/x86_64-linux-gnu/libatk-1.0.so.0.21009.1
7fb6cfdf3000-7fb6cfdfe000 r-xp 00000000 08:05 3017469                    /usr/lib/x86_64-linux-gnu/libpangocairo-1.0.so.0.3600.3
7fb6cfdfe000-7fb6cfffe000 ---p 0000b000 08:05 3017469                    /usr/lib/x86_64-linux-gnu/libpangocairo-1.0.so.0.3600.3
7fb6cfffe000-7fb6cffff000 r--p 0000b000 08:05 3017469                    /usr/lib/x86_64-linux-gnu/libpangocairo-1.0.so.0.3600.3
7fb6cffff000-7fb6d0000000 rw-p 0000c000 08:05 3017469                    /usr/lib/x86_64-linux-gnu/libpangocairo-1.0.so.0.3600.3
7fb6d0000000-7fb6d0021000 rw-p 00000000 00:00 0 
7fb6d0021000-7fb6d4000000 ---p 00000000 00:00 0 
7fb6d4000000-7fb6d4021000 rw-p 00000000 00:00 0 
7fb6d4021000-7fb6d8000000 ---p 00000000 00:00 0 
7fb6d8000000-7fb6d8165000 rw-p 00000000 00:00 0 
7fb6d8165000-7fb6dc000000 ---p 00000000 00:00 0 
7fb6dc000000-7fb6dc021000 rw-p 00000000 00:00 0 
7fb6dc021000-7fb6e0000000 ---p 00000000 00:00 0 
7fb6e0000000-7fb6e0021000 rw-p 00000000 00:00 0 
7fb6e0021000-7fb6e4000000 ---p 00000000 00:00 0 
7fb6e4000000-7fb6e42b9000 rw-p 00000000 00:00 0 
7fb6e42b9000-7fb6e8000000 ---p 00000000 00:00 0 
7fb6e8000000-7fb6e8021000 rw-p 00000000 00:00 0 
7fb6e8021000-7fb6ec000000 ---p 00000000 00:00 0 
7fb6ec000000-7fb6ec021000 rw-p 00000000 00:00 0 
7fb6ec021000-7fb6f0000000 ---p 00000000 00:00 0 
7fb6f0000000-7fb6f0021000 rw-p 00000000 00:00 0 
7fb6f0021000-7fb6f4000000 ---p 00000000 00:00 0 
7fb6f4000000-7fb6f4021000 rw-p 00000000 00:00 0 
7fb6f4021000-7fb6f8000000 ---p 00000000 00:00 0 
7fb6f8000000-7fb6f8021000 rw-p 00000000 00:00 0 
7fb6f8021000-7fb6fc000000 ---p 00000000 00:00 0 
7fb6fc021000-7fb6fc022000 rw-p 00000000 00:00 0 
7fb6fc022000-7fb6fc035000 rw-s 00000000 00:04 542146627                  /SYSV00000000 (deleted)
7fb6fc035000-7fb6fc0b5000 rw-s 00000000 00:04 542081087                  /SYSV00000000 (deleted)
7fb6fc0b5000-7fb6fc0b6000 r--p 00000000 08:05 135478                     /usr/share/locale-langpack/en_AU/LC_MESSAGES/gdk-pixbuf.mo
7fb6fc0b6000-7fb6fc16c000 r--p 00000000 08:05 264003                     /usr/share/fonts/truetype/dejavu/DejaVuSans.ttf
7fb6fc16c000-7fb6fc16d000 r--s 00000000 08:05 1191350                    /var/cache/fontconfig/c05880de57d1f5e948fdfacc138775d9-le64.cache-4
7fb6fc16d000-7fb6fc178000 r--s 00000000 08:05 1180320                    /var/cache/fontconfig/945677eb7aeaf62f1d50efc3fb3ec7d8-le64.cache-4
7fb6fc178000-7fb6fc17e000 r--s 00000000 08:05 1180318                    /var/cache/fontconfig/2cd17615ca594fa2959ae173292e504c-le64.cache-4
7fb6fc17e000-7fb6fc185000 r--s 00000000 08:05 1180254                    /var/cache/fontconfig/a755afe4a08bf5b97852ceb7400b47bc-le64.cache-4
7fb6fc185000-7fb6fc189000 r--s 00000000 08:05 1191346                    /var/cache/fontconfig/6d41288fd70b0be22e8c3a91e032eec0-le64.cache-4
7fb6fc189000-7fb6fc19d000 r--s 00000000 08:05 1180253                    /var/cache/fontconfig/04aabc0a78ac019cf9454389977116d2-le64.cache-4
7fb6fc19d000-7fb6fc19e000 r-xp 00000000 08:05 3022109                    /usr/lib/x86_64-linux-gnu/libgthread-2.0.so.0.4000.0
7fb6fc19e000-7fb6fc39d000 ---p 00001000 08:05 3022109                    /usr/lib/x86_64-linux-gnu/libgthread-2.0.so.0.4000.0
7fb6fc39d000-7fb6fc39e000 r--p 00000000 08:05 3022109                    /usr/lib/x86_64-linux-gnu/libgthread-2.0.so.0.4000.0
7fb6fc39e000-7fb6fc39f000 rw-p 00001000 08:05 3022109                    /usr/lib/x86_64-linux-gnu/libgthread-2.0.so.0.4000.0
7fb6fc39f000-7fb6fc3e9000 r-xp 00000000 08:05 3018978                    /usr/lib/x86_64-linux-gnu/libpango-1.0.so.0.3600.3
7fb6fc3e9000-7fb6fc5e9000 ---p 0004a000 08:05 3018978                    /usr/lib/x86_64-linux-gnu/libpango-1.0.so.0.3600.3
7fb6fc5e9000-7fb6fc5eb000 r--p 0004a000 08:05 3018978                    /usr/lib/x86_64-linux-gnu/libpango-1.0.so.0.3600.3
7fb6fc5eb000-7fb6fc5ec000 rw-p 0004c000 08:05 3018978                    /usr/lib/x86_64-linux-gnu/libpango-1.0.so.0.3600.3
7fb6fc5ec000-7fb6fc60b000 r-xp 00000000 08:05 3021961                    /usr/lib/x86_64-linux-gnu/libgdk_pixbuf-2.0.so.0.3000.7
7fb6fc60b000-7fb6fc80b000 ---p 0001f000 08:05 3021961                    /usr/lib/x86_64-linux-gnu/libgdk_pixbuf-2.0.so.0.3000.7
7fb6fc80b000-7fb6fc80c000 r--p 0001f000 08:05 3021961                    /usr/lib/x86_64-linux-gnu/libgdk_pixbuf-2.0.so.0.3000.7
7fb6fc80c000-7fb6fc80d000 rw-p 00020000 08:05 3021961                    /usr/lib/x86_64-linux-gnu/libgdk_pixbuf-2.0.so.0.3000.7
7fb6fc80d000-7fb6fc8ba000 r-xp 00000000 08:05 3022034                    /usr/lib/x86_64-linux-gnu/libgdk-x11-2.0.so.0.2400.23
7fb6fc8ba000-7fb6fcab9000 ---p 000ad000 08:05 3022034                    /usr/lib/x86_64-linux-gnu/libgdk-x11-2.0.so.0.2400.23
7fb6fcab9000-7fb6fcabd000 r--p 000ac000 08:05 3022034                    /usr/lib/x86_64-linux-gnu/libgdk-x11-2.0.so.0.2400.23
7fb6fcabd000-7fb6fcabf000 rw-p 000b0000 08:05 3022034                    /usr/lib/x86_64-linux-gnu/libgdk-x11-2.0.so.0.2400.23
7fb6fcabf000-7fb6fceee000 r-xp 00000000 08:05 3015098                    /usr/lib/x86_64-linux-gnu/libgtk-x11-2.0.so.0.2400.23
7fb6fceee000-7fb6fd0ed000 ---p 0042f000 08:05 3015098                    /usr/lib/x86_64-linux-gnu/libgtk-x11-2.0.so.0.2400.23
7fb6fd0ed000-7fb6fd0f4000 r--p 0042e000 08:05 3015098                    /usr/lib/x86_64-linux-gnu/libgtk-x11-2.0.so.0.2400.23
7fb6fd0f4000-7fb6fd0f8000 rw-p 00435000 08:05 3015098                    /usr/lib/x86_64-linux-gnu/libgtk-x11-2.0.so.0.2400.23
7fb6fd0f8000-7fb6fd0fb000 rw-p 00000000 00:00 0 
7fb6fd0fb000-7fb6fd106000 r-xp 00000000 08:05 427245                     /usr/lib/jvm/java-7-openjdk-amd64/jre/lib/amd64/libjavagtk.so
7fb6fd106000-7fb6fd305000 ---p 0000b000 08:05 427245                     /usr/lib/jvm/java-7-openjdk-amd64/jre/lib/amd64/libjavagtk.so
7fb6fd305000-7fb6fd306000 r--p 0000a000 08:05 427245                     /usr/lib/jvm/java-7-openjdk-amd64/jre/lib/amd64/libjavagtk.so
7fb6fd306000-7fb6fd307000 rw-p 0000b000 08:05 427245                     /usr/lib/jvm/java-7-openjdk-amd64/jre/lib/amd64/libjavagtk.so
7fb6fd307000-7fb6fd30a000 ---p 00000000 00:00 0 
7fb6fd30a000-7fb6fd408000 rw-p 00000000 00:00 0                          [stack:25481]
7fb6fd408000-7fb6fd40d000 r-xp 00000000 08:05 3021667                    /usr/lib/x86_64-linux-gnu/libXfixes.so.3.1.0
7fb6fd40d000-7fb6fd60c000 ---p 00005000 08:05 3021667                    /usr/lib/x86_64-linux-gnu/libXfixes.so.3.1.0
7fb6fd60c000-7fb6fd60d000 r--p 00004000 08:05 3021667                    /usr/lib/x86_64-linux-gnu/libXfixes.so.3.1.0
7fb6fd60d000-7fb6fd60e000 rw-p 00005000 08:05 3021667                    /usr/lib/x86_64-linux-gnu/libXfixes.so.3.1.0
7fb6fd60e000-7fb6fd617000 r-xp 00000000 08:05 3021659                    /usr/lib/x86_64-linux-gnu/libXcursor.so.1.0.2
7fb6fd617000-7fb6fd816000 ---p 00009000 08:05 3021659                    /usr/lib/x86_64-linux-gnu/libXcursor.so.1.0.2
7fb6fd816000-7fb6fd817000 r--p 00008000 08:05 3021659                    /usr/lib/x86_64-linux-gnu/libXcursor.so.1.0.2
7fb6fd817000-7fb6fd818000 rw-p 00009000 08:05 3021659                    /usr/lib/x86_64-linux-gnu/libXcursor.so.1.0.2
7fb6fd818000-7fb6fd81c000 r-xp 00000000 08:05 2625583                    /lib/x86_64-linux-gnu/libgpg-error.so.0.10.0
7fb6fd81c000-7fb6fda1b000 ---p 00004000 08:05 2625583                    /lib/x86_64-linux-gnu/libgpg-error.so.0.10.0
7fb6fda1b000-7fb6fda1c000 r--p 00003000 08:05 2625583                    /lib/x86_64-linux-gnu/libgpg-error.so.0.10.0
7fb6fda1c000-7fb6fda1d000 rw-p 00004000 08:05 2625583                    /lib/x86_64-linux-gnu/libgpg-error.so.0.10.0
7fb6fda1d000-7fb6fda1f000 r-xp 00000000 08:05 2625593                    /lib/x86_64-linux-gnu/libkeyutils.so.1.4
7fb6fda1f000-7fb6fdc1f000 ---p 00002000 08:05 2625593                    /lib/x86_64-linux-gnu/libkeyutils.so.1.4
7fb6fdc1f000-7fb6fdc20000 r--p 00002000 08:05 2625593                    /lib/x86_64-linux-gnu/libkeyutils.so.1.4
7fb6fdc20000-7fb6fdc21000 rw-p 00003000 08:05 2625593                    /lib/x86_64-linux-gnu/libkeyutils.so.1.4
7fb6fdc21000-7fb6fdc5e000 r-xp 00000000 08:05 2625653                    /lib/x86_64-linux-gnu/libpcre.so.3.13.1
7fb6fdc5e000-7fb6fde5d000 ---p 0003d000 08:05 2625653                    /lib/x86_64-linux-gnu/libpcre.so.3.13.1
7fb6fde5d000-7fb6fde5e000 r--p 0003c000 08:05 2625653                    /lib/x86_64-linux-gnu/libpcre.so.3.13.1
7fb6fde5e000-7fb6fde5f000 rw-p 0003d000 08:05 2625653                    /lib/x86_64-linux-gnu/libpcre.so.3.13.1
7fb6fde5f000-7fb6fde84000 r-xp 00000000 08:05 2625665                    /lib/x86_64-linux-gnu/libpng12.so.0.50.0
7fb6fde84000-7fb6fe083000 ---p 00025000 08:05 2625665                    /lib/x86_64-linux-gnu/libpng12.so.0.50.0
7fb6fe083000-7fb6fe084000 r--p 00024000 08:05 2625665                    /lib/x86_64-linux-gnu/libpng12.so.0.50.0
7fb6fe084000-7fb6fe085000 rw-p 00025000 08:05 2625665                    /lib/x86_64-linux-gnu/libpng12.so.0.50.0
7fb6fe085000-7fb6fe0c9000 r-xp 00000000 08:05 2621535                    /lib/x86_64-linux-gnu/libdbus-1.so.3.7.6
7fb6fe0c9000-7fb6fe2c8000 ---p 00044000 08:05 2621535                    /lib/x86_64-linux-gnu/libdbus-1.so.3.7.6
7fb6fe2c8000-7fb6fe2c9000 r--p 00043000 08:05 2621535                    /lib/x86_64-linux-gnu/libdbus-1.so.3.7.6
7fb6fe2c9000-7fb6fe2ca000 rw-p 00044000 08:05 2621535                    /lib/x86_64-linux-gnu/libdbus-1.so.3.7.6
7fb6fe2ca000-7fb6fe305000 r-xp 00000000 08:05 3022308                    /usr/lib/x86_64-linux-gnu/libp11-kit.so.0.0.0
7fb6fe305000-7fb6fe504000 ---p 0003b000 08:05 3022308                    /usr/lib/x86_64-linux-gnu/libp11-kit.so.0.0.0
7fb6fe504000-7fb6fe50a000 r--p 0003a000 08:05 3022308                    /usr/lib/x86_64-linux-gnu/libp11-kit.so.0.0.0
7fb6fe50a000-7fb6fe50c000 rw-p 00040000 08:05 3022308                    /usr/lib/x86_64-linux-gnu/libp11-kit.so.0.0.0
7fb6fe50c000-7fb6fe51e000 r-xp 00000000 08:05 3015545                    /usr/lib/x86_64-linux-gnu/libtasn1.so.6.2.0
7fb6fe51e000-7fb6fe71e000 ---p 00012000 08:05 3015545                    /usr/lib/x86_64-linux-gnu/libtasn1.so.6.2.0
7fb6fe71e000-7fb6fe71f000 r--p 00012000 08:05 3015545                    /usr/lib/x86_64-linux-gnu/libtasn1.so.6.2.0
7fb6fe71f000-7fb6fe720000 rw-p 00013000 08:05 3015545                    /usr/lib/x86_64-linux-gnu/libtasn1.so.6.2.0
7fb6fe720000-7fb6fe79c000 r-xp 00000000 08:05 2622651                    /lib/x86_64-linux-gnu/libgcrypt.so.11.8.2
7fb6fe79c000-7fb6fe99b000 ---p 0007c000 08:05 2622651                    /lib/x86_64-linux-gnu/libgcrypt.so.11.8.2
7fb6fe99b000-7fb6fe99c000 r--p 0007b000 08:05 2622651                    /lib/x86_64-linux-gnu/libgcrypt.so.11.8.2
7fb6fe99c000-7fb6fe99f000 rw-p 0007c000 08:05 2622651                    /lib/x86_64-linux-gnu/libgcrypt.so.11.8.2
7fb6fe99f000-7fb6fe9a9000 r-xp 00000000 08:05 3015424                    /usr/lib/x86_64-linux-gnu/libkrb5support.so.0.1
7fb6fe9a9000-7fb6feba8000 ---p 0000a000 08:05 3015424                    /usr/lib/x86_64-linux-gnu/libkrb5support.so.0.1
7fb6feba8000-7fb6feba9000 r--p 00009000 08:05 3015424                    /usr/lib/x86_64-linux-gnu/libkrb5support.so.0.1
7fb6feba9000-7fb6febaa000 rw-p 0000a000 08:05 3015424                    /usr/lib/x86_64-linux-gnu/libkrb5support.so.0.1
7fb6febaa000-7fb6febad000 r-xp 00000000 08:05 2625559                    /lib/x86_64-linux-gnu/libcom_err.so.2.1
7fb6febad000-7fb6fedac000 ---p 00003000 08:05 2625559                    /lib/x86_64-linux-gnu/libcom_err.so.2.1
7fb6fedac000-7fb6fedad000 r--p 00002000 08:05 2625559                    /lib/x86_64-linux-gnu/libcom_err.so.2.1
7fb6fedad000-7fb6fedae000 rw-p 00003000 08:05 2625559                    /lib/x86_64-linux-gnu/libcom_err.so.2.1
7fb6fedae000-7fb6fedda000 r-xp 00000000 08:05 3015040                    /usr/lib/x86_64-linux-gnu/libk5crypto.so.3.1
7fb6fedda000-7fb6fefd9000 ---p 0002c000 08:05 3015040                    /usr/lib/x86_64-linux-gnu/libk5crypto.so.3.1
7fb6fefd9000-7fb6fefdb000 r--p 0002b000 08:05 3015040                    /usr/lib/x86_64-linux-gnu/libk5crypto.so.3.1
7fb6fefdb000-7fb6fefdc000 rw-p 0002d000 08:05 3015040                    /usr/lib/x86_64-linux-gnu/libk5crypto.so.3.1
7fb6fefdc000-7fb6fefdd000 rw-p 00000000 00:00 0 
7fb6fefdd000-7fb6ff099000 r-xp 00000000 08:05 3015322                    /usr/lib/x86_64-linux-gnu/libkrb5.so.3.3
7fb6ff099000-7fb6ff299000 ---p 000bc000 08:05 3015322                    /usr/lib/x86_64-linux-gnu/libkrb5.so.3.3
7fb6ff299000-7fb6ff2a6000 r--p 000bc000 08:05 3015322                    /usr/lib/x86_64-linux-gnu/libkrb5.so.3.3
7fb6ff2a6000-7fb6ff2a8000 rw-p 000c9000 08:05 3015322                    /usr/lib/x86_64-linux-gnu/libkrb5.so.3.3
7fb6ff2a8000-7fb6ff2ad000 r-xp 00000000 08:05 3021663                    /usr/lib/x86_64-linux-gnu/libXdmcp.so.6.0.0
7fb6ff2ad000-7fb6ff4ac000 ---p 00005000 08:05 3021663                    /usr/lib/x86_64-linux-gnu/libXdmcp.so.6.0.0
7fb6ff4ac000-7fb6ff4ad000 r--p 00004000 08:05 3021663                    /usr/lib/x86_64-linux-gnu/libXdmcp.so.6.0.0
7fb6ff4ad000-7fb6ff4ae000 rw-p 00005000 08:05 3021663                    /usr/lib/x86_64-linux-gnu/libXdmcp.so.6.0.0
7fb6ff4ae000-7fb6ff4b0000 r-xp 00000000 08:05 3021652                    /usr/lib/x86_64-linux-gnu/libXau.so.6.0.0
7fb6ff4b0000-7fb6ff6b0000 ---p 00002000 08:05 3021652                    /usr/lib/x86_64-linux-gnu/libXau.so.6.0.0
7fb6ff6b0000-7fb6ff6b1000 r--p 00002000 08:05 3021652                    /usr/lib/x86_64-linux-gnu/libXau.so.6.0.0
7fb6ff6b1000-7fb6ff6b2000 rw-p 00003000 08:05 3021652                    /usr/lib/x86_64-linux-gnu/libXau.so.6.0.0
7fb6ff6b2000-7fb6ff6b9000 r-xp 00000000 08:05 3021908                    /usr/lib/x86_64-linux-gnu/libffi.so.6.0.1
7fb6ff6b9000-7fb6ff8b8000 ---p 00007000 08:05 3021908                    /usr/lib/x86_64-linux-gnu/libffi.so.6.0.1
7fb6ff8b8000-7fb6ff8b9000 r--p 00006000 08:05 3021908                    /usr/lib/x86_64-linux-gnu/libffi.so.6.0.1
7fb6ff8b9000-7fb6ff8ba000 rw-p 00007000 08:05 3021908                    /usr/lib/x86_64-linux-gnu/libffi.so.6.0.1
7fb6ff8ba000-7fb6ff8d1000 r-xp 00000000 08:05 2630608                    /lib/x86_64-linux-gnu/libresolv-2.19.so
7fb6ff8d1000-7fb6ffad1000 ---p 00017000 08:05 2630608                    /lib/x86_64-linux-gnu/libresolv-2.19.so
7fb6ffad1000-7fb6ffad2000 r--p 00017000 08:05 2630608                    /lib/x86_64-linux-gnu/libresolv-2.19.so
7fb6ffad2000-7fb6ffad3000 rw-p 00018000 08:05 2630608                    /lib/x86_64-linux-gnu/libresolv-2.19.so
7fb6ffad3000-7fb6ffad5000 rw-p 00000000 00:00 0 
7fb6ffad5000-7fb6ffaf5000 r-xp 00000000 08:05 2621469                    /lib/x86_64-linux-gnu/libselinux.so.1
7fb6ffaf5000-7fb6ffcf4000 ---p 00020000 08:05 2621469                    /lib/x86_64-linux-gnu/libselinux.so.1
7fb6ffcf4000-7fb6ffcf5000 r--p 0001f000 08:05 2621469                    /lib/x86_64-linux-gnu/libselinux.so.1
7fb6ffcf5000-7fb6ffcf6000 rw-p 00020000 08:05 2621469                    /lib/x86_64-linux-gnu/libselinux.so.1
7fb6ffcf6000-7fb6ffcf8000 rw-p 00000000 00:00 0 
7fb6ffcf8000-7fb6ffdfe000 r-xp 00000000 08:05 2625581                    /lib/x86_64-linux-gnu/libglib-2.0.so.0.4000.0
7fb6ffdfe000-7fb6ffffd000 ---p 00106000 08:05 2625581                    /lib/x86_64-linux-gnu/libglib-2.0.so.0.4000.0
7fb6ffffd000-7fb6ffffe000 r--p 00105000 08:05 2625581                    /lib/x86_64-linux-gnu/libglib-2.0.so.0.4000.0
7fb6ffffe000-7fb6fffff000 rw-p 00106000 08:05 2625581                    /lib/x86_64-linux-gnu/libglib-2.0.so.0.4000.0
7fb6fffff000-7fb700000000 rw-p 00000000 00:00 0 
7fb700000000-7fb700021000 rw-p 00000000 00:00 0 
7fb700021000-7fb704000000 ---p 00000000 00:00 0 
7fb704000000-7fb704001000 r--s 00000000 08:05 1180257                    /var/cache/fontconfig/e7071f4a29fa870f4323321c154eba04-le64.cache-4
7fb704001000-7fb704002000 r--s 00000000 08:05 1180255                    /var/cache/fontconfig/0d8c3b2ac0904cb8a57a757ad11a4a08-le64.cache-4
7fb704002000-7fb704003000 r--s 00000000 08:05 1180252                    /var/cache/fontconfig/1ac9eb803944fde146138c791f5cc56a-le64.cache-4
7fb704003000-7fb704007000 r--s 00000000 08:05 1180251                    /var/cache/fontconfig/385c0604a188198f04d133e54aba7fe7-le64.cache-4
7fb704007000-7fb704008000 r--s 00000000 08:05 1180250                    /var/cache/fontconfig/dc05db6664285cc2f12bf69c139ae4c3-le64.cache-4
7fb704008000-7fb70400a000 r--s 00000000 08:05 1180176                    /var/cache/fontconfig/767a8244fc0220cfb567a839d0392e0b-le64.cache-4
7fb70400a000-7fb70400f000 r--s 00000000 08:05 1180248                    /var/cache/fontconfig/8801497958630a81b71ace7c5f9b32a8-le64.cache-4
7fb70400f000-7fb704013000 r--s 00000000 08:05 1180247                    /var/cache/fontconfig/c57959a16110560c8d0fcea73374aeeb-le64.cache-4
7fb704013000-7fb70401a000 r--s 00000000 08:05 1180237                    /var/cache/fontconfig/3047814df9a2f067bd2d96a2b9c36e5a-le64.cache-4
7fb70401a000-7fb70402d000 r--s 00000000 08:05 1180228                    /var/cache/fontconfig/d52a8644073d54c13679302ca1180695-le64.cache-4
7fb70402d000-7fb70405e000 rw-p 00000000 00:00 0 
7fb70405e000-7fb7040ae000 r--p 00000000 08:05 3304345                    /usr/share/glib-2.0/schemas/gschemas.compiled
7fb7040ae000-7fb7040fe000 r--p 00000000 08:05 3304345                    /usr/share/glib-2.0/schemas/gschemas.compiled
7fb7040fe000-7fb704101000 ---p 00000000 00:00 0 
7fb704101000-7fb7041ff000 rw-p 00000000 00:00 0                          [stack:25480]
7fb7041ff000-7fb704202000 r-xp 00000000 08:05 3021995                    /usr/lib/x86_64-linux-gnu/libgmodule-2.0.so.0.4000.0
7fb704202000-7fb704401000 ---p 00003000 08:05 3021995                    /usr/lib/x86_64-linux-gnu/libgmodule-2.0.so.0.4000.0
7fb704401000-7fb704402000 r--p 00002000 08:05 3021995                    /usr/lib/x86_64-linux-gnu/libgmodule-2.0.so.0.4000.0
7fb704402000-7fb704403000 rw-p 00003000 08:05 3021995                    /usr/lib/x86_64-linux-gnu/libgmodule-2.0.so.0.4000.0
7fb704403000-7fb70442a000 r-xp 00000000 08:05 2625572                    /lib/x86_64-linux-gnu/libexpat.so.1.6.0
7fb70442a000-7fb70462a000 ---p 00027000 08:05 2625572                    /lib/x86_64-linux-gnu/libexpat.so.1.6.0
7fb70462a000-7fb70462c000 r--p 00027000 08:05 2625572                    /lib/x86_64-linux-gnu/libexpat.so.1.6.0
7fb70462c000-7fb70462d000 rw-p 00029000 08:05 2625572                    /lib/x86_64-linux-gnu/libexpat.so.1.6.0
7fb70462d000-7fb7046ca000 r-xp 00000000 08:05 3015014                    /usr/lib/x86_64-linux-gnu/libfreetype.so.6.11.1
7fb7046ca000-7fb7048c9000 ---p 0009d000 08:05 3015014                    /usr/lib/x86_64-linux-gnu/libfreetype.so.6.11.1
7fb7048c9000-7fb7048cf000 r--p 0009c000 08:05 3015014                    /usr/lib/x86_64-linux-gnu/libfreetype.so.6.11.1
7fb7048cf000-7fb7048d0000 rw-p 000a2000 08:05 3015014                    /usr/lib/x86_64-linux-gnu/libfreetype.so.6.11.1
7fb7048d0000-7fb7048df000 r-xp 00000000 08:05 3021749                    /usr/lib/x86_64-linux-gnu/libavahi-client.so.3.2.9
7fb7048df000-7fb704adf000 ---p 0000f000 08:05 3021749                    /usr/lib/x86_64-linux-gnu/libavahi-client.so.3.2.9
7fb704adf000-7fb704ae0000 r--p 0000f000 08:05 3021749                    /usr/lib/x86_64-linux-gnu/libavahi-client.so.3.2.9
7fb704ae0000-7fb704ae1000 rw-p 00010000 08:05 3021749                    /usr/lib/x86_64-linux-gnu/libavahi-client.so.3.2.9
7fb704ae1000-7fb704aec000 r-xp 00000000 08:05 3021751                    /usr/lib/x86_64-linux-gnu/libavahi-common.so.3.5.3
7fb704aec000-7fb704ceb000 ---p 0000b000 08:05 3021751                    /usr/lib/x86_64-linux-gnu/libavahi-common.so.3.5.3
7fb704ceb000-7fb704cec000 r--p 0000a000 08:05 3021751                    /usr/lib/x86_64-linux-gnu/libavahi-common.so.3.5.3
7fb704cec000-7fb704ced000 rw-p 0000b000 08:05 3021751                    /usr/lib/x86_64-linux-gnu/libavahi-common.so.3.5.3
7fb704ced000-7fb704da3000 r-xp 00000000 08:05 3017711                    /usr/lib/x86_64-linux-gnu/libgnutls.so.26.22.6
7fb704da3000-7fb704fa3000 ---p 000b6000 08:05 3017711                    /usr/lib/x86_64-linux-gnu/libgnutls.so.26.22.6
7fb704fa3000-7fb704fa9000 r--p 000b6000 08:05 3017711                    /usr/lib/x86_64-linux-gnu/libgnutls.so.26.22.6
7fb704fa9000-7fb704faa000 rw-p 000bc000 08:05 3017711                    /usr/lib/x86_64-linux-gnu/libgnutls.so.26.22.6
7fb704faa000-7fb704fab000 rw-p 00000000 00:00 0 
7fb704fab000-7fb704fee000 r-xp 00000000 08:05 3015222                    /usr/lib/x86_64-linux-gnu/libgssapi_krb5.so.2.2
7fb704fee000-7fb7051ee000 ---p 00043000 08:05 3015222                    /usr/lib/x86_64-linux-gnu/libgssapi_krb5.so.2.2
7fb7051ee000-7fb7051ef000 r--p 00043000 08:05 3015222                    /usr/lib/x86_64-linux-gnu/libgssapi_krb5.so.2.2
7fb7051ef000-7fb7051f1000 rw-p 00044000 08:05 3015222                    /usr/lib/x86_64-linux-gnu/libgssapi_krb5.so.2.2
7fb7051f1000-7fb70520e000 r-xp 00000000 08:05 3022606                    /usr/lib/x86_64-linux-gnu/libxcb.so.1.1.0
7fb70520e000-7fb70540e000 ---p 0001d000 08:05 3022606                    /usr/lib/x86_64-linux-gnu/libxcb.so.1.1.0
7fb70540e000-7fb70540f000 r--p 0001d000 08:05 3022606                    /usr/lib/x86_64-linux-gnu/libxcb.so.1.1.0
7fb70540f000-7fb705410000 rw-p 0001e000 08:05 3022606                    /usr/lib/x86_64-linux-gnu/libxcb.so.1.1.0
7fb705410000-7fb70545f000 r-xp 00000000 08:05 3022007                    /usr/lib/x86_64-linux-gnu/libgobject-2.0.so.0.4000.0
7fb70545f000-7fb70565f000 ---p 0004f000 08:05 3022007                    /usr/lib/x86_64-linux-gnu/libgobject-2.0.so.0.4000.0
7fb70565f000-7fb705660000 r--p 0004f000 08:05 3022007                    /usr/lib/x86_64-linux-gnu/libgobject-2.0.so.0.4000.0
7fb705660000-7fb705661000 rw-p 00050000 08:05 3022007                    /usr/lib/x86_64-linux-gnu/libgobject-2.0.so.0.4000.0
7fb705661000-7fb7057cc000 r-xp 00000000 08:05 3021983                    /usr/lib/x86_64-linux-gnu/libgio-2.0.so.0.4000.0
7fb7057cc000-7fb7059cc000 ---p 0016b000 08:05 3021983                    /usr/lib/x86_64-linux-gnu/libgio-2.0.so.0.4000.0
7fb7059cc000-7fb7059d0000 r--p 0016b000 08:05 3021983                    /usr/lib/x86_64-linux-gnu/libgio-2.0.so.0.4000.0
7fb7059d0000-7fb7059d2000 rw-p 0016f000 08:05 3021983                    /usr/lib/x86_64-linux-gnu/libgio-2.0.so.0.4000.0
7fb7059d2000-7fb7059d4000 rw-p 00000000 00:00 0 
7fb7059d4000-7fb705a0e000 r-xp 00000000 08:05 3014914                    /usr/lib/x86_64-linux-gnu/libfontconfig.so.1.8.0
7fb705a0e000-7fb705c0d000 ---p 0003a000 08:05 3014914                    /usr/lib/x86_64-linux-gnu/libfontconfig.so.1.8.0
7fb705c0d000-7fb705c0f000 r--p 00039000 08:05 3014914                    /usr/lib/x86_64-linux-gnu/libfontconfig.so.1.8.0
7fb705c0f000-7fb705c10000 rw-p 0003b000 08:05 3014914                    /usr/lib/x86_64-linux-gnu/libfontconfig.so.1.8.0
7fb705c10000-7fb705c7c000 r-xp 00000000 08:05 3014778                    /usr/lib/x86_64-linux-gnu/libcups.so.2
7fb705c7c000-7fb705e7c000 ---p 0006c000 08:05 3014778                    /usr/lib/x86_64-linux-gnu/libcups.so.2
7fb705e7c000-7fb705e83000 r--p 0006c000 08:05 3014778                    /usr/lib/x86_64-linux-gnu/libcups.so.2
7fb705e83000-7fb705e84000 rw-p 00073000 08:05 3014778                    /usr/lib/x86_64-linux-gnu/libcups.so.2
7fb705e84000-7fb705e93000 r-xp 00000000 08:05 3021673                    /usr/lib/x86_64-linux-gnu/libXi.so.6.1.0
7fb705e93000-7fb706092000 ---p 0000f000 08:05 3021673                    /usr/lib/x86_64-linux-gnu/libXi.so.6.1.0
7fb706092000-7fb706093000 r--p 0000e000 08:05 3021673                    /usr/lib/x86_64-linux-gnu/libXi.so.6.1.0
7fb706093000-7fb706094000 rw-p 0000f000 08:05 3021673                    /usr/lib/x86_64-linux-gnu/libXi.so.6.1.0
7fb706094000-7fb706099000 r-xp 00000000 08:05 3021693                    /usr/lib/x86_64-linux-gnu/libXtst.so.6.1.0
7fb706099000-7fb706298000 ---p 00005000 08:05 3021693                    /usr/lib/x86_64-linux-gnu/libXtst.so.6.1.0
7fb706298000-7fb706299000 r--p 00004000 08:05 3021693                    /usr/lib/x86_64-linux-gnu/libXtst.so.6.1.0
7fb706299000-7fb70629a000 rw-p 00005000 08:05 3021693                    /usr/lib/x86_64-linux-gnu/libXtst.so.6.1.0
7fb70629a000-7fb7062a3000 r-xp 00000000 08:05 3021687                    /usr/lib/x86_64-linux-gnu/libXrender.so.1.3.0
7fb7062a3000-7fb7064a2000 ---p 00009000 08:05 3021687                    /usr/lib/x86_64-linux-gnu/libXrender.so.1.3.0
7fb7064a2000-7fb7064a3000 r--p 00008000 08:05 3021687                    /usr/lib/x86_64-linux-gnu/libXrender.so.1.3.0
7fb7064a3000-7fb7064a4000 rw-p 00009000 08:05 3021687                    /usr/lib/x86_64-linux-gnu/libXrender.so.1.3.0
7fb7064a4000-7fb7065d4000 r-xp 00000000 08:05 3021648                    /usr/lib/x86_64-linux-gnu/libX11.so.6.3.0
7fb7065d4000-7fb7067d4000 ---p 00130000 08:05 3021648                    /usr/lib/x86_64-linux-gnu/libX11.so.6.3.0
7fb7067d4000-7fb7067d5000 r--p 00130000 08:05 3021648                    /usr/lib/x86_64-linux-gnu/libX11.so.6.3.0
7fb7067d5000-7fb7067d9000 rw-p 00131000 08:05 3021648                    /usr/lib/x86_64-linux-gnu/libX11.so.6.3.0
7fb7067d9000-7fb7067ea000 r-xp 00000000 08:05 3021665                    /usr/lib/x86_64-linux-gnu/libXext.so.6.4.0
7fb7067ea000-7fb7069e9000 ---p 00011000 08:05 3021665                    /usr/lib/x86_64-linux-gnu/libXext.so.6.4.0
7fb7069e9000-7fb7069ea000 r--p 00010000 08:05 3021665                    /usr/lib/x86_64-linux-gnu/libXext.so.6.4.0
7fb7069ea000-7fb7069eb000 rw-p 00011000 08:05 3021665                    /usr/lib/x86_64-linux-gnu/libXext.so.6.4.0
7fb7069eb000-7fb7069ec000 r--s 00000000 08:05 1204984                    /var/cache/fontconfig/4794a0821666d79190d59a36cb4f44b5-le64.cache-4
7fb7069ec000-7fb7069ed000 r--s 00000000 08:05 1180234                    /var/cache/fontconfig/56cf4f4769d0f4abc89a4895d7bd3ae1-le64.cache-4
7fb7069ed000-7fb7069ee000 r--s 00000000 08:05 1180230                    /var/cache/fontconfig/b9d506c9ac06c20b433354fa67a72993-le64.cache-4
7fb7069ee000-7fb7069f4000 r--s 00000000 08:05 1180229                    /var/cache/fontconfig/b47c4e1ecd0709278f4910c18777a504-le64.cache-4
7fb7069f4000-7fb7069f7000 r--s 00000000 08:05 1191349                    /var/cache/fontconfig/e49e89034d371f0f9de17aab02136486-le64.cache-4
7fb7069f7000-7fb7069f9000 r--s 00000000 08:05 1191348                    /var/cache/fontconfig/4b14b093aebc79c320de5e86ae1d3314-le64.cache-4
7fb7069f9000-7fb706a01000 r--s 00000000 08:05 1180227                    /var/cache/fontconfig/3f7329c5293ffd510edef78f73874cfd-le64.cache-4
7fb706a01000-7fb706a0c000 r--s 00000000 08:05 1180821                    /var/cache/fontconfig/d589a48862398ed80a3d6066f4f56f4c-le64.cache-4
7fb706a0c000-7fb706a0d000 r--s 00000000 08:05 1180221                    /var/cache/fontconfig/0c9eb80ebd1c36541ebe2852d3bb0c49-le64.cache-4
7fb706a0d000-7fb706a0e000 r--s 00000000 08:05 1199415                    /var/cache/fontconfig/62f91419b9ebdb6975e7e41ab6412357-le64.cache-4
7fb706a0e000-7fb706a56000 r-xp 00000000 08:05 427242                     /usr/lib/jvm/java-7-openjdk-amd64/jre/lib/amd64/xawt/libmawt.so
7fb706a56000-7fb706c55000 ---p 00048000 08:05 427242                     /usr/lib/jvm/java-7-openjdk-amd64/jre/lib/amd64/xawt/libmawt.so
7fb706c55000-7fb706c56000 r--p 00047000 08:05 427242                     /usr/lib/jvm/java-7-openjdk-amd64/jre/lib/amd64/xawt/libmawt.so
7fb706c56000-7fb706c59000 rw-p 00048000 08:05 427242                     /usr/lib/jvm/java-7-openjdk-amd64/jre/lib/amd64/xawt/libmawt.so
7fb706c59000-7fb706c5a000 rw-p 00000000 00:00 0 
7fb706c5a000-7fb706cfa000 r-xp 00000000 08:05 427279                     /usr/lib/jvm/java-7-openjdk-amd64/jre/lib/amd64/libawt.so
7fb706cfa000-7fb706efa000 ---p 000a0000 08:05 427279                     /usr/lib/jvm/java-7-openjdk-amd64/jre/lib/amd64/libawt.so
7fb706efa000-7fb706efb000 r--p 000a0000 08:05 427279                     /usr/lib/jvm/java-7-openjdk-amd64/jre/lib/amd64/libawt.so
7fb706efb000-7fb706f06000 rw-p 000a1000 08:05 427279                     /usr/lib/jvm/java-7-openjdk-amd64/jre/lib/amd64/libawt.so
7fb706f06000-7fb706f2b000 rw-p 00000000 00:00 0 
7fb706f2b000-7fb706f2c000 ---p 00000000 00:00 0 
7fb706f2c000-7fb70702c000 rw-p 00000000 00:00 0                          [stack:25479]
7fb70702c000-7fb70702f000 ---p 00000000 00:00 0 
7fb70702f000-7fb70712d000 rw-p 00000000 00:00 0                          [stack:25478]
7fb70712d000-7fb707130000 ---p 00000000 00:00 0 
7fb707130000-7fb70722e000 rw-p 00000000 00:00 0                          [stack:25477]
7fb70722e000-7fb707231000 ---p 00000000 00:00 0 
7fb707231000-7fb70732f000 rw-p 00000000 00:00 0                          [stack:25476]
7fb70732f000-7fb707332000 ---p 00000000 00:00 0 
7fb707332000-7fb707430000 rw-p 00000000 00:00 0                          [stack:25475]
7fb707430000-7fb707dfe000 r--p 00000000 08:05 3019502                    /usr/lib/locale/locale-archive
7fb707dfe000-7fb707e01000 ---p 00000000 00:00 0 
7fb707e01000-7fb707eff000 rw-p 00000000 00:00 0                          [stack:25474]
7fb707eff000-7fb707f02000 ---p 00000000 00:00 0 
7fb707f02000-7fb708000000 rw-p 00000000 00:00 0                          [stack:25473]
7fb708000000-7fb708021000 rw-p 00000000 00:00 0 
7fb708021000-7fb70c000000 ---p 00000000 00:00 0 
7fb70c000000-7fb70c003000 r--s 00000000 08:05 1196435                    /var/cache/fontconfig/e13b20fdb08344e0e664864cc2ede53d-le64.cache-4
7fb70c003000-7fb70c007000 r--s 00000000 08:05 1196436                    /var/cache/fontconfig/7ef2298fde41cc6eeb7af42e48b7d293-le64.cache-4
7fb70c007000-7fb70c00e000 r--s 00000000 08:05 3172867                    /usr/lib/x86_64-linux-gnu/gconv/gconv-modules.cache
7fb70c00e000-7fb70c014000 r--p 00000000 08:05 562276                     /home/mark/.config/dconf/user
7fb70c014000-7fb70c01d000 r--s 000b9000 08:05 427284                     /usr/lib/jvm/java-7-openjdk-amd64/jre/lib/resources.jar
7fb70c01d000-7fb70c027000 r--s 00203000 08:05 427286                     /usr/lib/jvm/java-7-openjdk-amd64/jre/lib/charsets.jar
7fb70c027000-7fb70c028000 ---p 00000000 00:00 0 
7fb70c028000-7fb70d125000 rw-p 00000000 00:00 0                          [stack:25472]
7fb70d125000-7fb70d2d6000 r--s 01d21000 08:05 427480                     /usr/lib/jvm/java-7-openjdk-amd64/jre/lib/rt.jar
7fb70d2d6000-7fb70f7c7000 rw-p 00000000 00:00 0 
7fb70f7c7000-7fb70f7c8000 ---p 00000000 00:00 0 
7fb70f7c8000-7fb70f8c8000 rw-p 00000000 00:00 0                          [stack:25471]
7fb70f8c8000-7fb70f8c9000 ---p 00000000 00:00 0 
7fb70f8c9000-7fb70f9c9000 rw-p 00000000 00:00 0                          [stack:25470]
7fb70f9c9000-7fb70f9ca000 ---p 00000000 00:00 0 
7fb70f9ca000-7fb70faca000 rw-p 00000000 00:00 0                          [stack:25469]
7fb70faca000-7fb70facb000 ---p 00000000 00:00 0 
7fb70facb000-7fb70fbd6000 rw-p 00000000 00:00 0                          [stack:25468]
7fb70fbd6000-7fb70fc1e000 rw-p 00000000 00:00 0 
7fb70fc1e000-7fb70fc31000 rw-p 00000000 00:00 0 
7fb70fc31000-7fb70fd52000 rw-p 00000000 00:00 0 
7fb70fd52000-7fb70fd5d000 rw-p 00000000 00:00 0 
7fb70fd5d000-7fb70fda5000 rw-p 00000000 00:00 0 
7fb70fda5000-7fb70fdb8000 rw-p 00000000 00:00 0 
7fb70fdb8000-7fb70fed8000 rw-p 00000000 00:00 0 
7fb70fed8000-7fb70ff3f000 rw-p 00000000 00:00 0 
7fb70ff3f000-7fb70ff72000 rw-p 00000000 00:00 0 
7fb70ff72000-7fb70ff73000 rw-p 00000000 00:00 0 
7fb70ff73000-7fb7101e3000 rwxp 00000000 00:00 0 
7fb7101e3000-7fb712f73000 rw-p 00000000 00:00 0 
7fb712f73000-7fb712f7b000 r-xp 00000000 08:05 405699                     /usr/lib/jvm/java-7-openjdk-amd64/jre/lib/amd64/libzip.so
7fb712f7b000-7fb71317a000 ---p 00008000 08:05 405699                     /usr/lib/jvm/java-7-openjdk-amd64/jre/lib/amd64/libzip.so
7fb71317a000-7fb71317b000 r--p 00007000 08:05 405699                     /usr/lib/jvm/java-7-openjdk-amd64/jre/lib/amd64/libzip.so
7fb71317b000-7fb71317c000 rw-p 00008000 08:05 405699                     /usr/lib/jvm/java-7-openjdk-amd64/jre/lib/amd64/libzip.so
7fb71317c000-7fb713187000 r-xp 00000000 08:05 2630622                    /lib/x86_64-linux-gnu/libnss_files-2.19.so
7fb713187000-7fb713386000 ---p 0000b000 08:05 2630622                    /lib/x86_64-linux-gnu/libnss_files-2.19.so
7fb713386000-7fb713387000 r--p 0000a000 08:05 2630622                    /lib/x86_64-linux-gnu/libnss_files-2.19.so
7fb713387000-7fb713388000 rw-p 0000b000 08:05 2630622                    /lib/x86_64-linux-gnu/libnss_files-2.19.so
7fb713388000-7fb713393000 r-xp 00000000 08:05 2630623                    /lib/x86_64-linux-gnu/libnss_nis-2.19.so
7fb713393000-7fb713592000 ---p 0000b000 08:05 2630623                    /lib/x86_64-linux-gnu/libnss_nis-2.19.so
7fb713592000-7fb713593000 r--p 0000a000 08:05 2630623                    /lib/x86_64-linux-gnu/libnss_nis-2.19.so
7fb713593000-7fb713594000 rw-p 0000b000 08:05 2630623                    /lib/x86_64-linux-gnu/libnss_nis-2.19.so
7fb713594000-7fb7135ab000 r-xp 00000000 08:05 2630609                    /lib/x86_64-linux-gnu/libnsl-2.19.so
7fb7135ab000-7fb7137aa000 ---p 00017000 08:05 2630609                    /lib/x86_64-linux-gnu/libnsl-2.19.so
7fb7137aa000-7fb7137ab000 r--p 00016000 08:05 2630609                    /lib/x86_64-linux-gnu/libnsl-2.19.so
7fb7137ab000-7fb7137ac000 rw-p 00017000 08:05 2630609                    /lib/x86_64-linux-gnu/libnsl-2.19.so
7fb7137ac000-7fb7137ae000 rw-p 00000000 00:00 0 
7fb7137ae000-7fb7137b7000 r-xp 00000000 08:05 2630605                    /lib/x86_64-linux-gnu/libnss_compat-2.19.so
7fb7137b7000-7fb7139b6000 ---p 00009000 08:05 2630605                    /lib/x86_64-linux-gnu/libnss_compat-2.19.so
7fb7139b6000-7fb7139b7000 r--p 00008000 08:05 2630605                    /lib/x86_64-linux-gnu/libnss_compat-2.19.so
7fb7139b7000-7fb7139b8000 rw-p 00009000 08:05 2630605                    /lib/x86_64-linux-gnu/libnss_compat-2.19.so
7fb7139b8000-7fb7139e3000 r-xp 00000000 08:05 405693                     /usr/lib/jvm/java-7-openjdk-amd64/jre/lib/amd64/libjava.so
7fb7139e3000-7fb713be3000 ---p 0002b000 08:05 405693                     /usr/lib/jvm/java-7-openjdk-amd64/jre/lib/amd64/libjava.so
7fb713be3000-7fb713be4000 r--p 0002b000 08:05 405693                     /usr/lib/jvm/java-7-openjdk-amd64/jre/lib/amd64/libjava.so
7fb713be4000-7fb713be6000 rw-p 0002c000 08:05 405693                     /usr/lib/jvm/java-7-openjdk-amd64/jre/lib/amd64/libjava.so
7fb713be6000-7fb713bf6000 r-xp 00000000 08:05 427259                     /usr/lib/jvm/java-7-openjdk-amd64/jre/lib/amd64/libverify.so
7fb713bf6000-7fb713df5000 ---p 00010000 08:05 427259                     /usr/lib/jvm/java-7-openjdk-amd64/jre/lib/amd64/libverify.so
7fb713df5000-7fb713df7000 r--p 0000f000 08:05 427259                     /usr/lib/jvm/java-7-openjdk-amd64/jre/lib/amd64/libverify.so
7fb713df7000-7fb713df8000 rw-p 00011000 08:05 427259                     /usr/lib/jvm/java-7-openjdk-amd64/jre/lib/amd64/libverify.so
7fb713df8000-7fb713dff000 r-xp 00000000 08:05 2630611                    /lib/x86_64-linux-gnu/librt-2.19.so
7fb713dff000-7fb713ffe000 ---p 00007000 08:05 2630611                    /lib/x86_64-linux-gnu/librt-2.19.so
7fb713ffe000-7fb713fff000 r--p 00006000 08:05 2630611                    /lib/x86_64-linux-gnu/librt-2.19.so
7fb713fff000-7fb714000000 rw-p 00007000 08:05 2630611                    /lib/x86_64-linux-gnu/librt-2.19.so
7fb714000000-7fb71442b000 rw-p 00000000 00:00 0 
7fb71442b000-7fb718000000 ---p 00000000 00:00 0 
7fb718000000-7fb718001000 r--s 00000000 00:15 14551                      /run/user/1000/dconf/user
7fb718001000-7fb718005000 r--p 00000000 08:05 135245                     /usr/share/locale-langpack/en_AU/LC_MESSAGES/gtk20-properties.mo
7fb718005000-7fb71802d000 rw-p 00000000 00:00 0 
7fb71802d000-7fb718043000 r-xp 00000000 08:05 2622636                    /lib/x86_64-linux-gnu/libgcc_s.so.1
7fb718043000-7fb718242000 ---p 00016000 08:05 2622636                    /lib/x86_64-linux-gnu/libgcc_s.so.1
7fb718242000-7fb718243000 rw-p 00015000 08:05 2622636                    /lib/x86_64-linux-gnu/libgcc_s.so.1
7fb718243000-7fb718348000 r-xp 00000000 08:05 2630618                    /lib/x86_64-linux-gnu/libm-2.19.so
7fb718348000-7fb718547000 ---p 00105000 08:05 2630618                    /lib/x86_64-linux-gnu/libm-2.19.so
7fb718547000-7fb718548000 r--p 00104000 08:05 2630618                    /lib/x86_64-linux-gnu/libm-2.19.so
7fb718548000-7fb718549000 rw-p 00105000 08:05 2630618                    /lib/x86_64-linux-gnu/libm-2.19.so
7fb718549000-7fb71862f000 r-xp 00000000 08:05 3022467                    /usr/lib/x86_64-linux-gnu/libstdc++.so.6.0.19
7fb71862f000-7fb71882e000 ---p 000e6000 08:05 3022467                    /usr/lib/x86_64-linux-gnu/libstdc++.so.6.0.19
7fb71882e000-7fb718836000 r--p 000e5000 08:05 3022467                    /usr/lib/x86_64-linux-gnu/libstdc++.so.6.0.19
7fb718836000-7fb718838000 rw-p 000ed000 08:05 3022467                    /usr/lib/x86_64-linux-gnu/libstdc++.so.6.0.19
7fb718838000-7fb71884d000 rw-p 00000000 00:00 0 
7fb71884d000-7fb719363000 r-xp 00000000 08:05 427271                     /usr/lib/jvm/java-7-openjdk-amd64/jre/lib/amd64/server/libjvm.so
7fb719363000-7fb719562000 ---p 00b16000 08:05 427271                     /usr/lib/jvm/java-7-openjdk-amd64/jre/lib/amd64/server/libjvm.so
7fb719562000-7fb7195fc000 r--p 00b15000 08:05 427271                     /usr/lib/jvm/java-7-openjdk-amd64/jre/lib/amd64/server/libjvm.so
7fb7195fc000-7fb71961f000 rw-p 00baf000 08:05 427271                     /usr/lib/jvm/java-7-openjdk-amd64/jre/lib/amd64/server/libjvm.so
7fb71961f000-7fb71964d000 rw-p 00000000 00:00 0 
7fb71964d000-7fb719665000 r-xp 00000000 08:05 2625711                    /lib/x86_64-linux-gnu/libz.so.1.2.8
7fb719665000-7fb719864000 ---p 00018000 08:05 2625711                    /lib/x86_64-linux-gnu/libz.so.1.2.8
7fb719864000-7fb719865000 r--p 00017000 08:05 2625711                    /lib/x86_64-linux-gnu/libz.so.1.2.8
7fb719865000-7fb719866000 rw-p 00018000 08:05 2625711                    /lib/x86_64-linux-gnu/libz.so.1.2.8
7fb719866000-7fb71987f000 r-xp 00000000 08:05 2630628                    /lib/x86_64-linux-gnu/libpthread-2.19.so
7fb71987f000-7fb719a7e000 ---p 00019000 08:05 2630628                    /lib/x86_64-linux-gnu/libpthread-2.19.so
7fb719a7e000-7fb719a7f000 r--p 00018000 08:05 2630628                    /lib/x86_64-linux-gnu/libpthread-2.19.so
7fb719a7f000-7fb719a80000 rw-p 00019000 08:05 2630628                    /lib/x86_64-linux-gnu/libpthread-2.19.so
7fb719a80000-7fb719a84000 rw-p 00000000 00:00 0 
7fb719a84000-7fb719a87000 r-xp 00000000 08:05 2630627                    /lib/x86_64-linux-gnu/libdl-2.19.so
7fb719a87000-7fb719c86000 ---p 00003000 08:05 2630627                    /lib/x86_64-linux-gnu/libdl-2.19.so
7fb719c86000-7fb719c87000 r--p 00002000 08:05 2630627                    /lib/x86_64-linux-gnu/libdl-2.19.so
7fb719c87000-7fb719c88000 rw-p 00003000 08:05 2630627                    /lib/x86_64-linux-gnu/libdl-2.19.so
7fb719c88000-7fb719e43000 r-xp 00000000 08:05 2630615                    /lib/x86_64-linux-gnu/libc-2.19.so
7fb719e43000-7fb71a043000 ---p 001bb000 08:05 2630615                    /lib/x86_64-linux-gnu/libc-2.19.so
7fb71a043000-7fb71a047000 r--p 001bb000 08:05 2630615                    /lib/x86_64-linux-gnu/libc-2.19.so
7fb71a047000-7fb71a049000 rw-p 001bf000 08:05 2630615                    /lib/x86_64-linux-gnu/libc-2.19.so
7fb71a049000-7fb71a04e000 rw-p 00000000 00:00 0 
7fb71a04e000-7fb71a05b000 r-xp 00000000 08:05 427276                     /usr/lib/jvm/java-7-openjdk-amd64/jre/lib/amd64/jli/libjli.so
7fb71a05b000-7fb71a25a000 ---p 0000d000 08:05 427276                     /usr/lib/jvm/java-7-openjdk-amd64/jre/lib/amd64/jli/libjli.so
7fb71a25a000-7fb71a25b000 r--p 0000c000 08:05 427276                     /usr/lib/jvm/java-7-openjdk-amd64/jre/lib/amd64/jli/libjli.so
7fb71a25b000-7fb71a25c000 rw-p 0000d000 08:05 427276                     /usr/lib/jvm/java-7-openjdk-amd64/jre/lib/amd64/jli/libjli.so
7fb71a25c000-7fb71a27f000 r-xp 00000000 08:05 2630616                    /lib/x86_64-linux-gnu/ld-2.19.so
7fb71a27f000-7fb71a280000 r--p 00000000 08:05 135106                     /usr/share/locale-langpack/en_AU/LC_MESSAGES/glib20.mo
7fb71a280000-7fb71a282000 r--p 00000000 08:05 135117                     /usr/share/locale-langpack/en_AU/LC_MESSAGES/gtk20.mo
7fb71a282000-7fb71a283000 r--p 00000000 08:05 137937                     /usr/share/locale-langpack/en_AU/LC_MESSAGES/libc.mo
7fb71a283000-7fb71a284000 r--s 00005000 08:05 1844121                    /home/mark/Downloads/json-simple-1.1.1.jar
7fb71a284000-7fb71a288000 r--s 00085000 08:05 427287                     /usr/lib/jvm/java-7-openjdk-amd64/jre/lib/ext/localedata.jar
7fb71a288000-7fb71a28b000 r--s 0003c000 08:05 427460                     /usr/lib/jvm/java-7-openjdk-amd64/jre/lib/ext/sunpkcs11.jar
7fb71a28b000-7fb71a28e000 r--s 0000f000 08:05 427288                     /usr/lib/jvm/java-7-openjdk-amd64/jre/lib/ext/pulse-java.jar
7fb71a28e000-7fb71a290000 r--s 00006000 08:05 3282004                    /usr/share/java/java-atk-wrapper.jar
7fb71a290000-7fb71a291000 r--s 00002000 08:05 427293                     /usr/lib/jvm/java-7-openjdk-amd64/jre/lib/ext/dnsns.jar
7fb71a291000-7fb71a293000 r--s 00012000 08:05 427289                     /usr/lib/jvm/java-7-openjdk-amd64/jre/lib/ext/zipfs.jar
7fb71a293000-7fb71a29d000 rw-p 00000000 00:00 0 
7fb71a29d000-7fb71a353000 rw-p 00000000 00:00 0 
7fb71a353000-7fb71a356000 ---p 00000000 00:00 0 
7fb71a356000-7fb71a459000 rw-p 00000000 00:00 0                          [stack:25467]
7fb71a459000-7fb71a45c000 r--s 00032000 08:05 427291                     /usr/lib/jvm/java-7-openjdk-amd64/jre/lib/ext/sunjce_provider.jar
7fb71a45c000-7fb71a472000 rw-p 00000000 00:00 0 
7fb71a472000-7fb71a47a000 rw-s 00000000 08:05 1852767                    /tmp/hsperfdata_mark/25463
7fb71a47a000-7fb71a47b000 rw-p 00000000 00:00 0 
7fb71a47b000-7fb71a47c000 ---p 00000000 00:00 0 
7fb71a47c000-7fb71a47e000 rw-p 00000000 00:00 0 
7fb71a47e000-7fb71a47f000 r--p 00022000 08:05 2630616                    /lib/x86_64-linux-gnu/ld-2.19.so
7fb71a47f000-7fb71a480000 rw-p 00023000 08:05 2630616                    /lib/x86_64-linux-gnu/ld-2.19.so
7fb71a480000-7fb71a481000 rw-p 00000000 00:00 0 
7fff2041f000-7fff20440000 rw-p 00000000 00:00 0                          [stack]
7fff20548000-7fff2054a000 r-xp 00000000 00:00 0                          [vdso]
ffffffffff600000-ffffffffff601000 r-xp 00000000 00:00 0                  [vsyscall]

VM Arguments:
jvm_args: -Dfile.encoding=UTF-8 
java_command: capstone.gui.CapstoneApplication
Launcher Type: SUN_STANDARD

Environment Variables:
PATH=/usr/local/sbin:/usr/local/bin:/usr/sbin:/usr/bin:/sbin:/bin:/usr/games:/usr/local/games
USERNAME=mark
LD_LIBRARY_PATH=/usr/lib/jvm/java-7-openjdk-amd64/jre/lib/amd64:/usr/lib/jvm/java-7-openjdk-amd64/jre/lib/i386:
SHELL=/bin/bash
DISPLAY=:0.0

Signal Handlers:
SIGSEGV: [libjvm.so+0x949110], sa_mask[0]=0x7ffbfeff, sa_flags=0x10000004
SIGBUS: [libjvm.so+0x949110], sa_mask[0]=0x7ffbfeff, sa_flags=0x10000004
SIGFPE: [libjvm.so+0x7c2e80], sa_mask[0]=0x7ffbfeff, sa_flags=0x10000004
SIGPIPE: SIG_IGN, sa_mask[0]=0x00001000, sa_flags=0x10000000
SIGXFSZ: [libjvm.so+0x7c2e80], sa_mask[0]=0x7ffbfeff, sa_flags=0x10000004
SIGILL: [libjvm.so+0x7c2e80], sa_mask[0]=0x7ffbfeff, sa_flags=0x10000004
SIGUSR1: SIG_DFL, sa_mask[0]=0x00000000, sa_flags=0x00000000
SIGUSR2: [libjvm.so+0x7c2d20], sa_mask[0]=0x00000004, sa_flags=0x10000004
SIGHUP: [libjvm.so+0x7c2f00], sa_mask[0]=0x7ffbfeff, sa_flags=0x10000004
SIGINT: SIG_IGN, sa_mask[0]=0x00000000, sa_flags=0x00000000
SIGTERM: [libjvm.so+0x7c2f00], sa_mask[0]=0x7ffbfeff, sa_flags=0x10000004
SIGQUIT: [libjvm.so+0x7c2f00], sa_mask[0]=0x7ffbfeff, sa_flags=0x10000004
SIGTRAP: SIG_DFL, sa_mask[0]=0x00000000, sa_flags=0x00000000


---------------  S Y S T E M  ---------------

OS:Ubuntu 14.04 (trusty)
uname:Linux 3.13.0-36-generic #63-Ubuntu SMP Wed Sep 3 21:30:07 UTC 2014 x86_64
libc:glibc 2.19 NPTL 2.19 
rlimit: STACK 8192k, CORE 0k, NPROC 29315, NOFILE 4096, AS infinity
load average:1.67 1.39 1.37

/proc/meminfo:
MemTotal:        3774016 kB
MemFree:          120780 kB
Buffers:            3204 kB
Cached:           204276 kB
SwapCached:            0 kB
Active:          3216884 kB
Inactive:         169832 kB
Active(anon):    3180676 kB
Inactive(anon):   135540 kB
Active(file):      36208 kB
Inactive(file):    34292 kB
Unevictable:          32 kB
Mlocked:              32 kB
SwapTotal:             0 kB
SwapFree:              0 kB
Dirty:               168 kB
Writeback:           368 kB
AnonPages:       3179768 kB
Mapped:           117436 kB
Shmem:            136524 kB
Slab:              61872 kB
SReclaimable:      29212 kB
SUnreclaim:        32660 kB
KernelStack:        5000 kB
PageTables:        40864 kB
NFS_Unstable:          0 kB
Bounce:                0 kB
WritebackTmp:          0 kB
CommitLimit:     1887008 kB
Committed_AS:    6291100 kB
VmallocTotal:   34359738367 kB
VmallocUsed:      548412 kB
VmallocChunk:   34359181404 kB
HardwareCorrupted:     0 kB
AnonHugePages:   2035712 kB
HugePages_Total:       0
HugePages_Free:        0
HugePages_Rsvd:        0
HugePages_Surp:        0
Hugepagesize:       2048 kB
DirectMap4k:       58176 kB
DirectMap2M:     3858432 kB


CPU:total 4 (2 cores per cpu, 2 threads per core) family 6 model 37 stepping 5, cmov, cx8, fxsr, mmx, sse, sse2, sse3, ssse3, sse4.1, sse4.2, popcnt, ht, tsc, tscinvbit

/proc/cpuinfo:
processor	: 0
vendor_id	: GenuineIntel
cpu family	: 6
model		: 37
model name	: Intel(R) Core(TM) i3 CPU       M 370  @ 2.40GHz
stepping	: 5
microcode	: 0x2
cpu MHz		: 2399.000
cache size	: 3072 KB
physical id	: 0
siblings	: 4
core id		: 0
cpu cores	: 2
apicid		: 0
initial apicid	: 0
fpu		: yes
fpu_exception	: yes
cpuid level	: 11
wp		: yes
flags		: fpu vme de pse tsc msr pae mce cx8 apic sep mtrr pge mca cmov pat pse36 clflush dts acpi mmx fxsr sse sse2 ss ht tm pbe syscall nx rdtscp lm constant_tsc arch_perfmon pebs bts rep_good nopl xtopology nonstop_tsc aperfmperf pni dtes64 monitor ds_cpl vmx est tm2 ssse3 cx16 xtpr pdcm pcid sse4_1 sse4_2 popcnt lahf_lm arat dtherm tpr_shadow vnmi flexpriority ept vpid
bogomips	: 4788.13
clflush size	: 64
cache_alignment	: 64
address sizes	: 36 bits physical, 48 bits virtual
power management:

processor	: 1
vendor_id	: GenuineIntel
cpu family	: 6
model		: 37
model name	: Intel(R) Core(TM) i3 CPU       M 370  @ 2.40GHz
stepping	: 5
microcode	: 0x2
cpu MHz		: 2399.000
cache size	: 3072 KB
physical id	: 0
siblings	: 4
core id		: 0
cpu cores	: 2
apicid		: 1
initial apicid	: 1
fpu		: yes
fpu_exception	: yes
cpuid level	: 11
wp		: yes
flags		: fpu vme de pse tsc msr pae mce cx8 apic sep mtrr pge mca cmov pat pse36 clflush dts acpi mmx fxsr sse sse2 ss ht tm pbe syscall nx rdtscp lm constant_tsc arch_perfmon pebs bts rep_good nopl xtopology nonstop_tsc aperfmperf pni dtes64 monitor ds_cpl vmx est tm2 ssse3 cx16 xtpr pdcm pcid sse4_1 sse4_2 popcnt lahf_lm arat dtherm tpr_shadow vnmi flexpriority ept vpid
bogomips	: 4788.13
clflush size	: 64
cache_alignment	: 64
address sizes	: 36 bits physical, 48 bits virtual
power management:

processor	: 2
vendor_id	: GenuineIntel
cpu family	: 6
model		: 37
model name	: Intel(R) Core(TM) i3 CPU       M 370  @ 2.40GHz
stepping	: 5
microcode	: 0x2
cpu MHz		: 2266.000
cache size	: 3072 KB
physical id	: 0
siblings	: 4
core id		: 2
cpu cores	: 2
apicid		: 4
initial apicid	: 4
fpu		: yes
fpu_exception	: yes
cpuid level	: 11
wp		: yes
flags		: fpu vme de pse tsc msr pae mce cx8 apic sep mtrr pge mca cmov pat pse36 clflush dts acpi mmx fxsr sse sse2 ss ht tm pbe syscall nx rdtscp lm constant_tsc arch_perfmon pebs bts rep_good nopl xtopology nonstop_tsc aperfmperf pni dtes64 monitor ds_cpl vmx est tm2 ssse3 cx16 xtpr pdcm pcid sse4_1 sse4_2 popcnt lahf_lm arat dtherm tpr_shadow vnmi flexpriority ept vpid
bogomips	: 4788.13
clflush size	: 64
cache_alignment	: 64
address sizes	: 36 bits physical, 48 bits virtual
power management:

processor	: 3
vendor_id	: GenuineIntel
cpu family	: 6
model		: 37
model name	: Intel(R) Core(TM) i3 CPU       M 370  @ 2.40GHz
stepping	: 5
microcode	: 0x2
cpu MHz		: 1066.000
cache size	: 3072 KB
physical id	: 0
siblings	: 4
core id		: 2
cpu cores	: 2
apicid		: 5
initial apicid	: 5
fpu		: yes
fpu_exception	: yes
cpuid level	: 11
wp		: yes
flags		: fpu vme de pse tsc msr pae mce cx8 apic sep mtrr pge mca cmov pat pse36 clflush dts acpi mmx fxsr sse sse2 ss ht tm pbe syscall nx rdtscp lm constant_tsc arch_perfmon pebs bts rep_good nopl xtopology nonstop_tsc aperfmperf pni dtes64 monitor ds_cpl vmx est tm2 ssse3 cx16 xtpr pdcm pcid sse4_1 sse4_2 popcnt lahf_lm arat dtherm tpr_shadow vnmi flexpriority ept vpid
bogomips	: 4788.13
clflush size	: 64
cache_alignment	: 64
address sizes	: 36 bits physical, 48 bits virtual
power management:



Memory: 4k page, physical 3774016k(120780k free), swap 0k(0k free)

vm_info: OpenJDK 64-Bit Server VM (24.65-b04) for linux-amd64 JRE (1.7.0_65-b32), built on Aug 23 2014 13:33:31 by "buildd" with gcc 4.8.2

time: Thu Sep 11 02:13:49 2014
elapsed time: 1 seconds

