#
# There is insufficient memory for the Java Runtime Environment to continue.
# Native memory allocation (malloc) failed to allocate 10485760 bytes for committing reserved memory.
# Possible reasons:
#   The system is out of physical RAM or swap space
#   In 32 bit mode, the process size limit was hit
# Possible solutions:
#   Reduce memory load on the system
#   Increase physical memory or swap space
#   Check if swap backing store is full
#   Use 64 bit Java on a 64 bit OS
#   Decrease Java heap size (-Xmx/-Xms)
#   Decrease number of Java threads
#   Decrease Java thread stack sizes (-Xss)
#   Set larger code cache with -XX:ReservedCodeCacheSize=
# This output file may be truncated or incomplete.
#
#  Out of Memory Error (os_linux.cpp:2798), pid=1203, tid=140727184439040
#
# JRE version: OpenJDK Runtime Environment (7.0_65-b32) (build 1.7.0_65-b32)
# Java VM: OpenJDK 64-Bit Server VM (24.65-b04 mixed mode linux-amd64 compressed oops)
# Failed to write core dump. Core dumps have been disabled. To enable core dumping, try "ulimit -c unlimited" before starting Java again
#

---------------  T H R E A D  ---------------

Current thread (0x00007ffdec46a000):  JavaThread "Thread-0" [_thread_in_vm, id=1231, stack(0x00007ffd99c6b000,0x00007ffd99d6c000)]

Stack: [0x00007ffd99c6b000,0x00007ffd99d6c000],  sp=0x00007ffd99d6a3c0,  free space=1020k
Native frames: (J=compiled Java code, j=interpreted, Vv=VM code, C=native code)
V  [libjvm.so+0x948635]  VMError::report_and_die()+0x175
V  [libjvm.so+0x48b904]  report_vm_out_of_memory(char const*, int, unsigned long, char const*)+0x74
V  [libjvm.so+0x7c766b]  os::pd_commit_memory(char*, unsigned long, unsigned long, bool)+0xeb
V  [libjvm.so+0x7c212f]  os::commit_memory(char*, unsigned long, unsigned long, bool)+0x1f
V  [libjvm.so+0x8338bb]  PSVirtualSpace::expand_by(unsigned long)+0x5b
V  [libjvm.so+0x82360b]  PSOldGen::expand_by(unsigned long) [clone .part.80]+0x1b
V  [libjvm.so+0x8237cb]  PSOldGen::expand(unsigned long) [clone .part.81]+0xdb
V  [libjvm.so+0x8240a8]  PSOldGen::allocate(unsigned long)+0xf8
V  [libjvm.so+0x7e7b2e]  ParallelScavengeHeap::mem_allocate(unsigned long, bool*)+0x10e
V  [libjvm.so+0x914b3a]  typeArrayKlass::allocate_common(int, bool, Thread*)+0x2ca
V  [libjvm.so+0x8552c6]  OptoRuntime::new_array_nozero_C(klassOopDesc*, int, JavaThread*)+0x26

Java frames: (J=compiled Java code, j=interpreted, Vv=VM code)
v  ~RuntimeStub::_new_array_nozero_Java
J 34 C2 java.lang.StringBuilder.append(Ljava/lang/String;)Ljava/lang/StringBuilder; (8 bytes) @ 0x00007ffde8a7adbc [0x00007ffde8a7ab40+0x27c]
j  capstone.yelpmodel.JSONWrapper.<init>(Ljava/io/File;)V+97
j  capstone.yelpmodel.Business.<init>(Ljava/io/File;)V+2
j  capstone.yelpmodel.YelpModel.<init>(Ljava/lang/String;Lcapstone/yelpmodel/YelpModel$YelpModelLoaderUI;)V+83
j  capstone.gui.YelpModelLoader.run()V+103
v  ~StubRoutines::call_stub

---------------  P R O C E S S  ---------------

Java Threads: ( => current thread )
  0x00007ffdec00a000 JavaThread "DestroyJavaVM" [_thread_blocked, id=1207, stack(0x00007ffdf2edc000,0x00007ffdf2fdd000)]
=>0x00007ffdec46a000 JavaThread "Thread-0" [_thread_in_vm, id=1231, stack(0x00007ffd99c6b000,0x00007ffd99d6c000)]
  0x00007ffdec468800 JavaThread "TimerQueue" daemon [_thread_blocked, id=1230, stack(0x00007ffd99d6c000,0x00007ffd99e6d000)]
  0x00007ffdec3c4800 JavaThread "AWT-EventQueue-0" [_thread_in_native, id=1229, stack(0x00007ffd99e6d000,0x00007ffd99f6e000)]
  0x00007ffdec3c1000 JavaThread "AWT-Shutdown" [_thread_blocked, id=1228, stack(0x00007ffda4037000,0x00007ffda4138000)]
  0x00007ffdec210800 JavaThread "AWT-XAWT" daemon [_thread_in_native, id=1221, stack(0x00007ffdb1e59000,0x00007ffdb1f5a000)]
  0x00007ffdec1ef800 JavaThread "Java2D Disposer" daemon [_thread_blocked, id=1220, stack(0x00007ffde00c1000,0x00007ffde01c2000)]
  0x00007ffdec0a6000 JavaThread "Service Thread" daemon [_thread_blocked, id=1218, stack(0x00007ffde0594000,0x00007ffde0695000)]
  0x00007ffdec0a3800 JavaThread "C2 CompilerThread1" daemon [_thread_blocked, id=1217, stack(0x00007ffde0695000,0x00007ffde0796000)]
  0x00007ffdec0a0800 JavaThread "C2 CompilerThread0" daemon [_thread_blocked, id=1216, stack(0x00007ffde0796000,0x00007ffde0897000)]
  0x00007ffdec09e800 JavaThread "Signal Dispatcher" daemon [_thread_blocked, id=1215, stack(0x00007ffde0897000,0x00007ffde0998000)]
  0x00007ffdec07b800 JavaThread "Finalizer" daemon [_thread_blocked, id=1214, stack(0x00007ffde0998000,0x00007ffde0a99000)]
  0x00007ffdec079800 JavaThread "Reference Handler" daemon [_thread_blocked, id=1213, stack(0x00007ffde0a99000,0x00007ffde0b9a000)]

Other Threads:
  0x00007ffdec075800 VMThread [stack: 0x00007ffde0b9a000,0x00007ffde0c9b000] [id=1212]
  0x00007ffdec0b0800 WatcherThread [stack: 0x00007ffde0493000,0x00007ffde0594000] [id=1219]

VM state:not at safepoint (normal execution)

VM Mutex/Monitor currently owned by a thread:  ([mutex/lock_event])
[0x00007ffdec005ed0] ExpandHeap_lock - owner thread: 0x00007ffdec46a000
[0x00007ffdec006a50] Heap_lock - owner thread: 0x00007ffdec46a000

Heap
 PSYoungGen      total 290816K, used 272748K [0x00000000ecc80000, 0x0000000100000000, 0x0000000100000000)
  eden space 268288K, 99% used [0x00000000ecc80000,0x00000000fd1eda28,0x00000000fd280000)
  from space 22528K, 22% used [0x00000000fe900000,0x00000000feded710,0x00000000fff00000)
  to   space 23040K, 0% used [0x00000000fd280000,0x00000000fd280000,0x00000000fe900000)
 ParOldGen       total 619008K, used 618502K [0x00000000c6600000, 0x00000000ec280000, 0x00000000ecc80000)
  object space 619008K, 99% used [0x00000000c6600000,0x00000000ec201938,0x00000000ec280000)
 PSPermGen       total 25600K, used 14333K [0x00000000bc000000, 0x00000000bd900000, 0x00000000c6600000)
  object space 25600K, 55% used [0x00000000bc000000,0x00000000bcdff590,0x00000000bd900000)

Card table byte_map: [0x00007ffde87be000,0x00007ffde89df000] byte_map_base: 0x00007ffde81de000

Polling page: 0x00007ffdf3004000

Code Cache  [0x00007ffde89df000, 0x00007ffde8c4f000, 0x00007ffdeb9df000)
 total_blobs=557 nmethods=62 adapters=449 free_code_cache=48511Kb largest_free_block=49652672

Compilation events (10 events):
Event: 23.957 Thread 0x00007ffdec0a3800   58             java.lang.Math::getExponent (5 bytes)
Event: 23.958 Thread 0x00007ffdec0a3800 nmethod 58 0x00007ffde8a761d0 code [0x00007ffde8a76300, 0x00007ffde8a76358]
Event: 24.306 Thread 0x00007ffdec0a0800   59             java.awt.Component::getWidth (5 bytes)
Event: 24.307 Thread 0x00007ffdec0a3800   60             java.awt.Component::getHeight (5 bytes)
Event: 24.307 Thread 0x00007ffdec0a0800 nmethod 59 0x00007ffde8a75fd0 code [0x00007ffde8a76100, 0x00007ffde8a76158]
Event: 24.308 Thread 0x00007ffdec0a3800 nmethod 60 0x00007ffde8a75dd0 code [0x00007ffde8a75f00, 0x00007ffde8a75f58]
Event: 25.557 Thread 0x00007ffdec0a0800   61             java.lang.StrictMath::floorOrCeil (128 bytes)
Event: 25.559 Thread 0x00007ffdec0a0800 nmethod 61 0x00007ffde8a75650 code [0x00007ffde8a757a0, 0x00007ffde8a75878]
Event: 26.506 Thread 0x00007ffdec0a3800   62             java.util.concurrent.locks.ReentrantLock$Sync::tryRelease (45 bytes)
Event: 26.507 Thread 0x00007ffdec0a3800 nmethod 62 0x00007ffde8a75b50 code [0x00007ffde8a75c80, 0x00007ffde8a75d38]

GC Heap History (10 events):
Event: 30.322 GC heap before
{Heap before GC invocations=233 (full 7):
 PSYoungGen      total 291840K, used 279774K [0x00000000ecc80000, 0x0000000100000000, 0x0000000100000000)
  eden space 268800K, 98% used [0x00000000ecc80000,0x00000000fcf44528,0x00000000fd300000)
  from space 23040K, 64% used [0x00000000fd300000,0x00000000fe173630,0x00000000fe980000)
  to   space 23040K, 0% used [0x00000000fe980000,0x00000000fe980000,0x0000000100000000)
 ParOldGen       total 434688K, used 429931K [0x00000000c6600000, 0x00000000e0e80000, 0x00000000ecc80000)
  object space 434688K, 98% used [0x00000000c6600000,0x00000000e09daca8,0x00000000e0e80000)
 PSPermGen       total 25600K, used 14332K [0x00000000bc000000, 0x00000000bd900000, 0x00000000c6600000)
  object space 25600K, 55% used [0x00000000bc000000,0x00000000bcdff2c8,0x00000000bd900000)
Event: 30.338 GC heap after
Heap after GC invocations=233 (full 7):
 PSYoungGen      total 291840K, used 14827K [0x00000000ecc80000, 0x0000000100000000, 0x0000000100000000)
  eden space 268800K, 0% used [0x00000000ecc80000,0x00000000ecc80000,0x00000000fd300000)
  from space 23040K, 64% used [0x00000000fe980000,0x00000000ff7fae78,0x0000000100000000)
  to   space 23040K, 0% used [0x00000000fd300000,0x00000000fd300000,0x00000000fe980000)
 ParOldGen       total 434688K, used 429931K [0x00000000c6600000, 0x00000000e0e80000, 0x00000000ecc80000)
  object space 434688K, 98% used [0x00000000c6600000,0x00000000e09daca8,0x00000000e0e80000)
 PSPermGen       total 25600K, used 14332K [0x00000000bc000000, 0x00000000bd900000, 0x00000000c6600000)
  object space 25600K, 55% used [0x00000000bc000000,0x00000000bcdff2c8,0x00000000bd900000)
}
Event: 30.475 GC heap before
{Heap before GC invocations=234 (full 7):
 PSYoungGen      total 291840K, used 280337K [0x00000000ecc80000, 0x0000000100000000, 0x0000000100000000)
  eden space 268800K, 98% used [0x00000000ecc80000,0x00000000fcfc9620,0x00000000fd300000)
  from space 23040K, 64% used [0x00000000fe980000,0x00000000ff7fae78,0x0000000100000000)
  to   space 23040K, 0% used [0x00000000fd300000,0x00000000fd300000,0x00000000fe980000)
 ParOldGen       total 434688K, used 429931K [0x00000000c6600000, 0x00000000e0e80000, 0x00000000ecc80000)
  object space 434688K, 98% used [0x00000000c6600000,0x00000000e09daca8,0x00000000e0e80000)
 PSPermGen       total 25600K, used 14332K [0x00000000bc000000, 0x00000000bd900000, 0x00000000c6600000)
  object space 25600K, 55% used [0x00000000bc000000,0x00000000bcdff2c8,0x00000000bd900000)
Event: 30.485 GC heap after
Heap after GC invocations=234 (full 7):
 PSYoungGen      total 291840K, used 14856K [0x00000000ecc80000, 0x0000000100000000, 0x0000000100000000)
  eden space 268800K, 0% used [0x00000000ecc80000,0x00000000ecc80000,0x00000000fd300000)
  from space 23040K, 64% used [0x00000000fd300000,0x00000000fe182270,0x00000000fe980000)
  to   space 23040K, 0% used [0x00000000fe980000,0x00000000fe980000,0x0000000100000000)
 ParOldGen       total 434688K, used 429931K [0x00000000c6600000, 0x00000000e0e80000, 0x00000000ecc80000)
  object space 434688K, 98% used [0x00000000c6600000,0x00000000e09daca8,0x00000000e0e80000)
 PSPermGen       total 25600K, used 14332K [0x00000000bc000000, 0x00000000bd900000, 0x00000000c6600000)
  object space 25600K, 55% used [0x00000000bc000000,0x00000000bcdff2c8,0x00000000bd900000)
}
Event: 30.589 GC heap before
{Heap before GC invocations=235 (full 7):
 PSYoungGen      total 291840K, used 280888K [0x00000000ecc80000, 0x0000000100000000, 0x0000000100000000)
  eden space 268800K, 98% used [0x00000000ecc80000,0x00000000fd04c018,0x00000000fd300000)
  from space 23040K, 64% used [0x00000000fd300000,0x00000000fe182270,0x00000000fe980000)
  to   space 23040K, 0% used [0x00000000fe980000,0x00000000fe980000,0x0000000100000000)
 ParOldGen       total 434688K, used 429931K [0x00000000c6600000, 0x00000000e0e80000, 0x00000000ecc80000)
  object space 434688K, 98% used [0x00000000c6600000,0x00000000e09daca8,0x00000000e0e80000)
 PSPermGen       total 25600K, used 14332K [0x00000000bc000000, 0x00000000bd900000, 0x00000000c6600000)
  object space 25600K, 55% used [0x00000000bc000000,0x00000000bcdff2c8,0x00000000bd900000)
Event: 30.597 GC heap after
Heap after GC invocations=235 (full 7):
 PSYoungGen      total 291840K, used 14918K [0x00000000ecc80000, 0x0000000100000000, 0x0000000100000000)
  eden space 268800K, 0% used [0x00000000ecc80000,0x00000000ecc80000,0x00000000fd300000)
  from space 23040K, 64% used [0x00000000fe980000,0x00000000ff811b60,0x0000000100000000)
  to   space 23040K, 0% used [0x00000000fd300000,0x00000000fd300000,0x00000000fe980000)
 ParOldGen       total 434688K, used 429931K [0x00000000c6600000, 0x00000000e0e80000, 0x00000000ecc80000)
  object space 434688K, 98% used [0x00000000c6600000,0x00000000e09daca8,0x00000000e0e80000)
 PSPermGen       total 25600K, used 14332K [0x00000000bc000000, 0x00000000bd900000, 0x00000000c6600000)
  object space 25600K, 55% used [0x00000000bc000000,0x00000000bcdff2c8,0x00000000bd900000)
}
Event: 30.714 GC heap before
{Heap before GC invocations=236 (full 7):
 PSYoungGen      total 291840K, used 281486K [0x00000000ecc80000, 0x0000000100000000, 0x0000000100000000)
  eden space 268800K, 99% used [0x00000000ecc80000,0x00000000fd0d1e50,0x00000000fd300000)
  from space 23040K, 64% used [0x00000000fe980000,0x00000000ff811b60,0x0000000100000000)
  to   space 23040K, 0% used [0x00000000fd300000,0x00000000fd300000,0x00000000fe980000)
 ParOldGen       total 434688K, used 429931K [0x00000000c6600000, 0x00000000e0e80000, 0x00000000ecc80000)
  object space 434688K, 98% used [0x00000000c6600000,0x00000000e09daca8,0x00000000e0e80000)
 PSPermGen       total 25600K, used 14332K [0x00000000bc000000, 0x00000000bd900000, 0x00000000c6600000)
  object space 25600K, 55% used [0x00000000bc000000,0x00000000bcdff2c8,0x00000000bd900000)
Event: 30.728 GC heap after
Heap after GC invocations=236 (full 7):
 PSYoungGen      total 284160K, used 14914K [0x00000000ecc80000, 0x00000000fff00000, 0x0000000100000000)
  eden space 268800K, 0% used [0x00000000ecc80000,0x00000000ecc80000,0x00000000fd300000)
  from space 15360K, 97% used [0x00000000fd300000,0x00000000fe190b88,0x00000000fe200000)
  to   space 22528K, 0% used [0x00000000fe900000,0x00000000fe900000,0x00000000fff00000)
 ParOldGen       total 434688K, used 429931K [0x00000000c6600000, 0x00000000e0e80000, 0x00000000ecc80000)
  object space 434688K, 98% used [0x00000000c6600000,0x00000000e09daca8,0x00000000e0e80000)
 PSPermGen       total 25600K, used 14332K [0x00000000bc000000, 0x00000000bd900000, 0x00000000c6600000)
  object space 25600K, 55% used [0x00000000bc000000,0x00000000bcdff2c8,0x00000000bd900000)
}
Event: 30.868 GC heap before
{Heap before GC invocations=237 (full 7):
 PSYoungGen      total 284160K, used 282004K [0x00000000ecc80000, 0x00000000fff00000, 0x0000000100000000)
  eden space 268800K, 99% used [0x00000000ecc80000,0x00000000fd154478,0x00000000fd300000)
  from space 15360K, 97% used [0x00000000fd300000,0x00000000fe190b88,0x00000000fe200000)
  to   space 22528K, 0% used [0x00000000fe900000,0x00000000fe900000,0x00000000fff00000)
 ParOldGen       total 444928K, used 439830K [0x00000000c6600000, 0x00000000e1880000, 0x00000000ecc80000)
  object space 444928K, 98% used [0x00000000c6600000,0x00000000e1385ab8,0x00000000e1880000)
 PSPermGen       total 25600K, used 14332K [0x00000000bc000000, 0x00000000bd900000, 0x00000000c6600000)
  object space 25600K, 55% used [0x00000000bc000000,0x00000000bcdff2c8,0x00000000bd900000)
Event: 30.877 GC heap after
Heap after GC invocations=237 (full 7):
 PSYoungGen      total 290816K, used 5045K [0x00000000ecc80000, 0x0000000100000000, 0x0000000100000000)
  eden space 268288K, 0% used [0x00000000ecc80000,0x00000000ecc80000,0x00000000fd280000)
  from space 22528K, 22% used [0x00000000fe900000,0x00000000feded710,0x00000000fff00000)
  to   space 23040K, 0% used [0x00000000fd280000,0x00000000fd280000,0x00000000fe900000)
 ParOldGen       total 444928K, used 439830K [0x00000000c6600000, 0x00000000e1880000, 0x00000000ecc80000)
  object space 444928K, 98% used [0x00000000c6600000,0x00000000e1385ab8,0x00000000e1880000)
 PSPermGen       total 25600K, used 14332K [0x00000000bc000000, 0x00000000bd900000, 0x00000000c6600000)
  object space 25600K, 55% used [0x00000000bc000000,0x00000000bcdff2c8,0x00000000bd900000)
}

Deoptimization events (8 events):
Event: 0.325 Thread 0x00007ffdec00a000 Uncommon trap: reason=class_check action=maybe_recompile pc=0x00007ffde8a5dbb8 method=java.util.Properties$LineReader.readLine()I @ 62
Event: 0.329 Thread 0x00007ffdec00a000 Uncommon trap: reason=class_check action=maybe_recompile pc=0x00007ffde8a5dbb8 method=java.util.Properties$LineReader.readLine()I @ 62
Event: 0.332 Thread 0x00007ffdec00a000 Uncommon trap: reason=class_check action=maybe_recompile pc=0x00007ffde8a5dbb8 method=java.util.Properties$LineReader.readLine()I @ 62
Event: 0.332 Thread 0x00007ffdec00a000 Uncommon trap: reason=class_check action=maybe_recompile pc=0x00007ffde8a5dbb8 method=java.util.Properties$LineReader.readLine()I @ 62
Event: 0.556 Thread 0x00007ffdec00a000 Uncommon trap: reason=class_check action=maybe_recompile pc=0x00007ffde8a5a320 method=java.lang.String.equals(Ljava/lang/Object;)Z @ 8
Event: 0.557 Thread 0x00007ffdec00a000 Uncommon trap: reason=class_check action=maybe_recompile pc=0x00007ffde8a5a320 method=java.lang.String.equals(Ljava/lang/Object;)Z @ 8
Event: 0.557 Thread 0x00007ffdec00a000 Uncommon trap: reason=class_check action=maybe_recompile pc=0x00007ffde8a5a320 method=java.lang.String.equals(Ljava/lang/Object;)Z @ 8
Event: 0.557 Thread 0x00007ffdec00a000 Uncommon trap: reason=class_check action=maybe_recompile pc=0x00007ffde8a5a320 method=java.lang.String.equals(Ljava/lang/Object;)Z @ 8

Internal exceptions (10 events):
Event: 0.599 Thread 0x00007ffdec00a000 Threw 0x00000000ed059780 at /build/buildd/openjdk-7-7u65-2.5.1/build/openjdk/hotspot/src/share/vm/prims/jvm.cpp:1247
Event: 0.600 Thread 0x00007ffdec00a000 Threw 0x00000000ed0600e8 at /build/buildd/openjdk-7-7u65-2.5.1/build/openjdk/hotspot/src/share/vm/prims/jvm.cpp:1247
Event: 0.626 Thread 0x00007ffdec00a000 Threw 0x00000000ed082000 at /build/buildd/openjdk-7-7u65-2.5.1/build/openjdk/hotspot/src/share/vm/prims/jvm.cpp:1247
Event: 0.634 Thread 0x00007ffdec00a000 Threw 0x00000000ed08e760 at /build/buildd/openjdk-7-7u65-2.5.1/build/openjdk/hotspot/src/share/vm/prims/jvm.cpp:1247
Event: 0.640 Thread 0x00007ffdec00a000 Threw 0x00000000ed095008 at /build/buildd/openjdk-7-7u65-2.5.1/build/openjdk/hotspot/src/share/vm/prims/jvm.cpp:1247
Event: 0.720 Thread 0x00007ffdec00a000 Threw 0x00000000ed0c8288 at /build/buildd/openjdk-7-7u65-2.5.1/build/openjdk/hotspot/src/share/vm/prims/jvm.cpp:1247
Event: 0.721 Thread 0x00007ffdec00a000 Threw 0x00000000ed0ccbe8 at /build/buildd/openjdk-7-7u65-2.5.1/build/openjdk/hotspot/src/share/vm/prims/jvm.cpp:1247
Event: 0.810 Thread 0x00007ffdec46a000 Threw 0x00000000ed12dfe8 at /build/buildd/openjdk-7-7u65-2.5.1/build/openjdk/hotspot/src/share/vm/prims/jni.cpp:721
Event: 1.062 Thread 0x00007ffdec3c4800 Threw 0x00000000ecd54a40 at /build/buildd/openjdk-7-7u65-2.5.1/build/openjdk/hotspot/src/share/vm/prims/jni.cpp:747
Event: 2.642 Thread 0x00007ffdec3c4800 Threw 0x00000000f2ed3338 at /build/buildd/openjdk-7-7u65-2.5.1/build/openjdk/hotspot/src/share/vm/prims/jni.cpp:747

Events (10 events):
Event: 30.475 Executing VM operation: ParallelGCFailedAllocation
Event: 30.485 Executing VM operation: ParallelGCFailedAllocation done
Event: 30.589 Executing VM operation: ParallelGCFailedAllocation
Event: 30.597 Executing VM operation: ParallelGCFailedAllocation done
Event: 30.714 Executing VM operation: ParallelGCFailedAllocation
Event: 30.728 Executing VM operation: ParallelGCFailedAllocation done
Event: 30.859 Executing VM operation: ParallelGCFailedAllocation
Event: 30.859 Executing VM operation: ParallelGCFailedAllocation done
Event: 30.859 Executing VM operation: ParallelGCSystemGC
Event: 30.877 Executing VM operation: ParallelGCSystemGC done


Dynamic libraries:
00400000-00401000 r-xp 00000000 08:05 427493                             /usr/lib/jvm/java-7-openjdk-amd64/jre/bin/java
00600000-00601000 r--p 00000000 08:05 427493                             /usr/lib/jvm/java-7-openjdk-amd64/jre/bin/java
00601000-00602000 rw-p 00001000 08:05 427493                             /usr/lib/jvm/java-7-openjdk-amd64/jre/bin/java
01e31000-01e52000 rw-p 00000000 00:00 0                                  [heap]
bc000000-bd900000 rw-p 00000000 00:00 0 
bd900000-bdf80000 ---p 00000000 00:00 0 
bdf80000-c6600000 rw-p 00000000 00:00 0 
c6600000-ec280000 rw-p 00000000 00:00 0 
ecc80000-100000000 rw-p 00000000 00:00 0 
7ffd78000000-7ffd78021000 rw-p 00000000 00:00 0 
7ffd78021000-7ffd7c000000 ---p 00000000 00:00 0 
7ffd7c000000-7ffd7c021000 rw-p 00000000 00:00 0 
7ffd7c021000-7ffd80000000 ---p 00000000 00:00 0 
7ffd80000000-7ffd80021000 rw-p 00000000 00:00 0 
7ffd80021000-7ffd84000000 ---p 00000000 00:00 0 
7ffd84000000-7ffd8408e000 rw-p 00000000 00:00 0 
7ffd8408e000-7ffd88000000 ---p 00000000 00:00 0 
7ffd88000000-7ffd88022000 rw-p 00000000 00:00 0 
7ffd88022000-7ffd8c000000 ---p 00000000 00:00 0 
7ffd8c000000-7ffd8c022000 rw-p 00000000 00:00 0 
7ffd8c022000-7ffd90000000 ---p 00000000 00:00 0 
7ffd90000000-7ffd90021000 rw-p 00000000 00:00 0 
7ffd90021000-7ffd94000000 ---p 00000000 00:00 0 
7ffd94000000-7ffd94022000 rw-p 00000000 00:00 0 
7ffd94022000-7ffd98000000 ---p 00000000 00:00 0 
7ffd99557000-7ffd996b8000 rw-p 00000000 00:00 0 
7ffd996b8000-7ffd99a61000 rw-s 00000000 00:04 451313759                  /SYSV00000000 (deleted)
7ffd99ab2000-7ffd99b8b000 rw-p 00000000 00:00 0 
7ffd99b8b000-7ffd99beb000 rw-s 00000000 00:04 451280990                  /SYSV00000000 (deleted)
7ffd99beb000-7ffd99c6b000 rw-s 00000000 00:04 451248221                  /SYSV00000000 (deleted)
7ffd99c6b000-7ffd99c6e000 ---p 00000000 00:00 0 
7ffd99c6e000-7ffd99d6c000 rw-p 00000000 00:00 0                          [stack:1231]
7ffd99d6c000-7ffd99d6f000 ---p 00000000 00:00 0 
7ffd99d6f000-7ffd99e6d000 rw-p 00000000 00:00 0                          [stack:1230]
7ffd99e6d000-7ffd99e70000 ---p 00000000 00:00 0 
7ffd99e70000-7ffd99f6e000 rw-p 00000000 00:00 0                          [stack:1229]
7ffd99f6e000-7ffd99f6f000 ---p 00000000 00:00 0 
7ffd99f6f000-7ffd9a76f000 rw-p 00000000 00:00 0 
7ffd9a76f000-7ffd9a770000 ---p 00000000 00:00 0 
7ffd9a770000-7ffd9af70000 rw-p 00000000 00:00 0 
7ffd9af70000-7ffd9af71000 ---p 00000000 00:00 0 
7ffd9af71000-7ffd9b771000 rw-p 00000000 00:00 0                          [stack:1224]
7ffd9b771000-7ffd9b7ca000 r-xp 00000000 08:05 3042208                    /usr/lib/x86_64-linux-gnu/libibus-1.0.so.5.0.505
7ffd9b7ca000-7ffd9b9ca000 ---p 00059000 08:05 3042208                    /usr/lib/x86_64-linux-gnu/libibus-1.0.so.5.0.505
7ffd9b9ca000-7ffd9b9cc000 r--p 00059000 08:05 3042208                    /usr/lib/x86_64-linux-gnu/libibus-1.0.so.5.0.505
7ffd9b9cc000-7ffd9b9cd000 rw-p 0005b000 08:05 3042208                    /usr/lib/x86_64-linux-gnu/libibus-1.0.so.5.0.505
7ffd9b9cd000-7ffd9b9ce000 rw-p 00000000 00:00 0 
7ffd9b9ce000-7ffd9b9d4000 r-xp 00000000 08:05 3166609                    /usr/lib/x86_64-linux-gnu/gtk-2.0/2.10.0/immodules/im-ibus.so
7ffd9b9d4000-7ffd9bbd4000 ---p 00006000 08:05 3166609                    /usr/lib/x86_64-linux-gnu/gtk-2.0/2.10.0/immodules/im-ibus.so
7ffd9bbd4000-7ffd9bbd5000 r--p 00006000 08:05 3166609                    /usr/lib/x86_64-linux-gnu/gtk-2.0/2.10.0/immodules/im-ibus.so
7ffd9bbd5000-7ffd9bbd6000 rw-p 00007000 08:05 3166609                    /usr/lib/x86_64-linux-gnu/gtk-2.0/2.10.0/immodules/im-ibus.so
7ffd9bbd6000-7ffd9bbe6000 r-xp 00000000 08:05 427273                     /usr/lib/jvm/java-7-openjdk-amd64/jre/lib/amd64/libnio.so
7ffd9bbe6000-7ffd9bde6000 ---p 00010000 08:05 427273                     /usr/lib/jvm/java-7-openjdk-amd64/jre/lib/amd64/libnio.so
7ffd9bde6000-7ffd9bde7000 r--p 00010000 08:05 427273                     /usr/lib/jvm/java-7-openjdk-amd64/jre/lib/amd64/libnio.so
7ffd9bde7000-7ffd9bde8000 rw-p 00011000 08:05 427273                     /usr/lib/jvm/java-7-openjdk-amd64/jre/lib/amd64/libnio.so
7ffd9bde8000-7ffd9bdff000 r-xp 00000000 08:05 405713                     /usr/lib/jvm/java-7-openjdk-amd64/jre/lib/amd64/libnet.so
7ffd9bdff000-7ffd9bffe000 ---p 00017000 08:05 405713                     /usr/lib/jvm/java-7-openjdk-amd64/jre/lib/amd64/libnet.so
7ffd9bffe000-7ffd9bfff000 r--p 00016000 08:05 405713                     /usr/lib/jvm/java-7-openjdk-amd64/jre/lib/amd64/libnet.so
7ffd9bfff000-7ffd9c000000 rw-p 00017000 08:05 405713                     /usr/lib/jvm/java-7-openjdk-amd64/jre/lib/amd64/libnet.so
7ffd9c000000-7ffd9c021000 rw-p 00000000 00:00 0 
7ffd9c021000-7ffda0000000 ---p 00000000 00:00 0 
7ffda0000000-7ffda0021000 rw-p 00000000 00:00 0 
7ffda0021000-7ffda4000000 ---p 00000000 00:00 0 
7ffda4037000-7ffda403a000 ---p 00000000 00:00 0 
7ffda403a000-7ffda4138000 rw-p 00000000 00:00 0                          [stack:1228]
7ffda4138000-7ffda4189000 r-xp 00000000 08:05 427262                     /usr/lib/jvm/java-7-openjdk-amd64/jre/lib/amd64/libfontmanager.so
7ffda4189000-7ffda4388000 ---p 00051000 08:05 427262                     /usr/lib/jvm/java-7-openjdk-amd64/jre/lib/amd64/libfontmanager.so
7ffda4388000-7ffda438b000 r--p 00050000 08:05 427262                     /usr/lib/jvm/java-7-openjdk-amd64/jre/lib/amd64/libfontmanager.so
7ffda438b000-7ffda438c000 rw-p 00053000 08:05 427262                     /usr/lib/jvm/java-7-openjdk-amd64/jre/lib/amd64/libfontmanager.so
7ffda438c000-7ffda43bb000 r-xp 00000000 08:05 3150794                    /usr/lib/x86_64-linux-gnu/gtk-2.0/2.10.0/engines/libmurrine.so
7ffda43bb000-7ffda45bb000 ---p 0002f000 08:05 3150794                    /usr/lib/x86_64-linux-gnu/gtk-2.0/2.10.0/engines/libmurrine.so
7ffda45bb000-7ffda45bc000 r--p 0002f000 08:05 3150794                    /usr/lib/x86_64-linux-gnu/gtk-2.0/2.10.0/engines/libmurrine.so
7ffda45bc000-7ffda45bd000 rw-p 00030000 08:05 3150794                    /usr/lib/x86_64-linux-gnu/gtk-2.0/2.10.0/engines/libmurrine.so
7ffda45bd000-7ffda45be000 ---p 00000000 00:00 0 
7ffda45be000-7ffda4dbe000 rw-p 00000000 00:00 0                          [stack:1223]
7ffda4dbe000-7ffda4dbf000 ---p 00000000 00:00 0 
7ffda4dbf000-7ffda55bf000 rw-p 00000000 00:00 0                          [stack:1222]
7ffda55bf000-7ffda55d8000 r-xp 00000000 08:05 3150571                    /usr/lib/x86_64-linux-gnu/gio/modules/libgioremote-volume-monitor.so
7ffda55d8000-7ffda57d8000 ---p 00019000 08:05 3150571                    /usr/lib/x86_64-linux-gnu/gio/modules/libgioremote-volume-monitor.so
7ffda57d8000-7ffda57db000 r--p 00019000 08:05 3150571                    /usr/lib/x86_64-linux-gnu/gio/modules/libgioremote-volume-monitor.so
7ffda57db000-7ffda57dc000 rw-p 0001c000 08:05 3150571                    /usr/lib/x86_64-linux-gnu/gio/modules/libgioremote-volume-monitor.so
7ffda57dc000-7ffda57e7000 r-xp 00000000 08:05 3150567                    /usr/lib/x86_64-linux-gnu/gio/modules/libdconfsettings.so
7ffda57e7000-7ffda59e7000 ---p 0000b000 08:05 3150567                    /usr/lib/x86_64-linux-gnu/gio/modules/libdconfsettings.so
7ffda59e7000-7ffda59e8000 r--p 0000b000 08:05 3150567                    /usr/lib/x86_64-linux-gnu/gio/modules/libdconfsettings.so
7ffda59e8000-7ffda59e9000 rw-p 0000c000 08:05 3150567                    /usr/lib/x86_64-linux-gnu/gio/modules/libdconfsettings.so
7ffda59e9000-7ffda59f1000 r-xp 00000000 08:05 2625612                    /lib/x86_64-linux-gnu/libnih-dbus.so.1.0.0
7ffda59f1000-7ffda5bf1000 ---p 00008000 08:05 2625612                    /lib/x86_64-linux-gnu/libnih-dbus.so.1.0.0
7ffda5bf1000-7ffda5bf2000 r--p 00008000 08:05 2625612                    /lib/x86_64-linux-gnu/libnih-dbus.so.1.0.0
7ffda5bf2000-7ffda5bf3000 rw-p 00009000 08:05 2625612                    /lib/x86_64-linux-gnu/libnih-dbus.so.1.0.0
7ffda5bf3000-7ffda5c0a000 r-xp 00000000 08:05 2625614                    /lib/x86_64-linux-gnu/libnih.so.1.0.0
7ffda5c0a000-7ffda5e09000 ---p 00017000 08:05 2625614                    /lib/x86_64-linux-gnu/libnih.so.1.0.0
7ffda5e09000-7ffda5e0a000 r--p 00016000 08:05 2625614                    /lib/x86_64-linux-gnu/libnih.so.1.0.0
7ffda5e0a000-7ffda5e0b000 rw-p 00017000 08:05 2625614                    /lib/x86_64-linux-gnu/libnih.so.1.0.0
7ffda5e0b000-7ffda5e24000 r-xp 00000000 08:05 2621539                    /lib/x86_64-linux-gnu/libcgmanager.so.0.0.0
7ffda5e24000-7ffda6023000 ---p 00019000 08:05 2621539                    /lib/x86_64-linux-gnu/libcgmanager.so.0.0.0
7ffda6023000-7ffda6025000 r--p 00018000 08:05 2621539                    /lib/x86_64-linux-gnu/libcgmanager.so.0.0.0
7ffda6025000-7ffda6026000 rw-p 0001a000 08:05 2621539                    /lib/x86_64-linux-gnu/libcgmanager.so.0.0.0
7ffda6026000-7ffda6036000 r-xp 00000000 08:05 2622639                    /lib/x86_64-linux-gnu/libudev.so.1.3.5
7ffda6036000-7ffda6235000 ---p 00010000 08:05 2622639                    /lib/x86_64-linux-gnu/libudev.so.1.3.5
7ffda6235000-7ffda6236000 r--p 0000f000 08:05 2622639                    /lib/x86_64-linux-gnu/libudev.so.1.3.5
7ffda6236000-7ffda6237000 rw-p 00010000 08:05 2622639                    /lib/x86_64-linux-gnu/libudev.so.1.3.5
7ffda6237000-7ffda626b000 r-xp 00000000 08:05 3150853                    /usr/lib/x86_64-linux-gnu/gvfs/libgvfscommon.so
7ffda626b000-7ffda646b000 ---p 00034000 08:05 3150853                    /usr/lib/x86_64-linux-gnu/gvfs/libgvfscommon.so
7ffda646b000-7ffda6470000 r--p 00034000 08:05 3150853                    /usr/lib/x86_64-linux-gnu/gvfs/libgvfscommon.so
7ffda6470000-7ffda6471000 rw-p 00039000 08:05 3150853                    /usr/lib/x86_64-linux-gnu/gvfs/libgvfscommon.so
7ffda6471000-7ffda64a0000 r-xp 00000000 08:05 3150572                    /usr/lib/x86_64-linux-gnu/gio/modules/libgvfsdbus.so
7ffda64a0000-7ffda66a0000 ---p 0002f000 08:05 3150572                    /usr/lib/x86_64-linux-gnu/gio/modules/libgvfsdbus.so
7ffda66a0000-7ffda66a1000 r--p 0002f000 08:05 3150572                    /usr/lib/x86_64-linux-gnu/gio/modules/libgvfsdbus.so
7ffda66a1000-7ffda66a2000 rw-p 00030000 08:05 3150572                    /usr/lib/x86_64-linux-gnu/gio/modules/libgvfsdbus.so
7ffda66a2000-7ffda66a3000 rw-p 00000000 00:00 0 
7ffda66a3000-7ffda66b3000 r-xp 00000000 08:05 3042300                    /usr/lib/x86_64-linux-gnu/libunity-gtk2-parser.so.0.0.0
7ffda66b3000-7ffda68b2000 ---p 00010000 08:05 3042300                    /usr/lib/x86_64-linux-gnu/libunity-gtk2-parser.so.0.0.0
7ffda68b2000-7ffda68b3000 r--p 0000f000 08:05 3042300                    /usr/lib/x86_64-linux-gnu/libunity-gtk2-parser.so.0.0.0
7ffda68b3000-7ffda68b4000 rw-p 00010000 08:05 3042300                    /usr/lib/x86_64-linux-gnu/libunity-gtk2-parser.so.0.0.0
7ffda68b4000-7ffda68b9000 r-xp 00000000 08:05 3165346                    /usr/lib/x86_64-linux-gnu/gtk-2.0/modules/libunity-gtk-module.so
7ffda68b9000-7ffda6ab8000 ---p 00005000 08:05 3165346                    /usr/lib/x86_64-linux-gnu/gtk-2.0/modules/libunity-gtk-module.so
7ffda6ab8000-7ffda6ab9000 r--p 00004000 08:05 3165346                    /usr/lib/x86_64-linux-gnu/gtk-2.0/modules/libunity-gtk-module.so
7ffda6ab9000-7ffda6aba000 rw-p 00005000 08:05 3165346                    /usr/lib/x86_64-linux-gnu/gtk-2.0/modules/libunity-gtk-module.so
7ffda6aba000-7ffda6ad4000 r-xp 00000000 08:05 3022019                    /usr/lib/x86_64-linux-gnu/libgraphite2.so.3.0.1
7ffda6ad4000-7ffda6cd3000 ---p 0001a000 08:05 3022019                    /usr/lib/x86_64-linux-gnu/libgraphite2.so.3.0.1
7ffda6cd3000-7ffda6cd5000 r--p 00019000 08:05 3022019                    /usr/lib/x86_64-linux-gnu/libgraphite2.so.3.0.1
7ffda6cd5000-7ffda6cd6000 rw-p 0001b000 08:05 3022019                    /usr/lib/x86_64-linux-gnu/libgraphite2.so.3.0.1
7ffda6cd6000-7ffda6cdc000 r-xp 00000000 08:05 3021839                    /usr/lib/x86_64-linux-gnu/libdatrie.so.1.3.1
7ffda6cdc000-7ffda6edb000 ---p 00006000 08:05 3021839                    /usr/lib/x86_64-linux-gnu/libdatrie.so.1.3.1
7ffda6edb000-7ffda6edc000 r--p 00005000 08:05 3021839                    /usr/lib/x86_64-linux-gnu/libdatrie.so.1.3.1
7ffda6edc000-7ffda6edd000 rw-p 00006000 08:05 3021839                    /usr/lib/x86_64-linux-gnu/libdatrie.so.1.3.1
7ffda6edd000-7ffda6f30000 r-xp 00000000 08:05 3015597                    /usr/lib/x86_64-linux-gnu/libharfbuzz.so.0.927.0
7ffda6f30000-7ffda7130000 ---p 00053000 08:05 3015597                    /usr/lib/x86_64-linux-gnu/libharfbuzz.so.0.927.0
7ffda7130000-7ffda7131000 r--p 00053000 08:05 3015597                    /usr/lib/x86_64-linux-gnu/libharfbuzz.so.0.927.0
7ffda7131000-7ffda7132000 rw-p 00054000 08:05 3015597                    /usr/lib/x86_64-linux-gnu/libharfbuzz.so.0.927.0
7ffda7132000-7ffda713a000 r-xp 00000000 08:05 3022594                    /usr/lib/x86_64-linux-gnu/libxcb-render.so.0.0.0
7ffda713a000-7ffda7339000 ---p 00008000 08:05 3022594                    /usr/lib/x86_64-linux-gnu/libxcb-render.so.0.0.0
7ffda7339000-7ffda733a000 r--p 00007000 08:05 3022594                    /usr/lib/x86_64-linux-gnu/libxcb-render.so.0.0.0
7ffda733a000-7ffda733b000 rw-p 00008000 08:05 3022594                    /usr/lib/x86_64-linux-gnu/libxcb-render.so.0.0.0
7ffda733b000-7ffda733d000 r-xp 00000000 08:05 3022598                    /usr/lib/x86_64-linux-gnu/libxcb-shm.so.0.0.0
7ffda733d000-7ffda753c000 ---p 00002000 08:05 3022598                    /usr/lib/x86_64-linux-gnu/libxcb-shm.so.0.0.0
7ffda753c000-7ffda753d000 r--p 00001000 08:05 3022598                    /usr/lib/x86_64-linux-gnu/libxcb-shm.so.0.0.0
7ffda753d000-7ffda753e000 rw-p 00002000 08:05 3022598                    /usr/lib/x86_64-linux-gnu/libxcb-shm.so.0.0.0
7ffda753e000-7ffda75df000 r-xp 00000000 08:05 3022339                    /usr/lib/x86_64-linux-gnu/libpixman-1.so.0.30.2
7ffda75df000-7ffda77df000 ---p 000a1000 08:05 3022339                    /usr/lib/x86_64-linux-gnu/libpixman-1.so.0.30.2
7ffda77df000-7ffda77e6000 r--p 000a1000 08:05 3022339                    /usr/lib/x86_64-linux-gnu/libpixman-1.so.0.30.2
7ffda77e6000-7ffda77e7000 rw-p 000a8000 08:05 3022339                    /usr/lib/x86_64-linux-gnu/libpixman-1.so.0.30.2
7ffda77e7000-7ffda77ef000 r-xp 00000000 08:05 3022489                    /usr/lib/x86_64-linux-gnu/libthai.so.0.2.0
7ffda77ef000-7ffda79ee000 ---p 00008000 08:05 3022489                    /usr/lib/x86_64-linux-gnu/libthai.so.0.2.0
7ffda79ee000-7ffda79ef000 r--p 00007000 08:05 3022489                    /usr/lib/x86_64-linux-gnu/libthai.so.0.2.0
7ffda79ef000-7ffda79f0000 rw-p 00008000 08:05 3022489                    /usr/lib/x86_64-linux-gnu/libthai.so.0.2.0
7ffda79f0000-7ffda79f2000 r-xp 00000000 08:05 3021661                    /usr/lib/x86_64-linux-gnu/libXdamage.so.1.1.0
7ffda79f2000-7ffda7bf1000 ---p 00002000 08:05 3021661                    /usr/lib/x86_64-linux-gnu/libXdamage.so.1.1.0
7ffda7bf1000-7ffda7bf2000 r--p 00001000 08:05 3021661                    /usr/lib/x86_64-linux-gnu/libXdamage.so.1.1.0
7ffda7bf2000-7ffda7bf3000 rw-p 00002000 08:05 3021661                    /usr/lib/x86_64-linux-gnu/libXdamage.so.1.1.0
7ffda7bf3000-7ffda7bf5000 r-xp 00000000 08:05 3021657                    /usr/lib/x86_64-linux-gnu/libXcomposite.so.1.0.0
7ffda7bf5000-7ffda7df4000 ---p 00002000 08:05 3021657                    /usr/lib/x86_64-linux-gnu/libXcomposite.so.1.0.0
7ffda7df4000-7ffda7df5000 r--p 00001000 08:05 3021657                    /usr/lib/x86_64-linux-gnu/libXcomposite.so.1.0.0
7ffda7df5000-7ffda7df6000 rw-p 00002000 08:05 3021657                    /usr/lib/x86_64-linux-gnu/libXcomposite.so.1.0.0
7ffda7df6000-7ffda7dff000 r-xp 00000000 08:05 3021685                    /usr/lib/x86_64-linux-gnu/libXrandr.so.2.2.0
7ffda7dff000-7ffda7ffe000 ---p 00009000 08:05 3021685                    /usr/lib/x86_64-linux-gnu/libXrandr.so.2.2.0
7ffda7ffe000-7ffda7fff000 r--p 00008000 08:05 3021685                    /usr/lib/x86_64-linux-gnu/libXrandr.so.2.2.0
7ffda7fff000-7ffda8000000 rw-p 00009000 08:05 3021685                    /usr/lib/x86_64-linux-gnu/libXrandr.so.2.2.0
7ffda8000000-7ffda8021000 rw-p 00000000 00:00 0 
7ffda8021000-7ffdac000000 ---p 00000000 00:00 0 
7ffdac000000-7ffdac021000 rw-p 00000000 00:00 0 
7ffdac021000-7ffdb0000000 ---p 00000000 00:00 0 
7ffdb000b000-7ffdb001e000 rw-s 00000000 00:04 451346528                  /SYSV00000000 (deleted)
7ffdb001e000-7ffdb00e7000 rw-s 00000000 00:04 451215452                  /SYSV00000000 (deleted)
7ffdb00e7000-7ffdb019d000 r--p 00000000 08:05 264003                     /usr/share/fonts/truetype/dejavu/DejaVuSans.ttf
7ffdb019d000-7ffdb019f000 r-xp 00000000 08:05 3021675                    /usr/lib/x86_64-linux-gnu/libXinerama.so.1.0.0
7ffdb019f000-7ffdb039e000 ---p 00002000 08:05 3021675                    /usr/lib/x86_64-linux-gnu/libXinerama.so.1.0.0
7ffdb039e000-7ffdb039f000 r--p 00001000 08:05 3021675                    /usr/lib/x86_64-linux-gnu/libXinerama.so.1.0.0
7ffdb039f000-7ffdb03a0000 rw-p 00002000 08:05 3021675                    /usr/lib/x86_64-linux-gnu/libXinerama.so.1.0.0
7ffdb03a0000-7ffdb03b4000 r-xp 00000000 08:05 3018982                    /usr/lib/x86_64-linux-gnu/libpangoft2-1.0.so.0.3600.3
7ffdb03b4000-7ffdb05b3000 ---p 00014000 08:05 3018982                    /usr/lib/x86_64-linux-gnu/libpangoft2-1.0.so.0.3600.3
7ffdb05b3000-7ffdb05b4000 r--p 00013000 08:05 3018982                    /usr/lib/x86_64-linux-gnu/libpangoft2-1.0.so.0.3600.3
7ffdb05b4000-7ffdb05b5000 rw-p 00014000 08:05 3018982                    /usr/lib/x86_64-linux-gnu/libpangoft2-1.0.so.0.3600.3
7ffdb05b5000-7ffdb06bb000 r-xp 00000000 08:05 3021778                    /usr/lib/x86_64-linux-gnu/libcairo.so.2.11301.0
7ffdb06bb000-7ffdb08ba000 ---p 00106000 08:05 3021778                    /usr/lib/x86_64-linux-gnu/libcairo.so.2.11301.0
7ffdb08ba000-7ffdb08bd000 r--p 00105000 08:05 3021778                    /usr/lib/x86_64-linux-gnu/libcairo.so.2.11301.0
7ffdb08bd000-7ffdb08be000 rw-p 00108000 08:05 3021778                    /usr/lib/x86_64-linux-gnu/libcairo.so.2.11301.0
7ffdb08be000-7ffdb08c0000 rw-p 00000000 00:00 0 
7ffdb08c0000-7ffdb08df000 r-xp 00000000 08:05 3021739                    /usr/lib/x86_64-linux-gnu/libatk-1.0.so.0.21009.1
7ffdb08df000-7ffdb0adf000 ---p 0001f000 08:05 3021739                    /usr/lib/x86_64-linux-gnu/libatk-1.0.so.0.21009.1
7ffdb0adf000-7ffdb0ae1000 r--p 0001f000 08:05 3021739                    /usr/lib/x86_64-linux-gnu/libatk-1.0.so.0.21009.1
7ffdb0ae1000-7ffdb0ae2000 rw-p 00021000 08:05 3021739                    /usr/lib/x86_64-linux-gnu/libatk-1.0.so.0.21009.1
7ffdb0ae2000-7ffdb0aed000 r-xp 00000000 08:05 3017469                    /usr/lib/x86_64-linux-gnu/libpangocairo-1.0.so.0.3600.3
7ffdb0aed000-7ffdb0ced000 ---p 0000b000 08:05 3017469                    /usr/lib/x86_64-linux-gnu/libpangocairo-1.0.so.0.3600.3
7ffdb0ced000-7ffdb0cee000 r--p 0000b000 08:05 3017469                    /usr/lib/x86_64-linux-gnu/libpangocairo-1.0.so.0.3600.3
7ffdb0cee000-7ffdb0cef000 rw-p 0000c000 08:05 3017469                    /usr/lib/x86_64-linux-gnu/libpangocairo-1.0.so.0.3600.3
7ffdb0cef000-7ffdb0cf0000 r-xp 00000000 08:05 3022109                    /usr/lib/x86_64-linux-gnu/libgthread-2.0.so.0.4000.0
7ffdb0cf0000-7ffdb0eef000 ---p 00001000 08:05 3022109                    /usr/lib/x86_64-linux-gnu/libgthread-2.0.so.0.4000.0
7ffdb0eef000-7ffdb0ef0000 r--p 00000000 08:05 3022109                    /usr/lib/x86_64-linux-gnu/libgthread-2.0.so.0.4000.0
7ffdb0ef0000-7ffdb0ef1000 rw-p 00001000 08:05 3022109                    /usr/lib/x86_64-linux-gnu/libgthread-2.0.so.0.4000.0
7ffdb0ef1000-7ffdb0f3b000 r-xp 00000000 08:05 3018978                    /usr/lib/x86_64-linux-gnu/libpango-1.0.so.0.3600.3
7ffdb0f3b000-7ffdb113b000 ---p 0004a000 08:05 3018978                    /usr/lib/x86_64-linux-gnu/libpango-1.0.so.0.3600.3
7ffdb113b000-7ffdb113d000 r--p 0004a000 08:05 3018978                    /usr/lib/x86_64-linux-gnu/libpango-1.0.so.0.3600.3
7ffdb113d000-7ffdb113e000 rw-p 0004c000 08:05 3018978                    /usr/lib/x86_64-linux-gnu/libpango-1.0.so.0.3600.3
7ffdb113e000-7ffdb115d000 r-xp 00000000 08:05 3021961                    /usr/lib/x86_64-linux-gnu/libgdk_pixbuf-2.0.so.0.3000.7
7ffdb115d000-7ffdb135d000 ---p 0001f000 08:05 3021961                    /usr/lib/x86_64-linux-gnu/libgdk_pixbuf-2.0.so.0.3000.7
7ffdb135d000-7ffdb135e000 r--p 0001f000 08:05 3021961                    /usr/lib/x86_64-linux-gnu/libgdk_pixbuf-2.0.so.0.3000.7
7ffdb135e000-7ffdb135f000 rw-p 00020000 08:05 3021961                    /usr/lib/x86_64-linux-gnu/libgdk_pixbuf-2.0.so.0.3000.7
7ffdb135f000-7ffdb140c000 r-xp 00000000 08:05 3022034                    /usr/lib/x86_64-linux-gnu/libgdk-x11-2.0.so.0.2400.23
7ffdb140c000-7ffdb160b000 ---p 000ad000 08:05 3022034                    /usr/lib/x86_64-linux-gnu/libgdk-x11-2.0.so.0.2400.23
7ffdb160b000-7ffdb160f000 r--p 000ac000 08:05 3022034                    /usr/lib/x86_64-linux-gnu/libgdk-x11-2.0.so.0.2400.23
7ffdb160f000-7ffdb1611000 rw-p 000b0000 08:05 3022034                    /usr/lib/x86_64-linux-gnu/libgdk-x11-2.0.so.0.2400.23
7ffdb1611000-7ffdb1a40000 r-xp 00000000 08:05 3015098                    /usr/lib/x86_64-linux-gnu/libgtk-x11-2.0.so.0.2400.23
7ffdb1a40000-7ffdb1c3f000 ---p 0042f000 08:05 3015098                    /usr/lib/x86_64-linux-gnu/libgtk-x11-2.0.so.0.2400.23
7ffdb1c3f000-7ffdb1c46000 r--p 0042e000 08:05 3015098                    /usr/lib/x86_64-linux-gnu/libgtk-x11-2.0.so.0.2400.23
7ffdb1c46000-7ffdb1c4a000 rw-p 00435000 08:05 3015098                    /usr/lib/x86_64-linux-gnu/libgtk-x11-2.0.so.0.2400.23
7ffdb1c4a000-7ffdb1c4d000 rw-p 00000000 00:00 0 
7ffdb1c4d000-7ffdb1c58000 r-xp 00000000 08:05 427245                     /usr/lib/jvm/java-7-openjdk-amd64/jre/lib/amd64/libjavagtk.so
7ffdb1c58000-7ffdb1e57000 ---p 0000b000 08:05 427245                     /usr/lib/jvm/java-7-openjdk-amd64/jre/lib/amd64/libjavagtk.so
7ffdb1e57000-7ffdb1e58000 r--p 0000a000 08:05 427245                     /usr/lib/jvm/java-7-openjdk-amd64/jre/lib/amd64/libjavagtk.so
7ffdb1e58000-7ffdb1e59000 rw-p 0000b000 08:05 427245                     /usr/lib/jvm/java-7-openjdk-amd64/jre/lib/amd64/libjavagtk.so
7ffdb1e59000-7ffdb1e5c000 ---p 00000000 00:00 0 
7ffdb1e5c000-7ffdb1f5a000 rw-p 00000000 00:00 0                          [stack:1221]
7ffdb1f5a000-7ffdb1f5f000 r-xp 00000000 08:05 3021667                    /usr/lib/x86_64-linux-gnu/libXfixes.so.3.1.0
7ffdb1f5f000-7ffdb215e000 ---p 00005000 08:05 3021667                    /usr/lib/x86_64-linux-gnu/libXfixes.so.3.1.0
7ffdb215e000-7ffdb215f000 r--p 00004000 08:05 3021667                    /usr/lib/x86_64-linux-gnu/libXfixes.so.3.1.0
7ffdb215f000-7ffdb2160000 rw-p 00005000 08:05 3021667                    /usr/lib/x86_64-linux-gnu/libXfixes.so.3.1.0
7ffdb2160000-7ffdb2169000 r-xp 00000000 08:05 3021659                    /usr/lib/x86_64-linux-gnu/libXcursor.so.1.0.2
7ffdb2169000-7ffdb2368000 ---p 00009000 08:05 3021659                    /usr/lib/x86_64-linux-gnu/libXcursor.so.1.0.2
7ffdb2368000-7ffdb2369000 r--p 00008000 08:05 3021659                    /usr/lib/x86_64-linux-gnu/libXcursor.so.1.0.2
7ffdb2369000-7ffdb236a000 rw-p 00009000 08:05 3021659                    /usr/lib/x86_64-linux-gnu/libXcursor.so.1.0.2
7ffdb236a000-7ffdb236e000 r-xp 00000000 08:05 2625583                    /lib/x86_64-linux-gnu/libgpg-error.so.0.10.0
7ffdb236e000-7ffdb256d000 ---p 00004000 08:05 2625583                    /lib/x86_64-linux-gnu/libgpg-error.so.0.10.0
7ffdb256d000-7ffdb256e000 r--p 00003000 08:05 2625583                    /lib/x86_64-linux-gnu/libgpg-error.so.0.10.0
7ffdb256e000-7ffdb256f000 rw-p 00004000 08:05 2625583                    /lib/x86_64-linux-gnu/libgpg-error.so.0.10.0
7ffdb256f000-7ffdb2571000 r-xp 00000000 08:05 2625593                    /lib/x86_64-linux-gnu/libkeyutils.so.1.4
7ffdb2571000-7ffdb2771000 ---p 00002000 08:05 2625593                    /lib/x86_64-linux-gnu/libkeyutils.so.1.4
7ffdb2771000-7ffdb2772000 r--p 00002000 08:05 2625593                    /lib/x86_64-linux-gnu/libkeyutils.so.1.4
7ffdb2772000-7ffdb2773000 rw-p 00003000 08:05 2625593                    /lib/x86_64-linux-gnu/libkeyutils.so.1.4
7ffdb2773000-7ffdb27b0000 r-xp 00000000 08:05 2625653                    /lib/x86_64-linux-gnu/libpcre.so.3.13.1
7ffdb27b0000-7ffdb29af000 ---p 0003d000 08:05 2625653                    /lib/x86_64-linux-gnu/libpcre.so.3.13.1
7ffdb29af000-7ffdb29b0000 r--p 0003c000 08:05 2625653                    /lib/x86_64-linux-gnu/libpcre.so.3.13.1
7ffdb29b0000-7ffdb29b1000 rw-p 0003d000 08:05 2625653                    /lib/x86_64-linux-gnu/libpcre.so.3.13.1
7ffdb29b1000-7ffdb29d6000 r-xp 00000000 08:05 2625665                    /lib/x86_64-linux-gnu/libpng12.so.0.50.0
7ffdb29d6000-7ffdb2bd5000 ---p 00025000 08:05 2625665                    /lib/x86_64-linux-gnu/libpng12.so.0.50.0
7ffdb2bd5000-7ffdb2bd6000 r--p 00024000 08:05 2625665                    /lib/x86_64-linux-gnu/libpng12.so.0.50.0
7ffdb2bd6000-7ffdb2bd7000 rw-p 00025000 08:05 2625665                    /lib/x86_64-linux-gnu/libpng12.so.0.50.0
7ffdb2bd7000-7ffdb2c1b000 r-xp 00000000 08:05 2621535                    /lib/x86_64-linux-gnu/libdbus-1.so.3.7.6
7ffdb2c1b000-7ffdb2e1a000 ---p 00044000 08:05 2621535                    /lib/x86_64-linux-gnu/libdbus-1.so.3.7.6
7ffdb2e1a000-7ffdb2e1b000 r--p 00043000 08:05 2621535                    /lib/x86_64-linux-gnu/libdbus-1.so.3.7.6
7ffdb2e1b000-7ffdb2e1c000 rw-p 00044000 08:05 2621535                    /lib/x86_64-linux-gnu/libdbus-1.so.3.7.6
7ffdb2e1c000-7ffdb2e57000 r-xp 00000000 08:05 3022308                    /usr/lib/x86_64-linux-gnu/libp11-kit.so.0.0.0
7ffdb2e57000-7ffdb3056000 ---p 0003b000 08:05 3022308                    /usr/lib/x86_64-linux-gnu/libp11-kit.so.0.0.0
7ffdb3056000-7ffdb305c000 r--p 0003a000 08:05 3022308                    /usr/lib/x86_64-linux-gnu/libp11-kit.so.0.0.0
7ffdb305c000-7ffdb305e000 rw-p 00040000 08:05 3022308                    /usr/lib/x86_64-linux-gnu/libp11-kit.so.0.0.0
7ffdb305e000-7ffdb3070000 r-xp 00000000 08:05 3015545                    /usr/lib/x86_64-linux-gnu/libtasn1.so.6.2.0
7ffdb3070000-7ffdb3270000 ---p 00012000 08:05 3015545                    /usr/lib/x86_64-linux-gnu/libtasn1.so.6.2.0
7ffdb3270000-7ffdb3271000 r--p 00012000 08:05 3015545                    /usr/lib/x86_64-linux-gnu/libtasn1.so.6.2.0
7ffdb3271000-7ffdb3272000 rw-p 00013000 08:05 3015545                    /usr/lib/x86_64-linux-gnu/libtasn1.so.6.2.0
7ffdb3272000-7ffdb32ee000 r-xp 00000000 08:05 2622651                    /lib/x86_64-linux-gnu/libgcrypt.so.11.8.2
7ffdb32ee000-7ffdb34ed000 ---p 0007c000 08:05 2622651                    /lib/x86_64-linux-gnu/libgcrypt.so.11.8.2
7ffdb34ed000-7ffdb34ee000 r--p 0007b000 08:05 2622651                    /lib/x86_64-linux-gnu/libgcrypt.so.11.8.2
7ffdb34ee000-7ffdb34f1000 rw-p 0007c000 08:05 2622651                    /lib/x86_64-linux-gnu/libgcrypt.so.11.8.2
7ffdb34f1000-7ffdb34fb000 r-xp 00000000 08:05 3015424                    /usr/lib/x86_64-linux-gnu/libkrb5support.so.0.1
7ffdb34fb000-7ffdb36fa000 ---p 0000a000 08:05 3015424                    /usr/lib/x86_64-linux-gnu/libkrb5support.so.0.1
7ffdb36fa000-7ffdb36fb000 r--p 00009000 08:05 3015424                    /usr/lib/x86_64-linux-gnu/libkrb5support.so.0.1
7ffdb36fb000-7ffdb36fc000 rw-p 0000a000 08:05 3015424                    /usr/lib/x86_64-linux-gnu/libkrb5support.so.0.1
7ffdb36fc000-7ffdb36ff000 r-xp 00000000 08:05 2625559                    /lib/x86_64-linux-gnu/libcom_err.so.2.1
7ffdb36ff000-7ffdb38fe000 ---p 00003000 08:05 2625559                    /lib/x86_64-linux-gnu/libcom_err.so.2.1
7ffdb38fe000-7ffdb38ff000 r--p 00002000 08:05 2625559                    /lib/x86_64-linux-gnu/libcom_err.so.2.1
7ffdb38ff000-7ffdb3900000 rw-p 00003000 08:05 2625559                    /lib/x86_64-linux-gnu/libcom_err.so.2.1
7ffdb3900000-7ffdb392c000 r-xp 00000000 08:05 3015040                    /usr/lib/x86_64-linux-gnu/libk5crypto.so.3.1
7ffdb392c000-7ffdb3b2b000 ---p 0002c000 08:05 3015040                    /usr/lib/x86_64-linux-gnu/libk5crypto.so.3.1
7ffdb3b2b000-7ffdb3b2d000 r--p 0002b000 08:05 3015040                    /usr/lib/x86_64-linux-gnu/libk5crypto.so.3.1
7ffdb3b2d000-7ffdb3b2e000 rw-p 0002d000 08:05 3015040                    /usr/lib/x86_64-linux-gnu/libk5crypto.so.3.1
7ffdb3b2e000-7ffdb3b2f000 rw-p 00000000 00:00 0 
7ffdb3b2f000-7ffdb3beb000 r-xp 00000000 08:05 3015322                    /usr/lib/x86_64-linux-gnu/libkrb5.so.3.3
7ffdb3beb000-7ffdb3deb000 ---p 000bc000 08:05 3015322                    /usr/lib/x86_64-linux-gnu/libkrb5.so.3.3
7ffdb3deb000-7ffdb3df8000 r--p 000bc000 08:05 3015322                    /usr/lib/x86_64-linux-gnu/libkrb5.so.3.3
7ffdb3df8000-7ffdb3dfa000 rw-p 000c9000 08:05 3015322                    /usr/lib/x86_64-linux-gnu/libkrb5.so.3.3
7ffdb3dfa000-7ffdb3dff000 r-xp 00000000 08:05 3021663                    /usr/lib/x86_64-linux-gnu/libXdmcp.so.6.0.0
7ffdb3dff000-7ffdb3ffe000 ---p 00005000 08:05 3021663                    /usr/lib/x86_64-linux-gnu/libXdmcp.so.6.0.0
7ffdb3ffe000-7ffdb3fff000 r--p 00004000 08:05 3021663                    /usr/lib/x86_64-linux-gnu/libXdmcp.so.6.0.0
7ffdb3fff000-7ffdb4000000 rw-p 00005000 08:05 3021663                    /usr/lib/x86_64-linux-gnu/libXdmcp.so.6.0.0
7ffdb4000000-7ffdb41a8000 rw-p 00000000 00:00 0 
7ffdb41a8000-7ffdb8000000 ---p 00000000 00:00 0 
7ffdb8000000-7ffdb8021000 rw-p 00000000 00:00 0 
7ffdb8021000-7ffdbc000000 ---p 00000000 00:00 0 
7ffdbc000000-7ffdbc021000 rw-p 00000000 00:00 0 
7ffdbc021000-7ffdc0000000 ---p 00000000 00:00 0 
7ffdc0000000-7ffdc02b3000 rw-p 00000000 00:00 0 
7ffdc02b3000-7ffdc4000000 ---p 00000000 00:00 0 
7ffdc4000000-7ffdc4021000 rw-p 00000000 00:00 0 
7ffdc4021000-7ffdc8000000 ---p 00000000 00:00 0 
7ffdc8000000-7ffdc8021000 rw-p 00000000 00:00 0 
7ffdc8021000-7ffdcc000000 ---p 00000000 00:00 0 
7ffdcc000000-7ffdcc021000 rw-p 00000000 00:00 0 
7ffdcc021000-7ffdd0000000 ---p 00000000 00:00 0 
7ffdd0000000-7ffdd0021000 rw-p 00000000 00:00 0 
7ffdd0021000-7ffdd4000000 ---p 00000000 00:00 0 
7ffdd4000000-7ffdd4021000 rw-p 00000000 00:00 0 
7ffdd4021000-7ffdd8000000 ---p 00000000 00:00 0 
7ffdd8004000-7ffdd8005000 rw-p 00000000 00:00 0 
7ffdd8005000-7ffdd8006000 r--p 00000000 08:05 135478                     /usr/share/locale-langpack/en_AU/LC_MESSAGES/gdk-pixbuf.mo
7ffdd8006000-7ffdd8007000 r--s 00000000 08:05 1191350                    /var/cache/fontconfig/c05880de57d1f5e948fdfacc138775d9-le64.cache-4
7ffdd8007000-7ffdd8012000 r--s 00000000 08:05 1180320                    /var/cache/fontconfig/945677eb7aeaf62f1d50efc3fb3ec7d8-le64.cache-4
7ffdd8012000-7ffdd8018000 r--s 00000000 08:05 1180318                    /var/cache/fontconfig/2cd17615ca594fa2959ae173292e504c-le64.cache-4
7ffdd8018000-7ffdd8019000 r--s 00000000 08:05 1180257                    /var/cache/fontconfig/e7071f4a29fa870f4323321c154eba04-le64.cache-4
7ffdd8019000-7ffdd801a000 r--s 00000000 08:05 1180255                    /var/cache/fontconfig/0d8c3b2ac0904cb8a57a757ad11a4a08-le64.cache-4
7ffdd801a000-7ffdd8021000 r--s 00000000 08:05 1180254                    /var/cache/fontconfig/a755afe4a08bf5b97852ceb7400b47bc-le64.cache-4
7ffdd8021000-7ffdd8025000 r--s 00000000 08:05 1191346                    /var/cache/fontconfig/6d41288fd70b0be22e8c3a91e032eec0-le64.cache-4
7ffdd8025000-7ffdd8039000 r--s 00000000 08:05 1180253                    /var/cache/fontconfig/04aabc0a78ac019cf9454389977116d2-le64.cache-4
7ffdd8039000-7ffdd803a000 r--s 00000000 08:05 1180252                    /var/cache/fontconfig/1ac9eb803944fde146138c791f5cc56a-le64.cache-4
7ffdd803a000-7ffdd803e000 r--s 00000000 08:05 1180251                    /var/cache/fontconfig/385c0604a188198f04d133e54aba7fe7-le64.cache-4
7ffdd803e000-7ffdd803f000 r--s 00000000 08:05 1180250                    /var/cache/fontconfig/dc05db6664285cc2f12bf69c139ae4c3-le64.cache-4
7ffdd803f000-7ffdd8041000 r--s 00000000 08:05 1180176                    /var/cache/fontconfig/767a8244fc0220cfb567a839d0392e0b-le64.cache-4
7ffdd8041000-7ffdd8042000 r--s 00000000 08:05 1204984                    /var/cache/fontconfig/4794a0821666d79190d59a36cb4f44b5-le64.cache-4
7ffdd8042000-7ffdd8047000 r--s 00000000 08:05 1180248                    /var/cache/fontconfig/8801497958630a81b71ace7c5f9b32a8-le64.cache-4
7ffdd8047000-7ffdd804b000 r--s 00000000 08:05 1180247                    /var/cache/fontconfig/c57959a16110560c8d0fcea73374aeeb-le64.cache-4
7ffdd804b000-7ffdd8052000 r--s 00000000 08:05 1180237                    /var/cache/fontconfig/3047814df9a2f067bd2d96a2b9c36e5a-le64.cache-4
7ffdd8052000-7ffdd8053000 r--s 00000000 08:05 1180234                    /var/cache/fontconfig/56cf4f4769d0f4abc89a4895d7bd3ae1-le64.cache-4
7ffdd8053000-7ffdd8059000 r--s 00000000 08:05 1180229                    /var/cache/fontconfig/b47c4e1ecd0709278f4910c18777a504-le64.cache-4
7ffdd8059000-7ffdd805c000 r--s 00000000 08:05 1191349                    /var/cache/fontconfig/e49e89034d371f0f9de17aab02136486-le64.cache-4
7ffdd805c000-7ffdd806f000 r--s 00000000 08:05 1180228                    /var/cache/fontconfig/d52a8644073d54c13679302ca1180695-le64.cache-4
7ffdd806f000-7ffdd8077000 r--s 00000000 08:05 1180227                    /var/cache/fontconfig/3f7329c5293ffd510edef78f73874cfd-le64.cache-4
7ffdd8077000-7ffdd80a8000 rw-p 00000000 00:00 0 
7ffdd80a8000-7ffdd80aa000 r-xp 00000000 08:05 3021652                    /usr/lib/x86_64-linux-gnu/libXau.so.6.0.0
7ffdd80aa000-7ffdd82aa000 ---p 00002000 08:05 3021652                    /usr/lib/x86_64-linux-gnu/libXau.so.6.0.0
7ffdd82aa000-7ffdd82ab000 r--p 00002000 08:05 3021652                    /usr/lib/x86_64-linux-gnu/libXau.so.6.0.0
7ffdd82ab000-7ffdd82ac000 rw-p 00003000 08:05 3021652                    /usr/lib/x86_64-linux-gnu/libXau.so.6.0.0
7ffdd82ac000-7ffdd82b3000 r-xp 00000000 08:05 3021908                    /usr/lib/x86_64-linux-gnu/libffi.so.6.0.1
7ffdd82b3000-7ffdd84b2000 ---p 00007000 08:05 3021908                    /usr/lib/x86_64-linux-gnu/libffi.so.6.0.1
7ffdd84b2000-7ffdd84b3000 r--p 00006000 08:05 3021908                    /usr/lib/x86_64-linux-gnu/libffi.so.6.0.1
7ffdd84b3000-7ffdd84b4000 rw-p 00007000 08:05 3021908                    /usr/lib/x86_64-linux-gnu/libffi.so.6.0.1
7ffdd84b4000-7ffdd84cb000 r-xp 00000000 08:05 2630608                    /lib/x86_64-linux-gnu/libresolv-2.19.so
7ffdd84cb000-7ffdd86cb000 ---p 00017000 08:05 2630608                    /lib/x86_64-linux-gnu/libresolv-2.19.so
7ffdd86cb000-7ffdd86cc000 r--p 00017000 08:05 2630608                    /lib/x86_64-linux-gnu/libresolv-2.19.so
7ffdd86cc000-7ffdd86cd000 rw-p 00018000 08:05 2630608                    /lib/x86_64-linux-gnu/libresolv-2.19.so
7ffdd86cd000-7ffdd86cf000 rw-p 00000000 00:00 0 
7ffdd86cf000-7ffdd86ef000 r-xp 00000000 08:05 2621469                    /lib/x86_64-linux-gnu/libselinux.so.1
7ffdd86ef000-7ffdd88ee000 ---p 00020000 08:05 2621469                    /lib/x86_64-linux-gnu/libselinux.so.1
7ffdd88ee000-7ffdd88ef000 r--p 0001f000 08:05 2621469                    /lib/x86_64-linux-gnu/libselinux.so.1
7ffdd88ef000-7ffdd88f0000 rw-p 00020000 08:05 2621469                    /lib/x86_64-linux-gnu/libselinux.so.1
7ffdd88f0000-7ffdd88f2000 rw-p 00000000 00:00 0 
7ffdd88f2000-7ffdd89f8000 r-xp 00000000 08:05 2625581                    /lib/x86_64-linux-gnu/libglib-2.0.so.0.4000.0
7ffdd89f8000-7ffdd8bf7000 ---p 00106000 08:05 2625581                    /lib/x86_64-linux-gnu/libglib-2.0.so.0.4000.0
7ffdd8bf7000-7ffdd8bf8000 r--p 00105000 08:05 2625581                    /lib/x86_64-linux-gnu/libglib-2.0.so.0.4000.0
7ffdd8bf8000-7ffdd8bf9000 rw-p 00106000 08:05 2625581                    /lib/x86_64-linux-gnu/libglib-2.0.so.0.4000.0
7ffdd8bf9000-7ffdd8bfa000 rw-p 00000000 00:00 0 
7ffdd8bfa000-7ffdd8bfd000 r-xp 00000000 08:05 3021995                    /usr/lib/x86_64-linux-gnu/libgmodule-2.0.so.0.4000.0
7ffdd8bfd000-7ffdd8dfc000 ---p 00003000 08:05 3021995                    /usr/lib/x86_64-linux-gnu/libgmodule-2.0.so.0.4000.0
7ffdd8dfc000-7ffdd8dfd000 r--p 00002000 08:05 3021995                    /usr/lib/x86_64-linux-gnu/libgmodule-2.0.so.0.4000.0
7ffdd8dfd000-7ffdd8dfe000 rw-p 00003000 08:05 3021995                    /usr/lib/x86_64-linux-gnu/libgmodule-2.0.so.0.4000.0
7ffdd8dfe000-7ffdd8e25000 r-xp 00000000 08:05 2625572                    /lib/x86_64-linux-gnu/libexpat.so.1.6.0
7ffdd8e25000-7ffdd9025000 ---p 00027000 08:05 2625572                    /lib/x86_64-linux-gnu/libexpat.so.1.6.0
7ffdd9025000-7ffdd9027000 r--p 00027000 08:05 2625572                    /lib/x86_64-linux-gnu/libexpat.so.1.6.0
7ffdd9027000-7ffdd9028000 rw-p 00029000 08:05 2625572                    /lib/x86_64-linux-gnu/libexpat.so.1.6.0
7ffdd9028000-7ffdd90c5000 r-xp 00000000 08:05 3015014                    /usr/lib/x86_64-linux-gnu/libfreetype.so.6.11.1
7ffdd90c5000-7ffdd92c4000 ---p 0009d000 08:05 3015014                    /usr/lib/x86_64-linux-gnu/libfreetype.so.6.11.1
7ffdd92c4000-7ffdd92ca000 r--p 0009c000 08:05 3015014                    /usr/lib/x86_64-linux-gnu/libfreetype.so.6.11.1
7ffdd92ca000-7ffdd92cb000 rw-p 000a2000 08:05 3015014                    /usr/lib/x86_64-linux-gnu/libfreetype.so.6.11.1
7ffdd92cb000-7ffdd92da000 r-xp 00000000 08:05 3021749                    /usr/lib/x86_64-linux-gnu/libavahi-client.so.3.2.9
7ffdd92da000-7ffdd94da000 ---p 0000f000 08:05 3021749                    /usr/lib/x86_64-linux-gnu/libavahi-client.so.3.2.9
7ffdd94da000-7ffdd94db000 r--p 0000f000 08:05 3021749                    /usr/lib/x86_64-linux-gnu/libavahi-client.so.3.2.9
7ffdd94db000-7ffdd94dc000 rw-p 00010000 08:05 3021749                    /usr/lib/x86_64-linux-gnu/libavahi-client.so.3.2.9
7ffdd94dc000-7ffdd94e7000 r-xp 00000000 08:05 3021751                    /usr/lib/x86_64-linux-gnu/libavahi-common.so.3.5.3
7ffdd94e7000-7ffdd96e6000 ---p 0000b000 08:05 3021751                    /usr/lib/x86_64-linux-gnu/libavahi-common.so.3.5.3
7ffdd96e6000-7ffdd96e7000 r--p 0000a000 08:05 3021751                    /usr/lib/x86_64-linux-gnu/libavahi-common.so.3.5.3
7ffdd96e7000-7ffdd96e8000 rw-p 0000b000 08:05 3021751                    /usr/lib/x86_64-linux-gnu/libavahi-common.so.3.5.3
7ffdd96e8000-7ffdd979e000 r-xp 00000000 08:05 3017711                    /usr/lib/x86_64-linux-gnu/libgnutls.so.26.22.6
7ffdd979e000-7ffdd999e000 ---p 000b6000 08:05 3017711                    /usr/lib/x86_64-linux-gnu/libgnutls.so.26.22.6
7ffdd999e000-7ffdd99a4000 r--p 000b6000 08:05 3017711                    /usr/lib/x86_64-linux-gnu/libgnutls.so.26.22.6
7ffdd99a4000-7ffdd99a5000 rw-p 000bc000 08:05 3017711                    /usr/lib/x86_64-linux-gnu/libgnutls.so.26.22.6
7ffdd99a5000-7ffdd99a6000 rw-p 00000000 00:00 0 
7ffdd99a6000-7ffdd99e9000 r-xp 00000000 08:05 3015222                    /usr/lib/x86_64-linux-gnu/libgssapi_krb5.so.2.2
7ffdd99e9000-7ffdd9be9000 ---p 00043000 08:05 3015222                    /usr/lib/x86_64-linux-gnu/libgssapi_krb5.so.2.2
7ffdd9be9000-7ffdd9bea000 r--p 00043000 08:05 3015222                    /usr/lib/x86_64-linux-gnu/libgssapi_krb5.so.2.2
7ffdd9bea000-7ffdd9bec000 rw-p 00044000 08:05 3015222                    /usr/lib/x86_64-linux-gnu/libgssapi_krb5.so.2.2
7ffdd9bec000-7ffdd9c09000 r-xp 00000000 08:05 3022606                    /usr/lib/x86_64-linux-gnu/libxcb.so.1.1.0
7ffdd9c09000-7ffdd9e09000 ---p 0001d000 08:05 3022606                    /usr/lib/x86_64-linux-gnu/libxcb.so.1.1.0
7ffdd9e09000-7ffdd9e0a000 r--p 0001d000 08:05 3022606                    /usr/lib/x86_64-linux-gnu/libxcb.so.1.1.0
7ffdd9e0a000-7ffdd9e0b000 rw-p 0001e000 08:05 3022606                    /usr/lib/x86_64-linux-gnu/libxcb.so.1.1.0
7ffdd9e0b000-7ffdd9e5a000 r-xp 00000000 08:05 3022007                    /usr/lib/x86_64-linux-gnu/libgobject-2.0.so.0.4000.0
7ffdd9e5a000-7ffdda05a000 ---p 0004f000 08:05 3022007                    /usr/lib/x86_64-linux-gnu/libgobject-2.0.so.0.4000.0
7ffdda05a000-7ffdda05b000 r--p 0004f000 08:05 3022007                    /usr/lib/x86_64-linux-gnu/libgobject-2.0.so.0.4000.0
7ffdda05b000-7ffdda05c000 rw-p 00050000 08:05 3022007                    /usr/lib/x86_64-linux-gnu/libgobject-2.0.so.0.4000.0
7ffdda05c000-7ffdda1c7000 r-xp 00000000 08:05 3021983                    /usr/lib/x86_64-linux-gnu/libgio-2.0.so.0.4000.0
7ffdda1c7000-7ffdda3c7000 ---p 0016b000 08:05 3021983                    /usr/lib/x86_64-linux-gnu/libgio-2.0.so.0.4000.0
7ffdda3c7000-7ffdda3cb000 r--p 0016b000 08:05 3021983                    /usr/lib/x86_64-linux-gnu/libgio-2.0.so.0.4000.0
7ffdda3cb000-7ffdda3cd000 rw-p 0016f000 08:05 3021983                    /usr/lib/x86_64-linux-gnu/libgio-2.0.so.0.4000.0
7ffdda3cd000-7ffdda3cf000 rw-p 00000000 00:00 0 
7ffdda3cf000-7ffdda409000 r-xp 00000000 08:05 3014914                    /usr/lib/x86_64-linux-gnu/libfontconfig.so.1.8.0
7ffdda409000-7ffdda608000 ---p 0003a000 08:05 3014914                    /usr/lib/x86_64-linux-gnu/libfontconfig.so.1.8.0
7ffdda608000-7ffdda60a000 r--p 00039000 08:05 3014914                    /usr/lib/x86_64-linux-gnu/libfontconfig.so.1.8.0
7ffdda60a000-7ffdda60b000 rw-p 0003b000 08:05 3014914                    /usr/lib/x86_64-linux-gnu/libfontconfig.so.1.8.0
7ffdda60b000-7ffdda677000 r-xp 00000000 08:05 3014778                    /usr/lib/x86_64-linux-gnu/libcups.so.2
7ffdda677000-7ffdda877000 ---p 0006c000 08:05 3014778                    /usr/lib/x86_64-linux-gnu/libcups.so.2
7ffdda877000-7ffdda87e000 r--p 0006c000 08:05 3014778                    /usr/lib/x86_64-linux-gnu/libcups.so.2
7ffdda87e000-7ffdda87f000 rw-p 00073000 08:05 3014778                    /usr/lib/x86_64-linux-gnu/libcups.so.2
7ffdda87f000-7ffdda88e000 r-xp 00000000 08:05 3021673                    /usr/lib/x86_64-linux-gnu/libXi.so.6.1.0
7ffdda88e000-7ffddaa8d000 ---p 0000f000 08:05 3021673                    /usr/lib/x86_64-linux-gnu/libXi.so.6.1.0
7ffddaa8d000-7ffddaa8e000 r--p 0000e000 08:05 3021673                    /usr/lib/x86_64-linux-gnu/libXi.so.6.1.0
7ffddaa8e000-7ffddaa8f000 rw-p 0000f000 08:05 3021673                    /usr/lib/x86_64-linux-gnu/libXi.so.6.1.0
7ffddaa8f000-7ffddaa94000 r-xp 00000000 08:05 3021693                    /usr/lib/x86_64-linux-gnu/libXtst.so.6.1.0
7ffddaa94000-7ffddac93000 ---p 00005000 08:05 3021693                    /usr/lib/x86_64-linux-gnu/libXtst.so.6.1.0
7ffddac93000-7ffddac94000 r--p 00004000 08:05 3021693                    /usr/lib/x86_64-linux-gnu/libXtst.so.6.1.0
7ffddac94000-7ffddac95000 rw-p 00005000 08:05 3021693                    /usr/lib/x86_64-linux-gnu/libXtst.so.6.1.0
7ffddac95000-7ffddac9e000 r-xp 00000000 08:05 3021687                    /usr/lib/x86_64-linux-gnu/libXrender.so.1.3.0
7ffddac9e000-7ffddae9d000 ---p 00009000 08:05 3021687                    /usr/lib/x86_64-linux-gnu/libXrender.so.1.3.0
7ffddae9d000-7ffddae9e000 r--p 00008000 08:05 3021687                    /usr/lib/x86_64-linux-gnu/libXrender.so.1.3.0
7ffddae9e000-7ffddae9f000 rw-p 00009000 08:05 3021687                    /usr/lib/x86_64-linux-gnu/libXrender.so.1.3.0
7ffddae9f000-7ffddafcf000 r-xp 00000000 08:05 3021648                    /usr/lib/x86_64-linux-gnu/libX11.so.6.3.0
7ffddafcf000-7ffddb1cf000 ---p 00130000 08:05 3021648                    /usr/lib/x86_64-linux-gnu/libX11.so.6.3.0
7ffddb1cf000-7ffddb1d0000 r--p 00130000 08:05 3021648                    /usr/lib/x86_64-linux-gnu/libX11.so.6.3.0
7ffddb1d0000-7ffddb1d4000 rw-p 00131000 08:05 3021648                    /usr/lib/x86_64-linux-gnu/libX11.so.6.3.0
7ffddb1d4000-7ffddb1e5000 r-xp 00000000 08:05 3021665                    /usr/lib/x86_64-linux-gnu/libXext.so.6.4.0
7ffddb1e5000-7ffddb3e4000 ---p 00011000 08:05 3021665                    /usr/lib/x86_64-linux-gnu/libXext.so.6.4.0
7ffddb3e4000-7ffddb3e5000 r--p 00010000 08:05 3021665                    /usr/lib/x86_64-linux-gnu/libXext.so.6.4.0
7ffddb3e5000-7ffddb3e6000 rw-p 00011000 08:05 3021665                    /usr/lib/x86_64-linux-gnu/libXext.so.6.4.0
7ffddb3e6000-7ffddb42e000 r-xp 00000000 08:05 427242                     /usr/lib/jvm/java-7-openjdk-amd64/jre/lib/amd64/xawt/libmawt.so
7ffddb42e000-7ffddb62d000 ---p 00048000 08:05 427242                     /usr/lib/jvm/java-7-openjdk-amd64/jre/lib/amd64/xawt/libmawt.so
7ffddb62d000-7ffddb62e000 r--p 00047000 08:05 427242                     /usr/lib/jvm/java-7-openjdk-amd64/jre/lib/amd64/xawt/libmawt.so
7ffddb62e000-7ffddb631000 rw-p 00048000 08:05 427242                     /usr/lib/jvm/java-7-openjdk-amd64/jre/lib/amd64/xawt/libmawt.so
7ffddb631000-7ffddb632000 rw-p 00000000 00:00 0 
7ffddb632000-7ffddc000000 r--p 00000000 08:05 3019502                    /usr/lib/locale/locale-archive
7ffddc000000-7ffddc021000 rw-p 00000000 00:00 0 
7ffddc021000-7ffde0000000 ---p 00000000 00:00 0 
7ffde0000000-7ffde0002000 r--s 00000000 08:05 1191348                    /var/cache/fontconfig/4b14b093aebc79c320de5e86ae1d3314-le64.cache-4
7ffde0002000-7ffde000d000 r--s 00000000 08:05 1180821                    /var/cache/fontconfig/d589a48862398ed80a3d6066f4f56f4c-le64.cache-4
7ffde000d000-7ffde0010000 r--s 00000000 08:05 1196435                    /var/cache/fontconfig/e13b20fdb08344e0e664864cc2ede53d-le64.cache-4
7ffde0010000-7ffde0014000 r--s 00000000 08:05 1196436                    /var/cache/fontconfig/7ef2298fde41cc6eeb7af42e48b7d293-le64.cache-4
7ffde0014000-7ffde001b000 r--s 00000000 08:05 3172867                    /usr/lib/x86_64-linux-gnu/gconv/gconv-modules.cache
7ffde001b000-7ffde0021000 r--p 00000000 08:05 561540                     /home/mark/.config/dconf/user
7ffde0021000-7ffde0071000 r--p 00000000 08:05 3304345                    /usr/share/glib-2.0/schemas/gschemas.compiled
7ffde0071000-7ffde00c1000 r--p 00000000 08:05 3304345                    /usr/share/glib-2.0/schemas/gschemas.compiled
7ffde00c1000-7ffde00c4000 ---p 00000000 00:00 0 
7ffde00c4000-7ffde01c2000 rw-p 00000000 00:00 0                          [stack:1220]
7ffde01c2000-7ffde0262000 r-xp 00000000 08:05 427279                     /usr/lib/jvm/java-7-openjdk-amd64/jre/lib/amd64/libawt.so
7ffde0262000-7ffde0462000 ---p 000a0000 08:05 427279                     /usr/lib/jvm/java-7-openjdk-amd64/jre/lib/amd64/libawt.so
7ffde0462000-7ffde0463000 r--p 000a0000 08:05 427279                     /usr/lib/jvm/java-7-openjdk-amd64/jre/lib/amd64/libawt.so
7ffde0463000-7ffde046e000 rw-p 000a1000 08:05 427279                     /usr/lib/jvm/java-7-openjdk-amd64/jre/lib/amd64/libawt.so
7ffde046e000-7ffde0493000 rw-p 00000000 00:00 0 
7ffde0493000-7ffde0494000 ---p 00000000 00:00 0 
7ffde0494000-7ffde0594000 rw-p 00000000 00:00 0                          [stack:1219]
7ffde0594000-7ffde0597000 ---p 00000000 00:00 0 
7ffde0597000-7ffde0695000 rw-p 00000000 00:00 0                          [stack:1218]
7ffde0695000-7ffde0698000 ---p 00000000 00:00 0 
7ffde0698000-7ffde0796000 rw-p 00000000 00:00 0                          [stack:1217]
7ffde0796000-7ffde0799000 ---p 00000000 00:00 0 
7ffde0799000-7ffde0897000 rw-p 00000000 00:00 0                          [stack:1216]
7ffde0897000-7ffde089a000 ---p 00000000 00:00 0 
7ffde089a000-7ffde0998000 rw-p 00000000 00:00 0                          [stack:1215]
7ffde0998000-7ffde099b000 ---p 00000000 00:00 0 
7ffde099b000-7ffde0a99000 rw-p 00000000 00:00 0                          [stack:1214]
7ffde0a99000-7ffde0a9c000 ---p 00000000 00:00 0 
7ffde0a9c000-7ffde0b9a000 rw-p 00000000 00:00 0                          [stack:1213]
7ffde0b9a000-7ffde0b9b000 ---p 00000000 00:00 0 
7ffde0b9b000-7ffde1c4f000 rw-p 00000000 00:00 0                          [stack:1212]
7ffde1c4f000-7ffde1e00000 r--s 01d21000 08:05 427480                     /usr/lib/jvm/java-7-openjdk-amd64/jre/lib/rt.jar
7ffde1e00000-7ffde4000000 rw-p 00000000 00:00 0 
7ffde4000000-7ffde4021000 rw-p 00000000 00:00 0 
7ffde4021000-7ffde8000000 ---p 00000000 00:00 0 
7ffde8000000-7ffde8001000 r--s 00000000 08:05 1180230                    /var/cache/fontconfig/b9d506c9ac06c20b433354fa67a72993-le64.cache-4
7ffde8001000-7ffde8005000 r--p 00000000 08:05 135245                     /usr/share/locale-langpack/en_AU/LC_MESSAGES/gtk20-properties.mo
7ffde8005000-7ffde8367000 rw-p 00000000 00:00 0 
7ffde8367000-7ffde8368000 ---p 00000000 00:00 0 
7ffde8368000-7ffde8468000 rw-p 00000000 00:00 0                          [stack:1211]
7ffde8468000-7ffde8469000 ---p 00000000 00:00 0 
7ffde8469000-7ffde8569000 rw-p 00000000 00:00 0                          [stack:1210]
7ffde8569000-7ffde856a000 ---p 00000000 00:00 0 
7ffde856a000-7ffde866a000 rw-p 00000000 00:00 0                          [stack:1209]
7ffde866a000-7ffde866b000 ---p 00000000 00:00 0 
7ffde866b000-7ffde8778000 rw-p 00000000 00:00 0                          [stack:1208]
7ffde8778000-7ffde877b000 ---p 00000000 00:00 0 
7ffde877b000-7ffde87be000 rw-p 00000000 00:00 0 
7ffde87be000-7ffde87cb000 rw-p 00000000 00:00 0 
7ffde87cb000-7ffde87ce000 ---p 00000000 00:00 0 
7ffde87ce000-7ffde8811000 rw-p 00000000 00:00 0 
7ffde8811000-7ffde8940000 rw-p 00000000 00:00 0 
7ffde8940000-7ffde8944000 rw-p 00000000 00:00 0 
7ffde8944000-7ffde89de000 rw-p 00000000 00:00 0 
7ffde89de000-7ffde89df000 rw-p 00000000 00:00 0 
7ffde89df000-7ffde8c4f000 rwxp 00000000 00:00 0 
7ffde8c4f000-7ffdeb9df000 rw-p 00000000 00:00 0 
7ffdeb9df000-7ffdeb9e7000 r-xp 00000000 08:05 405699                     /usr/lib/jvm/java-7-openjdk-amd64/jre/lib/amd64/libzip.so
7ffdeb9e7000-7ffdebbe6000 ---p 00008000 08:05 405699                     /usr/lib/jvm/java-7-openjdk-amd64/jre/lib/amd64/libzip.so
7ffdebbe6000-7ffdebbe7000 r--p 00007000 08:05 405699                     /usr/lib/jvm/java-7-openjdk-amd64/jre/lib/amd64/libzip.so
7ffdebbe7000-7ffdebbe8000 rw-p 00008000 08:05 405699                     /usr/lib/jvm/java-7-openjdk-amd64/jre/lib/amd64/libzip.so
7ffdebbe8000-7ffdebbf3000 r-xp 00000000 08:05 2630622                    /lib/x86_64-linux-gnu/libnss_files-2.19.so
7ffdebbf3000-7ffdebdf2000 ---p 0000b000 08:05 2630622                    /lib/x86_64-linux-gnu/libnss_files-2.19.so
7ffdebdf2000-7ffdebdf3000 r--p 0000a000 08:05 2630622                    /lib/x86_64-linux-gnu/libnss_files-2.19.so
7ffdebdf3000-7ffdebdf4000 rw-p 0000b000 08:05 2630622                    /lib/x86_64-linux-gnu/libnss_files-2.19.so
7ffdebdf4000-7ffdebdff000 r-xp 00000000 08:05 2630623                    /lib/x86_64-linux-gnu/libnss_nis-2.19.so
7ffdebdff000-7ffdebffe000 ---p 0000b000 08:05 2630623                    /lib/x86_64-linux-gnu/libnss_nis-2.19.so
7ffdebffe000-7ffdebfff000 r--p 0000a000 08:05 2630623                    /lib/x86_64-linux-gnu/libnss_nis-2.19.so
7ffdebfff000-7ffdec000000 rw-p 0000b000 08:05 2630623                    /lib/x86_64-linux-gnu/libnss_nis-2.19.so
7ffdec000000-7ffdec481000 rw-p 00000000 00:00 0 
7ffdec481000-7ffdf0000000 ---p 00000000 00:00 0 
7ffdf0000000-7ffdf0001000 r--s 00000000 08:05 1180221                    /var/cache/fontconfig/0c9eb80ebd1c36541ebe2852d3bb0c49-le64.cache-4
7ffdf0001000-7ffdf0002000 r--s 00000000 08:05 1199415                    /var/cache/fontconfig/62f91419b9ebdb6975e7e41ab6412357-le64.cache-4
7ffdf0002000-7ffdf0003000 r--s 00000000 00:15 2082322                    /run/user/1000/dconf/user
7ffdf0003000-7ffdf000c000 r--s 000b9000 08:05 427284                     /usr/lib/jvm/java-7-openjdk-amd64/jre/lib/resources.jar
7ffdf000c000-7ffdf0016000 r--s 00203000 08:05 427286                     /usr/lib/jvm/java-7-openjdk-amd64/jre/lib/charsets.jar
7ffdf0016000-7ffdf0145000 rw-p 00000000 00:00 0 
7ffdf0145000-7ffdf014a000 rw-p 00000000 00:00 0 
7ffdf014a000-7ffdf0161000 r-xp 00000000 08:05 2630609                    /lib/x86_64-linux-gnu/libnsl-2.19.so
7ffdf0161000-7ffdf0360000 ---p 00017000 08:05 2630609                    /lib/x86_64-linux-gnu/libnsl-2.19.so
7ffdf0360000-7ffdf0361000 r--p 00016000 08:05 2630609                    /lib/x86_64-linux-gnu/libnsl-2.19.so
7ffdf0361000-7ffdf0362000 rw-p 00017000 08:05 2630609                    /lib/x86_64-linux-gnu/libnsl-2.19.so
7ffdf0362000-7ffdf0364000 rw-p 00000000 00:00 0 
7ffdf0364000-7ffdf036d000 r-xp 00000000 08:05 2630605                    /lib/x86_64-linux-gnu/libnss_compat-2.19.so
7ffdf036d000-7ffdf056c000 ---p 00009000 08:05 2630605                    /lib/x86_64-linux-gnu/libnss_compat-2.19.so
7ffdf056c000-7ffdf056d000 r--p 00008000 08:05 2630605                    /lib/x86_64-linux-gnu/libnss_compat-2.19.so
7ffdf056d000-7ffdf056e000 rw-p 00009000 08:05 2630605                    /lib/x86_64-linux-gnu/libnss_compat-2.19.so
7ffdf056e000-7ffdf0599000 r-xp 00000000 08:05 405693                     /usr/lib/jvm/java-7-openjdk-amd64/jre/lib/amd64/libjava.so
7ffdf0599000-7ffdf0799000 ---p 0002b000 08:05 405693                     /usr/lib/jvm/java-7-openjdk-amd64/jre/lib/amd64/libjava.so
7ffdf0799000-7ffdf079a000 r--p 0002b000 08:05 405693                     /usr/lib/jvm/java-7-openjdk-amd64/jre/lib/amd64/libjava.so
7ffdf079a000-7ffdf079c000 rw-p 0002c000 08:05 405693                     /usr/lib/jvm/java-7-openjdk-amd64/jre/lib/amd64/libjava.so
7ffdf079c000-7ffdf07ac000 r-xp 00000000 08:05 427259                     /usr/lib/jvm/java-7-openjdk-amd64/jre/lib/amd64/libverify.so
7ffdf07ac000-7ffdf09ab000 ---p 00010000 08:05 427259                     /usr/lib/jvm/java-7-openjdk-amd64/jre/lib/amd64/libverify.so
7ffdf09ab000-7ffdf09ad000 r--p 0000f000 08:05 427259                     /usr/lib/jvm/java-7-openjdk-amd64/jre/lib/amd64/libverify.so
7ffdf09ad000-7ffdf09ae000 rw-p 00011000 08:05 427259                     /usr/lib/jvm/java-7-openjdk-amd64/jre/lib/amd64/libverify.so
7ffdf09ae000-7ffdf09b5000 r-xp 00000000 08:05 2630611                    /lib/x86_64-linux-gnu/librt-2.19.so
7ffdf09b5000-7ffdf0bb4000 ---p 00007000 08:05 2630611                    /lib/x86_64-linux-gnu/librt-2.19.so
7ffdf0bb4000-7ffdf0bb5000 r--p 00006000 08:05 2630611                    /lib/x86_64-linux-gnu/librt-2.19.so
7ffdf0bb5000-7ffdf0bb6000 rw-p 00007000 08:05 2630611                    /lib/x86_64-linux-gnu/librt-2.19.so
7ffdf0bb6000-7ffdf0bcc000 r-xp 00000000 08:05 2622636                    /lib/x86_64-linux-gnu/libgcc_s.so.1
7ffdf0bcc000-7ffdf0dcb000 ---p 00016000 08:05 2622636                    /lib/x86_64-linux-gnu/libgcc_s.so.1
7ffdf0dcb000-7ffdf0dcc000 rw-p 00015000 08:05 2622636                    /lib/x86_64-linux-gnu/libgcc_s.so.1
7ffdf0dcc000-7ffdf0ed1000 r-xp 00000000 08:05 2630618                    /lib/x86_64-linux-gnu/libm-2.19.so
7ffdf0ed1000-7ffdf10d0000 ---p 00105000 08:05 2630618                    /lib/x86_64-linux-gnu/libm-2.19.so
7ffdf10d0000-7ffdf10d1000 r--p 00104000 08:05 2630618                    /lib/x86_64-linux-gnu/libm-2.19.so
7ffdf10d1000-7ffdf10d2000 rw-p 00105000 08:05 2630618                    /lib/x86_64-linux-gnu/libm-2.19.so
7ffdf10d2000-7ffdf11b8000 r-xp 00000000 08:05 3022467                    /usr/lib/x86_64-linux-gnu/libstdc++.so.6.0.19
7ffdf11b8000-7ffdf13b7000 ---p 000e6000 08:05 3022467                    /usr/lib/x86_64-linux-gnu/libstdc++.so.6.0.19
7ffdf13b7000-7ffdf13bf000 r--p 000e5000 08:05 3022467                    /usr/lib/x86_64-linux-gnu/libstdc++.so.6.0.19
7ffdf13bf000-7ffdf13c1000 rw-p 000ed000 08:05 3022467                    /usr/lib/x86_64-linux-gnu/libstdc++.so.6.0.19
7ffdf13c1000-7ffdf13d6000 rw-p 00000000 00:00 0 
7ffdf13d6000-7ffdf1eec000 r-xp 00000000 08:05 427271                     /usr/lib/jvm/java-7-openjdk-amd64/jre/lib/amd64/server/libjvm.so
7ffdf1eec000-7ffdf20eb000 ---p 00b16000 08:05 427271                     /usr/lib/jvm/java-7-openjdk-amd64/jre/lib/amd64/server/libjvm.so
7ffdf20eb000-7ffdf2185000 r--p 00b15000 08:05 427271                     /usr/lib/jvm/java-7-openjdk-amd64/jre/lib/amd64/server/libjvm.so
7ffdf2185000-7ffdf21a8000 rw-p 00baf000 08:05 427271                     /usr/lib/jvm/java-7-openjdk-amd64/jre/lib/amd64/server/libjvm.so
7ffdf21a8000-7ffdf21d6000 rw-p 00000000 00:00 0 
7ffdf21d6000-7ffdf21ee000 r-xp 00000000 08:05 2625711                    /lib/x86_64-linux-gnu/libz.so.1.2.8
7ffdf21ee000-7ffdf23ed000 ---p 00018000 08:05 2625711                    /lib/x86_64-linux-gnu/libz.so.1.2.8
7ffdf23ed000-7ffdf23ee000 r--p 00017000 08:05 2625711                    /lib/x86_64-linux-gnu/libz.so.1.2.8
7ffdf23ee000-7ffdf23ef000 rw-p 00018000 08:05 2625711                    /lib/x86_64-linux-gnu/libz.so.1.2.8
7ffdf23ef000-7ffdf2408000 r-xp 00000000 08:05 2630628                    /lib/x86_64-linux-gnu/libpthread-2.19.so
7ffdf2408000-7ffdf2607000 ---p 00019000 08:05 2630628                    /lib/x86_64-linux-gnu/libpthread-2.19.so
7ffdf2607000-7ffdf2608000 r--p 00018000 08:05 2630628                    /lib/x86_64-linux-gnu/libpthread-2.19.so
7ffdf2608000-7ffdf2609000 rw-p 00019000 08:05 2630628                    /lib/x86_64-linux-gnu/libpthread-2.19.so
7ffdf2609000-7ffdf260d000 rw-p 00000000 00:00 0 
7ffdf260d000-7ffdf2610000 r-xp 00000000 08:05 2630627                    /lib/x86_64-linux-gnu/libdl-2.19.so
7ffdf2610000-7ffdf280f000 ---p 00003000 08:05 2630627                    /lib/x86_64-linux-gnu/libdl-2.19.so
7ffdf280f000-7ffdf2810000 r--p 00002000 08:05 2630627                    /lib/x86_64-linux-gnu/libdl-2.19.so
7ffdf2810000-7ffdf2811000 rw-p 00003000 08:05 2630627                    /lib/x86_64-linux-gnu/libdl-2.19.so
7ffdf2811000-7ffdf29cc000 r-xp 00000000 08:05 2630615                    /lib/x86_64-linux-gnu/libc-2.19.so
7ffdf29cc000-7ffdf2bcc000 ---p 001bb000 08:05 2630615                    /lib/x86_64-linux-gnu/libc-2.19.so
7ffdf2bcc000-7ffdf2bd0000 r--p 001bb000 08:05 2630615                    /lib/x86_64-linux-gnu/libc-2.19.so
7ffdf2bd0000-7ffdf2bd2000 rw-p 001bf000 08:05 2630615                    /lib/x86_64-linux-gnu/libc-2.19.so
7ffdf2bd2000-7ffdf2bd7000 rw-p 00000000 00:00 0 
7ffdf2bd7000-7ffdf2be4000 r-xp 00000000 08:05 427276                     /usr/lib/jvm/java-7-openjdk-amd64/jre/lib/amd64/jli/libjli.so
7ffdf2be4000-7ffdf2de3000 ---p 0000d000 08:05 427276                     /usr/lib/jvm/java-7-openjdk-amd64/jre/lib/amd64/jli/libjli.so
7ffdf2de3000-7ffdf2de4000 r--p 0000c000 08:05 427276                     /usr/lib/jvm/java-7-openjdk-amd64/jre/lib/amd64/jli/libjli.so
7ffdf2de4000-7ffdf2de5000 rw-p 0000d000 08:05 427276                     /usr/lib/jvm/java-7-openjdk-amd64/jre/lib/amd64/jli/libjli.so
7ffdf2de5000-7ffdf2e08000 r-xp 00000000 08:05 2630616                    /lib/x86_64-linux-gnu/ld-2.19.so
7ffdf2e08000-7ffdf2e09000 r--p 00000000 08:05 135106                     /usr/share/locale-langpack/en_AU/LC_MESSAGES/glib20.mo
7ffdf2e09000-7ffdf2e0b000 r--p 00000000 08:05 135117                     /usr/share/locale-langpack/en_AU/LC_MESSAGES/gtk20.mo
7ffdf2e0b000-7ffdf2e0c000 r--p 00000000 08:05 137937                     /usr/share/locale-langpack/en_AU/LC_MESSAGES/libc.mo
7ffdf2e0c000-7ffdf2e0d000 r--s 00005000 08:05 1844121                    /home/mark/Downloads/json-simple-1.1.1.jar
7ffdf2e0d000-7ffdf2e11000 r--s 00085000 08:05 427287                     /usr/lib/jvm/java-7-openjdk-amd64/jre/lib/ext/localedata.jar
7ffdf2e11000-7ffdf2e14000 r--s 0003c000 08:05 427460                     /usr/lib/jvm/java-7-openjdk-amd64/jre/lib/ext/sunpkcs11.jar
7ffdf2e14000-7ffdf2e17000 r--s 0000f000 08:05 427288                     /usr/lib/jvm/java-7-openjdk-amd64/jre/lib/ext/pulse-java.jar
7ffdf2e17000-7ffdf2e19000 r--s 00006000 08:05 3282004                    /usr/share/java/java-atk-wrapper.jar
7ffdf2e19000-7ffdf2e1a000 r--s 00002000 08:05 427293                     /usr/lib/jvm/java-7-openjdk-amd64/jre/lib/ext/dnsns.jar
7ffdf2e1a000-7ffdf2e1c000 r--s 00012000 08:05 427289                     /usr/lib/jvm/java-7-openjdk-amd64/jre/lib/ext/zipfs.jar
7ffdf2e1c000-7ffdf2e26000 rw-p 00000000 00:00 0 
7ffdf2e26000-7ffdf2edc000 rw-p 00000000 00:00 0 
7ffdf2edc000-7ffdf2edf000 ---p 00000000 00:00 0 
7ffdf2edf000-7ffdf2fe2000 rw-p 00000000 00:00 0                          [stack:1207]
7ffdf2fe2000-7ffdf2fe5000 r--s 00032000 08:05 427291                     /usr/lib/jvm/java-7-openjdk-amd64/jre/lib/ext/sunjce_provider.jar
7ffdf2fe5000-7ffdf2ffb000 rw-p 00000000 00:00 0 
7ffdf2ffb000-7ffdf3003000 rw-s 00000000 08:05 1849160                    /tmp/hsperfdata_mark/1203
7ffdf3003000-7ffdf3004000 rw-p 00000000 00:00 0 
7ffdf3004000-7ffdf3005000 r--p 00000000 00:00 0 
7ffdf3005000-7ffdf3007000 rw-p 00000000 00:00 0 
7ffdf3007000-7ffdf3008000 r--p 00022000 08:05 2630616                    /lib/x86_64-linux-gnu/ld-2.19.so
7ffdf3008000-7ffdf3009000 rw-p 00023000 08:05 2630616                    /lib/x86_64-linux-gnu/ld-2.19.so
7ffdf3009000-7ffdf300a000 rw-p 00000000 00:00 0 
7fff2548e000-7fff254af000 rw-p 00000000 00:00 0                          [stack]
7fff255fd000-7fff255ff000 r-xp 00000000 00:00 0                          [vdso]
ffffffffff600000-ffffffffff601000 r-xp 00000000 00:00 0                  [vsyscall]

VM Arguments:
jvm_args: -Dfile.encoding=UTF-8 
java_command: capstone.gui.CapstoneApplication
Launcher Type: SUN_STANDARD

Environment Variables:
PATH=/usr/local/sbin:/usr/local/bin:/usr/sbin:/usr/bin:/sbin:/bin:/usr/games:/usr/local/games
USERNAME=mark
LD_LIBRARY_PATH=/usr/lib/jvm/java-7-openjdk-amd64/jre/lib/amd64:/usr/lib/jvm/java-7-openjdk-amd64/jre/lib/i386:
SHELL=/bin/bash
DISPLAY=:0.0

Signal Handlers:
SIGSEGV: [libjvm.so+0x949110], sa_mask[0]=0x7ffbfeff, sa_flags=0x10000004
SIGBUS: [libjvm.so+0x949110], sa_mask[0]=0x7ffbfeff, sa_flags=0x10000004
SIGFPE: [libjvm.so+0x7c2e80], sa_mask[0]=0x7ffbfeff, sa_flags=0x10000004
SIGPIPE: SIG_IGN, sa_mask[0]=0x00001000, sa_flags=0x10000000
SIGXFSZ: [libjvm.so+0x7c2e80], sa_mask[0]=0x7ffbfeff, sa_flags=0x10000004
SIGILL: [libjvm.so+0x7c2e80], sa_mask[0]=0x7ffbfeff, sa_flags=0x10000004
SIGUSR1: SIG_DFL, sa_mask[0]=0x00000000, sa_flags=0x00000000
SIGUSR2: [libjvm.so+0x7c2d20], sa_mask[0]=0x00000004, sa_flags=0x10000004
SIGHUP: [libjvm.so+0x7c2f00], sa_mask[0]=0x7ffbfeff, sa_flags=0x10000004
SIGINT: SIG_IGN, sa_mask[0]=0x00000000, sa_flags=0x00000000
SIGTERM: [libjvm.so+0x7c2f00], sa_mask[0]=0x7ffbfeff, sa_flags=0x10000004
SIGQUIT: [libjvm.so+0x7c2f00], sa_mask[0]=0x7ffbfeff, sa_flags=0x10000004
SIGTRAP: SIG_DFL, sa_mask[0]=0x00000000, sa_flags=0x00000000


---------------  S Y S T E M  ---------------

OS:Ubuntu 14.04 (trusty)
uname:Linux 3.13.0-36-generic #63-Ubuntu SMP Wed Sep 3 21:30:07 UTC 2014 x86_64
libc:glibc 2.19 NPTL 2.19 
rlimit: STACK 8192k, CORE 0k, NPROC 29315, NOFILE 4096, AS infinity
load average:2.20 0.85 0.58

/proc/meminfo:
MemTotal:        3774016 kB
MemFree:           88464 kB
Buffers:             184 kB
Cached:           158368 kB
SwapCached:            0 kB
Active:          3320192 kB
Inactive:         153728 kB
Active(anon):    3319292 kB
Inactive(anon):   145684 kB
Active(file):        900 kB
Inactive(file):     8044 kB
Unevictable:         192 kB
Mlocked:             192 kB
SwapTotal:             0 kB
SwapFree:              0 kB
Dirty:                76 kB
Writeback:             8 kB
AnonPages:       3316116 kB
Mapped:            72388 kB
Shmem:            149052 kB
Slab:              67104 kB
SReclaimable:      31600 kB
SUnreclaim:        35504 kB
KernelStack:        5224 kB
PageTables:        39064 kB
NFS_Unstable:          0 kB
Bounce:                0 kB
WritebackTmp:          0 kB
CommitLimit:     1887008 kB
Committed_AS:    6477472 kB
VmallocTotal:   34359738367 kB
VmallocUsed:      548380 kB
VmallocChunk:   34359165692 kB
HardwareCorrupted:     0 kB
AnonHugePages:   1177600 kB
HugePages_Total:       0
HugePages_Free:        0
HugePages_Rsvd:        0
HugePages_Surp:        0
Hugepagesize:       2048 kB
DirectMap4k:       66368 kB
DirectMap2M:     3850240 kB


CPU:total 4 (2 cores per cpu, 2 threads per core) family 6 model 37 stepping 5, cmov, cx8, fxsr, mmx, sse, sse2, sse3, ssse3, sse4.1, sse4.2, popcnt, ht, tsc, tscinvbit

/proc/cpuinfo:
processor	: 0
vendor_id	: GenuineIntel
cpu family	: 6
model		: 37
model name	: Intel(R) Core(TM) i3 CPU       M 370  @ 2.40GHz
stepping	: 5
microcode	: 0x2
cpu MHz		: 2399.000
cache size	: 3072 KB
physical id	: 0
siblings	: 4
core id		: 0
cpu cores	: 2
apicid		: 0
initial apicid	: 0
fpu		: yes
fpu_exception	: yes
cpuid level	: 11
wp		: yes
flags		: fpu vme de pse tsc msr pae mce cx8 apic sep mtrr pge mca cmov pat pse36 clflush dts acpi mmx fxsr sse sse2 ss ht tm pbe syscall nx rdtscp lm constant_tsc arch_perfmon pebs bts rep_good nopl xtopology nonstop_tsc aperfmperf pni dtes64 monitor ds_cpl vmx est tm2 ssse3 cx16 xtpr pdcm pcid sse4_1 sse4_2 popcnt lahf_lm arat dtherm tpr_shadow vnmi flexpriority ept vpid
bogomips	: 4787.72
clflush size	: 64
cache_alignment	: 64
address sizes	: 36 bits physical, 48 bits virtual
power management:

processor	: 1
vendor_id	: GenuineIntel
cpu family	: 6
model		: 37
model name	: Intel(R) Core(TM) i3 CPU       M 370  @ 2.40GHz
stepping	: 5
microcode	: 0x2
cpu MHz		: 2399.000
cache size	: 3072 KB
physical id	: 0
siblings	: 4
core id		: 0
cpu cores	: 2
apicid		: 1
initial apicid	: 1
fpu		: yes
fpu_exception	: yes
cpuid level	: 11
wp		: yes
flags		: fpu vme de pse tsc msr pae mce cx8 apic sep mtrr pge mca cmov pat pse36 clflush dts acpi mmx fxsr sse sse2 ss ht tm pbe syscall nx rdtscp lm constant_tsc arch_perfmon pebs bts rep_good nopl xtopology nonstop_tsc aperfmperf pni dtes64 monitor ds_cpl vmx est tm2 ssse3 cx16 xtpr pdcm pcid sse4_1 sse4_2 popcnt lahf_lm arat dtherm tpr_shadow vnmi flexpriority ept vpid
bogomips	: 4787.72
clflush size	: 64
cache_alignment	: 64
address sizes	: 36 bits physical, 48 bits virtual
power management:

processor	: 2
vendor_id	: GenuineIntel
cpu family	: 6
model		: 37
model name	: Intel(R) Core(TM) i3 CPU       M 370  @ 2.40GHz
stepping	: 5
microcode	: 0x2
cpu MHz		: 2399.000
cache size	: 3072 KB
physical id	: 0
siblings	: 4
core id		: 2
cpu cores	: 2
apicid		: 4
initial apicid	: 4
fpu		: yes
fpu_exception	: yes
cpuid level	: 11
wp		: yes
flags		: fpu vme de pse tsc msr pae mce cx8 apic sep mtrr pge mca cmov pat pse36 clflush dts acpi mmx fxsr sse sse2 ss ht tm pbe syscall nx rdtscp lm constant_tsc arch_perfmon pebs bts rep_good nopl xtopology nonstop_tsc aperfmperf pni dtes64 monitor ds_cpl vmx est tm2 ssse3 cx16 xtpr pdcm pcid sse4_1 sse4_2 popcnt lahf_lm arat dtherm tpr_shadow vnmi flexpriority ept vpid
bogomips	: 4787.72
clflush size	: 64
cache_alignment	: 64
address sizes	: 36 bits physical, 48 bits virtual
power management:

processor	: 3
vendor_id	: GenuineIntel
cpu family	: 6
model		: 37
model name	: Intel(R) Core(TM) i3 CPU       M 370  @ 2.40GHz
stepping	: 5
microcode	: 0x2
cpu MHz		: 2399.000
cache size	: 3072 KB
physical id	: 0
siblings	: 4
core id		: 2
cpu cores	: 2
apicid		: 5
initial apicid	: 5
fpu		: yes
fpu_exception	: yes
cpuid level	: 11
wp		: yes
flags		: fpu vme de pse tsc msr pae mce cx8 apic sep mtrr pge mca cmov pat pse36 clflush dts acpi mmx fxsr sse sse2 ss ht tm pbe syscall nx rdtscp lm constant_tsc arch_perfmon pebs bts rep_good nopl xtopology nonstop_tsc aperfmperf pni dtes64 monitor ds_cpl vmx est tm2 ssse3 cx16 xtpr pdcm pcid sse4_1 sse4_2 popcnt lahf_lm arat dtherm tpr_shadow vnmi flexpriority ept vpid
bogomips	: 4787.72
clflush size	: 64
cache_alignment	: 64
address sizes	: 36 bits physical, 48 bits virtual
power management:



Memory: 4k page, physical 3774016k(87720k free), swap 0k(0k free)

vm_info: OpenJDK 64-Bit Server VM (24.65-b04) for linux-amd64 JRE (1.7.0_65-b32), built on Aug 23 2014 13:33:31 by "buildd" with gcc 4.8.2

time: Mon Sep 22 16:50:20 2014
elapsed time: 33 seconds

