#
# There is insufficient memory for the Java Runtime Environment to continue.
# Native memory allocation (malloc) failed to allocate 6291456 bytes for committing reserved memory.
# Possible reasons:
#   The system is out of physical RAM or swap space
#   In 32 bit mode, the process size limit was hit
# Possible solutions:
#   Reduce memory load on the system
#   Increase physical memory or swap space
#   Check if swap backing store is full
#   Use 64 bit Java on a 64 bit OS
#   Decrease Java heap size (-Xmx/-Xms)
#   Decrease number of Java threads
#   Decrease Java thread stack sizes (-Xss)
#   Set larger code cache with -XX:ReservedCodeCacheSize=
# This output file may be truncated or incomplete.
#
#  Out of Memory Error (os_linux.cpp:2798), pid=22133, tid=140057016096512
#
# JRE version: OpenJDK Runtime Environment (7.0_65-b32) (build 1.7.0_65-b32)
# Java VM: OpenJDK 64-Bit Server VM (24.65-b04 mixed mode linux-amd64 compressed oops)
# Failed to write core dump. Core dumps have been disabled. To enable core dumping, try "ulimit -c unlimited" before starting Java again
#

---------------  T H R E A D  ---------------

Current thread (0x00007f61dc43d800):  JavaThread "Thread-0" [_thread_in_vm, id=22162, stack(0x00007f6190a15000,0x00007f6190b16000)]

Stack: [0x00007f6190a15000,0x00007f6190b16000],  sp=0x00007f6190b143b0,  free space=1020k
Native frames: (J=compiled Java code, j=interpreted, Vv=VM code, C=native code)
V  [libjvm.so+0x948635]  VMError::report_and_die()+0x175
V  [libjvm.so+0x48b904]  report_vm_out_of_memory(char const*, int, unsigned long, char const*)+0x74
V  [libjvm.so+0x7c766b]  os::pd_commit_memory(char*, unsigned long, unsigned long, bool)+0xeb
V  [libjvm.so+0x7c212f]  os::commit_memory(char*, unsigned long, unsigned long, bool)+0x1f
V  [libjvm.so+0x8338bb]  PSVirtualSpace::expand_by(unsigned long)+0x5b
V  [libjvm.so+0x82360b]  PSOldGen::expand_by(unsigned long) [clone .part.80]+0x1b
V  [libjvm.so+0x8237cb]  PSOldGen::expand(unsigned long) [clone .part.81]+0xdb
V  [libjvm.so+0x8240a8]  PSOldGen::allocate(unsigned long)+0xf8
V  [libjvm.so+0x7e7bd7]  ParallelScavengeHeap::mem_allocate(unsigned long, bool*)+0x1b7
V  [libjvm.so+0x914b3a]  typeArrayKlass::allocate_common(int, bool, Thread*)+0x2ca
V  [libjvm.so+0x8552c6]  OptoRuntime::new_array_nozero_C(klassOopDesc*, int, JavaThread*)+0x26

Java frames: (J=compiled Java code, j=interpreted, Vv=VM code)
v  ~RuntimeStub::_new_array_nozero_Java
J 121 C2 java.lang.StringBuilder.append(Ljava/lang/String;)Ljava/lang/StringBuilder; (8 bytes) @ 0x00007f61d90c84fc [0x00007f61d90c8280+0x27c]
j  capstone.yelpmodel.JSONWrapper.<init>(Ljava/io/File;)V+97
j  capstone.yelpmodel.Business.<init>(Ljava/io/File;)V+2
j  capstone.yelpmodel.YelpModel.<init>(Ljava/lang/String;Lcapstone/yelpmodel/YelpModel$YelpModelLoaderUI;)V+139
j  capstone.gui.YelpModelLoader.run()V+103
v  ~StubRoutines::call_stub

---------------  P R O C E S S  ---------------

Java Threads: ( => current thread )
  0x00007f61dc00a000 JavaThread "DestroyJavaVM" [_thread_blocked, id=22138, stack(0x00007f61e5b90000,0x00007f61e5c91000)]
=>0x00007f61dc43d800 JavaThread "Thread-0" [_thread_in_vm, id=22162, stack(0x00007f6190a15000,0x00007f6190b16000)]
  0x00007f61dc43b800 JavaThread "TimerQueue" daemon [_thread_blocked, id=22161, stack(0x00007f6190b16000,0x00007f6190c17000)]
  0x00007f61dc39a800 JavaThread "AWT-EventQueue-0" [_thread_in_native, id=22160, stack(0x00007f6190c17000,0x00007f6190d18000)]
  0x00007f61dc397000 JavaThread "AWT-Shutdown" [_thread_blocked, id=22159, stack(0x00007f6198015000,0x00007f6198116000)]
  0x00007f61dc206800 JavaThread "AWT-XAWT" daemon [_thread_in_native, id=22152, stack(0x00007f61d0007000,0x00007f61d0108000)]
  0x00007f61dc1e5800 JavaThread "Java2D Disposer" daemon [_thread_blocked, id=22151, stack(0x00007f61d80d3000,0x00007f61d81d4000)]
  0x00007f61dc0a4000 JavaThread "Service Thread" daemon [_thread_blocked, id=22149, stack(0x00007f61e0463000,0x00007f61e0564000)]
  0x00007f61dc0a1800 JavaThread "C2 CompilerThread1" daemon [_thread_blocked, id=22148, stack(0x00007f61e0564000,0x00007f61e0665000)]
  0x00007f61dc09e800 JavaThread "C2 CompilerThread0" daemon [_thread_blocked, id=22147, stack(0x00007f61e0665000,0x00007f61e0766000)]
  0x00007f61dc09c800 JavaThread "Signal Dispatcher" daemon [_thread_blocked, id=22146, stack(0x00007f61e0766000,0x00007f61e0867000)]
  0x00007f61dc07b800 JavaThread "Finalizer" daemon [_thread_blocked, id=22145, stack(0x00007f61e0867000,0x00007f61e0968000)]
  0x00007f61dc079800 JavaThread "Reference Handler" daemon [_thread_blocked, id=22144, stack(0x00007f61e0968000,0x00007f61e0a69000)]

Other Threads:
  0x00007f61dc075800 VMThread [stack: 0x00007f61e0a69000,0x00007f61e0b6a000] [id=22143]
  0x00007f61dc0ae800 WatcherThread [stack: 0x00007f61e0362000,0x00007f61e0463000] [id=22150]

VM state:not at safepoint (normal execution)

VM Mutex/Monitor currently owned by a thread:  ([mutex/lock_event])
[0x00007f61dc005ed0] ExpandHeap_lock - owner thread: 0x00007f61dc43d800
[0x00007f61dc006a50] Heap_lock - owner thread: 0x00007f61dc43d800

Heap
 PSYoungGen      total 301056K, used 285181K [0x00000000ecc80000, 0x0000000100000000, 0x0000000100000000)
  eden space 287232K, 99% used [0x00000000ecc80000,0x00000000fe2ff500,0x00000000fe500000)
  from space 13824K, 0% used [0x00000000fe500000,0x00000000fe500000,0x00000000ff280000)
  to   space 13824K, 0% used [0x00000000ff280000,0x00000000ff280000,0x0000000100000000)
 ParOldGen       total 265728K, used 263373K [0x00000000c6600000, 0x00000000d6980000, 0x00000000ecc80000)
  object space 265728K, 99% used [0x00000000c6600000,0x00000000d6733690,0x00000000d6980000)
 PSPermGen       total 32256K, used 14760K [0x00000000bc000000, 0x00000000bdf80000, 0x00000000c6600000)
  object space 32256K, 45% used [0x00000000bc000000,0x00000000bce6a000,0x00000000bdf80000)

Card table byte_map: [0x00007f61e25bc000,0x00007f61e27dd000] byte_map_base: 0x00007f61e1fdc000

Polling page: 0x00007f61e5cb8000

Code Cache  [0x00007f61d9000000, 0x00007f61d9270000, 0x00007f61dc000000)
 total_blobs=630 nmethods=134 adapters=450 free_code_cache=48338Kb largest_free_block=49473728

Compilation events (10 events):
Event: 8.738 Thread 0x00007f61dc0a1800  131             java.lang.StringBuilder::toString (17 bytes)
Event: 8.748 Thread 0x00007f61dc0a1800 nmethod 131 0x00007f61d90ce210 code [0x00007f61d90ce360, 0x00007f61d90ce638]
Event: 8.841 Thread 0x00007f61dc09e800  132             java.lang.StringBuilder::<init> (7 bytes)
Event: 8.843 Thread 0x00007f61dc09e800 nmethod 132 0x00007f61d907b0d0 code [0x00007f61d907b220, 0x00007f61d907b318]
Event: 9.722 Thread 0x00007f61dc0a1800  134             java.util.concurrent.locks.AbstractQueuedSynchronizer::setState (6 bytes)
Event: 9.722 Thread 0x00007f61dc0a1800 nmethod 134 0x00007f61d907ae90 code [0x00007f61d907afc0, 0x00007f61d907b018]
Event: 12.172 Thread 0x00007f61dc09e800  135             java.util.concurrent.locks.AbstractQueuedSynchronizer::compareAndSetState (13 bytes)
Event: 12.173 Thread 0x00007f61dc09e800 nmethod 135 0x00007f61d90cdfd0 code [0x00007f61d90ce100, 0x00007f61d90ce158]
Event: 12.572 Thread 0x00007f61dc0a1800  136             java.util.concurrent.locks.AbstractQueuedSynchronizer::release (33 bytes)
Event: 12.578 Thread 0x00007f61dc0a1800 nmethod 136 0x00007f61d90cfad0 code [0x00007f61d90cfc20, 0x00007f61d90cfd88]

GC Heap History (10 events):
Event: 12.752 GC heap before
{Heap before GC invocations=90 (full 2):
 PSYoungGen      total 296960K, used 292079K [0x00000000ecc80000, 0x0000000100000000, 0x0000000100000000)
  eden space 288256K, 98% used [0x00000000ecc80000,0x00000000fe15ca78,0x00000000fe600000)
  from space 8704K, 98% used [0x00000000fe600000,0x00000000fee5f1a0,0x00000000fee80000)
  to   space 13824K, 0% used [0x00000000ff280000,0x00000000ff280000,0x0000000100000000)
 ParOldGen       total 47104K, used 5266K [0x00000000c6600000, 0x00000000c9400000, 0x00000000ecc80000)
  object space 47104K, 11% used [0x00000000c6600000,0x00000000c6b24868,0x00000000c9400000)
 PSPermGen       total 33280K, used 14759K [0x00000000bc000000, 0x00000000be080000, 0x00000000c6600000)
  object space 33280K, 44% used [0x00000000bc000000,0x00000000bce69db0,0x00000000be080000)
Event: 12.757 GC heap after
Heap after GC invocations=90 (full 2):
 PSYoungGen      total 301056K, used 8658K [0x00000000ecc80000, 0x0000000100000000, 0x0000000100000000)
  eden space 287232K, 0% used [0x00000000ecc80000,0x00000000ecc80000,0x00000000fe500000)
  from space 13824K, 62% used [0x00000000ff280000,0x00000000ffaf48e0,0x0000000100000000)
  to   space 13824K, 0% used [0x00000000fe500000,0x00000000fe500000,0x00000000ff280000)
 ParOldGen       total 47104K, used 5266K [0x00000000c6600000, 0x00000000c9400000, 0x00000000ecc80000)
  object space 47104K, 11% used [0x00000000c6600000,0x00000000c6b24868,0x00000000c9400000)
 PSPermGen       total 33280K, used 14759K [0x00000000bc000000, 0x00000000be080000, 0x00000000c6600000)
  object space 33280K, 44% used [0x00000000bc000000,0x00000000bce69db0,0x00000000be080000)
}
Event: 12.872 GC heap before
{Heap before GC invocations=91 (full 2):
 PSYoungGen      total 301056K, used 293951K [0x00000000ecc80000, 0x0000000100000000, 0x0000000100000000)
  eden space 287232K, 99% used [0x00000000ecc80000,0x00000000fe31b6d0,0x00000000fe500000)
  from space 13824K, 62% used [0x00000000ff280000,0x00000000ffaf48e0,0x0000000100000000)
  to   space 13824K, 0% used [0x00000000fe500000,0x00000000fe500000,0x00000000ff280000)
 ParOldGen       total 47104K, used 5266K [0x00000000c6600000, 0x00000000c9400000, 0x00000000ecc80000)
  object space 47104K, 11% used [0x00000000c6600000,0x00000000c6b24868,0x00000000c9400000)
 PSPermGen       total 33280K, used 14759K [0x00000000bc000000, 0x00000000be080000, 0x00000000c6600000)
  object space 33280K, 44% used [0x00000000bc000000,0x00000000bce69e98,0x00000000be080000)
Event: 12.877 GC heap after
Heap after GC invocations=91 (full 2):
 PSYoungGen      total 301056K, used 8743K [0x00000000ecc80000, 0x0000000100000000, 0x0000000100000000)
  eden space 287232K, 0% used [0x00000000ecc80000,0x00000000ecc80000,0x00000000fe500000)
  from space 13824K, 63% used [0x00000000fe500000,0x00000000fed89eb8,0x00000000ff280000)
  to   space 13824K, 0% used [0x00000000ff280000,0x00000000ff280000,0x0000000100000000)
 ParOldGen       total 47104K, used 5266K [0x00000000c6600000, 0x00000000c9400000, 0x00000000ecc80000)
  object space 47104K, 11% used [0x00000000c6600000,0x00000000c6b24868,0x00000000c9400000)
 PSPermGen       total 33280K, used 14759K [0x00000000bc000000, 0x00000000be080000, 0x00000000c6600000)
  object space 33280K, 44% used [0x00000000bc000000,0x00000000bce69e98,0x00000000be080000)
}
Event: 13.001 GC heap before
{Heap before GC invocations=92 (full 2):
 PSYoungGen      total 301056K, used 295843K [0x00000000ecc80000, 0x0000000100000000, 0x0000000100000000)
  eden space 287232K, 99% used [0x00000000ecc80000,0x00000000fe4def88,0x00000000fe500000)
  from space 13824K, 63% used [0x00000000fe500000,0x00000000fed89eb8,0x00000000ff280000)
  to   space 13824K, 0% used [0x00000000ff280000,0x00000000ff280000,0x0000000100000000)
 ParOldGen       total 47104K, used 5266K [0x00000000c6600000, 0x00000000c9400000, 0x00000000ecc80000)
  object space 47104K, 11% used [0x00000000c6600000,0x00000000c6b24868,0x00000000c9400000)
 PSPermGen       total 33280K, used 14759K [0x00000000bc000000, 0x00000000be080000, 0x00000000c6600000)
  object space 33280K, 44% used [0x00000000bc000000,0x00000000bce69e98,0x00000000be080000)
Event: 13.006 GC heap after
Heap after GC invocations=92 (full 2):
 PSYoungGen      total 301056K, used 8765K [0x00000000ecc80000, 0x0000000100000000, 0x0000000100000000)
  eden space 287232K, 0% used [0x00000000ecc80000,0x00000000ecc80000,0x00000000fe500000)
  from space 13824K, 63% used [0x00000000ff280000,0x00000000ffb0f778,0x0000000100000000)
  to   space 13824K, 0% used [0x00000000fe500000,0x00000000fe500000,0x00000000ff280000)
 ParOldGen       total 47104K, used 5266K [0x00000000c6600000, 0x00000000c9400000, 0x00000000ecc80000)
  object space 47104K, 11% used [0x00000000c6600000,0x00000000c6b24868,0x00000000c9400000)
 PSPermGen       total 33280K, used 14759K [0x00000000bc000000, 0x00000000be080000, 0x00000000c6600000)
  object space 33280K, 44% used [0x00000000bc000000,0x00000000bce69e98,0x00000000be080000)
}
Event: 13.126 GC heap before
{Heap before GC invocations=93 (full 2):
 PSYoungGen      total 301056K, used 294798K [0x00000000ecc80000, 0x0000000100000000, 0x0000000100000000)
  eden space 287232K, 99% used [0x00000000ecc80000,0x00000000fe3d42f8,0x00000000fe500000)
  from space 13824K, 63% used [0x00000000ff280000,0x00000000ffb0f778,0x0000000100000000)
  to   space 13824K, 0% used [0x00000000fe500000,0x00000000fe500000,0x00000000ff280000)
 ParOldGen       total 47104K, used 8163K [0x00000000c6600000, 0x00000000c9400000, 0x00000000ecc80000)
  object space 47104K, 17% used [0x00000000c6600000,0x00000000c6df8fc0,0x00000000c9400000)
 PSPermGen       total 33280K, used 14759K [0x00000000bc000000, 0x00000000be080000, 0x00000000c6600000)
  object space 33280K, 44% used [0x00000000bc000000,0x00000000bce69e98,0x00000000be080000)
Event: 13.129 GC heap after
Heap after GC invocations=93 (full 2):
 PSYoungGen      total 301056K, used 3025K [0x00000000ecc80000, 0x0000000100000000, 0x0000000100000000)
  eden space 287232K, 0% used [0x00000000ecc80000,0x00000000ecc80000,0x00000000fe500000)
  from space 13824K, 21% used [0x00000000fe500000,0x00000000fe7f4758,0x00000000ff280000)
  to   space 13824K, 0% used [0x00000000ff280000,0x00000000ff280000,0x0000000100000000)
 ParOldGen       total 47104K, used 8163K [0x00000000c6600000, 0x00000000c9400000, 0x00000000ecc80000)
  object space 47104K, 17% used [0x00000000c6600000,0x00000000c6df8fc0,0x00000000c9400000)
 PSPermGen       total 33280K, used 14759K [0x00000000bc000000, 0x00000000be080000, 0x00000000c6600000)
  object space 33280K, 44% used [0x00000000bc000000,0x00000000bce69e98,0x00000000be080000)
}
Event: 13.544 GC heap before
{Heap before GC invocations=94 (full 3):
 PSYoungGen      total 301056K, used 288070K [0x00000000ecc80000, 0x0000000100000000, 0x0000000100000000)
  eden space 287232K, 99% used [0x00000000ecc80000,0x00000000fe2dd358,0x00000000fe500000)
  from space 13824K, 21% used [0x00000000fe500000,0x00000000fe7f4758,0x00000000ff280000)
  to   space 13824K, 0% used [0x00000000ff280000,0x00000000ff280000,0x0000000100000000)
 ParOldGen       total 256000K, used 253717K [0x00000000c6600000, 0x00000000d6000000, 0x00000000ecc80000)
  object space 256000K, 99% used [0x00000000c6600000,0x00000000d5dc56e0,0x00000000d6000000)
 PSPermGen       total 33280K, used 14760K [0x00000000bc000000, 0x00000000be080000, 0x00000000c6600000)
  object space 33280K, 44% used [0x00000000bc000000,0x00000000bce6a000,0x00000000be080000)
Event: 15.730 GC heap after
Heap after GC invocations=94 (full 3):
 PSYoungGen      total 301056K, used 0K [0x00000000ecc80000, 0x0000000100000000, 0x0000000100000000)
  eden space 287232K, 0% used [0x00000000ecc80000,0x00000000ecc80000,0x00000000fe500000)
  from space 13824K, 0% used [0x00000000fe500000,0x00000000fe500000,0x00000000ff280000)
  to   space 13824K, 0% used [0x00000000ff280000,0x00000000ff280000,0x0000000100000000)
 ParOldGen       total 59904K, used 12150K [0x00000000c6600000, 0x00000000ca080000, 0x00000000ecc80000)
  object space 59904K, 20% used [0x00000000c6600000,0x00000000c71dda80,0x00000000ca080000)
 PSPermGen       total 32256K, used 14760K [0x00000000bc000000, 0x00000000bdf80000, 0x00000000c6600000)
  object space 32256K, 45% used [0x00000000bc000000,0x00000000bce6a000,0x00000000bdf80000)
}

Deoptimization events (10 events):
Event: 0.879 Thread 0x00007f61dc00a000 Uncommon trap: reason=class_check action=maybe_recompile pc=0x00007f61d907b1e0 method=java.lang.String.equals(Ljava/lang/Object;)Z @ 8
Event: 0.879 Thread 0x00007f61dc00a000 Uncommon trap: reason=class_check action=maybe_recompile pc=0x00007f61d907b1e0 method=java.lang.String.equals(Ljava/lang/Object;)Z @ 8
Event: 0.879 Thread 0x00007f61dc00a000 Uncommon trap: reason=class_check action=maybe_recompile pc=0x00007f61d907b1e0 method=java.lang.String.equals(Ljava/lang/Object;)Z @ 8
Event: 0.879 Thread 0x00007f61dc00a000 Uncommon trap: reason=class_check action=maybe_recompile pc=0x00007f61d907b1e0 method=java.lang.String.equals(Ljava/lang/Object;)Z @ 8
Event: 2.796 Thread 0x00007f61dc43d800 Uncommon trap: reason=class_check action=maybe_recompile pc=0x00007f61d90ad870 method=java.util.HashMap.readObject(Ljava/io/ObjectInputStream;)V @ 143
Event: 2.797 Thread 0x00007f61dc43d800 Uncommon trap: reason=unreached action=reinterpret pc=0x00007f61d90b8648 method=java.lang.reflect.Constructor.newInstance([Ljava/lang/Object;)Ljava/lang/Object; @ 69
Event: 2.798 Thread 0x00007f61dc43d800 Uncommon trap: reason=class_check action=maybe_recompile pc=0x00007f61d90ac7d4 method=java.util.HashMap.putForCreate(Ljava/lang/Object;Ljava/lang/Object;)V @ 97
Event: 2.798 Thread 0x00007f61dc43d800 Uncommon trap: reason=class_check action=maybe_recompile pc=0x00007f61d90ac7d4 method=java.util.HashMap.putForCreate(Ljava/lang/Object;Ljava/lang/Object;)V @ 97
Event: 2.798 Thread 0x00007f61dc43d800 Uncommon trap: reason=class_check action=maybe_recompile pc=0x00007f61d90ac7d4 method=java.util.HashMap.putForCreate(Ljava/lang/Object;Ljava/lang/Object;)V @ 97
Event: 2.798 Thread 0x00007f61dc43d800 Uncommon trap: reason=class_check action=maybe_recompile pc=0x00007f61d90ac7d4 method=java.util.HashMap.putForCreate(Ljava/lang/Object;Ljava/lang/Object;)V @ 97

Internal exceptions (10 events):
Event: 1.107 Thread 0x00007f61dc00a000 Threw 0x00000000ed0cd340 at /build/buildd/openjdk-7-7u65-2.5.1/build/openjdk/hotspot/src/share/vm/prims/jvm.cpp:1247
Event: 1.169 Thread 0x00007f61dc43d800 Threw 0x00000000ed12efe8 at /build/buildd/openjdk-7-7u65-2.5.1/build/openjdk/hotspot/src/share/vm/prims/jvm.cpp:1247
Event: 1.170 Thread 0x00007f61dc43d800 Threw 0x00000000ed131268 at /build/buildd/openjdk-7-7u65-2.5.1/build/openjdk/hotspot/src/share/vm/prims/jvm.cpp:1247
Event: 1.179 Thread 0x00007f61dc43d800 Threw 0x00000000ed13e140 at /build/buildd/openjdk-7-7u65-2.5.1/build/openjdk/hotspot/src/share/vm/prims/jvm.cpp:1247
Event: 1.186 Thread 0x00007f61dc43d800 Threw 0x00000000ed14bce0 at /build/buildd/openjdk-7-7u65-2.5.1/build/openjdk/hotspot/src/share/vm/prims/jni.cpp:1636
Event: 1.453 Thread 0x00007f61dc39a800 Threw 0x00000000ed462350 at /build/buildd/openjdk-7-7u65-2.5.1/build/openjdk/hotspot/src/share/vm/prims/jni.cpp:747
Event: 2.852 Thread 0x00007f61dc43d800 Threw 0x00000000ecff88b0 at /build/buildd/openjdk-7-7u65-2.5.1/build/openjdk/hotspot/src/share/vm/prims/jni.cpp:1636
Event: 3.448 Thread 0x00007f61dc43d800 Threw 0x00000000ed576cb0 at /build/buildd/openjdk-7-7u65-2.5.1/build/openjdk/hotspot/src/share/vm/prims/jvm.cpp:1247
Event: 3.449 Thread 0x00007f61dc43d800 Threw 0x00000000ed57d610 at /build/buildd/openjdk-7-7u65-2.5.1/build/openjdk/hotspot/src/share/vm/prims/jni.cpp:1636
Event: 4.411 Thread 0x00007f61dc39a800 Threw 0x00000000f82cccc0 at /build/buildd/openjdk-7-7u65-2.5.1/build/openjdk/hotspot/src/share/vm/prims/jni.cpp:747

Events (10 events):
Event: 13.001 Executing VM operation: ParallelGCFailedAllocation
Event: 13.006 Executing VM operation: ParallelGCFailedAllocation done
Event: 13.124 Executing VM operation: ParallelGCFailedAllocation
Event: 13.125 Executing VM operation: ParallelGCFailedAllocation done
Event: 13.125 Executing VM operation: ParallelGCSystemGC
Event: 13.130 Executing VM operation: ParallelGCSystemGC done
Event: 13.517 Executing VM operation: ParallelGCFailedAllocation
Event: 15.778 Executing VM operation: ParallelGCFailedAllocation done
Event: 15.936 Executing VM operation: ParallelGCFailedAllocation
Event: 15.948 Executing VM operation: ParallelGCFailedAllocation done


Dynamic libraries:
00400000-00401000 r-xp 00000000 08:05 427493                             /usr/lib/jvm/java-7-openjdk-amd64/jre/bin/java
00600000-00601000 r--p 00000000 08:05 427493                             /usr/lib/jvm/java-7-openjdk-amd64/jre/bin/java
00601000-00602000 rw-p 00001000 08:05 427493                             /usr/lib/jvm/java-7-openjdk-amd64/jre/bin/java
024f4000-02515000 rw-p 00000000 00:00 0                                  [heap]
bc000000-bdf80000 rw-p 00000000 00:00 0 
bdf80000-be080000 ---p 00000000 00:00 0 
be080000-c6600000 rw-p 00000000 00:00 0 
c6600000-d6980000 rw-p 00000000 00:00 0 
d6f80000-ecc80000 rw-p 00000000 00:00 0 
ecc80000-100000000 rw-p 00000000 00:00 0 
7f616c000000-7f616c021000 rw-p 00000000 00:00 0 
7f616c021000-7f6170000000 ---p 00000000 00:00 0 
7f6170000000-7f6170181000 rw-p 00000000 00:00 0 
7f6170181000-7f6174000000 ---p 00000000 00:00 0 
7f6174000000-7f6174021000 rw-p 00000000 00:00 0 
7f6174021000-7f6178000000 ---p 00000000 00:00 0 
7f6178000000-7f61780cf000 rw-p 00000000 00:00 0 
7f61780cf000-7f617c000000 ---p 00000000 00:00 0 
7f617c000000-7f617c022000 rw-p 00000000 00:00 0 
7f617c022000-7f6180000000 ---p 00000000 00:00 0 
7f6180000000-7f6180022000 rw-p 00000000 00:00 0 
7f6180022000-7f6184000000 ---p 00000000 00:00 0 
7f6184000000-7f6184022000 rw-p 00000000 00:00 0 
7f6184022000-7f6188000000 ---p 00000000 00:00 0 
7f6188000000-7f6188021000 rw-p 00000000 00:00 0 
7f6188021000-7f618c000000 ---p 00000000 00:00 0 
7f618c000000-7f618c021000 rw-p 00000000 00:00 0 
7f618c021000-7f6190000000 ---p 00000000 00:00 0 
7f619039d000-7f6190746000 rw-s 00000000 00:04 332365859                  /SYSV00000000 (deleted)
7f6190793000-7f619086c000 rw-p 00000000 00:00 0 
7f619086c000-7f61908cc000 rw-s 00000000 00:04 332333083                  /SYSV00000000 (deleted)
7f61908cc000-7f619094c000 rw-s 00000000 00:04 332300297                  /SYSV00000000 (deleted)
7f619094c000-7f6190a15000 rw-s 00000000 00:04 332267543                  /SYSV00000000 (deleted)
7f6190a15000-7f6190a18000 ---p 00000000 00:00 0 
7f6190a18000-7f6190b16000 rw-p 00000000 00:00 0                          [stack:22162]
7f6190b16000-7f6190b19000 ---p 00000000 00:00 0 
7f6190b19000-7f6190c17000 rw-p 00000000 00:00 0                          [stack:22161]
7f6190c17000-7f6190c1a000 ---p 00000000 00:00 0 
7f6190c1a000-7f6190d18000 rw-p 00000000 00:00 0                          [stack:22160]
7f6190d18000-7f6190d19000 ---p 00000000 00:00 0 
7f6190d19000-7f6191519000 rw-p 00000000 00:00 0 
7f6191519000-7f619151a000 ---p 00000000 00:00 0 
7f619151a000-7f6191d1a000 rw-p 00000000 00:00 0 
7f6191d1a000-7f6191d1b000 ---p 00000000 00:00 0 
7f6191d1b000-7f619251b000 rw-p 00000000 00:00 0                          [stack:22155]
7f619251b000-7f6192574000 r-xp 00000000 08:05 3042208                    /usr/lib/x86_64-linux-gnu/libibus-1.0.so.5.0.505
7f6192574000-7f6192774000 ---p 00059000 08:05 3042208                    /usr/lib/x86_64-linux-gnu/libibus-1.0.so.5.0.505
7f6192774000-7f6192776000 r--p 00059000 08:05 3042208                    /usr/lib/x86_64-linux-gnu/libibus-1.0.so.5.0.505
7f6192776000-7f6192777000 rw-p 0005b000 08:05 3042208                    /usr/lib/x86_64-linux-gnu/libibus-1.0.so.5.0.505
7f6192777000-7f6192778000 rw-p 00000000 00:00 0 
7f6192778000-7f619277e000 r-xp 00000000 08:05 3166609                    /usr/lib/x86_64-linux-gnu/gtk-2.0/2.10.0/immodules/im-ibus.so
7f619277e000-7f619297e000 ---p 00006000 08:05 3166609                    /usr/lib/x86_64-linux-gnu/gtk-2.0/2.10.0/immodules/im-ibus.so
7f619297e000-7f619297f000 r--p 00006000 08:05 3166609                    /usr/lib/x86_64-linux-gnu/gtk-2.0/2.10.0/immodules/im-ibus.so
7f619297f000-7f6192980000 rw-p 00007000 08:05 3166609                    /usr/lib/x86_64-linux-gnu/gtk-2.0/2.10.0/immodules/im-ibus.so
7f6192980000-7f6192990000 r-xp 00000000 08:05 427273                     /usr/lib/jvm/java-7-openjdk-amd64/jre/lib/amd64/libnio.so
7f6192990000-7f6192b90000 ---p 00010000 08:05 427273                     /usr/lib/jvm/java-7-openjdk-amd64/jre/lib/amd64/libnio.so
7f6192b90000-7f6192b91000 r--p 00010000 08:05 427273                     /usr/lib/jvm/java-7-openjdk-amd64/jre/lib/amd64/libnio.so
7f6192b91000-7f6192b92000 rw-p 00011000 08:05 427273                     /usr/lib/jvm/java-7-openjdk-amd64/jre/lib/amd64/libnio.so
7f6192b92000-7f6192ba9000 r-xp 00000000 08:05 405713                     /usr/lib/jvm/java-7-openjdk-amd64/jre/lib/amd64/libnet.so
7f6192ba9000-7f6192da8000 ---p 00017000 08:05 405713                     /usr/lib/jvm/java-7-openjdk-amd64/jre/lib/amd64/libnet.so
7f6192da8000-7f6192da9000 r--p 00016000 08:05 405713                     /usr/lib/jvm/java-7-openjdk-amd64/jre/lib/amd64/libnet.so
7f6192da9000-7f6192daa000 rw-p 00017000 08:05 405713                     /usr/lib/jvm/java-7-openjdk-amd64/jre/lib/amd64/libnet.so
7f6192daa000-7f6192dfb000 r-xp 00000000 08:05 427262                     /usr/lib/jvm/java-7-openjdk-amd64/jre/lib/amd64/libfontmanager.so
7f6192dfb000-7f6192ffa000 ---p 00051000 08:05 427262                     /usr/lib/jvm/java-7-openjdk-amd64/jre/lib/amd64/libfontmanager.so
7f6192ffa000-7f6192ffd000 r--p 00050000 08:05 427262                     /usr/lib/jvm/java-7-openjdk-amd64/jre/lib/amd64/libfontmanager.so
7f6192ffd000-7f6192ffe000 rw-p 00053000 08:05 427262                     /usr/lib/jvm/java-7-openjdk-amd64/jre/lib/amd64/libfontmanager.so
7f6192ffe000-7f6192fff000 ---p 00000000 00:00 0 
7f6192fff000-7f61937ff000 rw-p 00000000 00:00 0                          [stack:22154]
7f61937ff000-7f6193800000 ---p 00000000 00:00 0 
7f6193800000-7f6194000000 rw-p 00000000 00:00 0                          [stack:22153]
7f6194000000-7f6194021000 rw-p 00000000 00:00 0 
7f6194021000-7f6198000000 ---p 00000000 00:00 0 
7f6198002000-7f6198015000 rw-s 00000000 00:04 332496935                  /SYSV00000000 (deleted)
7f6198015000-7f6198018000 ---p 00000000 00:00 0 
7f6198018000-7f6198116000 rw-p 00000000 00:00 0                          [stack:22159]
7f6198116000-7f61981cc000 r--p 00000000 08:05 264003                     /usr/share/fonts/truetype/dejavu/DejaVuSans.ttf
7f61981cc000-7f61981fb000 r-xp 00000000 08:05 3150794                    /usr/lib/x86_64-linux-gnu/gtk-2.0/2.10.0/engines/libmurrine.so
7f61981fb000-7f61983fb000 ---p 0002f000 08:05 3150794                    /usr/lib/x86_64-linux-gnu/gtk-2.0/2.10.0/engines/libmurrine.so
7f61983fb000-7f61983fc000 r--p 0002f000 08:05 3150794                    /usr/lib/x86_64-linux-gnu/gtk-2.0/2.10.0/engines/libmurrine.so
7f61983fc000-7f61983fd000 rw-p 00030000 08:05 3150794                    /usr/lib/x86_64-linux-gnu/gtk-2.0/2.10.0/engines/libmurrine.so
7f61983fd000-7f6198416000 r-xp 00000000 08:05 3150571                    /usr/lib/x86_64-linux-gnu/gio/modules/libgioremote-volume-monitor.so
7f6198416000-7f6198616000 ---p 00019000 08:05 3150571                    /usr/lib/x86_64-linux-gnu/gio/modules/libgioremote-volume-monitor.so
7f6198616000-7f6198619000 r--p 00019000 08:05 3150571                    /usr/lib/x86_64-linux-gnu/gio/modules/libgioremote-volume-monitor.so
7f6198619000-7f619861a000 rw-p 0001c000 08:05 3150571                    /usr/lib/x86_64-linux-gnu/gio/modules/libgioremote-volume-monitor.so
7f619861a000-7f6198625000 r-xp 00000000 08:05 3150567                    /usr/lib/x86_64-linux-gnu/gio/modules/libdconfsettings.so
7f6198625000-7f6198825000 ---p 0000b000 08:05 3150567                    /usr/lib/x86_64-linux-gnu/gio/modules/libdconfsettings.so
7f6198825000-7f6198826000 r--p 0000b000 08:05 3150567                    /usr/lib/x86_64-linux-gnu/gio/modules/libdconfsettings.so
7f6198826000-7f6198827000 rw-p 0000c000 08:05 3150567                    /usr/lib/x86_64-linux-gnu/gio/modules/libdconfsettings.so
7f6198827000-7f619882f000 r-xp 00000000 08:05 2625612                    /lib/x86_64-linux-gnu/libnih-dbus.so.1.0.0
7f619882f000-7f6198a2f000 ---p 00008000 08:05 2625612                    /lib/x86_64-linux-gnu/libnih-dbus.so.1.0.0
7f6198a2f000-7f6198a30000 r--p 00008000 08:05 2625612                    /lib/x86_64-linux-gnu/libnih-dbus.so.1.0.0
7f6198a30000-7f6198a31000 rw-p 00009000 08:05 2625612                    /lib/x86_64-linux-gnu/libnih-dbus.so.1.0.0
7f6198a31000-7f6198a48000 r-xp 00000000 08:05 2625614                    /lib/x86_64-linux-gnu/libnih.so.1.0.0
7f6198a48000-7f6198c47000 ---p 00017000 08:05 2625614                    /lib/x86_64-linux-gnu/libnih.so.1.0.0
7f6198c47000-7f6198c48000 r--p 00016000 08:05 2625614                    /lib/x86_64-linux-gnu/libnih.so.1.0.0
7f6198c48000-7f6198c49000 rw-p 00017000 08:05 2625614                    /lib/x86_64-linux-gnu/libnih.so.1.0.0
7f6198c49000-7f6198c62000 r-xp 00000000 08:05 2621539                    /lib/x86_64-linux-gnu/libcgmanager.so.0.0.0
7f6198c62000-7f6198e61000 ---p 00019000 08:05 2621539                    /lib/x86_64-linux-gnu/libcgmanager.so.0.0.0
7f6198e61000-7f6198e63000 r--p 00018000 08:05 2621539                    /lib/x86_64-linux-gnu/libcgmanager.so.0.0.0
7f6198e63000-7f6198e64000 rw-p 0001a000 08:05 2621539                    /lib/x86_64-linux-gnu/libcgmanager.so.0.0.0
7f6198e64000-7f6198e74000 r-xp 00000000 08:05 2622639                    /lib/x86_64-linux-gnu/libudev.so.1.3.5
7f6198e74000-7f6199073000 ---p 00010000 08:05 2622639                    /lib/x86_64-linux-gnu/libudev.so.1.3.5
7f6199073000-7f6199074000 r--p 0000f000 08:05 2622639                    /lib/x86_64-linux-gnu/libudev.so.1.3.5
7f6199074000-7f6199075000 rw-p 00010000 08:05 2622639                    /lib/x86_64-linux-gnu/libudev.so.1.3.5
7f6199075000-7f61990a9000 r-xp 00000000 08:05 3150853                    /usr/lib/x86_64-linux-gnu/gvfs/libgvfscommon.so
7f61990a9000-7f61992a9000 ---p 00034000 08:05 3150853                    /usr/lib/x86_64-linux-gnu/gvfs/libgvfscommon.so
7f61992a9000-7f61992ae000 r--p 00034000 08:05 3150853                    /usr/lib/x86_64-linux-gnu/gvfs/libgvfscommon.so
7f61992ae000-7f61992af000 rw-p 00039000 08:05 3150853                    /usr/lib/x86_64-linux-gnu/gvfs/libgvfscommon.so
7f61992af000-7f61992de000 r-xp 00000000 08:05 3150572                    /usr/lib/x86_64-linux-gnu/gio/modules/libgvfsdbus.so
7f61992de000-7f61994de000 ---p 0002f000 08:05 3150572                    /usr/lib/x86_64-linux-gnu/gio/modules/libgvfsdbus.so
7f61994de000-7f61994df000 r--p 0002f000 08:05 3150572                    /usr/lib/x86_64-linux-gnu/gio/modules/libgvfsdbus.so
7f61994df000-7f61994e0000 rw-p 00030000 08:05 3150572                    /usr/lib/x86_64-linux-gnu/gio/modules/libgvfsdbus.so
7f61994e0000-7f61994e1000 rw-p 00000000 00:00 0 
7f61994e1000-7f61994f1000 r-xp 00000000 08:05 3042300                    /usr/lib/x86_64-linux-gnu/libunity-gtk2-parser.so.0.0.0
7f61994f1000-7f61996f0000 ---p 00010000 08:05 3042300                    /usr/lib/x86_64-linux-gnu/libunity-gtk2-parser.so.0.0.0
7f61996f0000-7f61996f1000 r--p 0000f000 08:05 3042300                    /usr/lib/x86_64-linux-gnu/libunity-gtk2-parser.so.0.0.0
7f61996f1000-7f61996f2000 rw-p 00010000 08:05 3042300                    /usr/lib/x86_64-linux-gnu/libunity-gtk2-parser.so.0.0.0
7f61996f2000-7f61996f7000 r-xp 00000000 08:05 3165346                    /usr/lib/x86_64-linux-gnu/gtk-2.0/modules/libunity-gtk-module.so
7f61996f7000-7f61998f6000 ---p 00005000 08:05 3165346                    /usr/lib/x86_64-linux-gnu/gtk-2.0/modules/libunity-gtk-module.so
7f61998f6000-7f61998f7000 r--p 00004000 08:05 3165346                    /usr/lib/x86_64-linux-gnu/gtk-2.0/modules/libunity-gtk-module.so
7f61998f7000-7f61998f8000 rw-p 00005000 08:05 3165346                    /usr/lib/x86_64-linux-gnu/gtk-2.0/modules/libunity-gtk-module.so
7f61998f8000-7f6199912000 r-xp 00000000 08:05 3022019                    /usr/lib/x86_64-linux-gnu/libgraphite2.so.3.0.1
7f6199912000-7f6199b11000 ---p 0001a000 08:05 3022019                    /usr/lib/x86_64-linux-gnu/libgraphite2.so.3.0.1
7f6199b11000-7f6199b13000 r--p 00019000 08:05 3022019                    /usr/lib/x86_64-linux-gnu/libgraphite2.so.3.0.1
7f6199b13000-7f6199b14000 rw-p 0001b000 08:05 3022019                    /usr/lib/x86_64-linux-gnu/libgraphite2.so.3.0.1
7f6199b14000-7f6199b1a000 r-xp 00000000 08:05 3021839                    /usr/lib/x86_64-linux-gnu/libdatrie.so.1.3.1
7f6199b1a000-7f6199d19000 ---p 00006000 08:05 3021839                    /usr/lib/x86_64-linux-gnu/libdatrie.so.1.3.1
7f6199d19000-7f6199d1a000 r--p 00005000 08:05 3021839                    /usr/lib/x86_64-linux-gnu/libdatrie.so.1.3.1
7f6199d1a000-7f6199d1b000 rw-p 00006000 08:05 3021839                    /usr/lib/x86_64-linux-gnu/libdatrie.so.1.3.1
7f6199d1b000-7f6199d6e000 r-xp 00000000 08:05 3015597                    /usr/lib/x86_64-linux-gnu/libharfbuzz.so.0.927.0
7f6199d6e000-7f6199f6e000 ---p 00053000 08:05 3015597                    /usr/lib/x86_64-linux-gnu/libharfbuzz.so.0.927.0
7f6199f6e000-7f6199f6f000 r--p 00053000 08:05 3015597                    /usr/lib/x86_64-linux-gnu/libharfbuzz.so.0.927.0
7f6199f6f000-7f6199f70000 rw-p 00054000 08:05 3015597                    /usr/lib/x86_64-linux-gnu/libharfbuzz.so.0.927.0
7f6199f70000-7f6199f78000 r-xp 00000000 08:05 3022594                    /usr/lib/x86_64-linux-gnu/libxcb-render.so.0.0.0
7f6199f78000-7f619a177000 ---p 00008000 08:05 3022594                    /usr/lib/x86_64-linux-gnu/libxcb-render.so.0.0.0
7f619a177000-7f619a178000 r--p 00007000 08:05 3022594                    /usr/lib/x86_64-linux-gnu/libxcb-render.so.0.0.0
7f619a178000-7f619a179000 rw-p 00008000 08:05 3022594                    /usr/lib/x86_64-linux-gnu/libxcb-render.so.0.0.0
7f619a179000-7f619a17b000 r-xp 00000000 08:05 3022598                    /usr/lib/x86_64-linux-gnu/libxcb-shm.so.0.0.0
7f619a17b000-7f619a37a000 ---p 00002000 08:05 3022598                    /usr/lib/x86_64-linux-gnu/libxcb-shm.so.0.0.0
7f619a37a000-7f619a37b000 r--p 00001000 08:05 3022598                    /usr/lib/x86_64-linux-gnu/libxcb-shm.so.0.0.0
7f619a37b000-7f619a37c000 rw-p 00002000 08:05 3022598                    /usr/lib/x86_64-linux-gnu/libxcb-shm.so.0.0.0
7f619a37c000-7f619a41d000 r-xp 00000000 08:05 3022339                    /usr/lib/x86_64-linux-gnu/libpixman-1.so.0.30.2
7f619a41d000-7f619a61d000 ---p 000a1000 08:05 3022339                    /usr/lib/x86_64-linux-gnu/libpixman-1.so.0.30.2
7f619a61d000-7f619a624000 r--p 000a1000 08:05 3022339                    /usr/lib/x86_64-linux-gnu/libpixman-1.so.0.30.2
7f619a624000-7f619a625000 rw-p 000a8000 08:05 3022339                    /usr/lib/x86_64-linux-gnu/libpixman-1.so.0.30.2
7f619a625000-7f619a62d000 r-xp 00000000 08:05 3022489                    /usr/lib/x86_64-linux-gnu/libthai.so.0.2.0
7f619a62d000-7f619a82c000 ---p 00008000 08:05 3022489                    /usr/lib/x86_64-linux-gnu/libthai.so.0.2.0
7f619a82c000-7f619a82d000 r--p 00007000 08:05 3022489                    /usr/lib/x86_64-linux-gnu/libthai.so.0.2.0
7f619a82d000-7f619a82e000 rw-p 00008000 08:05 3022489                    /usr/lib/x86_64-linux-gnu/libthai.so.0.2.0
7f619a82e000-7f619a830000 r-xp 00000000 08:05 3021661                    /usr/lib/x86_64-linux-gnu/libXdamage.so.1.1.0
7f619a830000-7f619aa2f000 ---p 00002000 08:05 3021661                    /usr/lib/x86_64-linux-gnu/libXdamage.so.1.1.0
7f619aa2f000-7f619aa30000 r--p 00001000 08:05 3021661                    /usr/lib/x86_64-linux-gnu/libXdamage.so.1.1.0
7f619aa30000-7f619aa31000 rw-p 00002000 08:05 3021661                    /usr/lib/x86_64-linux-gnu/libXdamage.so.1.1.0
7f619aa31000-7f619aa33000 r-xp 00000000 08:05 3021657                    /usr/lib/x86_64-linux-gnu/libXcomposite.so.1.0.0
7f619aa33000-7f619ac32000 ---p 00002000 08:05 3021657                    /usr/lib/x86_64-linux-gnu/libXcomposite.so.1.0.0
7f619ac32000-7f619ac33000 r--p 00001000 08:05 3021657                    /usr/lib/x86_64-linux-gnu/libXcomposite.so.1.0.0
7f619ac33000-7f619ac34000 rw-p 00002000 08:05 3021657                    /usr/lib/x86_64-linux-gnu/libXcomposite.so.1.0.0
7f619ac34000-7f619ac3d000 r-xp 00000000 08:05 3021685                    /usr/lib/x86_64-linux-gnu/libXrandr.so.2.2.0
7f619ac3d000-7f619ae3c000 ---p 00009000 08:05 3021685                    /usr/lib/x86_64-linux-gnu/libXrandr.so.2.2.0
7f619ae3c000-7f619ae3d000 r--p 00008000 08:05 3021685                    /usr/lib/x86_64-linux-gnu/libXrandr.so.2.2.0
7f619ae3d000-7f619ae3e000 rw-p 00009000 08:05 3021685                    /usr/lib/x86_64-linux-gnu/libXrandr.so.2.2.0
7f619ae3e000-7f619ae40000 r-xp 00000000 08:05 3021675                    /usr/lib/x86_64-linux-gnu/libXinerama.so.1.0.0
7f619ae40000-7f619b03f000 ---p 00002000 08:05 3021675                    /usr/lib/x86_64-linux-gnu/libXinerama.so.1.0.0
7f619b03f000-7f619b040000 r--p 00001000 08:05 3021675                    /usr/lib/x86_64-linux-gnu/libXinerama.so.1.0.0
7f619b040000-7f619b041000 rw-p 00002000 08:05 3021675                    /usr/lib/x86_64-linux-gnu/libXinerama.so.1.0.0
7f619b041000-7f619b055000 r-xp 00000000 08:05 3018982                    /usr/lib/x86_64-linux-gnu/libpangoft2-1.0.so.0.3600.3
7f619b055000-7f619b254000 ---p 00014000 08:05 3018982                    /usr/lib/x86_64-linux-gnu/libpangoft2-1.0.so.0.3600.3
7f619b254000-7f619b255000 r--p 00013000 08:05 3018982                    /usr/lib/x86_64-linux-gnu/libpangoft2-1.0.so.0.3600.3
7f619b255000-7f619b256000 rw-p 00014000 08:05 3018982                    /usr/lib/x86_64-linux-gnu/libpangoft2-1.0.so.0.3600.3
7f619b256000-7f619b35c000 r-xp 00000000 08:05 3021778                    /usr/lib/x86_64-linux-gnu/libcairo.so.2.11301.0
7f619b35c000-7f619b55b000 ---p 00106000 08:05 3021778                    /usr/lib/x86_64-linux-gnu/libcairo.so.2.11301.0
7f619b55b000-7f619b55e000 r--p 00105000 08:05 3021778                    /usr/lib/x86_64-linux-gnu/libcairo.so.2.11301.0
7f619b55e000-7f619b55f000 rw-p 00108000 08:05 3021778                    /usr/lib/x86_64-linux-gnu/libcairo.so.2.11301.0
7f619b55f000-7f619b561000 rw-p 00000000 00:00 0 
7f619b561000-7f619b580000 r-xp 00000000 08:05 3021739                    /usr/lib/x86_64-linux-gnu/libatk-1.0.so.0.21009.1
7f619b580000-7f619b780000 ---p 0001f000 08:05 3021739                    /usr/lib/x86_64-linux-gnu/libatk-1.0.so.0.21009.1
7f619b780000-7f619b782000 r--p 0001f000 08:05 3021739                    /usr/lib/x86_64-linux-gnu/libatk-1.0.so.0.21009.1
7f619b782000-7f619b783000 rw-p 00021000 08:05 3021739                    /usr/lib/x86_64-linux-gnu/libatk-1.0.so.0.21009.1
7f619b783000-7f619b78e000 r-xp 00000000 08:05 3017469                    /usr/lib/x86_64-linux-gnu/libpangocairo-1.0.so.0.3600.3
7f619b78e000-7f619b98e000 ---p 0000b000 08:05 3017469                    /usr/lib/x86_64-linux-gnu/libpangocairo-1.0.so.0.3600.3
7f619b98e000-7f619b98f000 r--p 0000b000 08:05 3017469                    /usr/lib/x86_64-linux-gnu/libpangocairo-1.0.so.0.3600.3
7f619b98f000-7f619b990000 rw-p 0000c000 08:05 3017469                    /usr/lib/x86_64-linux-gnu/libpangocairo-1.0.so.0.3600.3
7f619b990000-7f619b991000 r-xp 00000000 08:05 3022109                    /usr/lib/x86_64-linux-gnu/libgthread-2.0.so.0.4000.0
7f619b991000-7f619bb90000 ---p 00001000 08:05 3022109                    /usr/lib/x86_64-linux-gnu/libgthread-2.0.so.0.4000.0
7f619bb90000-7f619bb91000 r--p 00000000 08:05 3022109                    /usr/lib/x86_64-linux-gnu/libgthread-2.0.so.0.4000.0
7f619bb91000-7f619bb92000 rw-p 00001000 08:05 3022109                    /usr/lib/x86_64-linux-gnu/libgthread-2.0.so.0.4000.0
7f619bb92000-7f619bbdc000 r-xp 00000000 08:05 3018978                    /usr/lib/x86_64-linux-gnu/libpango-1.0.so.0.3600.3
7f619bbdc000-7f619bddc000 ---p 0004a000 08:05 3018978                    /usr/lib/x86_64-linux-gnu/libpango-1.0.so.0.3600.3
7f619bddc000-7f619bdde000 r--p 0004a000 08:05 3018978                    /usr/lib/x86_64-linux-gnu/libpango-1.0.so.0.3600.3
7f619bdde000-7f619bddf000 rw-p 0004c000 08:05 3018978                    /usr/lib/x86_64-linux-gnu/libpango-1.0.so.0.3600.3
7f619bddf000-7f619bdfe000 r-xp 00000000 08:05 3021961                    /usr/lib/x86_64-linux-gnu/libgdk_pixbuf-2.0.so.0.3000.7
7f619bdfe000-7f619bffe000 ---p 0001f000 08:05 3021961                    /usr/lib/x86_64-linux-gnu/libgdk_pixbuf-2.0.so.0.3000.7
7f619bffe000-7f619bfff000 r--p 0001f000 08:05 3021961                    /usr/lib/x86_64-linux-gnu/libgdk_pixbuf-2.0.so.0.3000.7
7f619bfff000-7f619c000000 rw-p 00020000 08:05 3021961                    /usr/lib/x86_64-linux-gnu/libgdk_pixbuf-2.0.so.0.3000.7
7f619c000000-7f619c021000 rw-p 00000000 00:00 0 
7f619c021000-7f61a0000000 ---p 00000000 00:00 0 
7f61a000c000-7f61a000d000 rw-p 00000000 00:00 0 
7f61a000d000-7f61a0010000 rw-s 00000000 00:04 332431397                  /SYSV00000000 (deleted)
7f61a0010000-7f61a0013000 rw-s 00000000 00:04 332398628                  /SYSV00000000 (deleted)
7f61a0013000-7f61a0014000 r--p 00000000 08:05 135478                     /usr/share/locale-langpack/en_AU/LC_MESSAGES/gdk-pixbuf.mo
7f61a0014000-7f61a0019000 r--s 0004c000 08:05 427281                     /usr/lib/jvm/java-7-openjdk-amd64/jre/lib/jsse.jar
7f61a0019000-7f61a001a000 r--s 00000000 08:05 1191350                    /var/cache/fontconfig/c05880de57d1f5e948fdfacc138775d9-le64.cache-4
7f61a001a000-7f61a0025000 r--s 00000000 08:05 1180320                    /var/cache/fontconfig/945677eb7aeaf62f1d50efc3fb3ec7d8-le64.cache-4
7f61a0025000-7f61a002b000 r--s 00000000 08:05 1180318                    /var/cache/fontconfig/2cd17615ca594fa2959ae173292e504c-le64.cache-4
7f61a002b000-7f61a002c000 r--s 00000000 08:05 1180257                    /var/cache/fontconfig/e7071f4a29fa870f4323321c154eba04-le64.cache-4
7f61a002c000-7f61a00d9000 r-xp 00000000 08:05 3022034                    /usr/lib/x86_64-linux-gnu/libgdk-x11-2.0.so.0.2400.23
7f61a00d9000-7f61a02d8000 ---p 000ad000 08:05 3022034                    /usr/lib/x86_64-linux-gnu/libgdk-x11-2.0.so.0.2400.23
7f61a02d8000-7f61a02dc000 r--p 000ac000 08:05 3022034                    /usr/lib/x86_64-linux-gnu/libgdk-x11-2.0.so.0.2400.23
7f61a02dc000-7f61a02de000 rw-p 000b0000 08:05 3022034                    /usr/lib/x86_64-linux-gnu/libgdk-x11-2.0.so.0.2400.23
7f61a02de000-7f61a070d000 r-xp 00000000 08:05 3015098                    /usr/lib/x86_64-linux-gnu/libgtk-x11-2.0.so.0.2400.23
7f61a070d000-7f61a090c000 ---p 0042f000 08:05 3015098                    /usr/lib/x86_64-linux-gnu/libgtk-x11-2.0.so.0.2400.23
7f61a090c000-7f61a0913000 r--p 0042e000 08:05 3015098                    /usr/lib/x86_64-linux-gnu/libgtk-x11-2.0.so.0.2400.23
7f61a0913000-7f61a0917000 rw-p 00435000 08:05 3015098                    /usr/lib/x86_64-linux-gnu/libgtk-x11-2.0.so.0.2400.23
7f61a0917000-7f61a091a000 rw-p 00000000 00:00 0 
7f61a091a000-7f61a0925000 r-xp 00000000 08:05 427245                     /usr/lib/jvm/java-7-openjdk-amd64/jre/lib/amd64/libjavagtk.so
7f61a0925000-7f61a0b24000 ---p 0000b000 08:05 427245                     /usr/lib/jvm/java-7-openjdk-amd64/jre/lib/amd64/libjavagtk.so
7f61a0b24000-7f61a0b25000 r--p 0000a000 08:05 427245                     /usr/lib/jvm/java-7-openjdk-amd64/jre/lib/amd64/libjavagtk.so
7f61a0b25000-7f61a0b26000 rw-p 0000b000 08:05 427245                     /usr/lib/jvm/java-7-openjdk-amd64/jre/lib/amd64/libjavagtk.so
7f61a0b26000-7f61a0b2b000 r-xp 00000000 08:05 3021667                    /usr/lib/x86_64-linux-gnu/libXfixes.so.3.1.0
7f61a0b2b000-7f61a0d2a000 ---p 00005000 08:05 3021667                    /usr/lib/x86_64-linux-gnu/libXfixes.so.3.1.0
7f61a0d2a000-7f61a0d2b000 r--p 00004000 08:05 3021667                    /usr/lib/x86_64-linux-gnu/libXfixes.so.3.1.0
7f61a0d2b000-7f61a0d2c000 rw-p 00005000 08:05 3021667                    /usr/lib/x86_64-linux-gnu/libXfixes.so.3.1.0
7f61a0d2c000-7f61a0d35000 r-xp 00000000 08:05 3021659                    /usr/lib/x86_64-linux-gnu/libXcursor.so.1.0.2
7f61a0d35000-7f61a0f34000 ---p 00009000 08:05 3021659                    /usr/lib/x86_64-linux-gnu/libXcursor.so.1.0.2
7f61a0f34000-7f61a0f35000 r--p 00008000 08:05 3021659                    /usr/lib/x86_64-linux-gnu/libXcursor.so.1.0.2
7f61a0f35000-7f61a0f36000 rw-p 00009000 08:05 3021659                    /usr/lib/x86_64-linux-gnu/libXcursor.so.1.0.2
7f61a0f36000-7f61a0f3a000 r-xp 00000000 08:05 2625583                    /lib/x86_64-linux-gnu/libgpg-error.so.0.10.0
7f61a0f3a000-7f61a1139000 ---p 00004000 08:05 2625583                    /lib/x86_64-linux-gnu/libgpg-error.so.0.10.0
7f61a1139000-7f61a113a000 r--p 00003000 08:05 2625583                    /lib/x86_64-linux-gnu/libgpg-error.so.0.10.0
7f61a113a000-7f61a113b000 rw-p 00004000 08:05 2625583                    /lib/x86_64-linux-gnu/libgpg-error.so.0.10.0
7f61a113b000-7f61a113d000 r-xp 00000000 08:05 2625593                    /lib/x86_64-linux-gnu/libkeyutils.so.1.4
7f61a113d000-7f61a133d000 ---p 00002000 08:05 2625593                    /lib/x86_64-linux-gnu/libkeyutils.so.1.4
7f61a133d000-7f61a133e000 r--p 00002000 08:05 2625593                    /lib/x86_64-linux-gnu/libkeyutils.so.1.4
7f61a133e000-7f61a133f000 rw-p 00003000 08:05 2625593                    /lib/x86_64-linux-gnu/libkeyutils.so.1.4
7f61a133f000-7f61a137c000 r-xp 00000000 08:05 2625653                    /lib/x86_64-linux-gnu/libpcre.so.3.13.1
7f61a137c000-7f61a157b000 ---p 0003d000 08:05 2625653                    /lib/x86_64-linux-gnu/libpcre.so.3.13.1
7f61a157b000-7f61a157c000 r--p 0003c000 08:05 2625653                    /lib/x86_64-linux-gnu/libpcre.so.3.13.1
7f61a157c000-7f61a157d000 rw-p 0003d000 08:05 2625653                    /lib/x86_64-linux-gnu/libpcre.so.3.13.1
7f61a157d000-7f61a15a2000 r-xp 00000000 08:05 2625665                    /lib/x86_64-linux-gnu/libpng12.so.0.50.0
7f61a15a2000-7f61a17a1000 ---p 00025000 08:05 2625665                    /lib/x86_64-linux-gnu/libpng12.so.0.50.0
7f61a17a1000-7f61a17a2000 r--p 00024000 08:05 2625665                    /lib/x86_64-linux-gnu/libpng12.so.0.50.0
7f61a17a2000-7f61a17a3000 rw-p 00025000 08:05 2625665                    /lib/x86_64-linux-gnu/libpng12.so.0.50.0
7f61a17a3000-7f61a17e7000 r-xp 00000000 08:05 2621535                    /lib/x86_64-linux-gnu/libdbus-1.so.3.7.6
7f61a17e7000-7f61a19e6000 ---p 00044000 08:05 2621535                    /lib/x86_64-linux-gnu/libdbus-1.so.3.7.6
7f61a19e6000-7f61a19e7000 r--p 00043000 08:05 2621535                    /lib/x86_64-linux-gnu/libdbus-1.so.3.7.6
7f61a19e7000-7f61a19e8000 rw-p 00044000 08:05 2621535                    /lib/x86_64-linux-gnu/libdbus-1.so.3.7.6
7f61a19e8000-7f61a1a23000 r-xp 00000000 08:05 3022308                    /usr/lib/x86_64-linux-gnu/libp11-kit.so.0.0.0
7f61a1a23000-7f61a1c22000 ---p 0003b000 08:05 3022308                    /usr/lib/x86_64-linux-gnu/libp11-kit.so.0.0.0
7f61a1c22000-7f61a1c28000 r--p 0003a000 08:05 3022308                    /usr/lib/x86_64-linux-gnu/libp11-kit.so.0.0.0
7f61a1c28000-7f61a1c2a000 rw-p 00040000 08:05 3022308                    /usr/lib/x86_64-linux-gnu/libp11-kit.so.0.0.0
7f61a1c2a000-7f61a1c3c000 r-xp 00000000 08:05 3015545                    /usr/lib/x86_64-linux-gnu/libtasn1.so.6.2.0
7f61a1c3c000-7f61a1e3c000 ---p 00012000 08:05 3015545                    /usr/lib/x86_64-linux-gnu/libtasn1.so.6.2.0
7f61a1e3c000-7f61a1e3d000 r--p 00012000 08:05 3015545                    /usr/lib/x86_64-linux-gnu/libtasn1.so.6.2.0
7f61a1e3d000-7f61a1e3e000 rw-p 00013000 08:05 3015545                    /usr/lib/x86_64-linux-gnu/libtasn1.so.6.2.0
7f61a1e3e000-7f61a1eba000 r-xp 00000000 08:05 2622651                    /lib/x86_64-linux-gnu/libgcrypt.so.11.8.2
7f61a1eba000-7f61a20b9000 ---p 0007c000 08:05 2622651                    /lib/x86_64-linux-gnu/libgcrypt.so.11.8.2
7f61a20b9000-7f61a20ba000 r--p 0007b000 08:05 2622651                    /lib/x86_64-linux-gnu/libgcrypt.so.11.8.2
7f61a20ba000-7f61a20bd000 rw-p 0007c000 08:05 2622651                    /lib/x86_64-linux-gnu/libgcrypt.so.11.8.2
7f61a20bd000-7f61a20c7000 r-xp 00000000 08:05 3015424                    /usr/lib/x86_64-linux-gnu/libkrb5support.so.0.1
7f61a20c7000-7f61a22c6000 ---p 0000a000 08:05 3015424                    /usr/lib/x86_64-linux-gnu/libkrb5support.so.0.1
7f61a22c6000-7f61a22c7000 r--p 00009000 08:05 3015424                    /usr/lib/x86_64-linux-gnu/libkrb5support.so.0.1
7f61a22c7000-7f61a22c8000 rw-p 0000a000 08:05 3015424                    /usr/lib/x86_64-linux-gnu/libkrb5support.so.0.1
7f61a22c8000-7f61a22cb000 r-xp 00000000 08:05 2625559                    /lib/x86_64-linux-gnu/libcom_err.so.2.1
7f61a22cb000-7f61a24ca000 ---p 00003000 08:05 2625559                    /lib/x86_64-linux-gnu/libcom_err.so.2.1
7f61a24ca000-7f61a24cb000 r--p 00002000 08:05 2625559                    /lib/x86_64-linux-gnu/libcom_err.so.2.1
7f61a24cb000-7f61a24cc000 rw-p 00003000 08:05 2625559                    /lib/x86_64-linux-gnu/libcom_err.so.2.1
7f61a24cc000-7f61a24f8000 r-xp 00000000 08:05 3015040                    /usr/lib/x86_64-linux-gnu/libk5crypto.so.3.1
7f61a24f8000-7f61a26f7000 ---p 0002c000 08:05 3015040                    /usr/lib/x86_64-linux-gnu/libk5crypto.so.3.1
7f61a26f7000-7f61a26f9000 r--p 0002b000 08:05 3015040                    /usr/lib/x86_64-linux-gnu/libk5crypto.so.3.1
7f61a26f9000-7f61a26fa000 rw-p 0002d000 08:05 3015040                    /usr/lib/x86_64-linux-gnu/libk5crypto.so.3.1
7f61a26fa000-7f61a26fb000 rw-p 00000000 00:00 0 
7f61a26fb000-7f61a27b7000 r-xp 00000000 08:05 3015322                    /usr/lib/x86_64-linux-gnu/libkrb5.so.3.3
7f61a27b7000-7f61a29b7000 ---p 000bc000 08:05 3015322                    /usr/lib/x86_64-linux-gnu/libkrb5.so.3.3
7f61a29b7000-7f61a29c4000 r--p 000bc000 08:05 3015322                    /usr/lib/x86_64-linux-gnu/libkrb5.so.3.3
7f61a29c4000-7f61a29c6000 rw-p 000c9000 08:05 3015322                    /usr/lib/x86_64-linux-gnu/libkrb5.so.3.3
7f61a29c6000-7f61a29cb000 r-xp 00000000 08:05 3021663                    /usr/lib/x86_64-linux-gnu/libXdmcp.so.6.0.0
7f61a29cb000-7f61a2bca000 ---p 00005000 08:05 3021663                    /usr/lib/x86_64-linux-gnu/libXdmcp.so.6.0.0
7f61a2bca000-7f61a2bcb000 r--p 00004000 08:05 3021663                    /usr/lib/x86_64-linux-gnu/libXdmcp.so.6.0.0
7f61a2bcb000-7f61a2bcc000 rw-p 00005000 08:05 3021663                    /usr/lib/x86_64-linux-gnu/libXdmcp.so.6.0.0
7f61a2bcc000-7f61a2bce000 r-xp 00000000 08:05 3021652                    /usr/lib/x86_64-linux-gnu/libXau.so.6.0.0
7f61a2bce000-7f61a2dce000 ---p 00002000 08:05 3021652                    /usr/lib/x86_64-linux-gnu/libXau.so.6.0.0
7f61a2dce000-7f61a2dcf000 r--p 00002000 08:05 3021652                    /usr/lib/x86_64-linux-gnu/libXau.so.6.0.0
7f61a2dcf000-7f61a2dd0000 rw-p 00003000 08:05 3021652                    /usr/lib/x86_64-linux-gnu/libXau.so.6.0.0
7f61a2dd0000-7f61a2dd7000 r-xp 00000000 08:05 3021908                    /usr/lib/x86_64-linux-gnu/libffi.so.6.0.1
7f61a2dd7000-7f61a2fd6000 ---p 00007000 08:05 3021908                    /usr/lib/x86_64-linux-gnu/libffi.so.6.0.1
7f61a2fd6000-7f61a2fd7000 r--p 00006000 08:05 3021908                    /usr/lib/x86_64-linux-gnu/libffi.so.6.0.1
7f61a2fd7000-7f61a2fd8000 rw-p 00007000 08:05 3021908                    /usr/lib/x86_64-linux-gnu/libffi.so.6.0.1
7f61a2fd8000-7f61a2fef000 r-xp 00000000 08:05 2630608                    /lib/x86_64-linux-gnu/libresolv-2.19.so
7f61a2fef000-7f61a31ef000 ---p 00017000 08:05 2630608                    /lib/x86_64-linux-gnu/libresolv-2.19.so
7f61a31ef000-7f61a31f0000 r--p 00017000 08:05 2630608                    /lib/x86_64-linux-gnu/libresolv-2.19.so
7f61a31f0000-7f61a31f1000 rw-p 00018000 08:05 2630608                    /lib/x86_64-linux-gnu/libresolv-2.19.so
7f61a31f1000-7f61a31f3000 rw-p 00000000 00:00 0 
7f61a31f3000-7f61a3213000 r-xp 00000000 08:05 2621469                    /lib/x86_64-linux-gnu/libselinux.so.1
7f61a3213000-7f61a3412000 ---p 00020000 08:05 2621469                    /lib/x86_64-linux-gnu/libselinux.so.1
7f61a3412000-7f61a3413000 r--p 0001f000 08:05 2621469                    /lib/x86_64-linux-gnu/libselinux.so.1
7f61a3413000-7f61a3414000 rw-p 00020000 08:05 2621469                    /lib/x86_64-linux-gnu/libselinux.so.1
7f61a3414000-7f61a3416000 rw-p 00000000 00:00 0 
7f61a3416000-7f61a351c000 r-xp 00000000 08:05 2625581                    /lib/x86_64-linux-gnu/libglib-2.0.so.0.4000.0
7f61a351c000-7f61a371b000 ---p 00106000 08:05 2625581                    /lib/x86_64-linux-gnu/libglib-2.0.so.0.4000.0
7f61a371b000-7f61a371c000 r--p 00105000 08:05 2625581                    /lib/x86_64-linux-gnu/libglib-2.0.so.0.4000.0
7f61a371c000-7f61a371d000 rw-p 00106000 08:05 2625581                    /lib/x86_64-linux-gnu/libglib-2.0.so.0.4000.0
7f61a371d000-7f61a371e000 rw-p 00000000 00:00 0 
7f61a371e000-7f61a3721000 r-xp 00000000 08:05 3021995                    /usr/lib/x86_64-linux-gnu/libgmodule-2.0.so.0.4000.0
7f61a3721000-7f61a3920000 ---p 00003000 08:05 3021995                    /usr/lib/x86_64-linux-gnu/libgmodule-2.0.so.0.4000.0
7f61a3920000-7f61a3921000 r--p 00002000 08:05 3021995                    /usr/lib/x86_64-linux-gnu/libgmodule-2.0.so.0.4000.0
7f61a3921000-7f61a3922000 rw-p 00003000 08:05 3021995                    /usr/lib/x86_64-linux-gnu/libgmodule-2.0.so.0.4000.0
7f61a3922000-7f61a3949000 r-xp 00000000 08:05 2625572                    /lib/x86_64-linux-gnu/libexpat.so.1.6.0
7f61a3949000-7f61a3b49000 ---p 00027000 08:05 2625572                    /lib/x86_64-linux-gnu/libexpat.so.1.6.0
7f61a3b49000-7f61a3b4b000 r--p 00027000 08:05 2625572                    /lib/x86_64-linux-gnu/libexpat.so.1.6.0
7f61a3b4b000-7f61a3b4c000 rw-p 00029000 08:05 2625572                    /lib/x86_64-linux-gnu/libexpat.so.1.6.0
7f61a3b4c000-7f61a3be9000 r-xp 00000000 08:05 3015014                    /usr/lib/x86_64-linux-gnu/libfreetype.so.6.11.1
7f61a3be9000-7f61a3de8000 ---p 0009d000 08:05 3015014                    /usr/lib/x86_64-linux-gnu/libfreetype.so.6.11.1
7f61a3de8000-7f61a3dee000 r--p 0009c000 08:05 3015014                    /usr/lib/x86_64-linux-gnu/libfreetype.so.6.11.1
7f61a3dee000-7f61a3def000 rw-p 000a2000 08:05 3015014                    /usr/lib/x86_64-linux-gnu/libfreetype.so.6.11.1
7f61a3def000-7f61a3dfe000 r-xp 00000000 08:05 3021749                    /usr/lib/x86_64-linux-gnu/libavahi-client.so.3.2.9
7f61a3dfe000-7f61a3ffe000 ---p 0000f000 08:05 3021749                    /usr/lib/x86_64-linux-gnu/libavahi-client.so.3.2.9
7f61a3ffe000-7f61a3fff000 r--p 0000f000 08:05 3021749                    /usr/lib/x86_64-linux-gnu/libavahi-client.so.3.2.9
7f61a3fff000-7f61a4000000 rw-p 00010000 08:05 3021749                    /usr/lib/x86_64-linux-gnu/libavahi-client.so.3.2.9
7f61a4000000-7f61a4021000 rw-p 00000000 00:00 0 
7f61a4021000-7f61a8000000 ---p 00000000 00:00 0 
7f61a8000000-7f61a8021000 rw-p 00000000 00:00 0 
7f61a8021000-7f61ac000000 ---p 00000000 00:00 0 
7f61ac000000-7f61ac523000 rw-p 00000000 00:00 0 
7f61ac523000-7f61b0000000 ---p 00000000 00:00 0 
7f61b0000000-7f61b03e4000 rw-p 00000000 00:00 0 
7f61b03e4000-7f61b4000000 ---p 00000000 00:00 0 
7f61b4000000-7f61b4021000 rw-p 00000000 00:00 0 
7f61b4021000-7f61b8000000 ---p 00000000 00:00 0 
7f61b8000000-7f61b8021000 rw-p 00000000 00:00 0 
7f61b8021000-7f61bc000000 ---p 00000000 00:00 0 
7f61bc000000-7f61bc021000 rw-p 00000000 00:00 0 
7f61bc021000-7f61c0000000 ---p 00000000 00:00 0 
7f61c0000000-7f61c0021000 rw-p 00000000 00:00 0 
7f61c0021000-7f61c4000000 ---p 00000000 00:00 0 
7f61c4000000-7f61c4021000 rw-p 00000000 00:00 0 
7f61c4021000-7f61c8000000 ---p 00000000 00:00 0 
7f61c8000000-7f61c8021000 rw-p 00000000 00:00 0 
7f61c8021000-7f61cc000000 ---p 00000000 00:00 0 
7f61cc000000-7f61cc021000 rw-p 00000000 00:00 0 
7f61cc021000-7f61d0000000 ---p 00000000 00:00 0 
7f61d0000000-7f61d0007000 r--s 00000000 08:05 1180254                    /var/cache/fontconfig/a755afe4a08bf5b97852ceb7400b47bc-le64.cache-4
7f61d0007000-7f61d000a000 ---p 00000000 00:00 0 
7f61d000a000-7f61d0108000 rw-p 00000000 00:00 0                          [stack:22152]
7f61d0108000-7f61d0113000 r-xp 00000000 08:05 3021751                    /usr/lib/x86_64-linux-gnu/libavahi-common.so.3.5.3
7f61d0113000-7f61d0312000 ---p 0000b000 08:05 3021751                    /usr/lib/x86_64-linux-gnu/libavahi-common.so.3.5.3
7f61d0312000-7f61d0313000 r--p 0000a000 08:05 3021751                    /usr/lib/x86_64-linux-gnu/libavahi-common.so.3.5.3
7f61d0313000-7f61d0314000 rw-p 0000b000 08:05 3021751                    /usr/lib/x86_64-linux-gnu/libavahi-common.so.3.5.3
7f61d0314000-7f61d03ca000 r-xp 00000000 08:05 3017711                    /usr/lib/x86_64-linux-gnu/libgnutls.so.26.22.6
7f61d03ca000-7f61d05ca000 ---p 000b6000 08:05 3017711                    /usr/lib/x86_64-linux-gnu/libgnutls.so.26.22.6
7f61d05ca000-7f61d05d0000 r--p 000b6000 08:05 3017711                    /usr/lib/x86_64-linux-gnu/libgnutls.so.26.22.6
7f61d05d0000-7f61d05d1000 rw-p 000bc000 08:05 3017711                    /usr/lib/x86_64-linux-gnu/libgnutls.so.26.22.6
7f61d05d1000-7f61d05d2000 rw-p 00000000 00:00 0 
7f61d05d2000-7f61d0615000 r-xp 00000000 08:05 3015222                    /usr/lib/x86_64-linux-gnu/libgssapi_krb5.so.2.2
7f61d0615000-7f61d0815000 ---p 00043000 08:05 3015222                    /usr/lib/x86_64-linux-gnu/libgssapi_krb5.so.2.2
7f61d0815000-7f61d0816000 r--p 00043000 08:05 3015222                    /usr/lib/x86_64-linux-gnu/libgssapi_krb5.so.2.2
7f61d0816000-7f61d0818000 rw-p 00044000 08:05 3015222                    /usr/lib/x86_64-linux-gnu/libgssapi_krb5.so.2.2
7f61d0818000-7f61d0835000 r-xp 00000000 08:05 3022606                    /usr/lib/x86_64-linux-gnu/libxcb.so.1.1.0
7f61d0835000-7f61d0a35000 ---p 0001d000 08:05 3022606                    /usr/lib/x86_64-linux-gnu/libxcb.so.1.1.0
7f61d0a35000-7f61d0a36000 r--p 0001d000 08:05 3022606                    /usr/lib/x86_64-linux-gnu/libxcb.so.1.1.0
7f61d0a36000-7f61d0a37000 rw-p 0001e000 08:05 3022606                    /usr/lib/x86_64-linux-gnu/libxcb.so.1.1.0
7f61d0a37000-7f61d0a86000 r-xp 00000000 08:05 3022007                    /usr/lib/x86_64-linux-gnu/libgobject-2.0.so.0.4000.0
7f61d0a86000-7f61d0c86000 ---p 0004f000 08:05 3022007                    /usr/lib/x86_64-linux-gnu/libgobject-2.0.so.0.4000.0
7f61d0c86000-7f61d0c87000 r--p 0004f000 08:05 3022007                    /usr/lib/x86_64-linux-gnu/libgobject-2.0.so.0.4000.0
7f61d0c87000-7f61d0c88000 rw-p 00050000 08:05 3022007                    /usr/lib/x86_64-linux-gnu/libgobject-2.0.so.0.4000.0
7f61d0c88000-7f61d0df3000 r-xp 00000000 08:05 3021983                    /usr/lib/x86_64-linux-gnu/libgio-2.0.so.0.4000.0
7f61d0df3000-7f61d0ff3000 ---p 0016b000 08:05 3021983                    /usr/lib/x86_64-linux-gnu/libgio-2.0.so.0.4000.0
7f61d0ff3000-7f61d0ff7000 r--p 0016b000 08:05 3021983                    /usr/lib/x86_64-linux-gnu/libgio-2.0.so.0.4000.0
7f61d0ff7000-7f61d0ff9000 rw-p 0016f000 08:05 3021983                    /usr/lib/x86_64-linux-gnu/libgio-2.0.so.0.4000.0
7f61d0ff9000-7f61d0ffb000 rw-p 00000000 00:00 0 
7f61d0ffb000-7f61d1035000 r-xp 00000000 08:05 3014914                    /usr/lib/x86_64-linux-gnu/libfontconfig.so.1.8.0
7f61d1035000-7f61d1234000 ---p 0003a000 08:05 3014914                    /usr/lib/x86_64-linux-gnu/libfontconfig.so.1.8.0
7f61d1234000-7f61d1236000 r--p 00039000 08:05 3014914                    /usr/lib/x86_64-linux-gnu/libfontconfig.so.1.8.0
7f61d1236000-7f61d1237000 rw-p 0003b000 08:05 3014914                    /usr/lib/x86_64-linux-gnu/libfontconfig.so.1.8.0
7f61d1237000-7f61d12a3000 r-xp 00000000 08:05 3014778                    /usr/lib/x86_64-linux-gnu/libcups.so.2
7f61d12a3000-7f61d14a3000 ---p 0006c000 08:05 3014778                    /usr/lib/x86_64-linux-gnu/libcups.so.2
7f61d14a3000-7f61d14aa000 r--p 0006c000 08:05 3014778                    /usr/lib/x86_64-linux-gnu/libcups.so.2
7f61d14aa000-7f61d14ab000 rw-p 00073000 08:05 3014778                    /usr/lib/x86_64-linux-gnu/libcups.so.2
7f61d14ab000-7f61d14ba000 r-xp 00000000 08:05 3021673                    /usr/lib/x86_64-linux-gnu/libXi.so.6.1.0
7f61d14ba000-7f61d16b9000 ---p 0000f000 08:05 3021673                    /usr/lib/x86_64-linux-gnu/libXi.so.6.1.0
7f61d16b9000-7f61d16ba000 r--p 0000e000 08:05 3021673                    /usr/lib/x86_64-linux-gnu/libXi.so.6.1.0
7f61d16ba000-7f61d16bb000 rw-p 0000f000 08:05 3021673                    /usr/lib/x86_64-linux-gnu/libXi.so.6.1.0
7f61d16bb000-7f61d16c0000 r-xp 00000000 08:05 3021693                    /usr/lib/x86_64-linux-gnu/libXtst.so.6.1.0
7f61d16c0000-7f61d18bf000 ---p 00005000 08:05 3021693                    /usr/lib/x86_64-linux-gnu/libXtst.so.6.1.0
7f61d18bf000-7f61d18c0000 r--p 00004000 08:05 3021693                    /usr/lib/x86_64-linux-gnu/libXtst.so.6.1.0
7f61d18c0000-7f61d18c1000 rw-p 00005000 08:05 3021693                    /usr/lib/x86_64-linux-gnu/libXtst.so.6.1.0
7f61d18c1000-7f61d18ca000 r-xp 00000000 08:05 3021687                    /usr/lib/x86_64-linux-gnu/libXrender.so.1.3.0
7f61d18ca000-7f61d1ac9000 ---p 00009000 08:05 3021687                    /usr/lib/x86_64-linux-gnu/libXrender.so.1.3.0
7f61d1ac9000-7f61d1aca000 r--p 00008000 08:05 3021687                    /usr/lib/x86_64-linux-gnu/libXrender.so.1.3.0
7f61d1aca000-7f61d1acb000 rw-p 00009000 08:05 3021687                    /usr/lib/x86_64-linux-gnu/libXrender.so.1.3.0
7f61d1acb000-7f61d1bfb000 r-xp 00000000 08:05 3021648                    /usr/lib/x86_64-linux-gnu/libX11.so.6.3.0
7f61d1bfb000-7f61d1dfb000 ---p 00130000 08:05 3021648                    /usr/lib/x86_64-linux-gnu/libX11.so.6.3.0
7f61d1dfb000-7f61d1dfc000 r--p 00130000 08:05 3021648                    /usr/lib/x86_64-linux-gnu/libX11.so.6.3.0
7f61d1dfc000-7f61d1e00000 rw-p 00131000 08:05 3021648                    /usr/lib/x86_64-linux-gnu/libX11.so.6.3.0
7f61d1e00000-7f61d4000000 rw-p 00000000 00:00 0 
7f61d4000000-7f61d4021000 rw-p 00000000 00:00 0 
7f61d4021000-7f61d8000000 ---p 00000000 00:00 0 
7f61d8000000-7f61d8001000 r--s 00000000 08:05 1180255                    /var/cache/fontconfig/0d8c3b2ac0904cb8a57a757ad11a4a08-le64.cache-4
7f61d8001000-7f61d8005000 r--s 00000000 08:05 1191346                    /var/cache/fontconfig/6d41288fd70b0be22e8c3a91e032eec0-le64.cache-4
7f61d8005000-7f61d8019000 r--s 00000000 08:05 1180253                    /var/cache/fontconfig/04aabc0a78ac019cf9454389977116d2-le64.cache-4
7f61d8019000-7f61d801a000 r--s 00000000 08:05 1180252                    /var/cache/fontconfig/1ac9eb803944fde146138c791f5cc56a-le64.cache-4
7f61d801a000-7f61d801e000 r--s 00000000 08:05 1180251                    /var/cache/fontconfig/385c0604a188198f04d133e54aba7fe7-le64.cache-4
7f61d801e000-7f61d801f000 r--s 00000000 08:05 1180250                    /var/cache/fontconfig/dc05db6664285cc2f12bf69c139ae4c3-le64.cache-4
7f61d801f000-7f61d8021000 r--s 00000000 08:05 1180176                    /var/cache/fontconfig/767a8244fc0220cfb567a839d0392e0b-le64.cache-4
7f61d8021000-7f61d8022000 r--s 00000000 08:05 1204984                    /var/cache/fontconfig/4794a0821666d79190d59a36cb4f44b5-le64.cache-4
7f61d8022000-7f61d8027000 r--s 00000000 08:05 1180248                    /var/cache/fontconfig/8801497958630a81b71ace7c5f9b32a8-le64.cache-4
7f61d8027000-7f61d802b000 r--s 00000000 08:05 1180247                    /var/cache/fontconfig/c57959a16110560c8d0fcea73374aeeb-le64.cache-4
7f61d802b000-7f61d8032000 r--s 00000000 08:05 1180237                    /var/cache/fontconfig/3047814df9a2f067bd2d96a2b9c36e5a-le64.cache-4
7f61d8032000-7f61d8033000 r--s 00000000 08:05 1180234                    /var/cache/fontconfig/56cf4f4769d0f4abc89a4895d7bd3ae1-le64.cache-4
7f61d8033000-7f61d8034000 r--s 00000000 08:05 1180230                    /var/cache/fontconfig/b9d506c9ac06c20b433354fa67a72993-le64.cache-4
7f61d8034000-7f61d803a000 r--s 00000000 08:05 1180229                    /var/cache/fontconfig/b47c4e1ecd0709278f4910c18777a504-le64.cache-4
7f61d803a000-7f61d803d000 r--s 00000000 08:05 1191349                    /var/cache/fontconfig/e49e89034d371f0f9de17aab02136486-le64.cache-4
7f61d803d000-7f61d803f000 r--s 00000000 08:05 1191348                    /var/cache/fontconfig/4b14b093aebc79c320de5e86ae1d3314-le64.cache-4
7f61d803f000-7f61d8052000 r--s 00000000 08:05 1180228                    /var/cache/fontconfig/d52a8644073d54c13679302ca1180695-le64.cache-4
7f61d8052000-7f61d8083000 rw-p 00000000 00:00 0 
7f61d8083000-7f61d80d3000 r--p 00000000 08:05 3304345                    /usr/share/glib-2.0/schemas/gschemas.compiled
7f61d80d3000-7f61d80d6000 ---p 00000000 00:00 0 
7f61d80d6000-7f61d81d4000 rw-p 00000000 00:00 0                          [stack:22151]
7f61d81d4000-7f61d81e5000 r-xp 00000000 08:05 3021665                    /usr/lib/x86_64-linux-gnu/libXext.so.6.4.0
7f61d81e5000-7f61d83e4000 ---p 00011000 08:05 3021665                    /usr/lib/x86_64-linux-gnu/libXext.so.6.4.0
7f61d83e4000-7f61d83e5000 r--p 00010000 08:05 3021665                    /usr/lib/x86_64-linux-gnu/libXext.so.6.4.0
7f61d83e5000-7f61d83e6000 rw-p 00011000 08:05 3021665                    /usr/lib/x86_64-linux-gnu/libXext.so.6.4.0
7f61d83e6000-7f61d842e000 r-xp 00000000 08:05 427242                     /usr/lib/jvm/java-7-openjdk-amd64/jre/lib/amd64/xawt/libmawt.so
7f61d842e000-7f61d862d000 ---p 00048000 08:05 427242                     /usr/lib/jvm/java-7-openjdk-amd64/jre/lib/amd64/xawt/libmawt.so
7f61d862d000-7f61d862e000 r--p 00047000 08:05 427242                     /usr/lib/jvm/java-7-openjdk-amd64/jre/lib/amd64/xawt/libmawt.so
7f61d862e000-7f61d8631000 rw-p 00048000 08:05 427242                     /usr/lib/jvm/java-7-openjdk-amd64/jre/lib/amd64/xawt/libmawt.so
7f61d8631000-7f61d8632000 rw-p 00000000 00:00 0 
7f61d8632000-7f61d9000000 r--p 00000000 08:05 3019502                    /usr/lib/locale/locale-archive
7f61d9000000-7f61d9270000 rwxp 00000000 00:00 0 
7f61d9270000-7f61dc451000 rw-p 00000000 00:00 0 
7f61dc451000-7f61e0000000 ---p 00000000 00:00 0 
7f61e0000000-7f61e0008000 r--s 00000000 08:05 1180227                    /var/cache/fontconfig/3f7329c5293ffd510edef78f73874cfd-le64.cache-4
7f61e0008000-7f61e0013000 r--s 00000000 08:05 1180821                    /var/cache/fontconfig/d589a48862398ed80a3d6066f4f56f4c-le64.cache-4
7f61e0013000-7f61e0014000 r--s 00000000 08:05 1180221                    /var/cache/fontconfig/0c9eb80ebd1c36541ebe2852d3bb0c49-le64.cache-4
7f61e0014000-7f61e0015000 r--s 00000000 08:05 1199415                    /var/cache/fontconfig/62f91419b9ebdb6975e7e41ab6412357-le64.cache-4
7f61e0015000-7f61e0018000 r--s 00000000 08:05 1196435                    /var/cache/fontconfig/e13b20fdb08344e0e664864cc2ede53d-le64.cache-4
7f61e0018000-7f61e001c000 r--s 00000000 08:05 1196436                    /var/cache/fontconfig/7ef2298fde41cc6eeb7af42e48b7d293-le64.cache-4
7f61e001c000-7f61e0023000 r--s 00000000 08:05 3172867                    /usr/lib/x86_64-linux-gnu/gconv/gconv-modules.cache
7f61e0023000-7f61e0029000 r--p 00000000 08:05 561540                     /home/mark/.config/dconf/user
7f61e0029000-7f61e002a000 r--s 00000000 00:15 2082322                    /run/user/1000/dconf/user
7f61e002a000-7f61e007a000 r--p 00000000 08:05 3304345                    /usr/share/glib-2.0/schemas/gschemas.compiled
7f61e007a000-7f61e007e000 r--p 00000000 08:05 135245                     /usr/share/locale-langpack/en_AU/LC_MESSAGES/gtk20-properties.mo
7f61e007e000-7f61e0087000 r--s 000b9000 08:05 427284                     /usr/lib/jvm/java-7-openjdk-amd64/jre/lib/resources.jar
7f61e0087000-7f61e0127000 r-xp 00000000 08:05 427279                     /usr/lib/jvm/java-7-openjdk-amd64/jre/lib/amd64/libawt.so
7f61e0127000-7f61e0327000 ---p 000a0000 08:05 427279                     /usr/lib/jvm/java-7-openjdk-amd64/jre/lib/amd64/libawt.so
7f61e0327000-7f61e0328000 r--p 000a0000 08:05 427279                     /usr/lib/jvm/java-7-openjdk-amd64/jre/lib/amd64/libawt.so
7f61e0328000-7f61e0333000 rw-p 000a1000 08:05 427279                     /usr/lib/jvm/java-7-openjdk-amd64/jre/lib/amd64/libawt.so
7f61e0333000-7f61e0358000 rw-p 00000000 00:00 0 
7f61e0358000-7f61e0362000 r--s 00203000 08:05 427286                     /usr/lib/jvm/java-7-openjdk-amd64/jre/lib/charsets.jar
7f61e0362000-7f61e0363000 ---p 00000000 00:00 0 
7f61e0363000-7f61e0463000 rw-p 00000000 00:00 0                          [stack:22150]
7f61e0463000-7f61e0466000 ---p 00000000 00:00 0 
7f61e0466000-7f61e0564000 rw-p 00000000 00:00 0                          [stack:22149]
7f61e0564000-7f61e0567000 ---p 00000000 00:00 0 
7f61e0567000-7f61e0665000 rw-p 00000000 00:00 0                          [stack:22148]
7f61e0665000-7f61e0668000 ---p 00000000 00:00 0 
7f61e0668000-7f61e0766000 rw-p 00000000 00:00 0                          [stack:22147]
7f61e0766000-7f61e0769000 ---p 00000000 00:00 0 
7f61e0769000-7f61e0867000 rw-p 00000000 00:00 0                          [stack:22146]
7f61e0867000-7f61e086a000 ---p 00000000 00:00 0 
7f61e086a000-7f61e0968000 rw-p 00000000 00:00 0                          [stack:22145]
7f61e0968000-7f61e096b000 ---p 00000000 00:00 0 
7f61e096b000-7f61e0a69000 rw-p 00000000 00:00 0                          [stack:22144]
7f61e0a69000-7f61e0a6a000 ---p 00000000 00:00 0 
7f61e0a6a000-7f61e1b67000 rw-p 00000000 00:00 0                          [stack:22143]
7f61e1b67000-7f61e1d18000 r--s 01d21000 08:05 427480                     /usr/lib/jvm/java-7-openjdk-amd64/jre/lib/rt.jar
7f61e1d18000-7f61e2031000 rw-p 00000000 00:00 0 
7f61e2031000-7f61e2032000 ---p 00000000 00:00 0 
7f61e2032000-7f61e2132000 rw-p 00000000 00:00 0                          [stack:22142]
7f61e2132000-7f61e2133000 ---p 00000000 00:00 0 
7f61e2133000-7f61e2233000 rw-p 00000000 00:00 0                          [stack:22141]
7f61e2233000-7f61e2234000 ---p 00000000 00:00 0 
7f61e2234000-7f61e2334000 rw-p 00000000 00:00 0                          [stack:22140]
7f61e2334000-7f61e2335000 ---p 00000000 00:00 0 
7f61e2335000-7f61e2445000 rw-p 00000000 00:00 0                          [stack:22139]
7f61e2445000-7f61e2446000 ---p 00000000 00:00 0 
7f61e2446000-7f61e2488000 rw-p 00000000 00:00 0 
7f61e2488000-7f61e250a000 rw-p 00000000 00:00 0 
7f61e250a000-7f61e25bc000 rw-p 00000000 00:00 0 
7f61e25bc000-7f61e25cc000 rw-p 00000000 00:00 0 
7f61e25cc000-7f61e25cd000 ---p 00000000 00:00 0 
7f61e25cd000-7f61e260f000 rw-p 00000000 00:00 0 
7f61e260f000-7f61e2691000 rw-p 00000000 00:00 0 
7f61e2691000-7f61e2742000 rw-p 00000000 00:00 0 
7f61e2742000-7f61e27dc000 rw-p 00000000 00:00 0 
7f61e27dc000-7f61e27dd000 rw-p 00000000 00:00 0 
7f61e27dd000-7f61e27e5000 r-xp 00000000 08:05 405699                     /usr/lib/jvm/java-7-openjdk-amd64/jre/lib/amd64/libzip.so
7f61e27e5000-7f61e29e4000 ---p 00008000 08:05 405699                     /usr/lib/jvm/java-7-openjdk-amd64/jre/lib/amd64/libzip.so
7f61e29e4000-7f61e29e5000 r--p 00007000 08:05 405699                     /usr/lib/jvm/java-7-openjdk-amd64/jre/lib/amd64/libzip.so
7f61e29e5000-7f61e29e6000 rw-p 00008000 08:05 405699                     /usr/lib/jvm/java-7-openjdk-amd64/jre/lib/amd64/libzip.so
7f61e29e6000-7f61e29f1000 r-xp 00000000 08:05 2630622                    /lib/x86_64-linux-gnu/libnss_files-2.19.so
7f61e29f1000-7f61e2bf0000 ---p 0000b000 08:05 2630622                    /lib/x86_64-linux-gnu/libnss_files-2.19.so
7f61e2bf0000-7f61e2bf1000 r--p 0000a000 08:05 2630622                    /lib/x86_64-linux-gnu/libnss_files-2.19.so
7f61e2bf1000-7f61e2bf2000 rw-p 0000b000 08:05 2630622                    /lib/x86_64-linux-gnu/libnss_files-2.19.so
7f61e2bf2000-7f61e2bfd000 r-xp 00000000 08:05 2630623                    /lib/x86_64-linux-gnu/libnss_nis-2.19.so
7f61e2bfd000-7f61e2dfc000 ---p 0000b000 08:05 2630623                    /lib/x86_64-linux-gnu/libnss_nis-2.19.so
7f61e2dfc000-7f61e2dfd000 r--p 0000a000 08:05 2630623                    /lib/x86_64-linux-gnu/libnss_nis-2.19.so
7f61e2dfd000-7f61e2dfe000 rw-p 0000b000 08:05 2630623                    /lib/x86_64-linux-gnu/libnss_nis-2.19.so
7f61e2dfe000-7f61e2e15000 r-xp 00000000 08:05 2630609                    /lib/x86_64-linux-gnu/libnsl-2.19.so
7f61e2e15000-7f61e3014000 ---p 00017000 08:05 2630609                    /lib/x86_64-linux-gnu/libnsl-2.19.so
7f61e3014000-7f61e3015000 r--p 00016000 08:05 2630609                    /lib/x86_64-linux-gnu/libnsl-2.19.so
7f61e3015000-7f61e3016000 rw-p 00017000 08:05 2630609                    /lib/x86_64-linux-gnu/libnsl-2.19.so
7f61e3016000-7f61e3018000 rw-p 00000000 00:00 0 
7f61e3018000-7f61e3021000 r-xp 00000000 08:05 2630605                    /lib/x86_64-linux-gnu/libnss_compat-2.19.so
7f61e3021000-7f61e3220000 ---p 00009000 08:05 2630605                    /lib/x86_64-linux-gnu/libnss_compat-2.19.so
7f61e3220000-7f61e3221000 r--p 00008000 08:05 2630605                    /lib/x86_64-linux-gnu/libnss_compat-2.19.so
7f61e3221000-7f61e3222000 rw-p 00009000 08:05 2630605                    /lib/x86_64-linux-gnu/libnss_compat-2.19.so
7f61e3222000-7f61e324d000 r-xp 00000000 08:05 405693                     /usr/lib/jvm/java-7-openjdk-amd64/jre/lib/amd64/libjava.so
7f61e324d000-7f61e344d000 ---p 0002b000 08:05 405693                     /usr/lib/jvm/java-7-openjdk-amd64/jre/lib/amd64/libjava.so
7f61e344d000-7f61e344e000 r--p 0002b000 08:05 405693                     /usr/lib/jvm/java-7-openjdk-amd64/jre/lib/amd64/libjava.so
7f61e344e000-7f61e3450000 rw-p 0002c000 08:05 405693                     /usr/lib/jvm/java-7-openjdk-amd64/jre/lib/amd64/libjava.so
7f61e3450000-7f61e3460000 r-xp 00000000 08:05 427259                     /usr/lib/jvm/java-7-openjdk-amd64/jre/lib/amd64/libverify.so
7f61e3460000-7f61e365f000 ---p 00010000 08:05 427259                     /usr/lib/jvm/java-7-openjdk-amd64/jre/lib/amd64/libverify.so
7f61e365f000-7f61e3661000 r--p 0000f000 08:05 427259                     /usr/lib/jvm/java-7-openjdk-amd64/jre/lib/amd64/libverify.so
7f61e3661000-7f61e3662000 rw-p 00011000 08:05 427259                     /usr/lib/jvm/java-7-openjdk-amd64/jre/lib/amd64/libverify.so
7f61e3662000-7f61e3669000 r-xp 00000000 08:05 2630611                    /lib/x86_64-linux-gnu/librt-2.19.so
7f61e3669000-7f61e3868000 ---p 00007000 08:05 2630611                    /lib/x86_64-linux-gnu/librt-2.19.so
7f61e3868000-7f61e3869000 r--p 00006000 08:05 2630611                    /lib/x86_64-linux-gnu/librt-2.19.so
7f61e3869000-7f61e386a000 rw-p 00007000 08:05 2630611                    /lib/x86_64-linux-gnu/librt-2.19.so
7f61e386a000-7f61e3880000 r-xp 00000000 08:05 2622636                    /lib/x86_64-linux-gnu/libgcc_s.so.1
7f61e3880000-7f61e3a7f000 ---p 00016000 08:05 2622636                    /lib/x86_64-linux-gnu/libgcc_s.so.1
7f61e3a7f000-7f61e3a80000 rw-p 00015000 08:05 2622636                    /lib/x86_64-linux-gnu/libgcc_s.so.1
7f61e3a80000-7f61e3b85000 r-xp 00000000 08:05 2630618                    /lib/x86_64-linux-gnu/libm-2.19.so
7f61e3b85000-7f61e3d84000 ---p 00105000 08:05 2630618                    /lib/x86_64-linux-gnu/libm-2.19.so
7f61e3d84000-7f61e3d85000 r--p 00104000 08:05 2630618                    /lib/x86_64-linux-gnu/libm-2.19.so
7f61e3d85000-7f61e3d86000 rw-p 00105000 08:05 2630618                    /lib/x86_64-linux-gnu/libm-2.19.so
7f61e3d86000-7f61e3e6c000 r-xp 00000000 08:05 3022467                    /usr/lib/x86_64-linux-gnu/libstdc++.so.6.0.19
7f61e3e6c000-7f61e406b000 ---p 000e6000 08:05 3022467                    /usr/lib/x86_64-linux-gnu/libstdc++.so.6.0.19
7f61e406b000-7f61e4073000 r--p 000e5000 08:05 3022467                    /usr/lib/x86_64-linux-gnu/libstdc++.so.6.0.19
7f61e4073000-7f61e4075000 rw-p 000ed000 08:05 3022467                    /usr/lib/x86_64-linux-gnu/libstdc++.so.6.0.19
7f61e4075000-7f61e408a000 rw-p 00000000 00:00 0 
7f61e408a000-7f61e4ba0000 r-xp 00000000 08:05 427271                     /usr/lib/jvm/java-7-openjdk-amd64/jre/lib/amd64/server/libjvm.so
7f61e4ba0000-7f61e4d9f000 ---p 00b16000 08:05 427271                     /usr/lib/jvm/java-7-openjdk-amd64/jre/lib/amd64/server/libjvm.so
7f61e4d9f000-7f61e4e39000 r--p 00b15000 08:05 427271                     /usr/lib/jvm/java-7-openjdk-amd64/jre/lib/amd64/server/libjvm.so
7f61e4e39000-7f61e4e5c000 rw-p 00baf000 08:05 427271                     /usr/lib/jvm/java-7-openjdk-amd64/jre/lib/amd64/server/libjvm.so
7f61e4e5c000-7f61e4e8a000 rw-p 00000000 00:00 0 
7f61e4e8a000-7f61e4ea2000 r-xp 00000000 08:05 2625711                    /lib/x86_64-linux-gnu/libz.so.1.2.8
7f61e4ea2000-7f61e50a1000 ---p 00018000 08:05 2625711                    /lib/x86_64-linux-gnu/libz.so.1.2.8
7f61e50a1000-7f61e50a2000 r--p 00017000 08:05 2625711                    /lib/x86_64-linux-gnu/libz.so.1.2.8
7f61e50a2000-7f61e50a3000 rw-p 00018000 08:05 2625711                    /lib/x86_64-linux-gnu/libz.so.1.2.8
7f61e50a3000-7f61e50bc000 r-xp 00000000 08:05 2630628                    /lib/x86_64-linux-gnu/libpthread-2.19.so
7f61e50bc000-7f61e52bb000 ---p 00019000 08:05 2630628                    /lib/x86_64-linux-gnu/libpthread-2.19.so
7f61e52bb000-7f61e52bc000 r--p 00018000 08:05 2630628                    /lib/x86_64-linux-gnu/libpthread-2.19.so
7f61e52bc000-7f61e52bd000 rw-p 00019000 08:05 2630628                    /lib/x86_64-linux-gnu/libpthread-2.19.so
7f61e52bd000-7f61e52c1000 rw-p 00000000 00:00 0 
7f61e52c1000-7f61e52c4000 r-xp 00000000 08:05 2630627                    /lib/x86_64-linux-gnu/libdl-2.19.so
7f61e52c4000-7f61e54c3000 ---p 00003000 08:05 2630627                    /lib/x86_64-linux-gnu/libdl-2.19.so
7f61e54c3000-7f61e54c4000 r--p 00002000 08:05 2630627                    /lib/x86_64-linux-gnu/libdl-2.19.so
7f61e54c4000-7f61e54c5000 rw-p 00003000 08:05 2630627                    /lib/x86_64-linux-gnu/libdl-2.19.so
7f61e54c5000-7f61e5680000 r-xp 00000000 08:05 2630615                    /lib/x86_64-linux-gnu/libc-2.19.so
7f61e5680000-7f61e5880000 ---p 001bb000 08:05 2630615                    /lib/x86_64-linux-gnu/libc-2.19.so
7f61e5880000-7f61e5884000 r--p 001bb000 08:05 2630615                    /lib/x86_64-linux-gnu/libc-2.19.so
7f61e5884000-7f61e5886000 rw-p 001bf000 08:05 2630615                    /lib/x86_64-linux-gnu/libc-2.19.so
7f61e5886000-7f61e588b000 rw-p 00000000 00:00 0 
7f61e588b000-7f61e5898000 r-xp 00000000 08:05 427276                     /usr/lib/jvm/java-7-openjdk-amd64/jre/lib/amd64/jli/libjli.so
7f61e5898000-7f61e5a97000 ---p 0000d000 08:05 427276                     /usr/lib/jvm/java-7-openjdk-amd64/jre/lib/amd64/jli/libjli.so
7f61e5a97000-7f61e5a98000 r--p 0000c000 08:05 427276                     /usr/lib/jvm/java-7-openjdk-amd64/jre/lib/amd64/jli/libjli.so
7f61e5a98000-7f61e5a99000 rw-p 0000d000 08:05 427276                     /usr/lib/jvm/java-7-openjdk-amd64/jre/lib/amd64/jli/libjli.so
7f61e5a99000-7f61e5abc000 r-xp 00000000 08:05 2630616                    /lib/x86_64-linux-gnu/ld-2.19.so
7f61e5abc000-7f61e5abd000 r--p 00000000 08:05 135106                     /usr/share/locale-langpack/en_AU/LC_MESSAGES/glib20.mo
7f61e5abd000-7f61e5abf000 r--p 00000000 08:05 135117                     /usr/share/locale-langpack/en_AU/LC_MESSAGES/gtk20.mo
7f61e5abf000-7f61e5ac0000 r--p 00000000 08:05 137937                     /usr/share/locale-langpack/en_AU/LC_MESSAGES/libc.mo
7f61e5ac0000-7f61e5ac1000 r--s 00005000 08:05 1844121                    /home/mark/Downloads/json-simple-1.1.1.jar
7f61e5ac1000-7f61e5ac5000 r--s 00085000 08:05 427287                     /usr/lib/jvm/java-7-openjdk-amd64/jre/lib/ext/localedata.jar
7f61e5ac5000-7f61e5ac8000 r--s 0003c000 08:05 427460                     /usr/lib/jvm/java-7-openjdk-amd64/jre/lib/ext/sunpkcs11.jar
7f61e5ac8000-7f61e5acb000 r--s 0000f000 08:05 427288                     /usr/lib/jvm/java-7-openjdk-amd64/jre/lib/ext/pulse-java.jar
7f61e5acb000-7f61e5acd000 r--s 00006000 08:05 3282004                    /usr/share/java/java-atk-wrapper.jar
7f61e5acd000-7f61e5ace000 r--s 00002000 08:05 427293                     /usr/lib/jvm/java-7-openjdk-amd64/jre/lib/ext/dnsns.jar
7f61e5ace000-7f61e5ad0000 r--s 00012000 08:05 427289                     /usr/lib/jvm/java-7-openjdk-amd64/jre/lib/ext/zipfs.jar
7f61e5ad0000-7f61e5ada000 rw-p 00000000 00:00 0 
7f61e5ada000-7f61e5b90000 rw-p 00000000 00:00 0 
7f61e5b90000-7f61e5b93000 ---p 00000000 00:00 0 
7f61e5b93000-7f61e5c96000 rw-p 00000000 00:00 0                          [stack:22138]
7f61e5c96000-7f61e5c99000 r--s 00032000 08:05 427291                     /usr/lib/jvm/java-7-openjdk-amd64/jre/lib/ext/sunjce_provider.jar
7f61e5c99000-7f61e5caf000 rw-p 00000000 00:00 0 
7f61e5caf000-7f61e5cb7000 rw-s 00000000 08:05 1853087                    /tmp/hsperfdata_mark/22133
7f61e5cb7000-7f61e5cb8000 rw-p 00000000 00:00 0 
7f61e5cb8000-7f61e5cb9000 r--p 00000000 00:00 0 
7f61e5cb9000-7f61e5cbb000 rw-p 00000000 00:00 0 
7f61e5cbb000-7f61e5cbc000 r--p 00022000 08:05 2630616                    /lib/x86_64-linux-gnu/ld-2.19.so
7f61e5cbc000-7f61e5cbd000 rw-p 00023000 08:05 2630616                    /lib/x86_64-linux-gnu/ld-2.19.so
7f61e5cbd000-7f61e5cbe000 rw-p 00000000 00:00 0 
7fff58b61000-7fff58b82000 rw-p 00000000 00:00 0                          [stack]
7fff58bfe000-7fff58c00000 r-xp 00000000 00:00 0                          [vdso]
ffffffffff600000-ffffffffff601000 r-xp 00000000 00:00 0                  [vsyscall]

VM Arguments:
jvm_args: -Dfile.encoding=UTF-8 
java_command: capstone.gui.CapstoneApplication
Launcher Type: SUN_STANDARD

Environment Variables:
PATH=/usr/local/sbin:/usr/local/bin:/usr/sbin:/usr/bin:/sbin:/bin:/usr/games:/usr/local/games
USERNAME=mark
LD_LIBRARY_PATH=/usr/lib/jvm/java-7-openjdk-amd64/jre/lib/amd64:/usr/lib/jvm/java-7-openjdk-amd64/jre/lib/i386:
SHELL=/bin/bash
DISPLAY=:0.0

Signal Handlers:
SIGSEGV: [libjvm.so+0x949110], sa_mask[0]=0x7ffbfeff, sa_flags=0x10000004
SIGBUS: [libjvm.so+0x949110], sa_mask[0]=0x7ffbfeff, sa_flags=0x10000004
SIGFPE: [libjvm.so+0x7c2e80], sa_mask[0]=0x7ffbfeff, sa_flags=0x10000004
SIGPIPE: SIG_IGN, sa_mask[0]=0x00001000, sa_flags=0x10000000
SIGXFSZ: [libjvm.so+0x7c2e80], sa_mask[0]=0x7ffbfeff, sa_flags=0x10000004
SIGILL: [libjvm.so+0x7c2e80], sa_mask[0]=0x7ffbfeff, sa_flags=0x10000004
SIGUSR1: SIG_DFL, sa_mask[0]=0x00000000, sa_flags=0x00000000
SIGUSR2: [libjvm.so+0x7c2d20], sa_mask[0]=0x00000004, sa_flags=0x10000004
SIGHUP: [libjvm.so+0x7c2f00], sa_mask[0]=0x7ffbfeff, sa_flags=0x10000004
SIGINT: SIG_IGN, sa_mask[0]=0x00000000, sa_flags=0x00000000
SIGTERM: [libjvm.so+0x7c2f00], sa_mask[0]=0x7ffbfeff, sa_flags=0x10000004
SIGQUIT: [libjvm.so+0x7c2f00], sa_mask[0]=0x7ffbfeff, sa_flags=0x10000004
SIGTRAP: SIG_DFL, sa_mask[0]=0x00000000, sa_flags=0x00000000


---------------  S Y S T E M  ---------------

OS:Ubuntu 14.04 (trusty)
uname:Linux 3.13.0-36-generic #63-Ubuntu SMP Wed Sep 3 21:30:07 UTC 2014 x86_64
libc:glibc 2.19 NPTL 2.19 
rlimit: STACK 8192k, CORE 0k, NPROC 29315, NOFILE 4096, AS infinity
load average:1.56 1.29 1.28

/proc/meminfo:
MemTotal:        3774016 kB
MemFree:          212100 kB
Buffers:             420 kB
Cached:           234508 kB
SwapCached:            0 kB
Active:          3117096 kB
Inactive:         227476 kB
Active(anon):    3116048 kB
Inactive(anon):   194024 kB
Active(file):       1048 kB
Inactive(file):    33452 kB
Unevictable:         208 kB
Mlocked:             208 kB
SwapTotal:             0 kB
SwapFree:              0 kB
Dirty:                12 kB
Writeback:             0 kB
AnonPages:       3110320 kB
Mapped:           102280 kB
Shmem:            200104 kB
Slab:              75544 kB
SReclaimable:      38756 kB
SUnreclaim:        36788 kB
KernelStack:        5888 kB
PageTables:        43232 kB
NFS_Unstable:          0 kB
Bounce:                0 kB
WritebackTmp:          0 kB
CommitLimit:     1887008 kB
Committed_AS:    7158980 kB
VmallocTotal:   34359738367 kB
VmallocUsed:      548380 kB
VmallocChunk:   34359165692 kB
HardwareCorrupted:     0 kB
AnonHugePages:    344064 kB
HugePages_Total:       0
HugePages_Free:        0
HugePages_Rsvd:        0
HugePages_Surp:        0
Hugepagesize:       2048 kB
DirectMap4k:       66368 kB
DirectMap2M:     3850240 kB


CPU:total 4 (2 cores per cpu, 2 threads per core) family 6 model 37 stepping 5, cmov, cx8, fxsr, mmx, sse, sse2, sse3, ssse3, sse4.1, sse4.2, popcnt, ht, tsc, tscinvbit

/proc/cpuinfo:
processor	: 0
vendor_id	: GenuineIntel
cpu family	: 6
model		: 37
model name	: Intel(R) Core(TM) i3 CPU       M 370  @ 2.40GHz
stepping	: 5
microcode	: 0x2
cpu MHz		: 2399.000
cache size	: 3072 KB
physical id	: 0
siblings	: 4
core id		: 0
cpu cores	: 2
apicid		: 0
initial apicid	: 0
fpu		: yes
fpu_exception	: yes
cpuid level	: 11
wp		: yes
flags		: fpu vme de pse tsc msr pae mce cx8 apic sep mtrr pge mca cmov pat pse36 clflush dts acpi mmx fxsr sse sse2 ss ht tm pbe syscall nx rdtscp lm constant_tsc arch_perfmon pebs bts rep_good nopl xtopology nonstop_tsc aperfmperf pni dtes64 monitor ds_cpl vmx est tm2 ssse3 cx16 xtpr pdcm pcid sse4_1 sse4_2 popcnt lahf_lm arat dtherm tpr_shadow vnmi flexpriority ept vpid
bogomips	: 4787.72
clflush size	: 64
cache_alignment	: 64
address sizes	: 36 bits physical, 48 bits virtual
power management:

processor	: 1
vendor_id	: GenuineIntel
cpu family	: 6
model		: 37
model name	: Intel(R) Core(TM) i3 CPU       M 370  @ 2.40GHz
stepping	: 5
microcode	: 0x2
cpu MHz		: 933.000
cache size	: 3072 KB
physical id	: 0
siblings	: 4
core id		: 0
cpu cores	: 2
apicid		: 1
initial apicid	: 1
fpu		: yes
fpu_exception	: yes
cpuid level	: 11
wp		: yes
flags		: fpu vme de pse tsc msr pae mce cx8 apic sep mtrr pge mca cmov pat pse36 clflush dts acpi mmx fxsr sse sse2 ss ht tm pbe syscall nx rdtscp lm constant_tsc arch_perfmon pebs bts rep_good nopl xtopology nonstop_tsc aperfmperf pni dtes64 monitor ds_cpl vmx est tm2 ssse3 cx16 xtpr pdcm pcid sse4_1 sse4_2 popcnt lahf_lm arat dtherm tpr_shadow vnmi flexpriority ept vpid
bogomips	: 4787.72
clflush size	: 64
cache_alignment	: 64
address sizes	: 36 bits physical, 48 bits virtual
power management:

processor	: 2
vendor_id	: GenuineIntel
cpu family	: 6
model		: 37
model name	: Intel(R) Core(TM) i3 CPU       M 370  @ 2.40GHz
stepping	: 5
microcode	: 0x2
cpu MHz		: 2399.000
cache size	: 3072 KB
physical id	: 0
siblings	: 4
core id		: 2
cpu cores	: 2
apicid		: 4
initial apicid	: 4
fpu		: yes
fpu_exception	: yes
cpuid level	: 11
wp		: yes
flags		: fpu vme de pse tsc msr pae mce cx8 apic sep mtrr pge mca cmov pat pse36 clflush dts acpi mmx fxsr sse sse2 ss ht tm pbe syscall nx rdtscp lm constant_tsc arch_perfmon pebs bts rep_good nopl xtopology nonstop_tsc aperfmperf pni dtes64 monitor ds_cpl vmx est tm2 ssse3 cx16 xtpr pdcm pcid sse4_1 sse4_2 popcnt lahf_lm arat dtherm tpr_shadow vnmi flexpriority ept vpid
bogomips	: 4787.72
clflush size	: 64
cache_alignment	: 64
address sizes	: 36 bits physical, 48 bits virtual
power management:

processor	: 3
vendor_id	: GenuineIntel
cpu family	: 6
model		: 37
model name	: Intel(R) Core(TM) i3 CPU       M 370  @ 2.40GHz
stepping	: 5
microcode	: 0x2
cpu MHz		: 2399.000
cache size	: 3072 KB
physical id	: 0
siblings	: 4
core id		: 2
cpu cores	: 2
apicid		: 5
initial apicid	: 5
fpu		: yes
fpu_exception	: yes
cpuid level	: 11
wp		: yes
flags		: fpu vme de pse tsc msr pae mce cx8 apic sep mtrr pge mca cmov pat pse36 clflush dts acpi mmx fxsr sse sse2 ss ht tm pbe syscall nx rdtscp lm constant_tsc arch_perfmon pebs bts rep_good nopl xtopology nonstop_tsc aperfmperf pni dtes64 monitor ds_cpl vmx est tm2 ssse3 cx16 xtpr pdcm pcid sse4_1 sse4_2 popcnt lahf_lm arat dtherm tpr_shadow vnmi flexpriority ept vpid
bogomips	: 4787.72
clflush size	: 64
cache_alignment	: 64
address sizes	: 36 bits physical, 48 bits virtual
power management:



Memory: 4k page, physical 3774016k(212100k free), swap 0k(0k free)

vm_info: OpenJDK 64-Bit Server VM (24.65-b04) for linux-amd64 JRE (1.7.0_65-b32), built on Aug 23 2014 13:33:31 by "buildd" with gcc 4.8.2

time: Mon Sep 22 15:32:42 2014
elapsed time: 18 seconds

