#
# There is insufficient memory for the Java Runtime Environment to continue.
# Native memory allocation (malloc) failed to allocate 2097152 bytes for committing reserved memory.
# Possible reasons:
#   The system is out of physical RAM or swap space
#   In 32 bit mode, the process size limit was hit
# Possible solutions:
#   Reduce memory load on the system
#   Increase physical memory or swap space
#   Check if swap backing store is full
#   Use 64 bit Java on a 64 bit OS
#   Decrease Java heap size (-Xmx/-Xms)
#   Decrease number of Java threads
#   Decrease Java thread stack sizes (-Xss)
#   Set larger code cache with -XX:ReservedCodeCacheSize=
# This output file may be truncated or incomplete.
#
#  Out of Memory Error (os_linux.cpp:2798), pid=24404, tid=139921447626496
#
# JRE version: OpenJDK Runtime Environment (7.0_65-b32) (build 1.7.0_65-b32)
# Java VM: OpenJDK 64-Bit Server VM (24.65-b04 mixed mode linux-amd64 compressed oops)
# Failed to write core dump. Core dumps have been disabled. To enable core dumping, try "ulimit -c unlimited" before starting Java again
#

---------------  T H R E A D  ---------------

Current thread (0x00007f424840f000):  JavaThread "Thread-0" [_thread_in_vm, id=24435, stack(0x00007f42001ea000,0x00007f42002eb000)]

Stack: [0x00007f42001ea000,0x00007f42002eb000],  sp=0x00007f42002e93b0,  free space=1020k
Native frames: (J=compiled Java code, j=interpreted, Vv=VM code, C=native code)
V  [libjvm.so+0x948635]  VMError::report_and_die()+0x175
V  [libjvm.so+0x48b904]  report_vm_out_of_memory(char const*, int, unsigned long, char const*)+0x74
V  [libjvm.so+0x7c766b]  os::pd_commit_memory(char*, unsigned long, unsigned long, bool)+0xeb
V  [libjvm.so+0x7c212f]  os::commit_memory(char*, unsigned long, unsigned long, bool)+0x1f
V  [libjvm.so+0x8338bb]  PSVirtualSpace::expand_by(unsigned long)+0x5b
V  [libjvm.so+0x82360b]  PSOldGen::expand_by(unsigned long) [clone .part.80]+0x1b
V  [libjvm.so+0x8237cb]  PSOldGen::expand(unsigned long) [clone .part.81]+0xdb
V  [libjvm.so+0x8240a8]  PSOldGen::allocate(unsigned long)+0xf8
V  [libjvm.so+0x7e7b2e]  ParallelScavengeHeap::mem_allocate(unsigned long, bool*)+0x10e
V  [libjvm.so+0x914b3a]  typeArrayKlass::allocate_common(int, bool, Thread*)+0x2ca
V  [libjvm.so+0x8552c6]  OptoRuntime::new_array_nozero_C(klassOopDesc*, int, JavaThread*)+0x26

Java frames: (J=compiled Java code, j=interpreted, Vv=VM code)
v  ~RuntimeStub::_new_array_nozero_Java
J 126 C2 java.lang.StringBuilder.append(Ljava/lang/String;)Ljava/lang/StringBuilder; (8 bytes) @ 0x00007f42450c9fbc [0x00007f42450c9d40+0x27c]
j  capstone.yelpmodel.JSONWrapper.<init>(Ljava/io/File;)V+97
j  capstone.yelpmodel.Business.<init>(Ljava/io/File;)V+2
j  capstone.yelpmodel.YelpModel.<init>(Ljava/lang/String;Lcapstone/gui/YelpModelLoader;)V+137
j  capstone.gui.YelpModelLoader.run()V+101
v  ~StubRoutines::call_stub

---------------  P R O C E S S  ---------------

Java Threads: ( => current thread )
  0x00007f424800a000 JavaThread "DestroyJavaVM" [_thread_blocked, id=24409, stack(0x00007f4250445000,0x00007f4250546000)]
=>0x00007f424840f000 JavaThread "Thread-0" [_thread_in_vm, id=24435, stack(0x00007f42001ea000,0x00007f42002eb000)]
  0x00007f424840e000 JavaThread "TimerQueue" daemon [_thread_blocked, id=24434, stack(0x00007f42002eb000,0x00007f42003ec000)]
  0x00007f424839a000 JavaThread "AWT-EventQueue-0" [_thread_blocked, id=24433, stack(0x00007f42003ec000,0x00007f42004ed000)]
  0x00007f4248396000 JavaThread "AWT-Shutdown" [_thread_blocked, id=24432, stack(0x00007f42004ed000,0x00007f42005ee000)]
  0x00007f424820d800 JavaThread "AWT-XAWT" daemon [_thread_in_native, id=24424, stack(0x00007f42300ef000,0x00007f42301f0000)]
  0x00007f42481d0000 JavaThread "Java2D Disposer" daemon [_thread_blocked, id=24423, stack(0x00007f4240086000,0x00007f4240187000)]
  0x00007f42480a4000 JavaThread "Service Thread" daemon [_thread_blocked, id=24421, stack(0x00007f424111f000,0x00007f4241220000)]
  0x00007f42480a1800 JavaThread "C2 CompilerThread1" daemon [_thread_blocked, id=24420, stack(0x00007f4241220000,0x00007f4241321000)]
  0x00007f424809e800 JavaThread "C2 CompilerThread0" daemon [_thread_blocked, id=24419, stack(0x00007f4241321000,0x00007f4241422000)]
  0x00007f424809c800 JavaThread "Signal Dispatcher" daemon [_thread_blocked, id=24418, stack(0x00007f4241422000,0x00007f4241523000)]
  0x00007f424807b800 JavaThread "Finalizer" daemon [_thread_blocked, id=24417, stack(0x00007f4241ef1000,0x00007f4241ff2000)]
  0x00007f4248079800 JavaThread "Reference Handler" daemon [_thread_blocked, id=24416, stack(0x00007f4241ff2000,0x00007f42420f3000)]

Other Threads:
  0x00007f4248075800 VMThread [stack: 0x00007f42420f3000,0x00007f42421f4000] [id=24414]
  0x00007f42480ae800 WatcherThread [stack: 0x00007f424101e000,0x00007f424111f000] [id=24422]

VM state:not at safepoint (normal execution)

VM Mutex/Monitor currently owned by a thread:  ([mutex/lock_event])
[0x00007f4248005ed0] ExpandHeap_lock - owner thread: 0x00007f424840f000
[0x00007f4248006a50] Heap_lock - owner thread: 0x00007f424840f000

Heap
 PSYoungGen      total 269824K, used 252297K [0x00000000ecc80000, 0x0000000100000000, 0x0000000100000000)
  eden space 251392K, 100% used [0x00000000ecc80000,0x00000000fc200000,0x00000000fc200000)
  from space 18432K, 4% used [0x00000000fc200000,0x00000000fc2e25a0,0x00000000fd400000)
  to   space 17920K, 0% used [0x00000000fee80000,0x00000000fee80000,0x0000000100000000)
 ParOldGen       total 102912K, used 102836K [0x00000000c6600000, 0x00000000cca80000, 0x00000000ecc80000)
  object space 102912K, 99% used [0x00000000c6600000,0x00000000cca6d278,0x00000000cca80000)
 PSPermGen       total 27648K, used 13782K [0x00000000bc000000, 0x00000000bdb00000, 0x00000000c6600000)
  object space 27648K, 49% used [0x00000000bc000000,0x00000000bcd75a60,0x00000000bdb00000)

Card table byte_map: [0x00007f424ce71000,0x00007f424d092000] byte_map_base: 0x00007f424c891000

Polling page: 0x00007f425056d000

Code Cache  [0x00007f4245000000, 0x00007f4245270000, 0x00007f4248000000)
 total_blobs=605 nmethods=126 adapters=433 free_code_cache=48349Kb largest_free_block=49480640

Compilation events (10 events):
Event: 3.376 Thread 0x00007f424809e800 nmethod 121 0x00007f42450c5a10 code [0x00007f42450c5ca0, 0x00007f42450c6830]
Event: 3.425 Thread 0x00007f42480a1800 nmethod 122 0x00007f42450c7e50 code [0x00007f42450c8020, 0x00007f42450c90a0]
Event: 3.425 Thread 0x00007f424809e800  123 % !         java.io.BufferedReader::readLine @ 131 (304 bytes)
Event: 3.458 Thread 0x00007f42480a1800  124             java.lang.String::getChars (62 bytes)
Event: 3.459 Thread 0x00007f42480a1800 nmethod 124 0x00007f42450c2150 code [0x00007f42450c22a0, 0x00007f42450c23d8]
Event: 3.462 Thread 0x00007f42480a1800  125             java.lang.AbstractStringBuilder::append (48 bytes)
Event: 3.488 Thread 0x00007f42480a1800 nmethod 125 0x00007f42450c7610 code [0x00007f42450c7780, 0x00007f42450c7b58]
Event: 3.505 Thread 0x00007f42480a1800  126             java.lang.StringBuilder::append (8 bytes)
Event: 3.516 Thread 0x00007f42480a1800 nmethod 126 0x00007f42450c9bd0 code [0x00007f42450c9d40, 0x00007f42450ca0f8]
Event: 3.540 Thread 0x00007f424809e800 nmethod 123% 0x00007f42450ca490 code [0x00007f42450ca660, 0x00007f42450cb720]

GC Heap History (10 events):
Event: 3.709 GC heap before
{Heap before GC invocations=14 (full 1):
 PSYoungGen      total 171520K, used 153283K [0x00000000ecc80000, 0x00000000f8c80000, 0x0000000100000000)
  eden space 152576K, 99% used [0x00000000ecc80000,0x00000000f60c9cb0,0x00000000f6180000)
  from space 18944K, 7% used [0x00000000f7a00000,0x00000000f7b67218,0x00000000f8c80000)
  to   space 22016K, 0% used [0x00000000f6180000,0x00000000f6180000,0x00000000f7700000)
 ParOldGen       total 74240K, used 54353K [0x00000000c6600000, 0x00000000cae80000, 0x00000000ecc80000)
  object space 74240K, 73% used [0x00000000c6600000,0x00000000c9b14658,0x00000000cae80000)
 PSPermGen       total 27648K, used 13781K [0x00000000bc000000, 0x00000000bdb00000, 0x00000000c6600000)
  object space 27648K, 49% used [0x00000000bc000000,0x00000000bcd757e8,0x00000000bdb00000)
Event: 3.718 GC heap after
Heap after GC invocations=14 (full 1):
 PSYoungGen      total 174592K, used 1671K [0x00000000ecc80000, 0x00000000fba80000, 0x0000000100000000)
  eden space 152576K, 0% used [0x00000000ecc80000,0x00000000ecc80000,0x00000000f6180000)
  from space 22016K, 7% used [0x00000000f6180000,0x00000000f6321da0,0x00000000f7700000)
  to   space 20992K, 0% used [0x00000000fa600000,0x00000000fa600000,0x00000000fba80000)
 ParOldGen       total 74240K, used 54353K [0x00000000c6600000, 0x00000000cae80000, 0x00000000ecc80000)
  object space 74240K, 73% used [0x00000000c6600000,0x00000000c9b14658,0x00000000cae80000)
 PSPermGen       total 27648K, used 13781K [0x00000000bc000000, 0x00000000bdb00000, 0x00000000c6600000)
  object space 27648K, 49% used [0x00000000bc000000,0x00000000bcd757e8,0x00000000bdb00000)
}
Event: 3.769 GC heap before
{Heap before GC invocations=15 (full 1):
 PSYoungGen      total 174592K, used 154088K [0x00000000ecc80000, 0x00000000fba80000, 0x0000000100000000)
  eden space 152576K, 99% used [0x00000000ecc80000,0x00000000f6158560,0x00000000f6180000)
  from space 22016K, 7% used [0x00000000f6180000,0x00000000f6321da0,0x00000000f7700000)
  to   space 20992K, 0% used [0x00000000fa600000,0x00000000fa600000,0x00000000fba80000)
 ParOldGen       total 74240K, used 54353K [0x00000000c6600000, 0x00000000cae80000, 0x00000000ecc80000)
  object space 74240K, 73% used [0x00000000c6600000,0x00000000c9b14658,0x00000000cae80000)
 PSPermGen       total 27648K, used 13781K [0x00000000bc000000, 0x00000000bdb00000, 0x00000000c6600000)
  object space 27648K, 49% used [0x00000000bc000000,0x00000000bcd757e8,0x00000000bdb00000)
Event: 3.777 GC heap after
Heap after GC invocations=15 (full 1):
 PSYoungGen      total 218624K, used 1855K [0x00000000ecc80000, 0x00000000fb800000, 0x0000000100000000)
  eden space 200192K, 0% used [0x00000000ecc80000,0x00000000ecc80000,0x00000000f9000000)
  from space 18432K, 10% used [0x00000000fa600000,0x00000000fa7cfee8,0x00000000fb800000)
  to   space 20480K, 0% used [0x00000000f9000000,0x00000000f9000000,0x00000000fa400000)
 ParOldGen       total 74240K, used 54369K [0x00000000c6600000, 0x00000000cae80000, 0x00000000ecc80000)
  object space 74240K, 73% used [0x00000000c6600000,0x00000000c9b18658,0x00000000cae80000)
 PSPermGen       total 27648K, used 13781K [0x00000000bc000000, 0x00000000bdb00000, 0x00000000c6600000)
  object space 27648K, 49% used [0x00000000bc000000,0x00000000bcd757e8,0x00000000bdb00000)
}
Event: 3.864 GC heap before
{Heap before GC invocations=16 (full 1):
 PSYoungGen      total 218624K, used 201151K [0x00000000ecc80000, 0x00000000fb800000, 0x0000000100000000)
  eden space 200192K, 99% used [0x00000000ecc80000,0x00000000f8f1fd48,0x00000000f9000000)
  from space 18432K, 10% used [0x00000000fa600000,0x00000000fa7cfee8,0x00000000fb800000)
  to   space 20480K, 0% used [0x00000000f9000000,0x00000000f9000000,0x00000000fa400000)
 ParOldGen       total 74240K, used 54369K [0x00000000c6600000, 0x00000000cae80000, 0x00000000ecc80000)
  object space 74240K, 73% used [0x00000000c6600000,0x00000000c9b18658,0x00000000cae80000)
 PSPermGen       total 27648K, used 13781K [0x00000000bc000000, 0x00000000bdb00000, 0x00000000c6600000)
  object space 27648K, 49% used [0x00000000bc000000,0x00000000bcd757e8,0x00000000bdb00000)
Event: 3.868 GC heap after
Heap after GC invocations=16 (full 1):
 PSYoungGen      total 220672K, used 1348K [0x00000000ecc80000, 0x00000000fed00000, 0x0000000100000000)
  eden space 200192K, 0% used [0x00000000ecc80000,0x00000000ecc80000,0x00000000f9000000)
  from space 20480K, 6% used [0x00000000f9000000,0x00000000f91512f0,0x00000000fa400000)
  to   space 19456K, 0% used [0x00000000fda00000,0x00000000fda00000,0x00000000fed00000)
 ParOldGen       total 74240K, used 54369K [0x00000000c6600000, 0x00000000cae80000, 0x00000000ecc80000)
  object space 74240K, 73% used [0x00000000c6600000,0x00000000c9b18658,0x00000000cae80000)
 PSPermGen       total 27648K, used 13781K [0x00000000bc000000, 0x00000000bdb00000, 0x00000000c6600000)
  object space 27648K, 49% used [0x00000000bc000000,0x00000000bcd757e8,0x00000000bdb00000)
}
Event: 3.932 GC heap before
{Heap before GC invocations=17 (full 1):
 PSYoungGen      total 220672K, used 200207K [0x00000000ecc80000, 0x00000000fed00000, 0x0000000100000000)
  eden space 200192K, 99% used [0x00000000ecc80000,0x00000000f8eb2a00,0x00000000f9000000)
  from space 20480K, 6% used [0x00000000f9000000,0x00000000f91512f0,0x00000000fa400000)
  to   space 19456K, 0% used [0x00000000fda00000,0x00000000fda00000,0x00000000fed00000)
 ParOldGen       total 74240K, used 54369K [0x00000000c6600000, 0x00000000cae80000, 0x00000000ecc80000)
  object space 74240K, 73% used [0x00000000c6600000,0x00000000c9b18658,0x00000000cae80000)
 PSPermGen       total 27648K, used 13781K [0x00000000bc000000, 0x00000000bdb00000, 0x00000000c6600000)
  object space 27648K, 49% used [0x00000000bc000000,0x00000000bcd757e8,0x00000000bdb00000)
Event: 3.935 GC heap after
Heap after GC invocations=17 (full 1):
 PSYoungGen      total 263680K, used 2171K [0x00000000ecc80000, 0x00000000fe600000, 0x0000000100000000)
  eden space 251392K, 0% used [0x00000000ecc80000,0x00000000ecc80000,0x00000000fc200000)
  from space 12288K, 17% used [0x00000000fda00000,0x00000000fdc1eff0,0x00000000fe600000)
  to   space 18432K, 0% used [0x00000000fc200000,0x00000000fc200000,0x00000000fd400000)
 ParOldGen       total 74240K, used 54369K [0x00000000c6600000, 0x00000000cae80000, 0x00000000ecc80000)
  object space 74240K, 73% used [0x00000000c6600000,0x00000000c9b18658,0x00000000cae80000)
 PSPermGen       total 27648K, used 13781K [0x00000000bc000000, 0x00000000bdb00000, 0x00000000c6600000)
  object space 27648K, 49% used [0x00000000bc000000,0x00000000bcd757e8,0x00000000bdb00000)
}
Event: 4.310 GC heap before
{Heap before GC invocations=18 (full 1):
 PSYoungGen      total 263680K, used 253502K [0x00000000ecc80000, 0x00000000fe600000, 0x0000000100000000)
  eden space 251392K, 99% used [0x00000000ecc80000,0x00000000fc1f0ad0,0x00000000fc200000)
  from space 12288K, 17% used [0x00000000fda00000,0x00000000fdc1eff0,0x00000000fe600000)
  to   space 18432K, 0% used [0x00000000fc200000,0x00000000fc200000,0x00000000fd400000)
 ParOldGen       total 74240K, used 55860K [0x00000000c6600000, 0x00000000cae80000, 0x00000000ecc80000)
  object space 74240K, 75% used [0x00000000c6600000,0x00000000c9c8d188,0x00000000cae80000)
 PSPermGen       total 27648K, used 13782K [0x00000000bc000000, 0x00000000bdb00000, 0x00000000c6600000)
  object space 27648K, 49% used [0x00000000bc000000,0x00000000bcd75a40,0x00000000bdb00000)
Event: 5.401 GC heap after
Heap after GC invocations=18 (full 1):
 PSYoungGen      total 269824K, used 905K [0x00000000ecc80000, 0x0000000100000000, 0x0000000100000000)
  eden space 251392K, 0% used [0x00000000ecc80000,0x00000000ecc80000,0x00000000fc200000)
  from space 18432K, 4% used [0x00000000fc200000,0x00000000fc2e25a0,0x00000000fd400000)
  to   space 17920K, 0% used [0x00000000fee80000,0x00000000fee80000,0x0000000100000000)
 ParOldGen       total 74240K, used 55860K [0x00000000c6600000, 0x00000000cae80000, 0x00000000ecc80000)
  object space 74240K, 75% used [0x00000000c6600000,0x00000000c9c8d188,0x00000000cae80000)
 PSPermGen       total 27648K, used 13782K [0x00000000bc000000, 0x00000000bdb00000, 0x00000000c6600000)
  object space 27648K, 49% used [0x00000000bc000000,0x00000000bcd75a40,0x00000000bdb00000)
}

Deoptimization events (10 events):
Event: 3.300 Thread 0x00007f424840f000 Uncommon trap: reason=array_check action=maybe_recompile pc=0x00007f42450bfab4 method=java.util.Arrays.fill([Ljava/lang/Object;IILjava/lang/Object;)V @ 20
Event: 3.300 Thread 0x00007f424840f000 Uncommon trap: reason=array_check action=maybe_recompile pc=0x00007f42450bfab4 method=java.util.Arrays.fill([Ljava/lang/Object;IILjava/lang/Object;)V @ 20
Event: 3.317 Thread 0x00007f424840f000 Uncommon trap: reason=null_check action=make_not_entrant pc=0x00007f42450ae8c8 method=java.io.ObjectInputStream.readClassDesc(Z)Ljava/io/ObjectStreamClass; @ 56
Event: 3.322 Thread 0x00007f424840f000 Uncommon trap: reason=unreached action=reinterpret pc=0x00007f42450be5a8 method=java.lang.reflect.Method.invoke(Ljava/lang/Object;[Ljava/lang/Object;)Ljava/lang/Object; @ 46
Event: 3.322 Thread 0x00007f424840f000 Uncommon trap: reason=bimorphic action=maybe_recompile pc=0x00007f42450b96d4 method=sun.reflect.DelegatingMethodAccessorImpl.invoke(Ljava/lang/Object;[Ljava/lang/Object;)Ljava/lang/Object; @ 6
Event: 3.322 Thread 0x00007f424840f000 Uncommon trap: reason=uninitialized action=reinterpret pc=0x00007f4245097b64 method=java.io.ObjectInputStream$HandleTable.markDependency(II)V @ 110
Event: 3.324 Thread 0x00007f424840f000 Uncommon trap: reason=class_check action=maybe_recompile pc=0x00007f42450b9758 method=sun.reflect.GeneratedMethodAccessor3.invoke(Ljava/lang/Object;[Ljava/lang/Object;)Ljava/lang/Object; @ 13
Event: 3.324 Thread 0x00007f424840f000 Uncommon trap: reason=bimorphic action=maybe_recompile pc=0x00007f42450b96d4 method=sun.reflect.DelegatingMethodAccessorImpl.invoke(Ljava/lang/Object;[Ljava/lang/Object;)Ljava/lang/Object; @ 6
Event: 3.325 Thread 0x00007f424840f000 Uncommon trap: reason=unloaded action=reinterpret pc=0x00007f42450a7928 method=java.io.ObjectInputStream.readObject0(Z)Ljava/lang/Object; @ 425
Event: 3.327 Thread 0x00007f424839a000 Uncommon trap: reason=unreached action=reinterpret pc=0x00007f424509a81c method=java.util.Arrays.copyOf([Ljava/lang/Object;ILjava/lang/Class;)[Ljava/lang/Object; @ 4

Internal exceptions (10 events):
Event: 0.841 Thread 0x00007f424840f000 Threw 0x00000000ed0bcdc8 at /build/buildd/openjdk-7-7u65-2.5.1/build/openjdk/hotspot/src/share/vm/prims/jvm.cpp:1247
Event: 0.846 Thread 0x00007f424840f000 Threw 0x00000000ed0c63c0 at /build/buildd/openjdk-7-7u65-2.5.1/build/openjdk/hotspot/src/share/vm/prims/jvm.cpp:1247
Event: 0.847 Thread 0x00007f424840f000 Threw 0x00000000ed0c8500 at /build/buildd/openjdk-7-7u65-2.5.1/build/openjdk/hotspot/src/share/vm/prims/jvm.cpp:1247
Event: 0.849 Thread 0x00007f424840f000 Threw 0x00000000ed0cd670 at /build/buildd/openjdk-7-7u65-2.5.1/build/openjdk/hotspot/src/share/vm/prims/jvm.cpp:1247
Event: 0.852 Thread 0x00007f424840f000 Threw 0x00000000ed1783c0 at /build/buildd/openjdk-7-7u65-2.5.1/build/openjdk/hotspot/src/share/vm/prims/jni.cpp:1636
Event: 1.088 Thread 0x00007f424839a000 Threw 0x00000000ed3ffc18 at /build/buildd/openjdk-7-7u65-2.5.1/build/openjdk/hotspot/src/share/vm/prims/jni.cpp:747
Event: 2.668 Thread 0x00007f424840f000 Threw 0x00000000ed03d510 at /build/buildd/openjdk-7-7u65-2.5.1/build/openjdk/hotspot/src/share/vm/prims/jni.cpp:1636
Event: 2.691 Thread 0x00007f424839a000 Threw 0x00000000ecd6ddb8 at /build/buildd/openjdk-7-7u65-2.5.1/build/openjdk/hotspot/src/share/vm/prims/jni.cpp:747
Event: 3.317 Thread 0x00007f424840f000 Implicit null exception at 0x00007f42450ae798 to 0x00007f42450ae8bd
Event: 3.322 Thread 0x00007f424840f000 Implicit null exception at 0x00007f42450be33a to 0x00007f42450be599

Events (10 events):
Event: 3.864 Executing VM operation: ParallelGCFailedAllocation
Event: 3.868 Executing VM operation: ParallelGCFailedAllocation done
Event: 3.931 Executing VM operation: ParallelGCFailedAllocation
Event: 3.935 Executing VM operation: ParallelGCFailedAllocation done
Event: 4.104 Executing VM operation: EnableBiasedLocking
Event: 4.111 Executing VM operation: EnableBiasedLocking done
Event: 4.257 Executing VM operation: ParallelGCFailedAllocation
Event: 4.301 Executing VM operation: ParallelGCFailedAllocation done
Event: 4.301 Executing VM operation: ParallelGCSystemGC
Event: 6.003 Executing VM operation: ParallelGCSystemGC done


Dynamic libraries:
00400000-00401000 r-xp 00000000 08:05 427493                             /usr/lib/jvm/java-7-openjdk-amd64/jre/bin/java
00600000-00601000 r--p 00000000 08:05 427493                             /usr/lib/jvm/java-7-openjdk-amd64/jre/bin/java
00601000-00602000 rw-p 00001000 08:05 427493                             /usr/lib/jvm/java-7-openjdk-amd64/jre/bin/java
02571000-02592000 rw-p 00000000 00:00 0                                  [heap]
bc000000-bdb00000 rw-p 00000000 00:00 0 
bdb00000-c6600000 rw-p 00000000 00:00 0 
c6600000-cca80000 rw-p 00000000 00:00 0 
ccc80000-ecc80000 rw-p 00000000 00:00 0 
ecc80000-100000000 rw-p 00000000 00:00 0 
7f41d0000000-7f41d0021000 rw-p 00000000 00:00 0 
7f41d0021000-7f41d4000000 ---p 00000000 00:00 0 
7f41d8000000-7f41d80bc000 rw-p 00000000 00:00 0 
7f41d80bc000-7f41dc000000 ---p 00000000 00:00 0 
7f41dc000000-7f41dc021000 rw-p 00000000 00:00 0 
7f41dc021000-7f41e0000000 ---p 00000000 00:00 0 
7f41e0000000-7f41e0022000 rw-p 00000000 00:00 0 
7f41e0022000-7f41e4000000 ---p 00000000 00:00 0 
7f41e4000000-7f41e4021000 rw-p 00000000 00:00 0 
7f41e4021000-7f41e8000000 ---p 00000000 00:00 0 
7f41e8000000-7f41e8022000 rw-p 00000000 00:00 0 
7f41e8022000-7f41ec000000 ---p 00000000 00:00 0 
7f41eea5f000-7f41eebc0000 rw-p 00000000 00:00 0 
7f41eebc0000-7f41eef69000 rw-s 00000000 00:04 510984286                  /SYSV00000000 (deleted)
7f41eeffe000-7f41eefff000 ---p 00000000 00:00 0 
7f41eefff000-7f41ef7ff000 rw-p 00000000 00:00 0 
7f41ef7ff000-7f41ef800000 ---p 00000000 00:00 0 
7f41ef800000-7f41f0000000 rw-p 00000000 00:00 0 
7f41f0000000-7f41f0022000 rw-p 00000000 00:00 0 
7f41f0022000-7f41f4000000 ---p 00000000 00:00 0 
7f41f4000000-7f41f4021000 rw-p 00000000 00:00 0 
7f41f4021000-7f41f8000000 ---p 00000000 00:00 0 
7f41f8000000-7f41f8021000 rw-p 00000000 00:00 0 
7f41f8021000-7f41fc000000 ---p 00000000 00:00 0 
7f41fc000000-7f41fc021000 rw-p 00000000 00:00 0 
7f41fc021000-7f4200000000 ---p 00000000 00:00 0 
7f4200031000-7f420010a000 rw-p 00000000 00:00 0 
7f420010a000-7f420016a000 rw-s 00000000 00:04 510885979                  /SYSV00000000 (deleted)
7f420016a000-7f42001ea000 rw-s 00000000 00:04 510853210                  /SYSV00000000 (deleted)
7f42001ea000-7f42001ed000 ---p 00000000 00:00 0 
7f42001ed000-7f42002eb000 rw-p 00000000 00:00 0                          [stack:24435]
7f42002eb000-7f42002ee000 ---p 00000000 00:00 0 
7f42002ee000-7f42003ec000 rw-p 00000000 00:00 0                          [stack:24434]
7f42003ec000-7f42003ef000 ---p 00000000 00:00 0 
7f42003ef000-7f42004ed000 rw-p 00000000 00:00 0                          [stack:24433]
7f42004ed000-7f42004f0000 ---p 00000000 00:00 0 
7f42004f0000-7f42005ee000 rw-p 00000000 00:00 0                          [stack:24432]
7f42005ee000-7f42005ef000 ---p 00000000 00:00 0 
7f42005ef000-7f4200def000 rw-p 00000000 00:00 0                          [stack:24428]
7f4200def000-7f4200e48000 r-xp 00000000 08:05 3042208                    /usr/lib/x86_64-linux-gnu/libibus-1.0.so.5.0.505
7f4200e48000-7f4201048000 ---p 00059000 08:05 3042208                    /usr/lib/x86_64-linux-gnu/libibus-1.0.so.5.0.505
7f4201048000-7f420104a000 r--p 00059000 08:05 3042208                    /usr/lib/x86_64-linux-gnu/libibus-1.0.so.5.0.505
7f420104a000-7f420104b000 rw-p 0005b000 08:05 3042208                    /usr/lib/x86_64-linux-gnu/libibus-1.0.so.5.0.505
7f420104b000-7f420104c000 rw-p 00000000 00:00 0 
7f420104c000-7f4201052000 r-xp 00000000 08:05 3166609                    /usr/lib/x86_64-linux-gnu/gtk-2.0/2.10.0/immodules/im-ibus.so
7f4201052000-7f4201252000 ---p 00006000 08:05 3166609                    /usr/lib/x86_64-linux-gnu/gtk-2.0/2.10.0/immodules/im-ibus.so
7f4201252000-7f4201253000 r--p 00006000 08:05 3166609                    /usr/lib/x86_64-linux-gnu/gtk-2.0/2.10.0/immodules/im-ibus.so
7f4201253000-7f4201254000 rw-p 00007000 08:05 3166609                    /usr/lib/x86_64-linux-gnu/gtk-2.0/2.10.0/immodules/im-ibus.so
7f4201254000-7f4201264000 r-xp 00000000 08:05 427273                     /usr/lib/jvm/java-7-openjdk-amd64/jre/lib/amd64/libnio.so
7f4201264000-7f4201464000 ---p 00010000 08:05 427273                     /usr/lib/jvm/java-7-openjdk-amd64/jre/lib/amd64/libnio.so
7f4201464000-7f4201465000 r--p 00010000 08:05 427273                     /usr/lib/jvm/java-7-openjdk-amd64/jre/lib/amd64/libnio.so
7f4201465000-7f4201466000 rw-p 00011000 08:05 427273                     /usr/lib/jvm/java-7-openjdk-amd64/jre/lib/amd64/libnio.so
7f4201466000-7f420147d000 r-xp 00000000 08:05 405713                     /usr/lib/jvm/java-7-openjdk-amd64/jre/lib/amd64/libnet.so
7f420147d000-7f420167c000 ---p 00017000 08:05 405713                     /usr/lib/jvm/java-7-openjdk-amd64/jre/lib/amd64/libnet.so
7f420167c000-7f420167d000 r--p 00016000 08:05 405713                     /usr/lib/jvm/java-7-openjdk-amd64/jre/lib/amd64/libnet.so
7f420167d000-7f420167e000 rw-p 00017000 08:05 405713                     /usr/lib/jvm/java-7-openjdk-amd64/jre/lib/amd64/libnet.so
7f420167e000-7f42016cf000 r-xp 00000000 08:05 427262                     /usr/lib/jvm/java-7-openjdk-amd64/jre/lib/amd64/libfontmanager.so
7f42016cf000-7f42018ce000 ---p 00051000 08:05 427262                     /usr/lib/jvm/java-7-openjdk-amd64/jre/lib/amd64/libfontmanager.so
7f42018ce000-7f42018d1000 r--p 00050000 08:05 427262                     /usr/lib/jvm/java-7-openjdk-amd64/jre/lib/amd64/libfontmanager.so
7f42018d1000-7f42018d2000 rw-p 00053000 08:05 427262                     /usr/lib/jvm/java-7-openjdk-amd64/jre/lib/amd64/libfontmanager.so
7f42018d2000-7f4201901000 r-xp 00000000 08:05 3150794                    /usr/lib/x86_64-linux-gnu/gtk-2.0/2.10.0/engines/libmurrine.so
7f4201901000-7f4201b01000 ---p 0002f000 08:05 3150794                    /usr/lib/x86_64-linux-gnu/gtk-2.0/2.10.0/engines/libmurrine.so
7f4201b01000-7f4201b02000 r--p 0002f000 08:05 3150794                    /usr/lib/x86_64-linux-gnu/gtk-2.0/2.10.0/engines/libmurrine.so
7f4201b02000-7f4201b03000 rw-p 00030000 08:05 3150794                    /usr/lib/x86_64-linux-gnu/gtk-2.0/2.10.0/engines/libmurrine.so
7f4201b03000-7f4201b04000 ---p 00000000 00:00 0 
7f4201b04000-7f4202304000 rw-p 00000000 00:00 0                          [stack:24426]
7f4202304000-7f4202305000 ---p 00000000 00:00 0 
7f4202305000-7f4202b05000 rw-p 00000000 00:00 0                          [stack:24425]
7f4202b05000-7f4202b1e000 r-xp 00000000 08:05 3150571                    /usr/lib/x86_64-linux-gnu/gio/modules/libgioremote-volume-monitor.so
7f4202b1e000-7f4202d1e000 ---p 00019000 08:05 3150571                    /usr/lib/x86_64-linux-gnu/gio/modules/libgioremote-volume-monitor.so
7f4202d1e000-7f4202d21000 r--p 00019000 08:05 3150571                    /usr/lib/x86_64-linux-gnu/gio/modules/libgioremote-volume-monitor.so
7f4202d21000-7f4202d22000 rw-p 0001c000 08:05 3150571                    /usr/lib/x86_64-linux-gnu/gio/modules/libgioremote-volume-monitor.so
7f4202d22000-7f4202d2d000 r-xp 00000000 08:05 3150567                    /usr/lib/x86_64-linux-gnu/gio/modules/libdconfsettings.so
7f4202d2d000-7f4202f2d000 ---p 0000b000 08:05 3150567                    /usr/lib/x86_64-linux-gnu/gio/modules/libdconfsettings.so
7f4202f2d000-7f4202f2e000 r--p 0000b000 08:05 3150567                    /usr/lib/x86_64-linux-gnu/gio/modules/libdconfsettings.so
7f4202f2e000-7f4202f2f000 rw-p 0000c000 08:05 3150567                    /usr/lib/x86_64-linux-gnu/gio/modules/libdconfsettings.so
7f4202f2f000-7f4202f37000 r-xp 00000000 08:05 2625612                    /lib/x86_64-linux-gnu/libnih-dbus.so.1.0.0
7f4202f37000-7f4203137000 ---p 00008000 08:05 2625612                    /lib/x86_64-linux-gnu/libnih-dbus.so.1.0.0
7f4203137000-7f4203138000 r--p 00008000 08:05 2625612                    /lib/x86_64-linux-gnu/libnih-dbus.so.1.0.0
7f4203138000-7f4203139000 rw-p 00009000 08:05 2625612                    /lib/x86_64-linux-gnu/libnih-dbus.so.1.0.0
7f4203139000-7f4203150000 r-xp 00000000 08:05 2625614                    /lib/x86_64-linux-gnu/libnih.so.1.0.0
7f4203150000-7f420334f000 ---p 00017000 08:05 2625614                    /lib/x86_64-linux-gnu/libnih.so.1.0.0
7f420334f000-7f4203350000 r--p 00016000 08:05 2625614                    /lib/x86_64-linux-gnu/libnih.so.1.0.0
7f4203350000-7f4203351000 rw-p 00017000 08:05 2625614                    /lib/x86_64-linux-gnu/libnih.so.1.0.0
7f4203351000-7f420336a000 r-xp 00000000 08:05 2621539                    /lib/x86_64-linux-gnu/libcgmanager.so.0.0.0
7f420336a000-7f4203569000 ---p 00019000 08:05 2621539                    /lib/x86_64-linux-gnu/libcgmanager.so.0.0.0
7f4203569000-7f420356b000 r--p 00018000 08:05 2621539                    /lib/x86_64-linux-gnu/libcgmanager.so.0.0.0
7f420356b000-7f420356c000 rw-p 0001a000 08:05 2621539                    /lib/x86_64-linux-gnu/libcgmanager.so.0.0.0
7f420356c000-7f420357c000 r-xp 00000000 08:05 2622639                    /lib/x86_64-linux-gnu/libudev.so.1.3.5
7f420357c000-7f420377b000 ---p 00010000 08:05 2622639                    /lib/x86_64-linux-gnu/libudev.so.1.3.5
7f420377b000-7f420377c000 r--p 0000f000 08:05 2622639                    /lib/x86_64-linux-gnu/libudev.so.1.3.5
7f420377c000-7f420377d000 rw-p 00010000 08:05 2622639                    /lib/x86_64-linux-gnu/libudev.so.1.3.5
7f420377d000-7f42037b1000 r-xp 00000000 08:05 3150853                    /usr/lib/x86_64-linux-gnu/gvfs/libgvfscommon.so
7f42037b1000-7f42039b1000 ---p 00034000 08:05 3150853                    /usr/lib/x86_64-linux-gnu/gvfs/libgvfscommon.so
7f42039b1000-7f42039b6000 r--p 00034000 08:05 3150853                    /usr/lib/x86_64-linux-gnu/gvfs/libgvfscommon.so
7f42039b6000-7f42039b7000 rw-p 00039000 08:05 3150853                    /usr/lib/x86_64-linux-gnu/gvfs/libgvfscommon.so
7f42039b7000-7f42039e6000 r-xp 00000000 08:05 3150572                    /usr/lib/x86_64-linux-gnu/gio/modules/libgvfsdbus.so
7f42039e6000-7f4203be6000 ---p 0002f000 08:05 3150572                    /usr/lib/x86_64-linux-gnu/gio/modules/libgvfsdbus.so
7f4203be6000-7f4203be7000 r--p 0002f000 08:05 3150572                    /usr/lib/x86_64-linux-gnu/gio/modules/libgvfsdbus.so
7f4203be7000-7f4203be8000 rw-p 00030000 08:05 3150572                    /usr/lib/x86_64-linux-gnu/gio/modules/libgvfsdbus.so
7f4203be8000-7f4203be9000 rw-p 00000000 00:00 0 
7f4203be9000-7f4203bf9000 r-xp 00000000 08:05 3042300                    /usr/lib/x86_64-linux-gnu/libunity-gtk2-parser.so.0.0.0
7f4203bf9000-7f4203df8000 ---p 00010000 08:05 3042300                    /usr/lib/x86_64-linux-gnu/libunity-gtk2-parser.so.0.0.0
7f4203df8000-7f4203df9000 r--p 0000f000 08:05 3042300                    /usr/lib/x86_64-linux-gnu/libunity-gtk2-parser.so.0.0.0
7f4203df9000-7f4203dfa000 rw-p 00010000 08:05 3042300                    /usr/lib/x86_64-linux-gnu/libunity-gtk2-parser.so.0.0.0
7f4203dfa000-7f4203dff000 r-xp 00000000 08:05 3165346                    /usr/lib/x86_64-linux-gnu/gtk-2.0/modules/libunity-gtk-module.so
7f4203dff000-7f4203ffe000 ---p 00005000 08:05 3165346                    /usr/lib/x86_64-linux-gnu/gtk-2.0/modules/libunity-gtk-module.so
7f4203ffe000-7f4203fff000 r--p 00004000 08:05 3165346                    /usr/lib/x86_64-linux-gnu/gtk-2.0/modules/libunity-gtk-module.so
7f4203fff000-7f4204000000 rw-p 00005000 08:05 3165346                    /usr/lib/x86_64-linux-gnu/gtk-2.0/modules/libunity-gtk-module.so
7f4204000000-7f4204021000 rw-p 00000000 00:00 0 
7f4204021000-7f4208000000 ---p 00000000 00:00 0 
7f4208002000-7f42080cb000 rw-s 00000000 00:04 510820441                  /SYSV00000000 (deleted)
7f42080cb000-7f4208181000 r--p 00000000 08:05 264003                     /usr/share/fonts/truetype/dejavu/DejaVuSans.ttf
7f4208181000-7f420819b000 r-xp 00000000 08:05 3022019                    /usr/lib/x86_64-linux-gnu/libgraphite2.so.3.0.1
7f420819b000-7f420839a000 ---p 0001a000 08:05 3022019                    /usr/lib/x86_64-linux-gnu/libgraphite2.so.3.0.1
7f420839a000-7f420839c000 r--p 00019000 08:05 3022019                    /usr/lib/x86_64-linux-gnu/libgraphite2.so.3.0.1
7f420839c000-7f420839d000 rw-p 0001b000 08:05 3022019                    /usr/lib/x86_64-linux-gnu/libgraphite2.so.3.0.1
7f420839d000-7f42083a3000 r-xp 00000000 08:05 3021839                    /usr/lib/x86_64-linux-gnu/libdatrie.so.1.3.1
7f42083a3000-7f42085a2000 ---p 00006000 08:05 3021839                    /usr/lib/x86_64-linux-gnu/libdatrie.so.1.3.1
7f42085a2000-7f42085a3000 r--p 00005000 08:05 3021839                    /usr/lib/x86_64-linux-gnu/libdatrie.so.1.3.1
7f42085a3000-7f42085a4000 rw-p 00006000 08:05 3021839                    /usr/lib/x86_64-linux-gnu/libdatrie.so.1.3.1
7f42085a4000-7f42085f7000 r-xp 00000000 08:05 3015597                    /usr/lib/x86_64-linux-gnu/libharfbuzz.so.0.927.0
7f42085f7000-7f42087f7000 ---p 00053000 08:05 3015597                    /usr/lib/x86_64-linux-gnu/libharfbuzz.so.0.927.0
7f42087f7000-7f42087f8000 r--p 00053000 08:05 3015597                    /usr/lib/x86_64-linux-gnu/libharfbuzz.so.0.927.0
7f42087f8000-7f42087f9000 rw-p 00054000 08:05 3015597                    /usr/lib/x86_64-linux-gnu/libharfbuzz.so.0.927.0
7f42087f9000-7f4208801000 r-xp 00000000 08:05 3022594                    /usr/lib/x86_64-linux-gnu/libxcb-render.so.0.0.0
7f4208801000-7f4208a00000 ---p 00008000 08:05 3022594                    /usr/lib/x86_64-linux-gnu/libxcb-render.so.0.0.0
7f4208a00000-7f4208a01000 r--p 00007000 08:05 3022594                    /usr/lib/x86_64-linux-gnu/libxcb-render.so.0.0.0
7f4208a01000-7f4208a02000 rw-p 00008000 08:05 3022594                    /usr/lib/x86_64-linux-gnu/libxcb-render.so.0.0.0
7f4208a02000-7f4208a04000 r-xp 00000000 08:05 3022598                    /usr/lib/x86_64-linux-gnu/libxcb-shm.so.0.0.0
7f4208a04000-7f4208c03000 ---p 00002000 08:05 3022598                    /usr/lib/x86_64-linux-gnu/libxcb-shm.so.0.0.0
7f4208c03000-7f4208c04000 r--p 00001000 08:05 3022598                    /usr/lib/x86_64-linux-gnu/libxcb-shm.so.0.0.0
7f4208c04000-7f4208c05000 rw-p 00002000 08:05 3022598                    /usr/lib/x86_64-linux-gnu/libxcb-shm.so.0.0.0
7f4208c05000-7f4208ca6000 r-xp 00000000 08:05 3022339                    /usr/lib/x86_64-linux-gnu/libpixman-1.so.0.30.2
7f4208ca6000-7f4208ea6000 ---p 000a1000 08:05 3022339                    /usr/lib/x86_64-linux-gnu/libpixman-1.so.0.30.2
7f4208ea6000-7f4208ead000 r--p 000a1000 08:05 3022339                    /usr/lib/x86_64-linux-gnu/libpixman-1.so.0.30.2
7f4208ead000-7f4208eae000 rw-p 000a8000 08:05 3022339                    /usr/lib/x86_64-linux-gnu/libpixman-1.so.0.30.2
7f4208eae000-7f4208eb6000 r-xp 00000000 08:05 3022489                    /usr/lib/x86_64-linux-gnu/libthai.so.0.2.0
7f4208eb6000-7f42090b5000 ---p 00008000 08:05 3022489                    /usr/lib/x86_64-linux-gnu/libthai.so.0.2.0
7f42090b5000-7f42090b6000 r--p 00007000 08:05 3022489                    /usr/lib/x86_64-linux-gnu/libthai.so.0.2.0
7f42090b6000-7f42090b7000 rw-p 00008000 08:05 3022489                    /usr/lib/x86_64-linux-gnu/libthai.so.0.2.0
7f42090b7000-7f42090b9000 r-xp 00000000 08:05 3021661                    /usr/lib/x86_64-linux-gnu/libXdamage.so.1.1.0
7f42090b9000-7f42092b8000 ---p 00002000 08:05 3021661                    /usr/lib/x86_64-linux-gnu/libXdamage.so.1.1.0
7f42092b8000-7f42092b9000 r--p 00001000 08:05 3021661                    /usr/lib/x86_64-linux-gnu/libXdamage.so.1.1.0
7f42092b9000-7f42092ba000 rw-p 00002000 08:05 3021661                    /usr/lib/x86_64-linux-gnu/libXdamage.so.1.1.0
7f42092ba000-7f42092bc000 r-xp 00000000 08:05 3021657                    /usr/lib/x86_64-linux-gnu/libXcomposite.so.1.0.0
7f42092bc000-7f42094bb000 ---p 00002000 08:05 3021657                    /usr/lib/x86_64-linux-gnu/libXcomposite.so.1.0.0
7f42094bb000-7f42094bc000 r--p 00001000 08:05 3021657                    /usr/lib/x86_64-linux-gnu/libXcomposite.so.1.0.0
7f42094bc000-7f42094bd000 rw-p 00002000 08:05 3021657                    /usr/lib/x86_64-linux-gnu/libXcomposite.so.1.0.0
7f42094bd000-7f42094c6000 r-xp 00000000 08:05 3021685                    /usr/lib/x86_64-linux-gnu/libXrandr.so.2.2.0
7f42094c6000-7f42096c5000 ---p 00009000 08:05 3021685                    /usr/lib/x86_64-linux-gnu/libXrandr.so.2.2.0
7f42096c5000-7f42096c6000 r--p 00008000 08:05 3021685                    /usr/lib/x86_64-linux-gnu/libXrandr.so.2.2.0
7f42096c6000-7f42096c7000 rw-p 00009000 08:05 3021685                    /usr/lib/x86_64-linux-gnu/libXrandr.so.2.2.0
7f42096c7000-7f42096c9000 r-xp 00000000 08:05 3021675                    /usr/lib/x86_64-linux-gnu/libXinerama.so.1.0.0
7f42096c9000-7f42098c8000 ---p 00002000 08:05 3021675                    /usr/lib/x86_64-linux-gnu/libXinerama.so.1.0.0
7f42098c8000-7f42098c9000 r--p 00001000 08:05 3021675                    /usr/lib/x86_64-linux-gnu/libXinerama.so.1.0.0
7f42098c9000-7f42098ca000 rw-p 00002000 08:05 3021675                    /usr/lib/x86_64-linux-gnu/libXinerama.so.1.0.0
7f42098ca000-7f42098de000 r-xp 00000000 08:05 3018982                    /usr/lib/x86_64-linux-gnu/libpangoft2-1.0.so.0.3600.3
7f42098de000-7f4209add000 ---p 00014000 08:05 3018982                    /usr/lib/x86_64-linux-gnu/libpangoft2-1.0.so.0.3600.3
7f4209add000-7f4209ade000 r--p 00013000 08:05 3018982                    /usr/lib/x86_64-linux-gnu/libpangoft2-1.0.so.0.3600.3
7f4209ade000-7f4209adf000 rw-p 00014000 08:05 3018982                    /usr/lib/x86_64-linux-gnu/libpangoft2-1.0.so.0.3600.3
7f4209adf000-7f4209be5000 r-xp 00000000 08:05 3021778                    /usr/lib/x86_64-linux-gnu/libcairo.so.2.11301.0
7f4209be5000-7f4209de4000 ---p 00106000 08:05 3021778                    /usr/lib/x86_64-linux-gnu/libcairo.so.2.11301.0
7f4209de4000-7f4209de7000 r--p 00105000 08:05 3021778                    /usr/lib/x86_64-linux-gnu/libcairo.so.2.11301.0
7f4209de7000-7f4209de8000 rw-p 00108000 08:05 3021778                    /usr/lib/x86_64-linux-gnu/libcairo.so.2.11301.0
7f4209de8000-7f4209dea000 rw-p 00000000 00:00 0 
7f4209dea000-7f4209e09000 r-xp 00000000 08:05 3021739                    /usr/lib/x86_64-linux-gnu/libatk-1.0.so.0.21009.1
7f4209e09000-7f420a009000 ---p 0001f000 08:05 3021739                    /usr/lib/x86_64-linux-gnu/libatk-1.0.so.0.21009.1
7f420a009000-7f420a00b000 r--p 0001f000 08:05 3021739                    /usr/lib/x86_64-linux-gnu/libatk-1.0.so.0.21009.1
7f420a00b000-7f420a00c000 rw-p 00021000 08:05 3021739                    /usr/lib/x86_64-linux-gnu/libatk-1.0.so.0.21009.1
7f420a00c000-7f420a017000 r-xp 00000000 08:05 3017469                    /usr/lib/x86_64-linux-gnu/libpangocairo-1.0.so.0.3600.3
7f420a017000-7f420a217000 ---p 0000b000 08:05 3017469                    /usr/lib/x86_64-linux-gnu/libpangocairo-1.0.so.0.3600.3
7f420a217000-7f420a218000 r--p 0000b000 08:05 3017469                    /usr/lib/x86_64-linux-gnu/libpangocairo-1.0.so.0.3600.3
7f420a218000-7f420a219000 rw-p 0000c000 08:05 3017469                    /usr/lib/x86_64-linux-gnu/libpangocairo-1.0.so.0.3600.3
7f420a219000-7f420a21a000 r-xp 00000000 08:05 3022109                    /usr/lib/x86_64-linux-gnu/libgthread-2.0.so.0.4000.0
7f420a21a000-7f420a419000 ---p 00001000 08:05 3022109                    /usr/lib/x86_64-linux-gnu/libgthread-2.0.so.0.4000.0
7f420a419000-7f420a41a000 r--p 00000000 08:05 3022109                    /usr/lib/x86_64-linux-gnu/libgthread-2.0.so.0.4000.0
7f420a41a000-7f420a41b000 rw-p 00001000 08:05 3022109                    /usr/lib/x86_64-linux-gnu/libgthread-2.0.so.0.4000.0
7f420a41b000-7f420a465000 r-xp 00000000 08:05 3018978                    /usr/lib/x86_64-linux-gnu/libpango-1.0.so.0.3600.3
7f420a465000-7f420a665000 ---p 0004a000 08:05 3018978                    /usr/lib/x86_64-linux-gnu/libpango-1.0.so.0.3600.3
7f420a665000-7f420a667000 r--p 0004a000 08:05 3018978                    /usr/lib/x86_64-linux-gnu/libpango-1.0.so.0.3600.3
7f420a667000-7f420a668000 rw-p 0004c000 08:05 3018978                    /usr/lib/x86_64-linux-gnu/libpango-1.0.so.0.3600.3
7f420a668000-7f420a687000 r-xp 00000000 08:05 3021961                    /usr/lib/x86_64-linux-gnu/libgdk_pixbuf-2.0.so.0.3000.7
7f420a687000-7f420a887000 ---p 0001f000 08:05 3021961                    /usr/lib/x86_64-linux-gnu/libgdk_pixbuf-2.0.so.0.3000.7
7f420a887000-7f420a888000 r--p 0001f000 08:05 3021961                    /usr/lib/x86_64-linux-gnu/libgdk_pixbuf-2.0.so.0.3000.7
7f420a888000-7f420a889000 rw-p 00020000 08:05 3021961                    /usr/lib/x86_64-linux-gnu/libgdk_pixbuf-2.0.so.0.3000.7
7f420a889000-7f420a936000 r-xp 00000000 08:05 3022034                    /usr/lib/x86_64-linux-gnu/libgdk-x11-2.0.so.0.2400.23
7f420a936000-7f420ab35000 ---p 000ad000 08:05 3022034                    /usr/lib/x86_64-linux-gnu/libgdk-x11-2.0.so.0.2400.23
7f420ab35000-7f420ab39000 r--p 000ac000 08:05 3022034                    /usr/lib/x86_64-linux-gnu/libgdk-x11-2.0.so.0.2400.23
7f420ab39000-7f420ab3b000 rw-p 000b0000 08:05 3022034                    /usr/lib/x86_64-linux-gnu/libgdk-x11-2.0.so.0.2400.23
7f420ab3b000-7f420af6a000 r-xp 00000000 08:05 3015098                    /usr/lib/x86_64-linux-gnu/libgtk-x11-2.0.so.0.2400.23
7f420af6a000-7f420b169000 ---p 0042f000 08:05 3015098                    /usr/lib/x86_64-linux-gnu/libgtk-x11-2.0.so.0.2400.23
7f420b169000-7f420b170000 r--p 0042e000 08:05 3015098                    /usr/lib/x86_64-linux-gnu/libgtk-x11-2.0.so.0.2400.23
7f420b170000-7f420b174000 rw-p 00435000 08:05 3015098                    /usr/lib/x86_64-linux-gnu/libgtk-x11-2.0.so.0.2400.23
7f420b174000-7f420b177000 rw-p 00000000 00:00 0 
7f420b177000-7f420b182000 r-xp 00000000 08:05 427245                     /usr/lib/jvm/java-7-openjdk-amd64/jre/lib/amd64/libjavagtk.so
7f420b182000-7f420b381000 ---p 0000b000 08:05 427245                     /usr/lib/jvm/java-7-openjdk-amd64/jre/lib/amd64/libjavagtk.so
7f420b381000-7f420b382000 r--p 0000a000 08:05 427245                     /usr/lib/jvm/java-7-openjdk-amd64/jre/lib/amd64/libjavagtk.so
7f420b382000-7f420b383000 rw-p 0000b000 08:05 427245                     /usr/lib/jvm/java-7-openjdk-amd64/jre/lib/amd64/libjavagtk.so
7f420b383000-7f420b388000 r-xp 00000000 08:05 3021667                    /usr/lib/x86_64-linux-gnu/libXfixes.so.3.1.0
7f420b388000-7f420b587000 ---p 00005000 08:05 3021667                    /usr/lib/x86_64-linux-gnu/libXfixes.so.3.1.0
7f420b587000-7f420b588000 r--p 00004000 08:05 3021667                    /usr/lib/x86_64-linux-gnu/libXfixes.so.3.1.0
7f420b588000-7f420b589000 rw-p 00005000 08:05 3021667                    /usr/lib/x86_64-linux-gnu/libXfixes.so.3.1.0
7f420b589000-7f420b592000 r-xp 00000000 08:05 3021659                    /usr/lib/x86_64-linux-gnu/libXcursor.so.1.0.2
7f420b592000-7f420b791000 ---p 00009000 08:05 3021659                    /usr/lib/x86_64-linux-gnu/libXcursor.so.1.0.2
7f420b791000-7f420b792000 r--p 00008000 08:05 3021659                    /usr/lib/x86_64-linux-gnu/libXcursor.so.1.0.2
7f420b792000-7f420b793000 rw-p 00009000 08:05 3021659                    /usr/lib/x86_64-linux-gnu/libXcursor.so.1.0.2
7f420b793000-7f420b797000 r-xp 00000000 08:05 2625583                    /lib/x86_64-linux-gnu/libgpg-error.so.0.10.0
7f420b797000-7f420b996000 ---p 00004000 08:05 2625583                    /lib/x86_64-linux-gnu/libgpg-error.so.0.10.0
7f420b996000-7f420b997000 r--p 00003000 08:05 2625583                    /lib/x86_64-linux-gnu/libgpg-error.so.0.10.0
7f420b997000-7f420b998000 rw-p 00004000 08:05 2625583                    /lib/x86_64-linux-gnu/libgpg-error.so.0.10.0
7f420b998000-7f420b99a000 r-xp 00000000 08:05 2625593                    /lib/x86_64-linux-gnu/libkeyutils.so.1.4
7f420b99a000-7f420bb9a000 ---p 00002000 08:05 2625593                    /lib/x86_64-linux-gnu/libkeyutils.so.1.4
7f420bb9a000-7f420bb9b000 r--p 00002000 08:05 2625593                    /lib/x86_64-linux-gnu/libkeyutils.so.1.4
7f420bb9b000-7f420bb9c000 rw-p 00003000 08:05 2625593                    /lib/x86_64-linux-gnu/libkeyutils.so.1.4
7f420bb9c000-7f420bbd9000 r-xp 00000000 08:05 2625653                    /lib/x86_64-linux-gnu/libpcre.so.3.13.1
7f420bbd9000-7f420bdd8000 ---p 0003d000 08:05 2625653                    /lib/x86_64-linux-gnu/libpcre.so.3.13.1
7f420bdd8000-7f420bdd9000 r--p 0003c000 08:05 2625653                    /lib/x86_64-linux-gnu/libpcre.so.3.13.1
7f420bdd9000-7f420bdda000 rw-p 0003d000 08:05 2625653                    /lib/x86_64-linux-gnu/libpcre.so.3.13.1
7f420bdda000-7f420bdff000 r-xp 00000000 08:05 2625665                    /lib/x86_64-linux-gnu/libpng12.so.0.50.0
7f420bdff000-7f420bffe000 ---p 00025000 08:05 2625665                    /lib/x86_64-linux-gnu/libpng12.so.0.50.0
7f420bffe000-7f420bfff000 r--p 00024000 08:05 2625665                    /lib/x86_64-linux-gnu/libpng12.so.0.50.0
7f420bfff000-7f420c000000 rw-p 00025000 08:05 2625665                    /lib/x86_64-linux-gnu/libpng12.so.0.50.0
7f420c000000-7f420c021000 rw-p 00000000 00:00 0 
7f420c021000-7f4210000000 ---p 00000000 00:00 0 
7f4210000000-7f4210021000 rw-p 00000000 00:00 0 
7f4210021000-7f4214000000 ---p 00000000 00:00 0 
7f4214000000-7f42144dc000 rw-p 00000000 00:00 0 
7f42144dc000-7f4218000000 ---p 00000000 00:00 0 
7f4218000000-7f42183db000 rw-p 00000000 00:00 0 
7f42183db000-7f421c000000 ---p 00000000 00:00 0 
7f421c000000-7f421c021000 rw-p 00000000 00:00 0 
7f421c021000-7f4220000000 ---p 00000000 00:00 0 
7f4220000000-7f4220021000 rw-p 00000000 00:00 0 
7f4220021000-7f4224000000 ---p 00000000 00:00 0 
7f4224000000-7f4224021000 rw-p 00000000 00:00 0 
7f4224021000-7f4228000000 ---p 00000000 00:00 0 
7f4228000000-7f4228021000 rw-p 00000000 00:00 0 
7f4228021000-7f422c000000 ---p 00000000 00:00 0 
7f422c000000-7f422c021000 rw-p 00000000 00:00 0 
7f422c021000-7f4230000000 ---p 00000000 00:00 0 
7f4230025000-7f4230026000 rw-p 00000000 00:00 0 
7f4230026000-7f4230039000 rw-s 00000000 00:04 511017055                  /SYSV00000000 (deleted)
7f4230039000-7f423003c000 rw-s 00000000 00:04 510951517                  /SYSV00000000 (deleted)
7f423003c000-7f423003f000 rw-s 00000000 00:04 510918748                  /SYSV00000000 (deleted)
7f423003f000-7f4230040000 r--p 00000000 08:05 135478                     /usr/share/locale-langpack/en_AU/LC_MESSAGES/gdk-pixbuf.mo
7f4230040000-7f4230045000 r--s 0004c000 08:05 427281                     /usr/lib/jvm/java-7-openjdk-amd64/jre/lib/jsse.jar
7f4230045000-7f4230046000 r--s 00000000 08:05 1191350                    /var/cache/fontconfig/c05880de57d1f5e948fdfacc138775d9-le64.cache-4
7f4230046000-7f4230051000 r--s 00000000 08:05 1180320                    /var/cache/fontconfig/945677eb7aeaf62f1d50efc3fb3ec7d8-le64.cache-4
7f4230051000-7f4230057000 r--s 00000000 08:05 1180318                    /var/cache/fontconfig/2cd17615ca594fa2959ae173292e504c-le64.cache-4
7f4230057000-7f4230058000 r--s 00000000 08:05 1180257                    /var/cache/fontconfig/e7071f4a29fa870f4323321c154eba04-le64.cache-4
7f4230058000-7f4230059000 r--s 00000000 08:05 1180255                    /var/cache/fontconfig/0d8c3b2ac0904cb8a57a757ad11a4a08-le64.cache-4
7f4230059000-7f4230060000 r--s 00000000 08:05 1180254                    /var/cache/fontconfig/a755afe4a08bf5b97852ceb7400b47bc-le64.cache-4
7f4230060000-7f4230064000 r--s 00000000 08:05 1191346                    /var/cache/fontconfig/6d41288fd70b0be22e8c3a91e032eec0-le64.cache-4
7f4230064000-7f4230078000 r--s 00000000 08:05 1180253                    /var/cache/fontconfig/04aabc0a78ac019cf9454389977116d2-le64.cache-4
7f4230078000-7f4230079000 r--s 00000000 08:05 1180252                    /var/cache/fontconfig/1ac9eb803944fde146138c791f5cc56a-le64.cache-4
7f4230079000-7f423007d000 r--s 00000000 08:05 1180251                    /var/cache/fontconfig/385c0604a188198f04d133e54aba7fe7-le64.cache-4
7f423007d000-7f423007e000 r--s 00000000 08:05 1180250                    /var/cache/fontconfig/dc05db6664285cc2f12bf69c139ae4c3-le64.cache-4
7f423007e000-7f4230080000 r--s 00000000 08:05 1180176                    /var/cache/fontconfig/767a8244fc0220cfb567a839d0392e0b-le64.cache-4
7f4230080000-7f4230085000 r--s 00000000 08:05 1180248                    /var/cache/fontconfig/8801497958630a81b71ace7c5f9b32a8-le64.cache-4
7f4230085000-7f423008c000 r--s 00000000 08:05 1180237                    /var/cache/fontconfig/3047814df9a2f067bd2d96a2b9c36e5a-le64.cache-4
7f423008c000-7f423009f000 r--s 00000000 08:05 1180228                    /var/cache/fontconfig/d52a8644073d54c13679302ca1180695-le64.cache-4
7f423009f000-7f42300ef000 r--p 00000000 08:05 3304345                    /usr/share/glib-2.0/schemas/gschemas.compiled
7f42300ef000-7f42300f2000 ---p 00000000 00:00 0 
7f42300f2000-7f42301f0000 rw-p 00000000 00:00 0                          [stack:24424]
7f42301f0000-7f4230234000 r-xp 00000000 08:05 2621535                    /lib/x86_64-linux-gnu/libdbus-1.so.3.7.6
7f4230234000-7f4230433000 ---p 00044000 08:05 2621535                    /lib/x86_64-linux-gnu/libdbus-1.so.3.7.6
7f4230433000-7f4230434000 r--p 00043000 08:05 2621535                    /lib/x86_64-linux-gnu/libdbus-1.so.3.7.6
7f4230434000-7f4230435000 rw-p 00044000 08:05 2621535                    /lib/x86_64-linux-gnu/libdbus-1.so.3.7.6
7f4230435000-7f4230470000 r-xp 00000000 08:05 3022308                    /usr/lib/x86_64-linux-gnu/libp11-kit.so.0.0.0
7f4230470000-7f423066f000 ---p 0003b000 08:05 3022308                    /usr/lib/x86_64-linux-gnu/libp11-kit.so.0.0.0
7f423066f000-7f4230675000 r--p 0003a000 08:05 3022308                    /usr/lib/x86_64-linux-gnu/libp11-kit.so.0.0.0
7f4230675000-7f4230677000 rw-p 00040000 08:05 3022308                    /usr/lib/x86_64-linux-gnu/libp11-kit.so.0.0.0
7f4230677000-7f4230689000 r-xp 00000000 08:05 3015545                    /usr/lib/x86_64-linux-gnu/libtasn1.so.6.2.0
7f4230689000-7f4230889000 ---p 00012000 08:05 3015545                    /usr/lib/x86_64-linux-gnu/libtasn1.so.6.2.0
7f4230889000-7f423088a000 r--p 00012000 08:05 3015545                    /usr/lib/x86_64-linux-gnu/libtasn1.so.6.2.0
7f423088a000-7f423088b000 rw-p 00013000 08:05 3015545                    /usr/lib/x86_64-linux-gnu/libtasn1.so.6.2.0
7f423088b000-7f4230907000 r-xp 00000000 08:05 2622651                    /lib/x86_64-linux-gnu/libgcrypt.so.11.8.2
7f4230907000-7f4230b06000 ---p 0007c000 08:05 2622651                    /lib/x86_64-linux-gnu/libgcrypt.so.11.8.2
7f4230b06000-7f4230b07000 r--p 0007b000 08:05 2622651                    /lib/x86_64-linux-gnu/libgcrypt.so.11.8.2
7f4230b07000-7f4230b0a000 rw-p 0007c000 08:05 2622651                    /lib/x86_64-linux-gnu/libgcrypt.so.11.8.2
7f4230b0a000-7f4230b14000 r-xp 00000000 08:05 3015424                    /usr/lib/x86_64-linux-gnu/libkrb5support.so.0.1
7f4230b14000-7f4230d13000 ---p 0000a000 08:05 3015424                    /usr/lib/x86_64-linux-gnu/libkrb5support.so.0.1
7f4230d13000-7f4230d14000 r--p 00009000 08:05 3015424                    /usr/lib/x86_64-linux-gnu/libkrb5support.so.0.1
7f4230d14000-7f4230d15000 rw-p 0000a000 08:05 3015424                    /usr/lib/x86_64-linux-gnu/libkrb5support.so.0.1
7f4230d15000-7f4230d18000 r-xp 00000000 08:05 2625559                    /lib/x86_64-linux-gnu/libcom_err.so.2.1
7f4230d18000-7f4230f17000 ---p 00003000 08:05 2625559                    /lib/x86_64-linux-gnu/libcom_err.so.2.1
7f4230f17000-7f4230f18000 r--p 00002000 08:05 2625559                    /lib/x86_64-linux-gnu/libcom_err.so.2.1
7f4230f18000-7f4230f19000 rw-p 00003000 08:05 2625559                    /lib/x86_64-linux-gnu/libcom_err.so.2.1
7f4230f19000-7f4230f45000 r-xp 00000000 08:05 3015040                    /usr/lib/x86_64-linux-gnu/libk5crypto.so.3.1
7f4230f45000-7f4231144000 ---p 0002c000 08:05 3015040                    /usr/lib/x86_64-linux-gnu/libk5crypto.so.3.1
7f4231144000-7f4231146000 r--p 0002b000 08:05 3015040                    /usr/lib/x86_64-linux-gnu/libk5crypto.so.3.1
7f4231146000-7f4231147000 rw-p 0002d000 08:05 3015040                    /usr/lib/x86_64-linux-gnu/libk5crypto.so.3.1
7f4231147000-7f4231148000 rw-p 00000000 00:00 0 
7f4231148000-7f4231204000 r-xp 00000000 08:05 3015322                    /usr/lib/x86_64-linux-gnu/libkrb5.so.3.3
7f4231204000-7f4231404000 ---p 000bc000 08:05 3015322                    /usr/lib/x86_64-linux-gnu/libkrb5.so.3.3
7f4231404000-7f4231411000 r--p 000bc000 08:05 3015322                    /usr/lib/x86_64-linux-gnu/libkrb5.so.3.3
7f4231411000-7f4231413000 rw-p 000c9000 08:05 3015322                    /usr/lib/x86_64-linux-gnu/libkrb5.so.3.3
7f4231413000-7f4231418000 r-xp 00000000 08:05 3021663                    /usr/lib/x86_64-linux-gnu/libXdmcp.so.6.0.0
7f4231418000-7f4231617000 ---p 00005000 08:05 3021663                    /usr/lib/x86_64-linux-gnu/libXdmcp.so.6.0.0
7f4231617000-7f4231618000 r--p 00004000 08:05 3021663                    /usr/lib/x86_64-linux-gnu/libXdmcp.so.6.0.0
7f4231618000-7f4231619000 rw-p 00005000 08:05 3021663                    /usr/lib/x86_64-linux-gnu/libXdmcp.so.6.0.0
7f4231619000-7f423161b000 r-xp 00000000 08:05 3021652                    /usr/lib/x86_64-linux-gnu/libXau.so.6.0.0
7f423161b000-7f423181b000 ---p 00002000 08:05 3021652                    /usr/lib/x86_64-linux-gnu/libXau.so.6.0.0
7f423181b000-7f423181c000 r--p 00002000 08:05 3021652                    /usr/lib/x86_64-linux-gnu/libXau.so.6.0.0
7f423181c000-7f423181d000 rw-p 00003000 08:05 3021652                    /usr/lib/x86_64-linux-gnu/libXau.so.6.0.0
7f423181d000-7f4231824000 r-xp 00000000 08:05 3021908                    /usr/lib/x86_64-linux-gnu/libffi.so.6.0.1
7f4231824000-7f4231a23000 ---p 00007000 08:05 3021908                    /usr/lib/x86_64-linux-gnu/libffi.so.6.0.1
7f4231a23000-7f4231a24000 r--p 00006000 08:05 3021908                    /usr/lib/x86_64-linux-gnu/libffi.so.6.0.1
7f4231a24000-7f4231a25000 rw-p 00007000 08:05 3021908                    /usr/lib/x86_64-linux-gnu/libffi.so.6.0.1
7f4231a25000-7f4231a3c000 r-xp 00000000 08:05 2630608                    /lib/x86_64-linux-gnu/libresolv-2.19.so
7f4231a3c000-7f4231c3c000 ---p 00017000 08:05 2630608                    /lib/x86_64-linux-gnu/libresolv-2.19.so
7f4231c3c000-7f4231c3d000 r--p 00017000 08:05 2630608                    /lib/x86_64-linux-gnu/libresolv-2.19.so
7f4231c3d000-7f4231c3e000 rw-p 00018000 08:05 2630608                    /lib/x86_64-linux-gnu/libresolv-2.19.so
7f4231c3e000-7f4231c40000 rw-p 00000000 00:00 0 
7f4231c40000-7f4231c60000 r-xp 00000000 08:05 2621469                    /lib/x86_64-linux-gnu/libselinux.so.1
7f4231c60000-7f4231e5f000 ---p 00020000 08:05 2621469                    /lib/x86_64-linux-gnu/libselinux.so.1
7f4231e5f000-7f4231e60000 r--p 0001f000 08:05 2621469                    /lib/x86_64-linux-gnu/libselinux.so.1
7f4231e60000-7f4231e61000 rw-p 00020000 08:05 2621469                    /lib/x86_64-linux-gnu/libselinux.so.1
7f4231e61000-7f4231e63000 rw-p 00000000 00:00 0 
7f4231e63000-7f4231f69000 r-xp 00000000 08:05 2625581                    /lib/x86_64-linux-gnu/libglib-2.0.so.0.4000.0
7f4231f69000-7f4232168000 ---p 00106000 08:05 2625581                    /lib/x86_64-linux-gnu/libglib-2.0.so.0.4000.0
7f4232168000-7f4232169000 r--p 00105000 08:05 2625581                    /lib/x86_64-linux-gnu/libglib-2.0.so.0.4000.0
7f4232169000-7f423216a000 rw-p 00106000 08:05 2625581                    /lib/x86_64-linux-gnu/libglib-2.0.so.0.4000.0
7f423216a000-7f423216b000 rw-p 00000000 00:00 0 
7f423216b000-7f423216e000 r-xp 00000000 08:05 3021995                    /usr/lib/x86_64-linux-gnu/libgmodule-2.0.so.0.4000.0
7f423216e000-7f423236d000 ---p 00003000 08:05 3021995                    /usr/lib/x86_64-linux-gnu/libgmodule-2.0.so.0.4000.0
7f423236d000-7f423236e000 r--p 00002000 08:05 3021995                    /usr/lib/x86_64-linux-gnu/libgmodule-2.0.so.0.4000.0
7f423236e000-7f423236f000 rw-p 00003000 08:05 3021995                    /usr/lib/x86_64-linux-gnu/libgmodule-2.0.so.0.4000.0
7f423236f000-7f4232396000 r-xp 00000000 08:05 2625572                    /lib/x86_64-linux-gnu/libexpat.so.1.6.0
7f4232396000-7f4232596000 ---p 00027000 08:05 2625572                    /lib/x86_64-linux-gnu/libexpat.so.1.6.0
7f4232596000-7f4232598000 r--p 00027000 08:05 2625572                    /lib/x86_64-linux-gnu/libexpat.so.1.6.0
7f4232598000-7f4232599000 rw-p 00029000 08:05 2625572                    /lib/x86_64-linux-gnu/libexpat.so.1.6.0
7f4232599000-7f4232636000 r-xp 00000000 08:05 3015014                    /usr/lib/x86_64-linux-gnu/libfreetype.so.6.11.1
7f4232636000-7f4232835000 ---p 0009d000 08:05 3015014                    /usr/lib/x86_64-linux-gnu/libfreetype.so.6.11.1
7f4232835000-7f423283b000 r--p 0009c000 08:05 3015014                    /usr/lib/x86_64-linux-gnu/libfreetype.so.6.11.1
7f423283b000-7f423283c000 rw-p 000a2000 08:05 3015014                    /usr/lib/x86_64-linux-gnu/libfreetype.so.6.11.1
7f423283c000-7f423284b000 r-xp 00000000 08:05 3021749                    /usr/lib/x86_64-linux-gnu/libavahi-client.so.3.2.9
7f423284b000-7f4232a4b000 ---p 0000f000 08:05 3021749                    /usr/lib/x86_64-linux-gnu/libavahi-client.so.3.2.9
7f4232a4b000-7f4232a4c000 r--p 0000f000 08:05 3021749                    /usr/lib/x86_64-linux-gnu/libavahi-client.so.3.2.9
7f4232a4c000-7f4232a4d000 rw-p 00010000 08:05 3021749                    /usr/lib/x86_64-linux-gnu/libavahi-client.so.3.2.9
7f4232a4d000-7f4232a58000 r-xp 00000000 08:05 3021751                    /usr/lib/x86_64-linux-gnu/libavahi-common.so.3.5.3
7f4232a58000-7f4232c57000 ---p 0000b000 08:05 3021751                    /usr/lib/x86_64-linux-gnu/libavahi-common.so.3.5.3
7f4232c57000-7f4232c58000 r--p 0000a000 08:05 3021751                    /usr/lib/x86_64-linux-gnu/libavahi-common.so.3.5.3
7f4232c58000-7f4232c59000 rw-p 0000b000 08:05 3021751                    /usr/lib/x86_64-linux-gnu/libavahi-common.so.3.5.3
7f4232c59000-7f4232d0f000 r-xp 00000000 08:05 3017711                    /usr/lib/x86_64-linux-gnu/libgnutls.so.26.22.6
7f4232d0f000-7f4232f0f000 ---p 000b6000 08:05 3017711                    /usr/lib/x86_64-linux-gnu/libgnutls.so.26.22.6
7f4232f0f000-7f4232f15000 r--p 000b6000 08:05 3017711                    /usr/lib/x86_64-linux-gnu/libgnutls.so.26.22.6
7f4232f15000-7f4232f16000 rw-p 000bc000 08:05 3017711                    /usr/lib/x86_64-linux-gnu/libgnutls.so.26.22.6
7f4232f16000-7f4232f17000 rw-p 00000000 00:00 0 
7f4232f17000-7f4232f5a000 r-xp 00000000 08:05 3015222                    /usr/lib/x86_64-linux-gnu/libgssapi_krb5.so.2.2
7f4232f5a000-7f423315a000 ---p 00043000 08:05 3015222                    /usr/lib/x86_64-linux-gnu/libgssapi_krb5.so.2.2
7f423315a000-7f423315b000 r--p 00043000 08:05 3015222                    /usr/lib/x86_64-linux-gnu/libgssapi_krb5.so.2.2
7f423315b000-7f423315d000 rw-p 00044000 08:05 3015222                    /usr/lib/x86_64-linux-gnu/libgssapi_krb5.so.2.2
7f423315d000-7f423317a000 r-xp 00000000 08:05 3022606                    /usr/lib/x86_64-linux-gnu/libxcb.so.1.1.0
7f423317a000-7f423337a000 ---p 0001d000 08:05 3022606                    /usr/lib/x86_64-linux-gnu/libxcb.so.1.1.0
7f423337a000-7f423337b000 r--p 0001d000 08:05 3022606                    /usr/lib/x86_64-linux-gnu/libxcb.so.1.1.0
7f423337b000-7f423337c000 rw-p 0001e000 08:05 3022606                    /usr/lib/x86_64-linux-gnu/libxcb.so.1.1.0
7f423337c000-7f42333cb000 r-xp 00000000 08:05 3022007                    /usr/lib/x86_64-linux-gnu/libgobject-2.0.so.0.4000.0
7f42333cb000-7f42335cb000 ---p 0004f000 08:05 3022007                    /usr/lib/x86_64-linux-gnu/libgobject-2.0.so.0.4000.0
7f42335cb000-7f42335cc000 r--p 0004f000 08:05 3022007                    /usr/lib/x86_64-linux-gnu/libgobject-2.0.so.0.4000.0
7f42335cc000-7f42335cd000 rw-p 00050000 08:05 3022007                    /usr/lib/x86_64-linux-gnu/libgobject-2.0.so.0.4000.0
7f42335cd000-7f4233738000 r-xp 00000000 08:05 3021983                    /usr/lib/x86_64-linux-gnu/libgio-2.0.so.0.4000.0
7f4233738000-7f4233938000 ---p 0016b000 08:05 3021983                    /usr/lib/x86_64-linux-gnu/libgio-2.0.so.0.4000.0
7f4233938000-7f423393c000 r--p 0016b000 08:05 3021983                    /usr/lib/x86_64-linux-gnu/libgio-2.0.so.0.4000.0
7f423393c000-7f423393e000 rw-p 0016f000 08:05 3021983                    /usr/lib/x86_64-linux-gnu/libgio-2.0.so.0.4000.0
7f423393e000-7f4233940000 rw-p 00000000 00:00 0 
7f4233940000-7f423397a000 r-xp 00000000 08:05 3014914                    /usr/lib/x86_64-linux-gnu/libfontconfig.so.1.8.0
7f423397a000-7f4233b79000 ---p 0003a000 08:05 3014914                    /usr/lib/x86_64-linux-gnu/libfontconfig.so.1.8.0
7f4233b79000-7f4233b7b000 r--p 00039000 08:05 3014914                    /usr/lib/x86_64-linux-gnu/libfontconfig.so.1.8.0
7f4233b7b000-7f4233b7c000 rw-p 0003b000 08:05 3014914                    /usr/lib/x86_64-linux-gnu/libfontconfig.so.1.8.0
7f4233b7c000-7f4233be8000 r-xp 00000000 08:05 3014778                    /usr/lib/x86_64-linux-gnu/libcups.so.2
7f4233be8000-7f4233de8000 ---p 0006c000 08:05 3014778                    /usr/lib/x86_64-linux-gnu/libcups.so.2
7f4233de8000-7f4233def000 r--p 0006c000 08:05 3014778                    /usr/lib/x86_64-linux-gnu/libcups.so.2
7f4233def000-7f4233df0000 rw-p 00073000 08:05 3014778                    /usr/lib/x86_64-linux-gnu/libcups.so.2
7f4233df0000-7f4233dff000 r-xp 00000000 08:05 3021673                    /usr/lib/x86_64-linux-gnu/libXi.so.6.1.0
7f4233dff000-7f4233ffe000 ---p 0000f000 08:05 3021673                    /usr/lib/x86_64-linux-gnu/libXi.so.6.1.0
7f4233ffe000-7f4233fff000 r--p 0000e000 08:05 3021673                    /usr/lib/x86_64-linux-gnu/libXi.so.6.1.0
7f4233fff000-7f4234000000 rw-p 0000f000 08:05 3021673                    /usr/lib/x86_64-linux-gnu/libXi.so.6.1.0
7f4234000000-7f4234021000 rw-p 00000000 00:00 0 
7f4234021000-7f4238000000 ---p 00000000 00:00 0 
7f4238000000-7f4238021000 rw-p 00000000 00:00 0 
7f4238021000-7f423c000000 ---p 00000000 00:00 0 
7f423c000000-7f423c021000 rw-p 00000000 00:00 0 
7f423c021000-7f4240000000 ---p 00000000 00:00 0 
7f4240000000-7f4240001000 r--s 00000000 08:05 1204984                    /var/cache/fontconfig/4794a0821666d79190d59a36cb4f44b5-le64.cache-4
7f4240001000-7f4240005000 r--s 00000000 08:05 1180247                    /var/cache/fontconfig/c57959a16110560c8d0fcea73374aeeb-le64.cache-4
7f4240005000-7f4240036000 rw-p 00000000 00:00 0 
7f4240036000-7f4240086000 r--p 00000000 08:05 3304345                    /usr/share/glib-2.0/schemas/gschemas.compiled
7f4240086000-7f4240089000 ---p 00000000 00:00 0 
7f4240089000-7f4240187000 rw-p 00000000 00:00 0                          [stack:24423]
7f4240187000-7f424018c000 r-xp 00000000 08:05 3021693                    /usr/lib/x86_64-linux-gnu/libXtst.so.6.1.0
7f424018c000-7f424038b000 ---p 00005000 08:05 3021693                    /usr/lib/x86_64-linux-gnu/libXtst.so.6.1.0
7f424038b000-7f424038c000 r--p 00004000 08:05 3021693                    /usr/lib/x86_64-linux-gnu/libXtst.so.6.1.0
7f424038c000-7f424038d000 rw-p 00005000 08:05 3021693                    /usr/lib/x86_64-linux-gnu/libXtst.so.6.1.0
7f424038d000-7f4240396000 r-xp 00000000 08:05 3021687                    /usr/lib/x86_64-linux-gnu/libXrender.so.1.3.0
7f4240396000-7f4240595000 ---p 00009000 08:05 3021687                    /usr/lib/x86_64-linux-gnu/libXrender.so.1.3.0
7f4240595000-7f4240596000 r--p 00008000 08:05 3021687                    /usr/lib/x86_64-linux-gnu/libXrender.so.1.3.0
7f4240596000-7f4240597000 rw-p 00009000 08:05 3021687                    /usr/lib/x86_64-linux-gnu/libXrender.so.1.3.0
7f4240597000-7f42406c7000 r-xp 00000000 08:05 3021648                    /usr/lib/x86_64-linux-gnu/libX11.so.6.3.0
7f42406c7000-7f42408c7000 ---p 00130000 08:05 3021648                    /usr/lib/x86_64-linux-gnu/libX11.so.6.3.0
7f42408c7000-7f42408c8000 r--p 00130000 08:05 3021648                    /usr/lib/x86_64-linux-gnu/libX11.so.6.3.0
7f42408c8000-7f42408cc000 rw-p 00131000 08:05 3021648                    /usr/lib/x86_64-linux-gnu/libX11.so.6.3.0
7f42408cc000-7f42408dd000 r-xp 00000000 08:05 3021665                    /usr/lib/x86_64-linux-gnu/libXext.so.6.4.0
7f42408dd000-7f4240adc000 ---p 00011000 08:05 3021665                    /usr/lib/x86_64-linux-gnu/libXext.so.6.4.0
7f4240adc000-7f4240add000 r--p 00010000 08:05 3021665                    /usr/lib/x86_64-linux-gnu/libXext.so.6.4.0
7f4240add000-7f4240ade000 rw-p 00011000 08:05 3021665                    /usr/lib/x86_64-linux-gnu/libXext.so.6.4.0
7f4240ade000-7f4240adf000 r--s 00000000 08:05 1180234                    /var/cache/fontconfig/56cf4f4769d0f4abc89a4895d7bd3ae1-le64.cache-4
7f4240adf000-7f4240ae0000 r--s 00000000 08:05 1180230                    /var/cache/fontconfig/b9d506c9ac06c20b433354fa67a72993-le64.cache-4
7f4240ae0000-7f4240ae6000 r--s 00000000 08:05 1180229                    /var/cache/fontconfig/b47c4e1ecd0709278f4910c18777a504-le64.cache-4
7f4240ae6000-7f4240ae9000 r--s 00000000 08:05 1191349                    /var/cache/fontconfig/e49e89034d371f0f9de17aab02136486-le64.cache-4
7f4240ae9000-7f4240aeb000 r--s 00000000 08:05 1191348                    /var/cache/fontconfig/4b14b093aebc79c320de5e86ae1d3314-le64.cache-4
7f4240aeb000-7f4240af3000 r--s 00000000 08:05 1180227                    /var/cache/fontconfig/3f7329c5293ffd510edef78f73874cfd-le64.cache-4
7f4240af3000-7f4240afe000 r--s 00000000 08:05 1180821                    /var/cache/fontconfig/d589a48862398ed80a3d6066f4f56f4c-le64.cache-4
7f4240afe000-7f4240b01000 r--s 00000000 08:05 1196435                    /var/cache/fontconfig/e13b20fdb08344e0e664864cc2ede53d-le64.cache-4
7f4240b01000-7f4240b49000 r-xp 00000000 08:05 427242                     /usr/lib/jvm/java-7-openjdk-amd64/jre/lib/amd64/xawt/libmawt.so
7f4240b49000-7f4240d48000 ---p 00048000 08:05 427242                     /usr/lib/jvm/java-7-openjdk-amd64/jre/lib/amd64/xawt/libmawt.so
7f4240d48000-7f4240d49000 r--p 00047000 08:05 427242                     /usr/lib/jvm/java-7-openjdk-amd64/jre/lib/amd64/xawt/libmawt.so
7f4240d49000-7f4240d4c000 rw-p 00048000 08:05 427242                     /usr/lib/jvm/java-7-openjdk-amd64/jre/lib/amd64/xawt/libmawt.so
7f4240d4c000-7f4240d4d000 rw-p 00000000 00:00 0 
7f4240d4d000-7f4240ded000 r-xp 00000000 08:05 427279                     /usr/lib/jvm/java-7-openjdk-amd64/jre/lib/amd64/libawt.so
7f4240ded000-7f4240fed000 ---p 000a0000 08:05 427279                     /usr/lib/jvm/java-7-openjdk-amd64/jre/lib/amd64/libawt.so
7f4240fed000-7f4240fee000 r--p 000a0000 08:05 427279                     /usr/lib/jvm/java-7-openjdk-amd64/jre/lib/amd64/libawt.so
7f4240fee000-7f4240ff9000 rw-p 000a1000 08:05 427279                     /usr/lib/jvm/java-7-openjdk-amd64/jre/lib/amd64/libawt.so
7f4240ff9000-7f424101e000 rw-p 00000000 00:00 0 
7f424101e000-7f424101f000 ---p 00000000 00:00 0 
7f424101f000-7f424111f000 rw-p 00000000 00:00 0                          [stack:24422]
7f424111f000-7f4241122000 ---p 00000000 00:00 0 
7f4241122000-7f4241220000 rw-p 00000000 00:00 0                          [stack:24421]
7f4241220000-7f4241223000 ---p 00000000 00:00 0 
7f4241223000-7f4241321000 rw-p 00000000 00:00 0                          [stack:24420]
7f4241321000-7f4241324000 ---p 00000000 00:00 0 
7f4241324000-7f4241422000 rw-p 00000000 00:00 0                          [stack:24419]
7f4241422000-7f4241425000 ---p 00000000 00:00 0 
7f4241425000-7f4241523000 rw-p 00000000 00:00 0                          [stack:24418]
7f4241523000-7f4241ef1000 r--p 00000000 08:05 3019502                    /usr/lib/locale/locale-archive
7f4241ef1000-7f4241ef4000 ---p 00000000 00:00 0 
7f4241ef4000-7f4241ff2000 rw-p 00000000 00:00 0                          [stack:24417]
7f4241ff2000-7f4241ff5000 ---p 00000000 00:00 0 
7f4241ff5000-7f42420f3000 rw-p 00000000 00:00 0                          [stack:24416]
7f42420f3000-7f42420f4000 ---p 00000000 00:00 0 
7f42420f4000-7f4245000000 rw-p 00000000 00:00 0                          [stack:24414]
7f4245000000-7f4245270000 rwxp 00000000 00:00 0 
7f4245270000-7f4248434000 rw-p 00000000 00:00 0 
7f4248434000-7f424c000000 ---p 00000000 00:00 0 
7f424c000000-7f424c001000 r--s 00000000 08:05 1180221                    /var/cache/fontconfig/0c9eb80ebd1c36541ebe2852d3bb0c49-le64.cache-4
7f424c001000-7f424c002000 r--s 00000000 08:05 1199415                    /var/cache/fontconfig/62f91419b9ebdb6975e7e41ab6412357-le64.cache-4
7f424c002000-7f424c006000 r--s 00000000 08:05 1196436                    /var/cache/fontconfig/7ef2298fde41cc6eeb7af42e48b7d293-le64.cache-4
7f424c006000-7f424c00d000 r--s 00000000 08:05 3172867                    /usr/lib/x86_64-linux-gnu/gconv/gconv-modules.cache
7f424c00d000-7f424c013000 r--p 00000000 08:05 562276                     /home/mark/.config/dconf/user
7f424c013000-7f424c014000 r--s 00000000 00:15 14551                      /run/user/1000/dconf/user
7f424c014000-7f424c018000 r--p 00000000 08:05 135245                     /usr/share/locale-langpack/en_AU/LC_MESSAGES/gtk20-properties.mo
7f424c018000-7f424c021000 r--s 000b9000 08:05 427284                     /usr/lib/jvm/java-7-openjdk-amd64/jre/lib/resources.jar
7f424c021000-7f424c02b000 r--s 00203000 08:05 427286                     /usr/lib/jvm/java-7-openjdk-amd64/jre/lib/charsets.jar
7f424c02b000-7f424c41c000 rw-p 00000000 00:00 0 
7f424c41c000-7f424c5cd000 r--s 01d21000 08:05 427480                     /usr/lib/jvm/java-7-openjdk-amd64/jre/lib/rt.jar
7f424c5cd000-7f424c8e6000 rw-p 00000000 00:00 0 
7f424c8e6000-7f424c8e7000 ---p 00000000 00:00 0 
7f424c8e7000-7f424c9e7000 rw-p 00000000 00:00 0                          [stack:24413]
7f424c9e7000-7f424c9e8000 ---p 00000000 00:00 0 
7f424c9e8000-7f424cae8000 rw-p 00000000 00:00 0                          [stack:24412]
7f424cae8000-7f424cae9000 ---p 00000000 00:00 0 
7f424cae9000-7f424cbe9000 rw-p 00000000 00:00 0                          [stack:24411]
7f424cbe9000-7f424cbea000 ---p 00000000 00:00 0 
7f424cbea000-7f424ccf8000 rw-p 00000000 00:00 0                          [stack:24410]
7f424ccf8000-7f424cd3d000 rw-p 00000000 00:00 0 
7f424cd3d000-7f424cd70000 rw-p 00000000 00:00 0 
7f424cd70000-7f424ce71000 rw-p 00000000 00:00 0 
7f424ce71000-7f424ce7f000 rw-p 00000000 00:00 0 
7f424ce7f000-7f424cec4000 rw-p 00000000 00:00 0 
7f424cec4000-7f424cef7000 rw-p 00000000 00:00 0 
7f424cef7000-7f424cff7000 rw-p 00000000 00:00 0 
7f424cff7000-7f424d091000 rw-p 00000000 00:00 0 
7f424d091000-7f424d092000 rw-p 00000000 00:00 0 
7f424d092000-7f424d09a000 r-xp 00000000 08:05 405699                     /usr/lib/jvm/java-7-openjdk-amd64/jre/lib/amd64/libzip.so
7f424d09a000-7f424d299000 ---p 00008000 08:05 405699                     /usr/lib/jvm/java-7-openjdk-amd64/jre/lib/amd64/libzip.so
7f424d299000-7f424d29a000 r--p 00007000 08:05 405699                     /usr/lib/jvm/java-7-openjdk-amd64/jre/lib/amd64/libzip.so
7f424d29a000-7f424d29b000 rw-p 00008000 08:05 405699                     /usr/lib/jvm/java-7-openjdk-amd64/jre/lib/amd64/libzip.so
7f424d29b000-7f424d2a6000 r-xp 00000000 08:05 2630622                    /lib/x86_64-linux-gnu/libnss_files-2.19.so
7f424d2a6000-7f424d4a5000 ---p 0000b000 08:05 2630622                    /lib/x86_64-linux-gnu/libnss_files-2.19.so
7f424d4a5000-7f424d4a6000 r--p 0000a000 08:05 2630622                    /lib/x86_64-linux-gnu/libnss_files-2.19.so
7f424d4a6000-7f424d4a7000 rw-p 0000b000 08:05 2630622                    /lib/x86_64-linux-gnu/libnss_files-2.19.so
7f424d4a7000-7f424d4b2000 r-xp 00000000 08:05 2630623                    /lib/x86_64-linux-gnu/libnss_nis-2.19.so
7f424d4b2000-7f424d6b1000 ---p 0000b000 08:05 2630623                    /lib/x86_64-linux-gnu/libnss_nis-2.19.so
7f424d6b1000-7f424d6b2000 r--p 0000a000 08:05 2630623                    /lib/x86_64-linux-gnu/libnss_nis-2.19.so
7f424d6b2000-7f424d6b3000 rw-p 0000b000 08:05 2630623                    /lib/x86_64-linux-gnu/libnss_nis-2.19.so
7f424d6b3000-7f424d6ca000 r-xp 00000000 08:05 2630609                    /lib/x86_64-linux-gnu/libnsl-2.19.so
7f424d6ca000-7f424d8c9000 ---p 00017000 08:05 2630609                    /lib/x86_64-linux-gnu/libnsl-2.19.so
7f424d8c9000-7f424d8ca000 r--p 00016000 08:05 2630609                    /lib/x86_64-linux-gnu/libnsl-2.19.so
7f424d8ca000-7f424d8cb000 rw-p 00017000 08:05 2630609                    /lib/x86_64-linux-gnu/libnsl-2.19.so
7f424d8cb000-7f424d8cd000 rw-p 00000000 00:00 0 
7f424d8cd000-7f424d8d6000 r-xp 00000000 08:05 2630605                    /lib/x86_64-linux-gnu/libnss_compat-2.19.so
7f424d8d6000-7f424dad5000 ---p 00009000 08:05 2630605                    /lib/x86_64-linux-gnu/libnss_compat-2.19.so
7f424dad5000-7f424dad6000 r--p 00008000 08:05 2630605                    /lib/x86_64-linux-gnu/libnss_compat-2.19.so
7f424dad6000-7f424dad7000 rw-p 00009000 08:05 2630605                    /lib/x86_64-linux-gnu/libnss_compat-2.19.so
7f424dad7000-7f424db02000 r-xp 00000000 08:05 405693                     /usr/lib/jvm/java-7-openjdk-amd64/jre/lib/amd64/libjava.so
7f424db02000-7f424dd02000 ---p 0002b000 08:05 405693                     /usr/lib/jvm/java-7-openjdk-amd64/jre/lib/amd64/libjava.so
7f424dd02000-7f424dd03000 r--p 0002b000 08:05 405693                     /usr/lib/jvm/java-7-openjdk-amd64/jre/lib/amd64/libjava.so
7f424dd03000-7f424dd05000 rw-p 0002c000 08:05 405693                     /usr/lib/jvm/java-7-openjdk-amd64/jre/lib/amd64/libjava.so
7f424dd05000-7f424dd15000 r-xp 00000000 08:05 427259                     /usr/lib/jvm/java-7-openjdk-amd64/jre/lib/amd64/libverify.so
7f424dd15000-7f424df14000 ---p 00010000 08:05 427259                     /usr/lib/jvm/java-7-openjdk-amd64/jre/lib/amd64/libverify.so
7f424df14000-7f424df16000 r--p 0000f000 08:05 427259                     /usr/lib/jvm/java-7-openjdk-amd64/jre/lib/amd64/libverify.so
7f424df16000-7f424df17000 rw-p 00011000 08:05 427259                     /usr/lib/jvm/java-7-openjdk-amd64/jre/lib/amd64/libverify.so
7f424df17000-7f424df1e000 r-xp 00000000 08:05 2630611                    /lib/x86_64-linux-gnu/librt-2.19.so
7f424df1e000-7f424e11d000 ---p 00007000 08:05 2630611                    /lib/x86_64-linux-gnu/librt-2.19.so
7f424e11d000-7f424e11e000 r--p 00006000 08:05 2630611                    /lib/x86_64-linux-gnu/librt-2.19.so
7f424e11e000-7f424e11f000 rw-p 00007000 08:05 2630611                    /lib/x86_64-linux-gnu/librt-2.19.so
7f424e11f000-7f424e135000 r-xp 00000000 08:05 2622636                    /lib/x86_64-linux-gnu/libgcc_s.so.1
7f424e135000-7f424e334000 ---p 00016000 08:05 2622636                    /lib/x86_64-linux-gnu/libgcc_s.so.1
7f424e334000-7f424e335000 rw-p 00015000 08:05 2622636                    /lib/x86_64-linux-gnu/libgcc_s.so.1
7f424e335000-7f424e43a000 r-xp 00000000 08:05 2630618                    /lib/x86_64-linux-gnu/libm-2.19.so
7f424e43a000-7f424e639000 ---p 00105000 08:05 2630618                    /lib/x86_64-linux-gnu/libm-2.19.so
7f424e639000-7f424e63a000 r--p 00104000 08:05 2630618                    /lib/x86_64-linux-gnu/libm-2.19.so
7f424e63a000-7f424e63b000 rw-p 00105000 08:05 2630618                    /lib/x86_64-linux-gnu/libm-2.19.so
7f424e63b000-7f424e721000 r-xp 00000000 08:05 3022467                    /usr/lib/x86_64-linux-gnu/libstdc++.so.6.0.19
7f424e721000-7f424e920000 ---p 000e6000 08:05 3022467                    /usr/lib/x86_64-linux-gnu/libstdc++.so.6.0.19
7f424e920000-7f424e928000 r--p 000e5000 08:05 3022467                    /usr/lib/x86_64-linux-gnu/libstdc++.so.6.0.19
7f424e928000-7f424e92a000 rw-p 000ed000 08:05 3022467                    /usr/lib/x86_64-linux-gnu/libstdc++.so.6.0.19
7f424e92a000-7f424e93f000 rw-p 00000000 00:00 0 
7f424e93f000-7f424f455000 r-xp 00000000 08:05 427271                     /usr/lib/jvm/java-7-openjdk-amd64/jre/lib/amd64/server/libjvm.so
7f424f455000-7f424f654000 ---p 00b16000 08:05 427271                     /usr/lib/jvm/java-7-openjdk-amd64/jre/lib/amd64/server/libjvm.so
7f424f654000-7f424f6ee000 r--p 00b15000 08:05 427271                     /usr/lib/jvm/java-7-openjdk-amd64/jre/lib/amd64/server/libjvm.so
7f424f6ee000-7f424f711000 rw-p 00baf000 08:05 427271                     /usr/lib/jvm/java-7-openjdk-amd64/jre/lib/amd64/server/libjvm.so
7f424f711000-7f424f73f000 rw-p 00000000 00:00 0 
7f424f73f000-7f424f757000 r-xp 00000000 08:05 2625711                    /lib/x86_64-linux-gnu/libz.so.1.2.8
7f424f757000-7f424f956000 ---p 00018000 08:05 2625711                    /lib/x86_64-linux-gnu/libz.so.1.2.8
7f424f956000-7f424f957000 r--p 00017000 08:05 2625711                    /lib/x86_64-linux-gnu/libz.so.1.2.8
7f424f957000-7f424f958000 rw-p 00018000 08:05 2625711                    /lib/x86_64-linux-gnu/libz.so.1.2.8
7f424f958000-7f424f971000 r-xp 00000000 08:05 2630628                    /lib/x86_64-linux-gnu/libpthread-2.19.so
7f424f971000-7f424fb70000 ---p 00019000 08:05 2630628                    /lib/x86_64-linux-gnu/libpthread-2.19.so
7f424fb70000-7f424fb71000 r--p 00018000 08:05 2630628                    /lib/x86_64-linux-gnu/libpthread-2.19.so
7f424fb71000-7f424fb72000 rw-p 00019000 08:05 2630628                    /lib/x86_64-linux-gnu/libpthread-2.19.so
7f424fb72000-7f424fb76000 rw-p 00000000 00:00 0 
7f424fb76000-7f424fb79000 r-xp 00000000 08:05 2630627                    /lib/x86_64-linux-gnu/libdl-2.19.so
7f424fb79000-7f424fd78000 ---p 00003000 08:05 2630627                    /lib/x86_64-linux-gnu/libdl-2.19.so
7f424fd78000-7f424fd79000 r--p 00002000 08:05 2630627                    /lib/x86_64-linux-gnu/libdl-2.19.so
7f424fd79000-7f424fd7a000 rw-p 00003000 08:05 2630627                    /lib/x86_64-linux-gnu/libdl-2.19.so
7f424fd7a000-7f424ff35000 r-xp 00000000 08:05 2630615                    /lib/x86_64-linux-gnu/libc-2.19.so
7f424ff35000-7f4250135000 ---p 001bb000 08:05 2630615                    /lib/x86_64-linux-gnu/libc-2.19.so
7f4250135000-7f4250139000 r--p 001bb000 08:05 2630615                    /lib/x86_64-linux-gnu/libc-2.19.so
7f4250139000-7f425013b000 rw-p 001bf000 08:05 2630615                    /lib/x86_64-linux-gnu/libc-2.19.so
7f425013b000-7f4250140000 rw-p 00000000 00:00 0 
7f4250140000-7f425014d000 r-xp 00000000 08:05 427276                     /usr/lib/jvm/java-7-openjdk-amd64/jre/lib/amd64/jli/libjli.so
7f425014d000-7f425034c000 ---p 0000d000 08:05 427276                     /usr/lib/jvm/java-7-openjdk-amd64/jre/lib/amd64/jli/libjli.so
7f425034c000-7f425034d000 r--p 0000c000 08:05 427276                     /usr/lib/jvm/java-7-openjdk-amd64/jre/lib/amd64/jli/libjli.so
7f425034d000-7f425034e000 rw-p 0000d000 08:05 427276                     /usr/lib/jvm/java-7-openjdk-amd64/jre/lib/amd64/jli/libjli.so
7f425034e000-7f4250371000 r-xp 00000000 08:05 2630616                    /lib/x86_64-linux-gnu/ld-2.19.so
7f4250371000-7f4250372000 r--p 00000000 08:05 135106                     /usr/share/locale-langpack/en_AU/LC_MESSAGES/glib20.mo
7f4250372000-7f4250374000 r--p 00000000 08:05 135117                     /usr/share/locale-langpack/en_AU/LC_MESSAGES/gtk20.mo
7f4250374000-7f4250375000 r--p 00000000 08:05 137937                     /usr/share/locale-langpack/en_AU/LC_MESSAGES/libc.mo
7f4250375000-7f4250376000 r--s 00005000 08:05 1844121                    /home/mark/Downloads/json-simple-1.1.1.jar
7f4250376000-7f425037a000 r--s 00085000 08:05 427287                     /usr/lib/jvm/java-7-openjdk-amd64/jre/lib/ext/localedata.jar
7f425037a000-7f425037d000 r--s 0003c000 08:05 427460                     /usr/lib/jvm/java-7-openjdk-amd64/jre/lib/ext/sunpkcs11.jar
7f425037d000-7f4250380000 r--s 0000f000 08:05 427288                     /usr/lib/jvm/java-7-openjdk-amd64/jre/lib/ext/pulse-java.jar
7f4250380000-7f4250382000 r--s 00006000 08:05 3282004                    /usr/share/java/java-atk-wrapper.jar
7f4250382000-7f4250383000 r--s 00002000 08:05 427293                     /usr/lib/jvm/java-7-openjdk-amd64/jre/lib/ext/dnsns.jar
7f4250383000-7f4250385000 r--s 00012000 08:05 427289                     /usr/lib/jvm/java-7-openjdk-amd64/jre/lib/ext/zipfs.jar
7f4250385000-7f425038f000 rw-p 00000000 00:00 0 
7f425038f000-7f4250445000 rw-p 00000000 00:00 0 
7f4250445000-7f4250448000 ---p 00000000 00:00 0 
7f4250448000-7f425054b000 rw-p 00000000 00:00 0                          [stack:24409]
7f425054b000-7f425054e000 r--s 00032000 08:05 427291                     /usr/lib/jvm/java-7-openjdk-amd64/jre/lib/ext/sunjce_provider.jar
7f425054e000-7f4250564000 rw-p 00000000 00:00 0 
7f4250564000-7f425056c000 rw-s 00000000 08:05 1852762                    /tmp/hsperfdata_mark/24404
7f425056c000-7f425056d000 rw-p 00000000 00:00 0 
7f425056d000-7f425056e000 r--p 00000000 00:00 0 
7f425056e000-7f4250570000 rw-p 00000000 00:00 0 
7f4250570000-7f4250571000 r--p 00022000 08:05 2630616                    /lib/x86_64-linux-gnu/ld-2.19.so
7f4250571000-7f4250572000 rw-p 00023000 08:05 2630616                    /lib/x86_64-linux-gnu/ld-2.19.so
7f4250572000-7f4250573000 rw-p 00000000 00:00 0 
7fffd3516000-7fffd3537000 rw-p 00000000 00:00 0                          [stack]
7fffd35fe000-7fffd3600000 r-xp 00000000 00:00 0                          [vdso]
ffffffffff600000-ffffffffff601000 r-xp 00000000 00:00 0                  [vsyscall]

VM Arguments:
jvm_args: -Dfile.encoding=UTF-8 
java_command: capstone.gui.CapstoneApplication
Launcher Type: SUN_STANDARD

Environment Variables:
PATH=/usr/local/sbin:/usr/local/bin:/usr/sbin:/usr/bin:/sbin:/bin:/usr/games:/usr/local/games
USERNAME=mark
LD_LIBRARY_PATH=/usr/lib/jvm/java-7-openjdk-amd64/jre/lib/amd64:/usr/lib/jvm/java-7-openjdk-amd64/jre/lib/i386:
SHELL=/bin/bash
DISPLAY=:0.0

Signal Handlers:
SIGSEGV: [libjvm.so+0x949110], sa_mask[0]=0x7ffbfeff, sa_flags=0x10000004
SIGBUS: [libjvm.so+0x949110], sa_mask[0]=0x7ffbfeff, sa_flags=0x10000004
SIGFPE: [libjvm.so+0x7c2e80], sa_mask[0]=0x7ffbfeff, sa_flags=0x10000004
SIGPIPE: SIG_IGN, sa_mask[0]=0x00001000, sa_flags=0x10000000
SIGXFSZ: [libjvm.so+0x7c2e80], sa_mask[0]=0x7ffbfeff, sa_flags=0x10000004
SIGILL: [libjvm.so+0x7c2e80], sa_mask[0]=0x7ffbfeff, sa_flags=0x10000004
SIGUSR1: SIG_DFL, sa_mask[0]=0x00000000, sa_flags=0x00000000
SIGUSR2: [libjvm.so+0x7c2d20], sa_mask[0]=0x00000004, sa_flags=0x10000004
SIGHUP: [libjvm.so+0x7c2f00], sa_mask[0]=0x7ffbfeff, sa_flags=0x10000004
SIGINT: SIG_IGN, sa_mask[0]=0x00000000, sa_flags=0x00000000
SIGTERM: [libjvm.so+0x7c2f00], sa_mask[0]=0x7ffbfeff, sa_flags=0x10000004
SIGQUIT: [libjvm.so+0x7c2f00], sa_mask[0]=0x7ffbfeff, sa_flags=0x10000004
SIGTRAP: SIG_DFL, sa_mask[0]=0x00000000, sa_flags=0x00000000


---------------  S Y S T E M  ---------------

OS:Ubuntu 14.04 (trusty)
uname:Linux 3.13.0-36-generic #63-Ubuntu SMP Wed Sep 3 21:30:07 UTC 2014 x86_64
libc:glibc 2.19 NPTL 2.19 
rlimit: STACK 8192k, CORE 0k, NPROC 29315, NOFILE 4096, AS infinity
load average:6.48 2.38 1.36

/proc/meminfo:
MemTotal:        3774016 kB
MemFree:          784308 kB
Buffers:             688 kB
Cached:           188612 kB
SwapCached:            0 kB
Active:          2558024 kB
Inactive:         187240 kB
Active(anon):    2557352 kB
Inactive(anon):   159424 kB
Active(file):        672 kB
Inactive(file):    27816 kB
Unevictable:          32 kB
Mlocked:              32 kB
SwapTotal:             0 kB
SwapFree:              0 kB
Dirty:                24 kB
Writeback:            36 kB
AnonPages:       2556420 kB
Mapped:            83884 kB
Shmem:            160388 kB
Slab:              61352 kB
SReclaimable:      29020 kB
SUnreclaim:        32332 kB
KernelStack:        5056 kB
PageTables:        38448 kB
NFS_Unstable:          0 kB
Bounce:                0 kB
WritebackTmp:          0 kB
CommitLimit:     1887008 kB
Committed_AS:    5696816 kB
VmallocTotal:   34359738367 kB
VmallocUsed:      548412 kB
VmallocChunk:   34359181404 kB
HardwareCorrupted:     0 kB
AnonHugePages:   1409024 kB
HugePages_Total:       0
HugePages_Free:        0
HugePages_Rsvd:        0
HugePages_Surp:        0
Hugepagesize:       2048 kB
DirectMap4k:       58176 kB
DirectMap2M:     3858432 kB


CPU:total 4 (2 cores per cpu, 2 threads per core) family 6 model 37 stepping 5, cmov, cx8, fxsr, mmx, sse, sse2, sse3, ssse3, sse4.1, sse4.2, popcnt, ht, tsc, tscinvbit

/proc/cpuinfo:
processor	: 0
vendor_id	: GenuineIntel
cpu family	: 6
model		: 37
model name	: Intel(R) Core(TM) i3 CPU       M 370  @ 2.40GHz
stepping	: 5
microcode	: 0x2
cpu MHz		: 2399.000
cache size	: 3072 KB
physical id	: 0
siblings	: 4
core id		: 0
cpu cores	: 2
apicid		: 0
initial apicid	: 0
fpu		: yes
fpu_exception	: yes
cpuid level	: 11
wp		: yes
flags		: fpu vme de pse tsc msr pae mce cx8 apic sep mtrr pge mca cmov pat pse36 clflush dts acpi mmx fxsr sse sse2 ss ht tm pbe syscall nx rdtscp lm constant_tsc arch_perfmon pebs bts rep_good nopl xtopology nonstop_tsc aperfmperf pni dtes64 monitor ds_cpl vmx est tm2 ssse3 cx16 xtpr pdcm pcid sse4_1 sse4_2 popcnt lahf_lm arat dtherm tpr_shadow vnmi flexpriority ept vpid
bogomips	: 4788.13
clflush size	: 64
cache_alignment	: 64
address sizes	: 36 bits physical, 48 bits virtual
power management:

processor	: 1
vendor_id	: GenuineIntel
cpu family	: 6
model		: 37
model name	: Intel(R) Core(TM) i3 CPU       M 370  @ 2.40GHz
stepping	: 5
microcode	: 0x2
cpu MHz		: 2399.000
cache size	: 3072 KB
physical id	: 0
siblings	: 4
core id		: 0
cpu cores	: 2
apicid		: 1
initial apicid	: 1
fpu		: yes
fpu_exception	: yes
cpuid level	: 11
wp		: yes
flags		: fpu vme de pse tsc msr pae mce cx8 apic sep mtrr pge mca cmov pat pse36 clflush dts acpi mmx fxsr sse sse2 ss ht tm pbe syscall nx rdtscp lm constant_tsc arch_perfmon pebs bts rep_good nopl xtopology nonstop_tsc aperfmperf pni dtes64 monitor ds_cpl vmx est tm2 ssse3 cx16 xtpr pdcm pcid sse4_1 sse4_2 popcnt lahf_lm arat dtherm tpr_shadow vnmi flexpriority ept vpid
bogomips	: 4788.13
clflush size	: 64
cache_alignment	: 64
address sizes	: 36 bits physical, 48 bits virtual
power management:

processor	: 2
vendor_id	: GenuineIntel
cpu family	: 6
model		: 37
model name	: Intel(R) Core(TM) i3 CPU       M 370  @ 2.40GHz
stepping	: 5
microcode	: 0x2
cpu MHz		: 2399.000
cache size	: 3072 KB
physical id	: 0
siblings	: 4
core id		: 2
cpu cores	: 2
apicid		: 4
initial apicid	: 4
fpu		: yes
fpu_exception	: yes
cpuid level	: 11
wp		: yes
flags		: fpu vme de pse tsc msr pae mce cx8 apic sep mtrr pge mca cmov pat pse36 clflush dts acpi mmx fxsr sse sse2 ss ht tm pbe syscall nx rdtscp lm constant_tsc arch_perfmon pebs bts rep_good nopl xtopology nonstop_tsc aperfmperf pni dtes64 monitor ds_cpl vmx est tm2 ssse3 cx16 xtpr pdcm pcid sse4_1 sse4_2 popcnt lahf_lm arat dtherm tpr_shadow vnmi flexpriority ept vpid
bogomips	: 4788.13
clflush size	: 64
cache_alignment	: 64
address sizes	: 36 bits physical, 48 bits virtual
power management:

processor	: 3
vendor_id	: GenuineIntel
cpu family	: 6
model		: 37
model name	: Intel(R) Core(TM) i3 CPU       M 370  @ 2.40GHz
stepping	: 5
microcode	: 0x2
cpu MHz		: 933.000
cache size	: 3072 KB
physical id	: 0
siblings	: 4
core id		: 2
cpu cores	: 2
apicid		: 5
initial apicid	: 5
fpu		: yes
fpu_exception	: yes
cpuid level	: 11
wp		: yes
flags		: fpu vme de pse tsc msr pae mce cx8 apic sep mtrr pge mca cmov pat pse36 clflush dts acpi mmx fxsr sse sse2 ss ht tm pbe syscall nx rdtscp lm constant_tsc arch_perfmon pebs bts rep_good nopl xtopology nonstop_tsc aperfmperf pni dtes64 monitor ds_cpl vmx est tm2 ssse3 cx16 xtpr pdcm pcid sse4_1 sse4_2 popcnt lahf_lm arat dtherm tpr_shadow vnmi flexpriority ept vpid
bogomips	: 4788.13
clflush size	: 64
cache_alignment	: 64
address sizes	: 36 bits physical, 48 bits virtual
power management:



Memory: 4k page, physical 3774016k(784308k free), swap 0k(0k free)

vm_info: OpenJDK 64-Bit Server VM (24.65-b04) for linux-amd64 JRE (1.7.0_65-b32), built on Aug 23 2014 13:33:31 by "buildd" with gcc 4.8.2

time: Thu Sep 11 01:57:00 2014
elapsed time: 20 seconds

